TN:
SF:components/ActionButton.js
FN:3,ActionButton
FNF:1
FNH:1
FNDA:2,ActionButton
DA:5,2
DA:6,2
DA:8,1
DA:10,1
DA:12,1
DA:14,1
DA:17,2
DA:24,1
DA:29,1
LF:9
LH:9
BRDA:6,0,0,1
BRDA:6,0,1,1
BRF:2
BRH:2
end_of_record
TN:
SF:components/DateModified.js
FN:6,DateModified
FNF:1
FNH:1
FNDA:4,DateModified
DA:7,4
DA:15,3
DA:20,3
LF:3
LH:3
BRF:0
BRH:0
end_of_record
TN:
SF:components/ErrorSummary.js
FN:3,ErrorSummary
FN:11,(anonymous_1)
FNF:2
FNH:2
FNDA:1,ErrorSummary
FNDA:1,(anonymous_1)
DA:4,1
DA:12,1
DA:28,1
LF:3
LH:3
BRF:0
BRH:0
end_of_record
TN:
SF:components/Footer.js
FN:8,Footer
FN:25,(anonymous_1)
FNF:2
FNH:2
FNDA:2,Footer
FNDA:5,(anonymous_1)
DA:9,2
DA:26,5
DA:61,2
LF:3
LH:3
BRDA:30,0,0,2
BRDA:30,0,1,3
BRF:2
BRH:2
end_of_record
TN:
SF:components/Header.js
FN:4,Header
FNF:1
FNH:1
FNDA:3,Header
DA:5,3
DA:118,2
LF:2
LH:2
BRDA:29,0,0,2
BRDA:29,0,1,1
BRDA:34,1,0,2
BRDA:34,1,1,1
BRDA:44,2,0,3
BRDA:44,2,1,3
BRDA:45,3,0,2
BRDA:45,3,1,1
BRDA:50,4,0,2
BRDA:50,4,1,1
BRDA:52,5,0,2
BRDA:52,5,1,1
BRDA:61,6,0,3
BRDA:61,6,1,3
BRDA:62,7,0,2
BRDA:62,7,1,1
BRDA:68,8,0,2
BRDA:68,8,1,1
BRDA:70,9,0,2
BRDA:70,9,1,1
BRF:20
BRH:20
end_of_record
TN:
SF:components/InputErrorMessage.js
FN:3,InputErrorMessage
FNF:1
FNH:1
FNDA:1,InputErrorMessage
DA:4,1
DA:11,1
LF:2
LH:2
BRF:0
BRH:0
end_of_record
TN:
SF:components/InputFeild.js
FN:5,InputFeild
FN:25,(anonymous_1)
FNF:2
FNH:1
FNDA:1,InputFeild
FNDA:0,(anonymous_1)
DA:6,1
DA:25,0
DA:33,1
DA:37,1
LF:4
LH:3
BRDA:14,0,0,0
BRDA:14,0,1,1
BRDA:19,1,0,0
BRDA:19,1,1,1
BRF:4
BRH:2
end_of_record
TN:
SF:components/InputLabel.js
FN:3,InputLabel
FNF:1
FNH:1
FNDA:1,InputLabel
DA:4,1
DA:19,1
LF:2
LH:2
BRDA:7,0,0,0
BRDA:7,0,1,1
BRDA:10,1,0,0
BRDA:10,1,1,1
BRF:4
BRH:2
end_of_record
TN:
SF:components/Layout.js
FN:9,Layout
FNF:1
FNH:1
FNDA:2,Layout
DA:10,2
DA:12,2
DA:59,2
DA:63,2
LF:4
LH:4
BRDA:10,0,0,2
BRDA:10,0,1,0
BRF:2
BRH:1
end_of_record
TN:
SF:components/MetaData.js
FN:4,MetaData
FNF:1
FNH:1
FNDA:2,MetaData
DA:5,2
LF:1
LH:1
BRF:0
BRH:0
end_of_record
TN:
SF:pages/404.js
FN:3,Custom404
FNF:1
FNH:1
FNDA:1,Custom404
DA:4,1
LF:1
LH:1
BRF:0
BRH:0
end_of_record
TN:
SF:pages/_app.js
FN:7,MyApp
FNF:1
FNH:1
FNDA:1,MyApp
DA:8,1
DA:9,1
DA:10,1
DA:12,1
DA:13,1
DA:14,1
DA:16,0
DA:18,1
DA:20,1
DA:21,1
LF:10
LH:9
BRDA:12,0,0,1
BRDA:12,0,1,0
BRDA:20,1,0,1
BRDA:20,1,1,0
BRF:4
BRH:2
end_of_record
TN:
SF:pages/_error.js
FN:3,CustomError
FNF:1
FNH:1
FNDA:2,CustomError
DA:4,2
LF:1
LH:1
BRDA:9,0,0,1
BRDA:9,0,1,1
BRDA:37,1,0,1
BRDA:37,1,1,1
BRF:4
BRH:4
end_of_record
TN:
SF:pages/home.js
FN:9,Home
FN:21,setError
FN:28,(anonymous_2)
FN:44,(anonymous_3)
FN:56,(anonymous_4)
FN:63,(anonymous_5)
FN:73,(anonymous_6)
FN:92,(anonymous_7)
FN:216,getStaticProps
FNF:9
FNH:2
FNDA:1,Home
FNDA:0,setError
FNDA:0,(anonymous_2)
FNDA:0,(anonymous_3)
FNDA:0,(anonymous_4)
FNDA:0,(anonymous_5)
FNDA:0,(anonymous_6)
FNDA:0,(anonymous_7)
FNDA:1,getStaticProps
DA:10,1
DA:11,1
DA:12,1
DA:13,1
DA:14,1
DA:15,1
DA:16,1
DA:17,1
DA:18,1
DA:19,1
DA:22,0
DA:28,1
DA:29,0
DA:31,0
DA:32,0
DA:33,0
DA:34,0
DA:35,0
DA:36,0
DA:37,0
DA:38,0
DA:39,0
DA:40,0
DA:44,1
DA:45,0
DA:50,0
DA:51,0
DA:52,0
DA:56,1
DA:57,0
DA:58,0
DA:59,0
DA:63,1
DA:64,0
DA:66,0
DA:67,0
DA:68,0
DA:73,1
DA:74,0
DA:75,0
DA:77,0
DA:78,0
DA:80,0
DA:81,0
DA:83,0
DA:84,0
DA:86,0
DA:87,0
DA:89,0
DA:92,1
DA:93,0
DA:95,0
DA:96,0
DA:97,0
DA:98,0
DA:99,0
DA:100,0
DA:101,0
DA:104,0
DA:105,0
DA:107,0
DA:108,0
DA:113,0
DA:114,0
DA:119,0
DA:120,0
DA:124,0
DA:125,0
DA:128,0
DA:132,1
DA:217,1
DA:219,1
DA:224,1
LF:73
LH:20
BRDA:57,0,0,0
BRDA:57,0,1,0
BRDA:58,1,0,0
BRDA:58,1,1,0
BRDA:64,2,0,0
BRDA:64,2,1,0
BRDA:67,3,0,0
BRDA:67,3,1,0
BRDA:68,4,0,0
BRDA:68,4,1,0
BRDA:75,5,0,0
BRDA:75,5,1,0
BRDA:75,5,2,0
BRDA:75,5,3,0
BRDA:104,6,0,0
BRDA:104,6,1,0
BRDA:107,7,0,0
BRDA:107,7,1,0
BRDA:113,8,0,0
BRDA:113,8,1,0
BRDA:119,9,0,0
BRDA:119,9,1,0
BRDA:124,10,0,0
BRDA:124,10,1,0
BRDA:135,11,0,1
BRDA:135,11,1,0
BRDA:138,12,0,1
BRDA:138,12,1,0
BRDA:196,13,0,0
BRDA:196,13,1,0
BRDA:217,14,0,1
BRDA:217,14,1,0
BRF:32
BRH:3
end_of_record
TN:
SF:pages/index.js
FN:5,Index
FN:82,PageLayout
FNF:2
FNH:2
FNDA:2,Index
FNDA:1,PageLayout
DA:6,2
DA:82,2
DA:83,1
LF:3
LH:3
BRF:0
BRH:0
end_of_record
TN:
SF:pages/api/checkStatus.js
FN:3,handler
FNF:1
FNH:1
FNDA:1,handler
DA:4,1
DA:5,0
DA:8,1
DA:10,1
DA:11,0
DA:13,1
LF:6
LH:4
BRDA:4,0,0,0
BRDA:4,0,1,1
BRDA:10,1,0,0
BRDA:10,1,1,1
BRF:4
BRH:2
end_of_record
