TN:
SF:components/ActionButton.tsx
FN:11,(anonymous_0)
FNF:1
FNH:1
FNDA:2,(anonymous_0)
DA:11,3
DA:19,2
DA:20,2
DA:22,1
DA:24,1
DA:26,1
DA:28,1
DA:31,2
DA:43,3
LF:9
LH:9
BRDA:20,0,0,1
BRDA:20,0,1,1
BRF:2
BRH:2
end_of_record
TN:
SF:components/DateModified.tsx
FN:14,(anonymous_0)
FNF:1
FNH:1
FNDA:4,(anonymous_0)
DA:14,3
DA:15,4
DA:23,3
LF:3
LH:3
BRF:0
BRH:0
end_of_record
TN:
SF:components/ErrorSummary.tsx
FN:15,(anonymous_0)
FN:23,(anonymous_1)
FN:31,(anonymous_2)
FNF:3
FNH:2
FNDA:0,(anonymous_0)
FNDA:1,(anonymous_1)
FNDA:1,(anonymous_2)
DA:15,2
DA:18,0
DA:23,2
DA:24,1
DA:32,1
DA:43,2
LF:6
LH:5
BRF:0
BRH:0
end_of_record
TN:
SF:components/Footer.tsx
FN:40,Footer
FN:64,(anonymous_1)
FNF:2
FNH:2
FNDA:2,Footer
FNDA:5,(anonymous_1)
DA:48,2
DA:65,5
LF:2
LH:2
BRDA:68,0,0,2
BRDA:68,0,1,3
BRF:2
BRH:2
end_of_record
TN:
SF:components/Header.tsx
FN:10,Header
FNF:1
FNH:1
FNDA:3,Header
DA:11,3
DA:13,3
DA:14,3
DA:15,3
DA:17,3
LF:5
LH:5
BRDA:13,0,0,1
BRDA:13,0,1,2
BRDA:14,1,0,1
BRDA:14,1,1,2
BRDA:15,2,0,1
BRDA:15,2,1,2
BRDA:40,3,0,1
BRDA:40,3,1,2
BRDA:42,4,0,1
BRDA:42,4,1,2
BRF:10
BRH:10
end_of_record
TN:
SF:components/InputErrorMessage.tsx
FN:7,(anonymous_0)
FNF:1
FNH:1
FNDA:1,(anonymous_0)
DA:7,2
DA:8,1
LF:2
LH:2
BRF:0
BRH:0
end_of_record
TN:
SF:components/InputField.tsx
FN:17,(anonymous_0)
FNF:1
FNH:1
FNDA:1,(anonymous_0)
DA:17,2
DA:28,1
DA:52,2
LF:3
LH:3
BRDA:36,0,0,0
BRDA:36,0,1,1
BRDA:39,1,0,0
BRDA:39,1,1,1
BRDA:44,2,0,1
BRDA:44,2,1,0
BRF:6
BRH:3
end_of_record
TN:
SF:components/InputLabel.tsx
FN:10,(anonymous_0)
FNF:1
FNH:1
FNDA:1,(anonymous_0)
DA:10,2
DA:16,1
LF:2
LH:2
BRDA:19,0,0,0
BRDA:19,0,1,1
BRDA:22,1,0,1
BRDA:22,1,1,0
BRF:4
BRH:2
end_of_record
TN:
SF:components/Layout.tsx
FN:12,Layout
FNF:1
FNH:1
FNDA:2,Layout
DA:18,2
LF:1
LH:1
BRF:0
BRH:0
end_of_record
TN:
SF:components/LinkButton.tsx
FN:11,(anonymous_0)
FNF:1
FNH:1
FNDA:4,(anonymous_0)
DA:11,3
DA:12,4
LF:2
LH:2
BRF:0
BRH:0
end_of_record
TN:
SF:components/LinkSummary.tsx
FN:14,(anonymous_0)
FN:19,(anonymous_1)
FNF:2
FNH:2
FNDA:2,(anonymous_0)
FNDA:2,(anonymous_1)
DA:14,2
DA:15,2
DA:20,2
LF:3
LH:3
BRF:0
BRH:0
end_of_record
TN:
SF:components/MetaData.tsx
FN:13,(anonymous_0)
FNF:1
FNH:1
FNDA:1,(anonymous_0)
DA:13,2
DA:14,1
LF:2
LH:2
BRF:0
BRH:0
end_of_record
TN:
SF:components/StatusInfo.tsx
FN:12,StatusInfo
FNF:1
FNH:1
FNDA:2,StatusInfo
DA:13,2
LF:1
LH:1
BRF:0
BRH:0
end_of_record
TN:
SF:lib/logger.js
FN:1,(anonymous_0)
FN:3,(anonymous_1)
FNF:2
FNH:0
FNDA:0,(anonymous_0)
FNDA:0,(anonymous_1)
DA:1,0
DA:2,0
DA:3,0
DA:4,0
DA:6,0
DA:11,0
DA:13,0
DA:18,0
DA:20,0
DA:21,0
DA:23,0
DA:26,0
DA:27,0
DA:32,0
LF:14
LH:0
BRDA:4,0,0,0
BRDA:4,0,1,0
BRDA:4,0,2,0
BRDA:4,0,3,0
BRDA:4,0,4,0
BRDA:20,1,0,0
BRDA:20,1,1,0
BRDA:20,2,0,0
BRDA:20,2,1,0
BRDA:26,3,0,0
BRDA:26,3,1,0
BRF:11
BRH:0
end_of_record
TN:
SF:lib/passport-status-api-types.ts
FNF:0
FNH:0
LF:0
LH:0
BRF:0
BRH:0
end_of_record
TN:
SF:pages/404.tsx
FN:3,(anonymous_0)
FNF:1
FNH:1
FNDA:1,(anonymous_0)
DA:3,1
DA:4,1
LF:2
LH:2
BRF:0
BRH:0
end_of_record
TN:
SF:pages/_app.tsx
FN:10,(anonymous_0)
FNF:1
FNH:1
FNDA:1,(anonymous_0)
DA:8,1
DA:10,1
DA:11,1
LF:3
LH:3
BRF:0
BRH:0
end_of_record
TN:
SF:pages/_document.tsx
FN:11,(anonymous_0)
FN:18,(anonymous_1)
FNF:2
FNH:0
FNDA:0,(anonymous_0)
FNDA:0,(anonymous_1)
DA:14,0
DA:16,0
DA:19,0
LF:3
LH:0
BRDA:22,0,0,0
BRDA:22,0,1,0
BRDA:22,1,0,0
BRDA:22,1,1,0
BRF:4
BRH:0
end_of_record
TN:
SF:pages/_error.tsx
FN:8,(anonymous_0)
FN:70,(anonymous_1)
FNF:2
FNH:1
FNDA:2,(anonymous_0)
FNDA:0,(anonymous_1)
DA:8,1
DA:9,2
DA:70,1
DA:71,0
DA:72,0
LF:5
LH:3
BRDA:14,0,0,1
BRDA:14,0,1,1
BRDA:42,1,0,1
BRDA:42,1,1,1
BRDA:71,2,0,0
BRDA:71,2,1,0
BRDA:71,2,2,0
BRF:7
BRH:4
end_of_record
TN:
SF:pages/index.tsx
FN:7,(anonymous_0)
FNF:1
FNH:1
FNDA:1,(anonymous_0)
DA:7,1
DA:8,1
LF:2
LH:2
BRF:0
BRH:0
end_of_record
TN:
SF:pages/landing.tsx
FN:8,(anonymous_0)
FN:34,(anonymous_1)
FNF:2
FNH:1
FNDA:3,(anonymous_0)
FNDA:0,(anonymous_1)
DA:8,1
DA:9,3
DA:11,2
DA:34,1
LF:4
LH:4
BRDA:36,0,0,0
BRDA:36,0,1,0
BRF:2
BRH:0
end_of_record
TN:
SF:pages/status.tsx
FN:27,(anonymous_0)
FN:30,(anonymous_1)
FN:54,(anonymous_2)
FN:58,(anonymous_3)
FN:75,(anonymous_4)
FN:77,(anonymous_5)
FN:78,(anonymous_6)
FN:95,(anonymous_7)
FN:115,(anonymous_8)
FN:210,(anonymous_9)
FNF:10
FNH:2
FNDA:3,(anonymous_0)
FNDA:0,(anonymous_1)
FNDA:0,(anonymous_2)
FNDA:0,(anonymous_3)
FNDA:2,(anonymous_4)
FNDA:0,(anonymous_5)
FNDA:0,(anonymous_6)
FNDA:0,(anonymous_7)
FNDA:0,(anonymous_8)
FNDA:0,(anonymous_9)
DA:20,1
DA:27,1
DA:28,3
DA:30,2
DA:31,0
DA:32,0
DA:33,0
DA:34,0
DA:36,0
DA:39,2
DA:55,0
DA:56,0
DA:59,0
DA:68,2
DA:75,2
DA:76,2
DA:77,0
DA:79,0
DA:94,2
DA:96,0
DA:97,0
DA:98,0
DA:104,2
DA:106,2
DA:115,0
DA:210,1
LF:26
LH:12
BRDA:69,0,0,0
BRDA:69,0,1,2
BRDA:104,1,0,0
BRDA:104,1,1,2
BRDA:113,2,0,0
BRDA:113,2,1,2
BRDA:130,3,0,0
BRDA:130,3,1,2
BRDA:148,4,0,2
BRDA:148,4,1,0
BRDA:163,5,0,2
BRDA:163,5,1,0
BRDA:173,6,0,2
BRDA:173,6,1,0
BRDA:183,7,0,2
BRDA:183,7,1,0
BRDA:194,8,0,2
BRDA:194,8,1,0
BRDA:212,9,0,0
BRDA:212,9,1,0
BRF:20
BRH:9
end_of_record
TN:
SF:pages/api/check-status.ts
FN:30,(anonymous_0)
FN:50,(anonymous_1)
FN:59,(anonymous_2)
FN:83,(anonymous_3)
FN:110,handler
FNF:5
FNH:4
FNDA:1,(anonymous_0)
FNDA:2,(anonymous_1)
FNDA:21,(anonymous_2)
FNDA:0,(anonymous_3)
FNDA:2,handler
DA:30,1
DA:36,1
DA:50,1
DA:56,2
DA:58,2
DA:60,21
DA:72,2
DA:73,1
DA:83,1
DA:87,0
DA:88,0
DA:92,0
DA:96,0
DA:97,0
DA:98,0
DA:99,0
DA:100,0
DA:103,0
DA:104,0
DA:107,0
DA:114,2
DA:115,0
DA:118,2
DA:120,2
DA:121,2
DA:122,2
DA:125,1
DA:127,1
DA:128,1
DA:129,1
DA:131,0
LF:31
LH:18
BRDA:60,0,0,21
BRDA:60,0,1,1
BRDA:60,0,2,1
BRDA:60,0,3,1
BRDA:72,1,0,1
BRDA:72,1,1,1
BRDA:87,2,0,0
BRDA:87,2,1,0
BRDA:96,3,0,0
BRDA:96,3,1,0
BRDA:99,4,0,0
BRDA:99,4,1,0
BRDA:103,5,0,0
BRDA:103,5,1,0
BRDA:103,6,0,0
BRDA:103,6,1,0
BRDA:114,7,0,0
BRDA:114,7,1,2
BRDA:122,8,0,0
BRDA:122,8,1,2
BRDA:127,9,0,1
BRDA:127,9,1,0
BRF:22
BRH:9
end_of_record
