TN:
SF:components/ActionButton.tsx
FN:32,(anonymous_0)
FNF:1
FNH:1
FNDA:7,(anonymous_0)
DA:18,7
DA:25,7
DA:32,7
DA:43,7
DA:44,7
DA:45,7
DA:46,7
DA:48,7
DA:61,7
LF:9
LH:9
BRDA:44,0,0,0
BRDA:44,0,1,7
BRDA:45,1,0,7
BRDA:45,1,1,7
BRDA:46,2,0,7
BRDA:46,2,1,0
BRF:6
BRH:4
end_of_record
TN:
SF:components/CheckStatusInfo.tsx
FN:21,(anonymous_0)
FNF:1
FNH:1
FNDA:2,(anonymous_0)
DA:21,2
DA:31,2
DA:33,0
DA:34,0
DA:36,0
DA:37,0
DA:39,0
DA:44,0
DA:46,0
DA:51,0
DA:53,0
DA:54,0
DA:56,2
DA:57,2
DA:59,2
LF:15
LH:5
BRDA:31,0,0,0
BRDA:31,0,1,0
BRDA:31,0,2,0
BRDA:31,0,3,0
BRDA:31,0,4,0
BRDA:31,0,5,2
BRF:6
BRH:1
end_of_record
TN:
SF:components/DateModified.tsx
FN:14,(anonymous_0)
FNF:1
FNH:1
FNDA:4,(anonymous_0)
DA:14,3
DA:15,4
DA:25,3
LF:3
LH:3
BRF:0
BRH:0
end_of_record
TN:
SF:components/ErrorLayout.tsx
FN:7,(anonymous_0)
FNF:1
FNH:1
FNDA:4,(anonymous_0)
DA:7,3
DA:8,4
LF:2
LH:2
BRF:0
BRH:0
end_of_record
TN:
SF:components/ErrorSummary.tsx
FN:16,(anonymous_0)
FN:24,(anonymous_1)
FN:29,(anonymous_2)
FN:30,(anonymous_3)
FN:38,(anonymous_4)
FN:46,(anonymous_5)
FN:47,(anonymous_6)
FN:59,(anonymous_7)
FNF:8
FNH:4
FNDA:0,(anonymous_0)
FNDA:0,(anonymous_1)
FNDA:0,(anonymous_2)
FNDA:0,(anonymous_3)
FNDA:1,(anonymous_4)
FNDA:1,(anonymous_5)
FNDA:1,(anonymous_6)
FNDA:1,(anonymous_7)
DA:16,1
DA:19,0
DA:24,1
DA:28,0
DA:29,0
DA:31,0
DA:38,1
DA:39,1
DA:42,1
DA:43,1
DA:46,1
DA:47,1
DA:48,1
DA:51,1
DA:60,1
LF:15
LH:11
BRF:0
BRH:0
end_of_record
TN:
SF:components/Footer.tsx
FN:40,Footer
FN:64,(anonymous_1)
FNF:2
FNH:2
FNDA:2,Footer
FNDA:5,(anonymous_1)
DA:48,2
DA:65,5
LF:2
LH:2
BRDA:68,0,0,2
BRDA:68,0,1,3
BRF:2
BRH:2
end_of_record
TN:
SF:components/Header.tsx
FN:10,Header
FNF:1
FNH:1
FNDA:3,Header
DA:11,3
DA:13,3
DA:14,3
DA:15,3
DA:17,3
LF:5
LH:5
BRDA:13,0,0,1
BRDA:13,0,1,2
BRDA:14,1,0,1
BRDA:14,1,1,2
BRDA:15,2,0,1
BRDA:15,2,1,2
BRDA:40,3,0,1
BRDA:40,3,1,2
BRDA:42,4,0,1
BRDA:42,4,1,2
BRF:10
BRH:10
end_of_record
TN:
SF:components/InputErrorMessage.tsx
FN:8,(anonymous_0)
FNF:1
FNH:1
FNDA:2,(anonymous_0)
DA:8,4
DA:9,2
LF:2
LH:2
BRF:0
BRH:0
end_of_record
TN:
SF:components/InputField.tsx
FN:19,(anonymous_0)
FN:37,(anonymous_1)
FNF:2
FNH:2
FNDA:2,(anonymous_0)
FNDA:2,(anonymous_1)
DA:19,3
DA:32,2
DA:33,2
DA:34,2
DA:35,2
DA:37,2
DA:38,2
DA:39,2
DA:40,2
DA:41,2
DA:44,2
DA:83,3
LF:12
LH:12
BRDA:39,0,0,1
BRDA:39,0,1,1
BRDA:40,1,0,1
BRDA:40,1,1,1
BRDA:41,2,0,1
BRDA:41,2,1,1
BRDA:53,3,0,2
BRDA:53,3,1,1
BRDA:58,4,0,1
BRDA:58,4,1,1
BRDA:60,5,0,0
BRDA:60,5,1,2
BRDA:62,6,0,1
BRDA:62,6,1,1
BRDA:69,7,0,2
BRDA:69,7,1,1
BRDA:71,8,0,2
BRDA:71,8,1,1
BRF:18
BRH:17
end_of_record
TN:
SF:components/InputLabel.tsx
FN:11,(anonymous_0)
FNF:1
FNH:1
FNDA:3,(anonymous_0)
DA:11,4
DA:18,3
LF:2
LH:2
BRDA:22,0,0,0
BRDA:22,0,1,3
BRDA:25,1,0,3
BRDA:25,1,1,0
BRF:4
BRH:2
end_of_record
TN:
SF:components/Layout.tsx
FN:13,(anonymous_0)
FNF:1
FNH:1
FNDA:2,(anonymous_0)
DA:13,1
DA:14,2
LF:2
LH:2
BRF:0
BRH:0
end_of_record
TN:
SF:components/LinkButton.tsx
FN:31,(anonymous_0)
FNF:1
FNH:1
FNDA:4,(anonymous_0)
DA:19,3
DA:26,3
DA:31,3
DA:42,4
DA:43,4
DA:44,4
DA:45,4
DA:47,4
LF:8
LH:8
BRDA:43,0,0,2
BRDA:43,0,1,2
BRDA:44,1,0,4
BRDA:44,1,1,4
BRDA:45,2,0,4
BRDA:45,2,1,2
BRDA:50,3,0,0
BRDA:50,3,1,4
BRDA:51,4,0,0
BRDA:51,4,1,4
BRF:10
BRH:8
end_of_record
TN:
SF:components/LinkSummary.tsx
FN:15,(anonymous_0)
FN:20,(anonymous_1)
FNF:2
FNH:2
FNDA:2,(anonymous_0)
FNDA:2,(anonymous_1)
DA:15,3
DA:16,2
DA:21,2
LF:3
LH:3
BRDA:24,0,0,0
BRDA:24,0,1,2
BRDA:25,1,0,0
BRDA:25,1,1,2
BRF:4
BRH:2
end_of_record
TN:
SF:components/MetaData.tsx
FN:10,(anonymous_0)
FNF:1
FNH:1
FNDA:4,(anonymous_0)
DA:10,4
DA:11,4
LF:2
LH:2
BRF:0
BRH:0
end_of_record
TN:
SF:components/Modal.tsx
FN:11,(anonymous_0)
FN:29,(anonymous_1)
FNF:2
FNH:2
FNDA:7,(anonymous_0)
FNDA:1,(anonymous_1)
DA:11,4
DA:12,7
DA:13,7
DA:14,1
DA:30,1
LF:5
LH:5
BRDA:13,0,0,6
BRDA:13,0,1,1
BRF:2
BRH:2
end_of_record
TN:
SF:components/CheckStatusResponses/CheckStatusFileBeingProcessed.tsx
FN:4,(anonymous_0)
FNF:1
FNH:1
FNDA:4,(anonymous_0)
DA:4,4
DA:5,4
DA:6,4
LF:3
LH:3
BRF:0
BRH:0
end_of_record
TN:
SF:components/CheckStatusResponses/CheckStatusNoRecord.tsx
FN:4,(anonymous_0)
FN:50,(anonymous_1)
FNF:2
FNH:2
FNDA:4,(anonymous_0)
FNDA:8,(anonymous_1)
DA:4,3
DA:5,4
DA:6,4
DA:50,3
DA:51,8
LF:5
LH:5
BRDA:54,0,0,8
BRDA:54,0,1,0
BRF:2
BRH:1
end_of_record
TN:
SF:components/CheckStatusResponses/CheckStatusNotAcceptable.tsx
FN:4,(anonymous_0)
FNF:1
FNH:1
FNDA:2,(anonymous_0)
DA:4,3
DA:5,2
DA:6,2
LF:3
LH:3
BRF:0
BRH:0
end_of_record
TN:
SF:components/CheckStatusResponses/CheckStatusReadyForPickup.tsx
FN:4,(anonymous_0)
FNF:1
FNH:1
FNDA:2,(anonymous_0)
DA:4,3
DA:5,2
DA:6,2
LF:3
LH:3
BRF:0
BRH:0
end_of_record
TN:
SF:components/CheckStatusResponses/CheckStatusShippingCanadaPost.tsx
FN:10,(anonymous_0)
FNF:1
FNH:0
FNDA:0,(anonymous_0)
DA:10,2
DA:11,0
DA:13,0
LF:3
LH:1
BRDA:18,0,0,0
BRDA:18,0,1,0
BRF:2
BRH:0
end_of_record
TN:
SF:components/CheckStatusResponses/CheckStatusShippingFedex.tsx
FN:8,(anonymous_0)
FNF:1
FNH:1
FNDA:2,(anonymous_0)
DA:8,3
DA:11,2
DA:12,2
LF:3
LH:3
BRDA:17,0,0,2
BRDA:17,0,1,0
BRF:2
BRH:1
end_of_record
TN:
SF:lib/logger.js
FN:1,(anonymous_0)
FN:3,(anonymous_1)
FNF:2
FNH:1
FNDA:2,(anonymous_0)
FNDA:0,(anonymous_1)
DA:1,2
DA:2,2
DA:3,2
DA:4,0
DA:6,0
DA:11,0
DA:13,0
DA:18,0
DA:20,0
DA:21,0
DA:23,0
DA:26,0
DA:27,0
DA:32,2
LF:14
LH:4
BRDA:4,0,0,0
BRDA:4,0,1,0
BRDA:4,0,2,0
BRDA:4,0,3,0
BRDA:4,0,4,0
BRDA:20,1,0,0
BRDA:20,1,1,0
BRDA:20,2,0,0
BRDA:20,2,1,0
BRDA:26,3,0,0
BRDA:26,3,1,0
BRF:11
BRH:0
end_of_record
TN:
SF:lib/types.ts
FNF:0
FNH:0
LF:0
LH:0
BRF:0
BRH:0
end_of_record
TN:
SF:lib/useCheckStatus.ts
FN:5,(anonymous_0)
FN:18,(anonymous_1)
FN:32,(anonymous_2)
FNF:3
FNH:0
FNDA:0,(anonymous_0)
FNDA:0,(anonymous_1)
FNDA:0,(anonymous_2)
DA:5,0
DA:9,0
DA:12,0
DA:13,0
DA:14,0
DA:15,0
DA:18,0
DA:26,0
DA:32,0
DA:38,0
LF:10
LH:0
BRDA:13,0,0,0
BRDA:13,0,1,0
BRDA:14,1,0,0
BRDA:14,1,1,0
BRDA:33,2,0,0
BRDA:33,2,1,0
BRDA:40,3,0,0
BRDA:40,3,1,0
BRF:8
BRH:0
end_of_record
TN:
SF:lib/useEmailEsrf.ts
FN:5,(anonymous_0)
FN:8,(anonymous_1)
FNF:2
FNH:0
FNDA:0,(anonymous_0)
FNDA:0,(anonymous_1)
DA:5,0
DA:8,0
DA:9,0
DA:17,0
DA:18,0
LF:5
LH:0
BRDA:17,0,0,0
BRDA:17,0,1,0
BRF:2
BRH:0
end_of_record
TN:
SF:lib/mappers/checkStatusApiResponseMapper.ts
FN:13,(anonymous_0)
FN:29,(anonymous_1)
FN:33,(anonymous_2)
FNF:3
FNH:3
FNDA:1,(anonymous_0)
FNDA:1,(anonymous_1)
FNDA:3,(anonymous_2)
DA:13,1
DA:15,1
DA:29,1
DA:32,1
DA:34,3
LF:5
LH:5
BRF:0
BRH:0
end_of_record
TN:
SF:lib/utils/compareCIAndAI.ts
FN:4,(anonymous_0)
FNF:1
FNH:1
FNDA:28,(anonymous_0)
DA:4,1
DA:5,28
LF:2
LH:2
BRF:0
BRH:0
end_of_record
TN:
SF:pages/404.tsx
FN:5,(anonymous_0)
FNF:1
FNH:1
FNDA:1,(anonymous_0)
DA:5,1
DA:6,1
LF:2
LH:2
BRF:0
BRH:0
end_of_record
TN:
SF:pages/_app.tsx
FN:10,(anonymous_0)
FNF:1
FNH:1
FNDA:1,(anonymous_0)
DA:8,1
DA:10,1
DA:11,1
LF:3
LH:3
BRF:0
BRH:0
end_of_record
TN:
SF:pages/_document.tsx
FN:11,(anonymous_0)
FN:18,(anonymous_1)
FNF:2
FNH:0
FNDA:0,(anonymous_0)
FNDA:0,(anonymous_1)
DA:14,0
DA:16,0
DA:19,0
LF:3
LH:0
BRDA:22,0,0,0
BRDA:22,0,1,0
BRDA:22,1,0,0
BRDA:22,1,1,0
BRF:4
BRH:0
end_of_record
TN:
SF:pages/_error.tsx
FN:10,(anonymous_0)
FN:98,(anonymous_1)
FNF:2
FNH:1
FNDA:2,(anonymous_0)
FNDA:0,(anonymous_1)
DA:10,1
DA:11,2
DA:98,1
DA:99,0
DA:100,0
LF:5
LH:3
BRDA:19,0,0,0
BRDA:19,0,1,2
BRDA:25,1,0,0
BRDA:25,1,1,2
BRDA:31,2,0,0
BRDA:31,2,1,2
BRDA:40,3,0,1
BRDA:40,3,1,1
BRDA:66,4,0,1
BRDA:66,4,1,1
BRDA:99,5,0,0
BRDA:99,5,1,0
BRDA:99,5,2,0
BRF:13
BRH:7
end_of_record
TN:
SF:pages/contact.tsx
FN:11,(anonymous_0)
FN:33,(anonymous_1)
FN:40,(anonymous_2)
FN:45,(anonymous_3)
FN:55,(anonymous_4)
FNF:5
FNH:1
FNDA:2,(anonymous_0)
FNDA:0,(anonymous_1)
FNDA:0,(anonymous_2)
FNDA:0,(anonymous_3)
FNDA:0,(anonymous_4)
DA:11,1
DA:12,2
DA:13,2
DA:14,2
DA:16,2
DA:33,0
DA:40,0
DA:45,0
DA:55,1
LF:9
LH:6
BRDA:57,0,0,0
BRDA:57,0,1,0
BRF:2
BRH:0
end_of_record
TN:
SF:pages/email.tsx
FN:40,Email
FN:46,(anonymous_1)
FN:57,(anonymous_2)
FN:65,(anonymous_3)
FN:87,(anonymous_4)
FN:88,(anonymous_5)
FN:105,(anonymous_6)
FN:204,(anonymous_7)
FN:232,(anonymous_8)
FNF:9
FNH:2
FNDA:2,Email
FNDA:0,(anonymous_1)
FNDA:0,(anonymous_2)
FNDA:0,(anonymous_3)
FNDA:0,(anonymous_4)
FNDA:0,(anonymous_5)
FNDA:2,(anonymous_6)
FNDA:0,(anonymous_7)
FNDA:0,(anonymous_8)
DA:22,1
DA:29,1
DA:41,2
DA:42,2
DA:43,2
DA:44,2
DA:46,2
DA:47,0
DA:48,0
DA:51,2
DA:57,2
DA:59,0
DA:60,0
DA:62,0
DA:65,2
DA:66,0
DA:67,0
DA:68,0
DA:69,0
DA:78,2
DA:85,2
DA:87,0
DA:90,0
DA:91,0
DA:93,0
DA:95,0
DA:96,0
DA:104,2
DA:105,2
DA:110,2
DA:112,2
DA:204,0
DA:232,1
LF:33
LH:17
BRDA:59,0,0,0
BRDA:59,0,1,0
BRDA:67,1,0,0
BRDA:67,1,1,0
BRDA:110,2,0,0
BRDA:110,2,1,2
BRDA:120,3,0,0
BRDA:120,3,1,2
BRDA:137,4,0,2
BRDA:137,4,1,0
BRDA:153,5,0,2
BRDA:153,5,1,0
BRDA:164,6,0,2
BRDA:164,6,1,0
BRDA:174,7,0,2
BRDA:174,7,1,0
BRDA:186,8,0,2
BRDA:186,8,1,0
BRDA:226,9,0,0
BRDA:226,9,1,2
BRDA:234,10,0,0
BRDA:234,10,1,0
BRF:22
BRH:8
end_of_record
TN:
SF:pages/expectations.tsx
FN:10,(anonymous_0)
FN:14,(anonymous_1)
FN:71,(anonymous_2)
FN:82,(anonymous_3)
FNF:4
FNH:2
FNDA:2,(anonymous_0)
FNDA:0,(anonymous_1)
FNDA:12,(anonymous_2)
FNDA:0,(anonymous_3)
DA:10,1
DA:11,2
DA:13,2
DA:15,0
DA:16,0
DA:17,0
DA:22,2
DA:71,1
DA:72,12
DA:82,1
LF:10
LH:7
BRDA:75,0,0,8
BRDA:75,0,1,4
BRDA:84,1,0,0
BRDA:84,1,1,0
BRF:4
BRH:2
end_of_record
TN:
SF:pages/index.tsx
FN:7,(anonymous_0)
FNF:1
FNH:1
FNDA:1,(anonymous_0)
DA:7,1
DA:8,1
LF:2
LH:2
BRF:0
BRH:0
end_of_record
TN:
SF:pages/landing.tsx
FN:8,(anonymous_0)
FN:42,(anonymous_1)
FNF:2
FNH:1
FNDA:2,(anonymous_0)
FNDA:0,(anonymous_1)
DA:8,1
DA:9,2
DA:11,2
DA:42,1
LF:4
LH:4
BRDA:44,0,0,0
BRDA:44,0,1,0
BRF:2
BRH:0
end_of_record
TN:
SF:pages/status.tsx
FN:48,(anonymous_0)
FN:54,(anonymous_1)
FN:65,(anonymous_2)
FN:73,(anonymous_3)
FN:91,(anonymous_4)
FN:94,(anonymous_5)
FN:123,(anonymous_6)
FN:128,(anonymous_7)
FN:141,(anonymous_8)
FN:148,(anonymous_9)
FN:162,(anonymous_10)
FN:263,(anonymous_11)
FN:292,(anonymous_12)
FNF:13
FNH:4
FNDA:2,(anonymous_0)
FNDA:0,(anonymous_1)
FNDA:0,(anonymous_2)
FNDA:0,(anonymous_3)
FNDA:0,(anonymous_4)
FNDA:0,(anonymous_5)
FNDA:2,(anonymous_6)
FNDA:0,(anonymous_7)
FNDA:0,(anonymous_8)
FNDA:2,(anonymous_9)
FNDA:2,(anonymous_10)
FNDA:0,(anonymous_11)
FNDA:0,(anonymous_12)
DA:32,1
DA:39,1
DA:48,1
DA:49,2
DA:50,2
DA:51,2
DA:52,2
DA:54,2
DA:55,0
DA:56,0
DA:59,2
DA:65,2
DA:67,0
DA:68,0
DA:70,0
DA:73,2
DA:74,0
DA:75,0
DA:76,0
DA:77,0
DA:89,2
DA:92,0
DA:96,0
DA:97,0
DA:99,0
DA:101,0
DA:102,0
DA:115,2
DA:122,2
DA:123,2
DA:127,2
DA:129,0
DA:130,0
DA:131,0
DA:132,0
DA:134,0
DA:135,0
DA:140,2
DA:142,0
DA:148,2
DA:149,2
DA:153,2
DA:155,2
DA:163,2
DA:164,0
DA:190,2
DA:263,0
DA:292,1
LF:48
LH:24
BRDA:67,0,0,0
BRDA:67,0,1,0
BRDA:75,1,0,0
BRDA:75,1,1,0
BRDA:116,2,0,0
BRDA:116,2,1,2
BRDA:130,3,0,0
BRDA:130,3,1,0
BRDA:153,4,0,0
BRDA:153,4,1,2
BRDA:163,5,0,0
BRDA:163,5,1,2
BRDA:168,6,0,0
BRDA:168,6,1,0
BRDA:174,7,0,0
BRDA:174,7,1,0
BRDA:198,8,0,2
BRDA:198,8,1,0
BRDA:213,9,0,2
BRDA:213,9,1,0
BRDA:223,10,0,2
BRDA:223,10,1,0
BRDA:233,11,0,2
BRDA:233,11,1,0
BRDA:245,12,0,2
BRDA:245,12,1,0
BRDA:286,13,0,0
BRDA:286,13,1,2
BRDA:294,14,0,0
BRDA:294,14,1,0
BRF:30
BRH:9
end_of_record
TN:
SF:pages/api/check-status.ts
FN:12,handler
FN:45,(anonymous_1)
FN:92,(anonymous_2)
FN:100,(anonymous_3)
FN:109,(anonymous_4)
FNF:5
FNH:4
FNDA:3,handler
FNDA:0,(anonymous_1)
FNDA:2,(anonymous_2)
FNDA:26,(anonymous_3)
FNDA:52,(anonymous_4)
DA:16,3
DA:17,1
DA:18,1
DA:21,2
DA:22,2
DA:29,2
DA:30,2
DA:34,0
DA:35,0
DA:45,1
DA:49,0
DA:50,0
DA:55,0
DA:56,0
DA:62,0
DA:63,0
DA:65,0
DA:66,0
DA:67,0
DA:69,0
DA:70,0
DA:71,0
DA:74,0
DA:75,0
DA:78,0
DA:79,0
DA:80,0
DA:83,0
DA:92,1
DA:96,2
DA:97,2
DA:99,2
DA:106,26
DA:110,52
DA:124,2
DA:125,1
DA:126,1
DA:129,1
LF:38
LH:18
BRDA:16,0,0,1
BRDA:16,0,1,2
BRDA:21,1,0,2
BRDA:21,1,1,0
BRDA:23,2,0,2
BRDA:23,2,1,0
BRDA:24,3,0,2
BRDA:24,3,1,0
BRDA:25,4,0,2
BRDA:25,4,1,0
BRDA:26,5,0,2
BRDA:26,5,1,0
BRDA:30,6,0,0
BRDA:30,6,1,2
BRDA:49,7,0,0
BRDA:49,7,1,0
BRDA:65,8,0,0
BRDA:65,8,1,0
BRDA:69,9,0,0
BRDA:69,9,1,0
BRDA:78,10,0,0
BRDA:78,10,1,0
BRDA:78,11,0,0
BRDA:78,11,1,0
BRDA:106,12,0,26
BRDA:106,12,1,1
BRDA:106,12,2,1
BRDA:106,12,3,1
BRDA:108,13,0,26
BRDA:108,13,1,0
BRDA:124,14,0,1
BRDA:124,14,1,1
BRF:32
BRH:15
end_of_record
TN:
SF:pages/api/email-esrf.ts
FN:5,handler
FN:31,(anonymous_1)
FN:74,(anonymous_2)
FNF:3
FNH:2
FNDA:3,handler
FNDA:0,(anonymous_1)
FNDA:1,(anonymous_2)
DA:9,3
DA:10,1
DA:11,1
DA:14,2
DA:15,1
DA:16,1
DA:19,1
DA:21,1
DA:22,1
DA:26,0
DA:27,0
DA:31,1
DA:35,0
DA:36,0
DA:41,0
DA:56,0
DA:67,0
DA:74,1
DA:75,1
LF:19
LH:12
BRDA:9,0,0,1
BRDA:9,0,1,2
BRDA:14,1,0,1
BRDA:14,1,1,1
BRDA:22,2,0,0
BRDA:22,2,1,1
BRDA:35,3,0,0
BRDA:35,3,1,0
BRF:8
BRH:5
end_of_record
