{"/home/runner/work/passport-status/passport-status/components/ActionButton.tsx": {"path":"/home/runner/work/passport-status/passport-status/components/ActionButton.tsx","statementMap":{"0":{"start":{"line":11,"column":44},"end":{"line":41,"column":1}},"1":{"start":{"line":19,"column":4},"end":{"line":19,"column":143}},"2":{"start":{"line":20,"column":2},"end":{"line":29,"column":3}},"3":{"start":{"line":22,"column":6},"end":{"line":23,"column":130}},"4":{"start":{"line":24,"column":6},"end":{"line":24,"column":11}},"5":{"start":{"line":26,"column":6},"end":{"line":27,"column":213}},"6":{"start":{"line":28,"column":6},"end":{"line":28,"column":11}},"7":{"start":{"line":31,"column":2},"end":{"line":40,"column":3}},"8":{"start":{"line":43,"column":0},"end":{"line":46,"column":1}}},"fnMap":{"0":{"name":"(anonymous_0)","decl":{"start":{"line":11,"column":44},"end":{"line":11,"column":45}},"loc":{"start":{"line":17,"column":6},"end":{"line":41,"column":1}},"line":17}},"branchMap":{"0":{"loc":{"start":{"line":20,"column":2},"end":{"line":29,"column":3}},"type":"switch","locations":[{"start":{"line":21,"column":4},"end":{"line":24,"column":11}},{"start":{"line":25,"column":4},"end":{"line":28,"column":11}}],"line":20}},"s":{"0":7,"1":7,"2":7,"3":3,"4":3,"5":4,"6":4,"7":7,"8":7},"f":{"0":7},"b":{"0":[3,4]},"_coverageSchema":"1a1c01bbd47fc00a2c39e90264f33305004495a9","hash":"0e89679503d13f9ecb5311ba1ffe2b400859b081"}
,"/home/runner/work/passport-status/passport-status/components/DateModified.tsx": {"path":"/home/runner/work/passport-status/passport-status/components/DateModified.tsx","statementMap":{"0":{"start":{"line":14,"column":44},"end":{"line":23,"column":1}},"1":{"start":{"line":15,"column":2},"end":{"line":22,"column":3}},"2":{"start":{"line":25,"column":0},"end":{"line":28,"column":1}}},"fnMap":{"0":{"name":"(anonymous_0)","decl":{"start":{"line":14,"column":44},"end":{"line":14,"column":45}},"loc":{"start":{"line":14,"column":62},"end":{"line":23,"column":1}},"line":14}},"branchMap":{},"s":{"0":3,"1":4,"2":3},"f":{"0":4},"b":{},"_coverageSchema":"1a1c01bbd47fc00a2c39e90264f33305004495a9","hash":"0ed00727fc22bb91f744e2b2192f0f448b6f05d5"}
,"/home/runner/work/passport-status/passport-status/components/ErrorLayout.tsx": {"path":"/home/runner/work/passport-status/passport-status/components/ErrorLayout.tsx","statementMap":{"0":{"start":{"line":7,"column":42},"end":{"line":42,"column":1}},"1":{"start":{"line":8,"column":2},"end":{"line":41,"column":3}}},"fnMap":{"0":{"name":"(anonymous_0)","decl":{"start":{"line":7,"column":42},"end":{"line":7,"column":43}},"loc":{"start":{"line":7,"column":60},"end":{"line":42,"column":1}},"line":7}},"branchMap":{},"s":{"0":3,"1":4},"f":{"0":4},"b":{},"_coverageSchema":"1a1c01bbd47fc00a2c39e90264f33305004495a9","hash":"c2b75d77947bde1688a1f7e62cc366814064f1bd"}
,"/home/runner/work/passport-status/passport-status/components/ErrorSummary.tsx": {"path":"/home/runner/work/passport-status/passport-status/components/ErrorSummary.tsx","statementMap":{"0":{"start":{"line":16,"column":35},"end":{"line":22,"column":2}},"1":{"start":{"line":19,"column":24},"end":{"line":22,"column":1}},"2":{"start":{"line":25,"column":2},"end":{"line":32,"column":5}},"3":{"start":{"line":26,"column":21},"end":{"line":26,"column":65}},"4":{"start":{"line":28,"column":6},"end":{"line":31,"column":7}},"5":{"start":{"line":35,"column":44},"end":{"line":53,"column":1}},"6":{"start":{"line":36,"column":2},"end":{"line":52,"column":3}},"7":{"start":{"line":44,"column":10},"end":{"line":48,"column":15}}},"fnMap":{"0":{"name":"(anonymous_0)","decl":{"start":{"line":16,"column":35},"end":{"line":16,"column":36}},"loc":{"start":{"line":19,"column":24},"end":{"line":22,"column":1}},"line":19},"1":{"name":"GetErrorSummary","decl":{"start":{"line":24,"column":16},"end":{"line":24,"column":31}},"loc":{"start":{"line":24,"column":78},"end":{"line":33,"column":1}},"line":24},"2":{"name":"(anonymous_2)","decl":{"start":{"line":26,"column":12},"end":{"line":26,"column":13}},"loc":{"start":{"line":26,"column":21},"end":{"line":26,"column":65}},"line":26},"3":{"name":"(anonymous_3)","decl":{"start":{"line":27,"column":9},"end":{"line":27,"column":10}},"loc":{"start":{"line":28,"column":6},"end":{"line":31,"column":7}},"line":28},"4":{"name":"(anonymous_4)","decl":{"start":{"line":35,"column":44},"end":{"line":35,"column":45}},"loc":{"start":{"line":35,"column":73},"end":{"line":53,"column":1}},"line":35},"5":{"name":"(anonymous_5)","decl":{"start":{"line":43,"column":20},"end":{"line":43,"column":21}},"loc":{"start":{"line":44,"column":10},"end":{"line":48,"column":15}},"line":44}},"branchMap":{},"s":{"0":2,"1":0,"2":0,"3":0,"4":0,"5":2,"6":1,"7":1},"f":{"0":0,"1":0,"2":0,"3":0,"4":1,"5":1},"b":{},"_coverageSchema":"1a1c01bbd47fc00a2c39e90264f33305004495a9","hash":"2dddd6b95dbc9b2abc4d8091d2027e8cd2044048"}
,"/home/runner/work/passport-status/passport-status/components/Footer.tsx": {"path":"/home/runner/work/passport-status/passport-status/components/Footer.tsx","statementMap":{"0":{"start":{"line":48,"column":2},"end":{"line":95,"column":3}},"1":{"start":{"line":65,"column":18},"end":{"line":80,"column":23}}},"fnMap":{"0":{"name":"Footer","decl":{"start":{"line":40,"column":24},"end":{"line":40,"column":30}},"loc":{"start":{"line":47,"column":16},"end":{"line":96,"column":1}},"line":47},"1":{"name":"(anonymous_1)","decl":{"start":{"line":64,"column":27},"end":{"line":64,"column":28}},"loc":{"start":{"line":65,"column":18},"end":{"line":80,"column":23}},"line":65}},"branchMap":{"0":{"loc":{"start":{"line":68,"column":22},"end":{"line":70,"column":77}},"type":"cond-expr","locations":[{"start":{"line":69,"column":26},"end":{"line":69,"column":90}},{"start":{"line":70,"column":26},"end":{"line":70,"column":77}}],"line":68}},"s":{"0":2,"1":5},"f":{"0":2,"1":5},"b":{"0":[2,3]},"_coverageSchema":"1a1c01bbd47fc00a2c39e90264f33305004495a9","hash":"d793435ddd98e8804aa091105e3204a0ac54a151"}
,"/home/runner/work/passport-status/passport-status/components/Header.tsx": {"path":"/home/runner/work/passport-status/passport-status/components/Header.tsx","statementMap":{"0":{"start":{"line":11,"column":29},"end":{"line":11,"column":40}},"1":{"start":{"line":13,"column":29},"end":{"line":13,"column":58}},"2":{"start":{"line":14,"column":35},"end":{"line":14,"column":76}},"3":{"start":{"line":15,"column":27},"end":{"line":15,"column":79}},"4":{"start":{"line":17,"column":2},"end":{"line":105,"column":3}}},"fnMap":{"0":{"name":"Header","decl":{"start":{"line":10,"column":24},"end":{"line":10,"column":30}},"loc":{"start":{"line":10,"column":51},"end":{"line":106,"column":1}},"line":10}},"branchMap":{"0":{"loc":{"start":{"line":13,"column":29},"end":{"line":13,"column":58}},"type":"cond-expr","locations":[{"start":{"line":13,"column":47},"end":{"line":13,"column":51}},{"start":{"line":13,"column":54},"end":{"line":13,"column":58}}],"line":13},"1":{"loc":{"start":{"line":14,"column":35},"end":{"line":14,"column":76}},"type":"cond-expr","locations":[{"start":{"line":14,"column":65},"end":{"line":14,"column":69}},{"start":{"line":14,"column":72},"end":{"line":14,"column":76}}],"line":14},"2":{"loc":{"start":{"line":15,"column":27},"end":{"line":15,"column":79}},"type":"cond-expr","locations":[{"start":{"line":15,"column":57},"end":{"line":15,"column":67}},{"start":{"line":15,"column":70},"end":{"line":15,"column":79}}],"line":15},"3":{"loc":{"start":{"line":40,"column":21},"end":{"line":40,"column":76}},"type":"cond-expr","locations":[{"start":{"line":40,"column":39},"end":{"line":40,"column":56}},{"start":{"line":40,"column":59},"end":{"line":40,"column":76}}],"line":40},"4":{"loc":{"start":{"line":42,"column":18},"end":{"line":44,"column":46}},"type":"cond-expr","locations":[{"start":{"line":43,"column":22},"end":{"line":43,"column":44}},{"start":{"line":44,"column":22},"end":{"line":44,"column":46}}],"line":42}},"s":{"0":3,"1":3,"2":3,"3":3,"4":3},"f":{"0":3},"b":{"0":[1,2],"1":[1,2],"2":[1,2],"3":[1,2],"4":[1,2]},"_coverageSchema":"1a1c01bbd47fc00a2c39e90264f33305004495a9","hash":"7aeb1541d4115454473894dd200e20e1d4fd8088"}
,"/home/runner/work/passport-status/passport-status/components/InputErrorMessage.tsx": {"path":"/home/runner/work/passport-status/passport-status/components/InputErrorMessage.tsx","statementMap":{"0":{"start":{"line":7,"column":54},"end":{"line":13,"column":1}},"1":{"start":{"line":8,"column":2},"end":{"line":12,"column":3}}},"fnMap":{"0":{"name":"(anonymous_0)","decl":{"start":{"line":7,"column":54},"end":{"line":7,"column":55}},"loc":{"start":{"line":7,"column":71},"end":{"line":13,"column":1}},"line":7}},"branchMap":{},"s":{"0":3,"1":1},"f":{"0":1},"b":{},"_coverageSchema":"1a1c01bbd47fc00a2c39e90264f33305004495a9","hash":"09e09803658632d77dce3931686ce39bcfc96d2b"}
,"/home/runner/work/passport-status/passport-status/components/InputField.tsx": {"path":"/home/runner/work/passport-status/passport-status/components/InputField.tsx","statementMap":{"0":{"start":{"line":19,"column":40},"end":{"line":64,"column":1}},"1":{"start":{"line":32,"column":2},"end":{"line":63,"column":3}},"2":{"start":{"line":66,"column":0},"end":{"line":68,"column":1}}},"fnMap":{"0":{"name":"(anonymous_0)","decl":{"start":{"line":19,"column":40},"end":{"line":19,"column":41}},"loc":{"start":{"line":31,"column":6},"end":{"line":64,"column":1}},"line":31}},"branchMap":{"0":{"loc":{"start":{"line":40,"column":7},"end":{"line":40,"column":73}},"type":"cond-expr","locations":[{"start":{"line":40,"column":22},"end":{"line":40,"column":66}},{"start":{"line":40,"column":69},"end":{"line":40,"column":73}}],"line":40},"1":{"loc":{"start":{"line":43,"column":10},"end":{"line":43,"column":69}},"type":"cond-expr","locations":[{"start":{"line":43,"column":25},"end":{"line":43,"column":46}},{"start":{"line":43,"column":49},"end":{"line":43,"column":69}}],"line":43},"2":{"loc":{"start":{"line":48,"column":15},"end":{"line":48,"column":26}},"type":"binary-expr","locations":[{"start":{"line":48,"column":15},"end":{"line":48,"column":20}},{"start":{"line":48,"column":24},"end":{"line":48,"column":26}}],"line":48},"3":{"loc":{"start":{"line":52,"column":26},"end":{"line":52,"column":59}},"type":"binary-expr","locations":[{"start":{"line":52,"column":26},"end":{"line":52,"column":37}},{"start":{"line":52,"column":41},"end":{"line":52,"column":59}}],"line":52},"4":{"loc":{"start":{"line":54,"column":7},"end":{"line":61,"column":7}},"type":"binary-expr","locations":[{"start":{"line":54,"column":7},"end":{"line":54,"column":18}},{"start":{"line":55,"column":8},"end":{"line":60,"column":14}}],"line":54}},"s":{"0":3,"1":1,"2":3},"f":{"0":1},"b":{"0":[0,1],"1":[0,1],"2":[1,0],"3":[1,1],"4":[1,1]},"_coverageSchema":"1a1c01bbd47fc00a2c39e90264f33305004495a9","hash":"e6728a8c1bb6dd816976635cdb790750edb3ee21"}
,"/home/runner/work/passport-status/passport-status/components/InputLabel.tsx": {"path":"/home/runner/work/passport-status/passport-status/components/InputLabel.tsx","statementMap":{"0":{"start":{"line":10,"column":40},"end":{"line":27,"column":1}},"1":{"start":{"line":16,"column":2},"end":{"line":26,"column":3}}},"fnMap":{"0":{"name":"(anonymous_0)","decl":{"start":{"line":10,"column":40},"end":{"line":10,"column":41}},"loc":{"start":{"line":15,"column":6},"end":{"line":27,"column":1}},"line":15}},"branchMap":{"0":{"loc":{"start":{"line":19,"column":43},"end":{"line":19,"column":69}},"type":"cond-expr","locations":[{"start":{"line":19,"column":54},"end":{"line":19,"column":64}},{"start":{"line":19,"column":67},"end":{"line":19,"column":69}}],"line":19},"1":{"loc":{"start":{"line":22,"column":7},"end":{"line":24,"column":7}},"type":"binary-expr","locations":[{"start":{"line":22,"column":7},"end":{"line":22,"column":15}},{"start":{"line":23,"column":8},"end":{"line":23,"column":75}}],"line":22}},"s":{"0":3,"1":1},"f":{"0":1},"b":{"0":[0,1],"1":[1,0]},"_coverageSchema":"1a1c01bbd47fc00a2c39e90264f33305004495a9","hash":"eb76bdd1385852100e5a8aa04fbdaba83f3f3114"}
,"/home/runner/work/passport-status/passport-status/components/Layout.tsx": {"path":"/home/runner/work/passport-status/passport-status/components/Layout.tsx","statementMap":{"0":{"start":{"line":13,"column":32},"end":{"line":49,"column":1}},"1":{"start":{"line":14,"column":2},"end":{"line":48,"column":3}}},"fnMap":{"0":{"name":"(anonymous_0)","decl":{"start":{"line":13,"column":32},"end":{"line":13,"column":33}},"loc":{"start":{"line":13,"column":72},"end":{"line":49,"column":1}},"line":13}},"branchMap":{},"s":{"0":1,"1":2},"f":{"0":2},"b":{},"_coverageSchema":"1a1c01bbd47fc00a2c39e90264f33305004495a9","hash":"44384026c68171a61709cbd081fc0a51e728e276"}
,"/home/runner/work/passport-status/passport-status/components/LinkButton.tsx": {"path":"/home/runner/work/passport-status/passport-status/components/LinkButton.tsx","statementMap":{"0":{"start":{"line":12,"column":40},"end":{"line":32,"column":1}},"1":{"start":{"line":19,"column":2},"end":{"line":31,"column":3}}},"fnMap":{"0":{"name":"(anonymous_0)","decl":{"start":{"line":12,"column":40},"end":{"line":12,"column":41}},"loc":{"start":{"line":18,"column":6},"end":{"line":32,"column":1}},"line":18}},"branchMap":{"0":{"loc":{"start":{"line":22,"column":16},"end":{"line":22,"column":47}},"type":"cond-expr","locations":[{"start":{"line":22,"column":27},"end":{"line":22,"column":35}},{"start":{"line":22,"column":38},"end":{"line":22,"column":47}}],"line":22},"1":{"loc":{"start":{"line":23,"column":13},"end":{"line":23,"column":57}},"type":"cond-expr","locations":[{"start":{"line":23,"column":24},"end":{"line":23,"column":45}},{"start":{"line":23,"column":48},"end":{"line":23,"column":57}}],"line":23}},"s":{"0":3,"1":4},"f":{"0":4},"b":{"0":[0,4],"1":[0,4]},"_coverageSchema":"1a1c01bbd47fc00a2c39e90264f33305004495a9","hash":"e53b75bf2668bda41b90ce5c688f12caf8e4bab1"}
,"/home/runner/work/passport-status/passport-status/components/LinkSummary.tsx": {"path":"/home/runner/work/passport-status/passport-status/components/LinkSummary.tsx","statementMap":{"0":{"start":{"line":15,"column":42},"end":{"line":38,"column":1}},"1":{"start":{"line":16,"column":2},"end":{"line":37,"column":3}},"2":{"start":{"line":21,"column":10},"end":{"line":33,"column":15}}},"fnMap":{"0":{"name":"(anonymous_0)","decl":{"start":{"line":15,"column":42},"end":{"line":15,"column":43}},"loc":{"start":{"line":15,"column":64},"end":{"line":38,"column":1}},"line":15},"1":{"name":"(anonymous_1)","decl":{"start":{"line":20,"column":19},"end":{"line":20,"column":20}},"loc":{"start":{"line":21,"column":10},"end":{"line":33,"column":15}},"line":21}},"branchMap":{"0":{"loc":{"start":{"line":27,"column":24},"end":{"line":27,"column":55}},"type":"cond-expr","locations":[{"start":{"line":27,"column":35},"end":{"line":27,"column":43}},{"start":{"line":27,"column":46},"end":{"line":27,"column":55}}],"line":27},"1":{"loc":{"start":{"line":28,"column":21},"end":{"line":28,"column":65}},"type":"cond-expr","locations":[{"start":{"line":28,"column":32},"end":{"line":28,"column":53}},{"start":{"line":28,"column":56},"end":{"line":28,"column":65}}],"line":28}},"s":{"0":4,"1":2,"2":2},"f":{"0":2,"1":2},"b":{"0":[0,2],"1":[0,2]},"_coverageSchema":"1a1c01bbd47fc00a2c39e90264f33305004495a9","hash":"54cac092ec14a4a20b59bdcea02a4b44ead55b2d"}
,"/home/runner/work/passport-status/passport-status/components/MetaData.tsx": {"path":"/home/runner/work/passport-status/passport-status/components/MetaData.tsx","statementMap":{"0":{"start":{"line":10,"column":36},"end":{"line":23,"column":1}},"1":{"start":{"line":11,"column":2},"end":{"line":22,"column":3}}},"fnMap":{"0":{"name":"(anonymous_0)","decl":{"start":{"line":10,"column":36},"end":{"line":10,"column":37}},"loc":{"start":{"line":10,"column":65},"end":{"line":23,"column":1}},"line":10}},"branchMap":{},"s":{"0":4,"1":4},"f":{"0":4},"b":{},"_coverageSchema":"1a1c01bbd47fc00a2c39e90264f33305004495a9","hash":"5464672bb3b3b963ee00106775383543dc7ce687"}
,"/home/runner/work/passport-status/passport-status/components/Modal.tsx": {"path":"/home/runner/work/passport-status/passport-status/components/Modal.tsx","statementMap":{"0":{"start":{"line":14,"column":30},"end":{"line":43,"column":1}},"1":{"start":{"line":21,"column":2},"end":{"line":42,"column":3}},"2":{"start":{"line":34,"column":18},"end":{"line":34,"column":74}}},"fnMap":{"0":{"name":"(anonymous_0)","decl":{"start":{"line":14,"column":30},"end":{"line":14,"column":31}},"loc":{"start":{"line":20,"column":6},"end":{"line":43,"column":1}},"line":20},"1":{"name":"(anonymous_1)","decl":{"start":{"line":33,"column":29},"end":{"line":33,"column":30}},"loc":{"start":{"line":34,"column":18},"end":{"line":34,"column":74}},"line":34}},"branchMap":{"0":{"loc":{"start":{"line":24,"column":7},"end":{"line":40,"column":7}},"type":"binary-expr","locations":[{"start":{"line":24,"column":7},"end":{"line":24,"column":13}},{"start":{"line":25,"column":8},"end":{"line":39,"column":18}}],"line":24}},"s":{"0":4,"1":7,"2":0},"f":{"0":7,"1":0},"b":{"0":[7,0]},"_coverageSchema":"1a1c01bbd47fc00a2c39e90264f33305004495a9","hash":"60b36e4ac3b9bb83fabcfc9ba674046f8698c7a4"}
,"/home/runner/work/passport-status/passport-status/components/StatusInfo.tsx": {"path":"/home/runner/work/passport-status/passport-status/components/StatusInfo.tsx","statementMap":{"0":{"start":{"line":13,"column":47},"end":{"line":32,"column":1}},"1":{"start":{"line":21,"column":2},"end":{"line":31,"column":3}}},"fnMap":{"0":{"name":"(anonymous_0)","decl":{"start":{"line":13,"column":47},"end":{"line":13,"column":48}},"loc":{"start":{"line":20,"column":6},"end":{"line":32,"column":1}},"line":20}},"branchMap":{},"s":{"0":2,"1":2},"f":{"0":2},"b":{},"_coverageSchema":"1a1c01bbd47fc00a2c39e90264f33305004495a9","hash":"c61381a064687bf5d4dd2426e56e927f80da43f3"}
,"/home/runner/work/passport-status/passport-status/lib/logger.js": {"path":"/home/runner/work/passport-status/passport-status/lib/logger.js","statementMap":{"0":{"start":{"line":1,"column":15},"end":{"line":38,"column":4}},"1":{"start":{"line":2,"column":19},"end":{"line":2,"column":44}},"2":{"start":{"line":3,"column":16},"end":{"line":30,"column":3}},"3":{"start":{"line":4,"column":4},"end":{"line":29,"column":5}},"4":{"start":{"line":6,"column":8},"end":{"line":10,"column":9}},"5":{"start":{"line":11,"column":8},"end":{"line":11,"column":13}},"6":{"start":{"line":13,"column":8},"end":{"line":17,"column":9}},"7":{"start":{"line":18,"column":8},"end":{"line":18,"column":13}},"8":{"start":{"line":20,"column":8},"end":{"line":22,"column":9}},"9":{"start":{"line":21,"column":10},"end":{"line":21,"column":51}},"10":{"start":{"line":23,"column":8},"end":{"line":23,"column":13}},"11":{"start":{"line":26,"column":8},"end":{"line":28,"column":9}},"12":{"start":{"line":27,"column":10},"end":{"line":27,"column":51}},"13":{"start":{"line":32,"column":2},"end":{"line":37,"column":3}}},"fnMap":{"0":{"name":"(anonymous_0)","decl":{"start":{"line":1,"column":16},"end":{"line":1,"column":17}},"loc":{"start":{"line":1,"column":22},"end":{"line":38,"column":1}},"line":1},"1":{"name":"(anonymous_1)","decl":{"start":{"line":3,"column":16},"end":{"line":3,"column":17}},"loc":{"start":{"line":3,"column":39},"end":{"line":30,"column":3}},"line":3}},"branchMap":{"0":{"loc":{"start":{"line":4,"column":4},"end":{"line":29,"column":5}},"type":"switch","locations":[{"start":{"line":5,"column":6},"end":{"line":11,"column":13}},{"start":{"line":12,"column":6},"end":{"line":18,"column":13}},{"start":{"line":19,"column":6},"end":{"line":23,"column":13}},{"start":{"line":24,"column":6},"end":{"line":24,"column":19}},{"start":{"line":25,"column":6},"end":{"line":28,"column":9}}],"line":4},"1":{"loc":{"start":{"line":20,"column":8},"end":{"line":22,"column":9}},"type":"if","locations":[{"start":{"line":20,"column":8},"end":{"line":22,"column":9}},{"start":{},"end":{}}],"line":20},"2":{"loc":{"start":{"line":20,"column":12},"end":{"line":20,"column":55}},"type":"binary-expr","locations":[{"start":{"line":20,"column":12},"end":{"line":20,"column":31}},{"start":{"line":20,"column":35},"end":{"line":20,"column":55}}],"line":20},"3":{"loc":{"start":{"line":26,"column":8},"end":{"line":28,"column":9}},"type":"if","locations":[{"start":{"line":26,"column":8},"end":{"line":28,"column":9}},{"start":{},"end":{}}],"line":26}},"s":{"0":2,"1":2,"2":2,"3":0,"4":0,"5":0,"6":0,"7":0,"8":0,"9":0,"10":0,"11":0,"12":0,"13":2},"f":{"0":2,"1":0},"b":{"0":[0,0,0,0,0],"1":[0,0],"2":[0,0],"3":[0,0]},"_coverageSchema":"1a1c01bbd47fc00a2c39e90264f33305004495a9","hash":"f92680483baae7ec9704994c202226fa9b7f265b"}
,"/home/runner/work/passport-status/passport-status/lib/types.ts": {"path":"/home/runner/work/passport-status/passport-status/lib/types.ts","statementMap":{},"fnMap":{},"branchMap":{},"s":{},"f":{},"b":{},"_coverageSchema":"1a1c01bbd47fc00a2c39e90264f33305004495a9","hash":"63babb04a9c6a1affa0ffada12ab18369c5639ab"}
,"/home/runner/work/passport-status/passport-status/lib/useCheckStatus.ts": {"path":"/home/runner/work/passport-status/passport-status/lib/useCheckStatus.ts","statementMap":{"0":{"start":{"line":5,"column":32},"end":{"line":16,"column":1}},"1":{"start":{"line":9,"column":16},"end":{"line":11,"column":15}},"2":{"start":{"line":12,"column":19},"end":{"line":12,"column":66}},"3":{"start":{"line":13,"column":2},"end":{"line":13,"column":41}},"4":{"start":{"line":13,"column":19},"end":{"line":13,"column":41}},"5":{"start":{"line":14,"column":2},"end":{"line":14,"column":42}},"6":{"start":{"line":14,"column":31},"end":{"line":14,"column":42}},"7":{"start":{"line":15,"column":2},"end":{"line":15,"column":58}},"8":{"start":{"line":18,"column":30},"end":{"line":42,"column":1}},"9":{"start":{"line":26,"column":16},"end":{"line":34,"column":3}},"10":{"start":{"line":32,"column":20},"end":{"line":32,"column":76}},"11":{"start":{"line":38,"column":2},"end":{"line":41,"column":3}}},"fnMap":{"0":{"name":"(anonymous_0)","decl":{"start":{"line":5,"column":32},"end":{"line":5,"column":33}},"loc":{"start":{"line":8,"column":45},"end":{"line":16,"column":1}},"line":8},"1":{"name":"(anonymous_1)","decl":{"start":{"line":18,"column":30},"end":{"line":18,"column":31}},"loc":{"start":{"line":25,"column":5},"end":{"line":42,"column":1}},"line":25},"2":{"name":"(anonymous_2)","decl":{"start":{"line":32,"column":4},"end":{"line":32,"column":5}},"loc":{"start":{"line":32,"column":20},"end":{"line":32,"column":76}},"line":32}},"branchMap":{"0":{"loc":{"start":{"line":13,"column":2},"end":{"line":13,"column":41}},"type":"if","locations":[{"start":{"line":13,"column":2},"end":{"line":13,"column":41}},{"start":{},"end":{}}],"line":13},"1":{"loc":{"start":{"line":14,"column":2},"end":{"line":14,"column":42}},"type":"if","locations":[{"start":{"line":14,"column":2},"end":{"line":14,"column":42}},{"start":{},"end":{}}],"line":14},"2":{"loc":{"start":{"line":33,"column":36},"end":{"line":33,"column":54}},"type":"binary-expr","locations":[{"start":{"line":33,"column":36},"end":{"line":33,"column":48}},{"start":{"line":33,"column":52},"end":{"line":33,"column":54}}],"line":33},"3":{"loc":{"start":{"line":40,"column":15},"end":{"line":40,"column":62}},"type":"binary-expr","locations":[{"start":{"line":40,"column":15},"end":{"line":40,"column":30}},{"start":{"line":40,"column":34},"end":{"line":40,"column":62}}],"line":40}},"s":{"0":0,"1":0,"2":0,"3":0,"4":0,"5":0,"6":0,"7":0,"8":0,"9":0,"10":0,"11":0},"f":{"0":0,"1":0,"2":0},"b":{"0":[0,0],"1":[0,0],"2":[0,0],"3":[0,0]}}
,"/home/runner/work/passport-status/passport-status/lib/useEmailEsrf.ts": {"path":"/home/runner/work/passport-status/passport-status/lib/useEmailEsrf.ts","statementMap":{"0":{"start":{"line":5,"column":21},"end":{"line":21,"column":1}},"1":{"start":{"line":8,"column":2},"end":{"line":20,"column":13}},"2":{"start":{"line":9,"column":21},"end":{"line":15,"column":6}},"3":{"start":{"line":17,"column":4},"end":{"line":19,"column":5}},"4":{"start":{"line":18,"column":6},"end":{"line":18,"column":62}}},"fnMap":{"0":{"name":"(anonymous_0)","decl":{"start":{"line":5,"column":21},"end":{"line":5,"column":22}},"loc":{"start":{"line":7,"column":5},"end":{"line":21,"column":1}},"line":7},"1":{"name":"(anonymous_1)","decl":{"start":{"line":8,"column":62},"end":{"line":8,"column":63}},"loc":{"start":{"line":8,"column":78},"end":{"line":20,"column":3}},"line":8}},"branchMap":{"0":{"loc":{"start":{"line":17,"column":4},"end":{"line":19,"column":5}},"type":"if","locations":[{"start":{"line":17,"column":4},"end":{"line":19,"column":5}},{"start":{},"end":{}}],"line":17}},"s":{"0":0,"1":0,"2":0,"3":0,"4":0},"f":{"0":0,"1":0},"b":{"0":[0,0]}}
,"/home/runner/work/passport-status/passport-status/lib/mappers/checkStatusApiResponseMapper.ts": {"path":"/home/runner/work/passport-status/passport-status/lib/mappers/checkStatusApiResponseMapper.ts","statementMap":{"0":{"start":{"line":13,"column":43},"end":{"line":23,"column":2}},"1":{"start":{"line":15,"column":30},"end":{"line":23,"column":1}},"2":{"start":{"line":29,"column":33},"end":{"line":37,"column":1}},"3":{"start":{"line":32,"column":2},"end":{"line":36,"column":21}},"4":{"start":{"line":34,"column":6},"end":{"line":35,"column":37}}},"fnMap":{"0":{"name":"(anonymous_0)","decl":{"start":{"line":13,"column":43},"end":{"line":13,"column":44}},"loc":{"start":{"line":15,"column":30},"end":{"line":23,"column":1}},"line":15},"1":{"name":"(anonymous_1)","decl":{"start":{"line":29,"column":33},"end":{"line":29,"column":34}},"loc":{"start":{"line":31,"column":25},"end":{"line":37,"column":1}},"line":31},"2":{"name":"(anonymous_2)","decl":{"start":{"line":33,"column":4},"end":{"line":33,"column":5}},"loc":{"start":{"line":34,"column":6},"end":{"line":35,"column":37}},"line":34}},"branchMap":{},"s":{"0":1,"1":1,"2":1,"3":1,"4":2},"f":{"0":1,"1":1,"2":2},"b":{},"_coverageSchema":"1a1c01bbd47fc00a2c39e90264f33305004495a9","hash":"93a06a85df17d1db00cc4f8ad8756893f438d30f"}
,"/home/runner/work/passport-status/passport-status/lib/utils/compareCIAndAI.ts": {"path":"/home/runner/work/passport-status/passport-status/lib/utils/compareCIAndAI.ts","statementMap":{"0":{"start":{"line":4,"column":30},"end":{"line":6,"column":1}},"1":{"start":{"line":5,"column":2},"end":{"line":5,"column":74}}},"fnMap":{"0":{"name":"(anonymous_0)","decl":{"start":{"line":4,"column":30},"end":{"line":4,"column":31}},"loc":{"start":{"line":4,"column":75},"end":{"line":6,"column":1}},"line":4}},"branchMap":{},"s":{"0":1,"1":28},"f":{"0":28},"b":{},"_coverageSchema":"1a1c01bbd47fc00a2c39e90264f33305004495a9","hash":"6a0eecb6beec4c9efc62baccc260d45f9952e0fe"}
,"/home/runner/work/passport-status/passport-status/pages/404.tsx": {"path":"/home/runner/work/passport-status/passport-status/pages/404.tsx","statementMap":{"0":{"start":{"line":5,"column":18},"end":{"line":77,"column":1}},"1":{"start":{"line":6,"column":2},"end":{"line":76,"column":3}}},"fnMap":{"0":{"name":"(anonymous_0)","decl":{"start":{"line":5,"column":18},"end":{"line":5,"column":19}},"loc":{"start":{"line":5,"column":24},"end":{"line":77,"column":1}},"line":5}},"branchMap":{},"s":{"0":1,"1":1},"f":{"0":1},"b":{},"_coverageSchema":"1a1c01bbd47fc00a2c39e90264f33305004495a9","hash":"525ca207688071151dbd07a14f13acaac2357f59"}
,"/home/runner/work/passport-status/passport-status/pages/_app.tsx": {"path":"/home/runner/work/passport-status/passport-status/pages/_app.tsx","statementMap":{"0":{"start":{"line":8,"column":20},"end":{"line":8,"column":37}},"1":{"start":{"line":10,"column":14},"end":{"line":16,"column":1}},"2":{"start":{"line":11,"column":2},"end":{"line":15,"column":3}}},"fnMap":{"0":{"name":"(anonymous_0)","decl":{"start":{"line":10,"column":14},"end":{"line":10,"column":15}},"loc":{"start":{"line":10,"column":54},"end":{"line":16,"column":1}},"line":10}},"branchMap":{},"s":{"0":1,"1":1,"2":1},"f":{"0":1},"b":{},"_coverageSchema":"1a1c01bbd47fc00a2c39e90264f33305004495a9","hash":"0cae33c28576aa9fc9c3139f130781a34d193b41"}
,"/home/runner/work/passport-status/passport-status/pages/_document.tsx": {"path":"/home/runner/work/passport-status/passport-status/pages/_document.tsx","statementMap":{"0":{"start":{"line":14,"column":25},"end":{"line":14,"column":60}},"1":{"start":{"line":16,"column":4},"end":{"line":16,"column":23}},"2":{"start":{"line":19,"column":4},"end":{"line":33,"column":5}}},"fnMap":{"0":{"name":"(anonymous_0)","decl":{"start":{"line":11,"column":2},"end":{"line":11,"column":3}},"loc":{"start":{"line":13,"column":35},"end":{"line":17,"column":3}},"line":13},"1":{"name":"(anonymous_1)","decl":{"start":{"line":18,"column":2},"end":{"line":18,"column":3}},"loc":{"start":{"line":18,"column":11},"end":{"line":34,"column":3}},"line":18}},"branchMap":{"0":{"loc":{"start":{"line":22,"column":10},"end":{"line":24,"column":31}},"type":"cond-expr","locations":[{"start":{"line":23,"column":14},"end":{"line":23,"column":18}},{"start":{"line":24,"column":14},"end":{"line":24,"column":31}}],"line":22},"1":{"loc":{"start":{"line":22,"column":11},"end":{"line":22,"column":56}},"type":"binary-expr","locations":[{"start":{"line":22,"column":11},"end":{"line":22,"column":43}},{"start":{"line":22,"column":47},"end":{"line":22,"column":56}}],"line":22}},"s":{"0":0,"1":0,"2":0},"f":{"0":0,"1":0},"b":{"0":[0,0],"1":[0,0]}}
,"/home/runner/work/passport-status/passport-status/pages/_error.tsx": {"path":"/home/runner/work/passport-status/passport-status/pages/_error.tsx","statementMap":{"0":{"start":{"line":10,"column":36},"end":{"line":100,"column":1}},"1":{"start":{"line":11,"column":2},"end":{"line":99,"column":3}},"2":{"start":{"line":102,"column":0},"end":{"line":105,"column":1}},"3":{"start":{"line":103,"column":21},"end":{"line":103,"column":62}},"4":{"start":{"line":104,"column":2},"end":{"line":104,"column":23}}},"fnMap":{"0":{"name":"(anonymous_0)","decl":{"start":{"line":10,"column":36},"end":{"line":10,"column":37}},"loc":{"start":{"line":10,"column":56},"end":{"line":100,"column":1}},"line":10},"1":{"name":"(anonymous_1)","decl":{"start":{"line":102,"column":24},"end":{"line":102,"column":25}},"loc":{"start":{"line":102,"column":48},"end":{"line":105,"column":1}},"line":102}},"branchMap":{"0":{"loc":{"start":{"line":19,"column":10},"end":{"line":21,"column":70}},"type":"cond-expr","locations":[{"start":{"line":20,"column":14},"end":{"line":20,"column":77}},{"start":{"line":21,"column":14},"end":{"line":21,"column":70}}],"line":19},"1":{"loc":{"start":{"line":30,"column":13},"end":{"line":30,"column":79}},"type":"cond-expr","locations":[{"start":{"line":30,"column":26},"end":{"line":30,"column":47}},{"start":{"line":30,"column":50},"end":{"line":30,"column":79}}],"line":30},"2":{"loc":{"start":{"line":65,"column":13},"end":{"line":67,"column":47}},"type":"cond-expr","locations":[{"start":{"line":66,"column":16},"end":{"line":66,"column":38}},{"start":{"line":67,"column":16},"end":{"line":67,"column":47}}],"line":65},"3":{"loc":{"start":{"line":103,"column":21},"end":{"line":103,"column":62}},"type":"binary-expr","locations":[{"start":{"line":103,"column":21},"end":{"line":103,"column":36}},{"start":{"line":103,"column":40},"end":{"line":103,"column":55}},{"start":{"line":103,"column":59},"end":{"line":103,"column":62}}],"line":103}},"s":{"0":1,"1":2,"2":1,"3":0,"4":0},"f":{"0":2,"1":0},"b":{"0":[0,2],"1":[1,1],"2":[1,1],"3":[0,0,0]},"_coverageSchema":"1a1c01bbd47fc00a2c39e90264f33305004495a9","hash":"58daf43d0f35f00376cf3aa621ede2580092e7ae"}
,"/home/runner/work/passport-status/passport-status/pages/contact.tsx": {"path":"/home/runner/work/passport-status/passport-status/pages/contact.tsx","statementMap":{"0":{"start":{"line":10,"column":20},"end":{"line":50,"column":1}},"1":{"start":{"line":11,"column":16},"end":{"line":11,"column":41}},"2":{"start":{"line":12,"column":36},"end":{"line":12,"column":51}},"3":{"start":{"line":14,"column":2},"end":{"line":49,"column":3}},"4":{"start":{"line":34,"column":25},"end":{"line":34,"column":49}},"5":{"start":{"line":38,"column":29},"end":{"line":38,"column":52}},"6":{"start":{"line":43,"column":29},"end":{"line":43,"column":53}},"7":{"start":{"line":52,"column":46},"end":{"line":59,"column":2}},"8":{"start":{"line":52,"column":69},"end":{"line":59,"column":1}}},"fnMap":{"0":{"name":"(anonymous_0)","decl":{"start":{"line":10,"column":20},"end":{"line":10,"column":21}},"loc":{"start":{"line":10,"column":26},"end":{"line":50,"column":1}},"line":10},"1":{"name":"(anonymous_1)","decl":{"start":{"line":34,"column":19},"end":{"line":34,"column":20}},"loc":{"start":{"line":34,"column":25},"end":{"line":34,"column":49}},"line":34},"2":{"name":"(anonymous_2)","decl":{"start":{"line":38,"column":23},"end":{"line":38,"column":24}},"loc":{"start":{"line":38,"column":29},"end":{"line":38,"column":52}},"line":38},"3":{"name":"(anonymous_3)","decl":{"start":{"line":43,"column":23},"end":{"line":43,"column":24}},"loc":{"start":{"line":43,"column":29},"end":{"line":43,"column":53}},"line":43},"4":{"name":"(anonymous_4)","decl":{"start":{"line":52,"column":46},"end":{"line":52,"column":47}},"loc":{"start":{"line":52,"column":69},"end":{"line":59,"column":1}},"line":52}},"branchMap":{"0":{"loc":{"start":{"line":54,"column":37},"end":{"line":54,"column":56}},"type":"binary-expr","locations":[{"start":{"line":54,"column":37},"end":{"line":54,"column":43}},{"start":{"line":54,"column":47},"end":{"line":54,"column":56}}],"line":54}},"s":{"0":1,"1":2,"2":2,"3":2,"4":0,"5":0,"6":0,"7":1,"8":0},"f":{"0":2,"1":0,"2":0,"3":0,"4":0},"b":{"0":[0,0]},"_coverageSchema":"1a1c01bbd47fc00a2c39e90264f33305004495a9","hash":"0ddc0d0195abe0c1099f91f64dd3b5ea5294a084"}
,"/home/runner/work/passport-status/passport-status/pages/email.tsx": {"path":"/home/runner/work/passport-status/passport-status/pages/email.tsx","statementMap":{"0":{"start":{"line":22,"column":47},"end":{"line":27,"column":1}},"1":{"start":{"line":30,"column":16},"end":{"line":30,"column":39}},"2":{"start":{"line":31,"column":36},"end":{"line":31,"column":51}},"3":{"start":{"line":32,"column":30},"end":{"line":32,"column":45}},"4":{"start":{"line":33,"column":17},"end":{"line":36,"column":3}},"5":{"start":{"line":34,"column":4},"end":{"line":34,"column":19}},"6":{"start":{"line":35,"column":4},"end":{"line":35,"column":22}},"7":{"start":{"line":38,"column":31},"end":{"line":46,"column":3}},"8":{"start":{"line":40,"column":4},"end":{"line":44,"column":5}},"9":{"start":{"line":41,"column":6},"end":{"line":43,"column":8}},"10":{"start":{"line":45,"column":4},"end":{"line":45,"column":27}},"11":{"start":{"line":48,"column":28},"end":{"line":54,"column":3}},"12":{"start":{"line":49,"column":4},"end":{"line":49,"column":28}},"13":{"start":{"line":50,"column":4},"end":{"line":53,"column":5}},"14":{"start":{"line":51,"column":6},"end":{"line":51,"column":22}},"15":{"start":{"line":52,"column":6},"end":{"line":52,"column":13}},"16":{"start":{"line":56,"column":20},"end":{"line":60,"column":4}},"17":{"start":{"line":67,"column":6},"end":{"line":67,"column":20}},"18":{"start":{"line":69,"column":17},"end":{"line":85,"column":4}},"19":{"start":{"line":84,"column":26},"end":{"line":84,"column":43}},"20":{"start":{"line":87,"column":23},"end":{"line":90,"column":3}},"21":{"start":{"line":88,"column":10},"end":{"line":88,"column":43}},"22":{"start":{"line":92,"column":2},"end":{"line":92,"column":42}},"23":{"start":{"line":92,"column":22},"end":{"line":92,"column":42}},"24":{"start":{"line":94,"column":2},"end":{"line":213,"column":3}},"25":{"start":{"line":192,"column":31},"end":{"line":192,"column":55}},"26":{"start":{"line":216,"column":46},"end":{"line":220,"column":2}},"27":{"start":{"line":216,"column":69},"end":{"line":220,"column":1}}},"fnMap":{"0":{"name":"Email","decl":{"start":{"line":29,"column":24},"end":{"line":29,"column":29}},"loc":{"start":{"line":29,"column":32},"end":{"line":214,"column":1}},"line":29},"1":{"name":"(anonymous_1)","decl":{"start":{"line":33,"column":17},"end":{"line":33,"column":18}},"loc":{"start":{"line":33,"column":23},"end":{"line":36,"column":3}},"line":33},"2":{"name":"(anonymous_2)","decl":{"start":{"line":38,"column":31},"end":{"line":38,"column":32}},"loc":{"start":{"line":38,"column":37},"end":{"line":46,"column":3}},"line":38},"3":{"name":"(anonymous_3)","decl":{"start":{"line":48,"column":28},"end":{"line":48,"column":29}},"loc":{"start":{"line":48,"column":34},"end":{"line":54,"column":3}},"line":48},"4":{"name":"(anonymous_4)","decl":{"start":{"line":84,"column":14},"end":{"line":84,"column":15}},"loc":{"start":{"line":84,"column":26},"end":{"line":84,"column":43}},"line":84},"5":{"name":"(anonymous_5)","decl":{"start":{"line":88,"column":4},"end":{"line":88,"column":5}},"loc":{"start":{"line":88,"column":10},"end":{"line":88,"column":43}},"line":88},"6":{"name":"(anonymous_6)","decl":{"start":{"line":192,"column":25},"end":{"line":192,"column":26}},"loc":{"start":{"line":192,"column":31},"end":{"line":192,"column":55}},"line":192},"7":{"name":"(anonymous_7)","decl":{"start":{"line":216,"column":46},"end":{"line":216,"column":47}},"loc":{"start":{"line":216,"column":69},"end":{"line":220,"column":1}},"line":216}},"branchMap":{"0":{"loc":{"start":{"line":40,"column":4},"end":{"line":44,"column":5}},"type":"if","locations":[{"start":{"line":40,"column":4},"end":{"line":44,"column":5}},{"start":{},"end":{}}],"line":40},"1":{"loc":{"start":{"line":50,"column":4},"end":{"line":53,"column":5}},"type":"if","locations":[{"start":{"line":50,"column":4},"end":{"line":53,"column":5}},{"start":{},"end":{}}],"line":50},"2":{"loc":{"start":{"line":92,"column":2},"end":{"line":92,"column":42}},"type":"if","locations":[{"start":{"line":92,"column":2},"end":{"line":92,"column":42}},{"start":{},"end":{}}],"line":92},"3":{"loc":{"start":{"line":102,"column":7},"end":{"line":211,"column":7}},"type":"cond-expr","locations":[{"start":{"line":103,"column":8},"end":{"line":113,"column":11}},{"start":{"line":115,"column":8},"end":{"line":210,"column":15}}],"line":102},"4":{"loc":{"start":{"line":117,"column":11},"end":{"line":125,"column":11}},"type":"binary-expr","locations":[{"start":{"line":117,"column":11},"end":{"line":117,"column":34}},{"start":{"line":118,"column":12},"end":{"line":124,"column":14}}],"line":117},"5":{"loc":{"start":{"line":132,"column":26},"end":{"line":132,"column":71}},"type":"binary-expr","locations":[{"start":{"line":132,"column":26},"end":{"line":132,"column":45}},{"start":{"line":132,"column":49},"end":{"line":132,"column":71}}],"line":132},"6":{"loc":{"start":{"line":143,"column":26},"end":{"line":143,"column":79}},"type":"binary-expr","locations":[{"start":{"line":143,"column":26},"end":{"line":143,"column":49}},{"start":{"line":143,"column":53},"end":{"line":143,"column":79}}],"line":143},"7":{"loc":{"start":{"line":154,"column":26},"end":{"line":154,"column":75}},"type":"binary-expr","locations":[{"start":{"line":154,"column":26},"end":{"line":154,"column":47}},{"start":{"line":154,"column":51},"end":{"line":154,"column":75}}],"line":154},"8":{"loc":{"start":{"line":167,"column":14},"end":{"line":167,"column":71}},"type":"binary-expr","locations":[{"start":{"line":167,"column":14},"end":{"line":167,"column":39}},{"start":{"line":167,"column":43},"end":{"line":167,"column":71}}],"line":167},"9":{"loc":{"start":{"line":187,"column":18},"end":{"line":189,"column":51}},"type":"cond-expr","locations":[{"start":{"line":188,"column":22},"end":{"line":188,"column":44}},{"start":{"line":189,"column":22},"end":{"line":189,"column":51}}],"line":187},"10":{"loc":{"start":{"line":218,"column":37},"end":{"line":218,"column":56}},"type":"binary-expr","locations":[{"start":{"line":218,"column":37},"end":{"line":218,"column":43}},{"start":{"line":218,"column":47},"end":{"line":218,"column":56}}],"line":218}},"s":{"0":1,"1":2,"2":2,"3":2,"4":2,"5":0,"6":0,"7":2,"8":0,"9":0,"10":0,"11":2,"12":0,"13":0,"14":0,"15":0,"16":2,"17":2,"18":2,"19":0,"20":2,"21":2,"22":2,"23":0,"24":2,"25":0,"26":1,"27":0},"f":{"0":2,"1":0,"2":0,"3":0,"4":0,"5":2,"6":0,"7":0},"b":{"0":[0,0],"1":[0,0],"2":[0,2],"3":[0,2],"4":[2,0],"5":[2,0],"6":[2,0],"7":[2,0],"8":[2,0],"9":[0,2],"10":[0,0]},"_coverageSchema":"1a1c01bbd47fc00a2c39e90264f33305004495a9","hash":"299dd057150f98f68b7b265a3708f886ab0aae24"}
,"/home/runner/work/passport-status/passport-status/pages/expectations.tsx": {"path":"/home/runner/work/passport-status/passport-status/pages/expectations.tsx","statementMap":{"0":{"start":{"line":10,"column":25},"end":{"line":54,"column":1}},"1":{"start":{"line":11,"column":16},"end":{"line":11,"column":46}},"2":{"start":{"line":13,"column":67},"end":{"line":20,"column":3}},"3":{"start":{"line":15,"column":6},"end":{"line":15,"column":24}},"4":{"start":{"line":16,"column":6},"end":{"line":16,"column":73}},"5":{"start":{"line":17,"column":6},"end":{"line":17,"column":29}},"6":{"start":{"line":22,"column":2},"end":{"line":53,"column":3}},"7":{"start":{"line":56,"column":46},"end":{"line":63,"column":2}},"8":{"start":{"line":56,"column":69},"end":{"line":63,"column":1}}},"fnMap":{"0":{"name":"(anonymous_0)","decl":{"start":{"line":10,"column":25},"end":{"line":10,"column":26}},"loc":{"start":{"line":10,"column":31},"end":{"line":54,"column":1}},"line":10},"1":{"name":"(anonymous_1)","decl":{"start":{"line":14,"column":4},"end":{"line":14,"column":5}},"loc":{"start":{"line":14,"column":11},"end":{"line":18,"column":5}},"line":14},"2":{"name":"(anonymous_2)","decl":{"start":{"line":56,"column":46},"end":{"line":56,"column":47}},"loc":{"start":{"line":56,"column":69},"end":{"line":63,"column":1}},"line":56}},"branchMap":{"0":{"loc":{"start":{"line":58,"column":37},"end":{"line":58,"column":56}},"type":"binary-expr","locations":[{"start":{"line":58,"column":37},"end":{"line":58,"column":43}},{"start":{"line":58,"column":47},"end":{"line":58,"column":56}}],"line":58}},"s":{"0":1,"1":2,"2":2,"3":0,"4":0,"5":0,"6":2,"7":1,"8":0},"f":{"0":2,"1":0,"2":0},"b":{"0":[0,0]},"_coverageSchema":"1a1c01bbd47fc00a2c39e90264f33305004495a9","hash":"8f3d56f8e41920455c0fa8a17c8f1fc89be706c4"}
,"/home/runner/work/passport-status/passport-status/pages/index.tsx": {"path":"/home/runner/work/passport-status/passport-status/pages/index.tsx","statementMap":{"0":{"start":{"line":7,"column":14},"end":{"line":77,"column":1}},"1":{"start":{"line":8,"column":2},"end":{"line":76,"column":3}}},"fnMap":{"0":{"name":"(anonymous_0)","decl":{"start":{"line":7,"column":14},"end":{"line":7,"column":15}},"loc":{"start":{"line":7,"column":20},"end":{"line":77,"column":1}},"line":7}},"branchMap":{},"s":{"0":1,"1":1},"f":{"0":1},"b":{},"_coverageSchema":"1a1c01bbd47fc00a2c39e90264f33305004495a9","hash":"2890cac9a569ddc304ac489d6bfa9c4cea8d53f8"}
,"/home/runner/work/passport-status/passport-status/pages/landing.tsx": {"path":"/home/runner/work/passport-status/passport-status/pages/landing.tsx","statementMap":{"0":{"start":{"line":8,"column":20},"end":{"line":29,"column":1}},"1":{"start":{"line":9,"column":16},"end":{"line":9,"column":41}},"2":{"start":{"line":11,"column":2},"end":{"line":28,"column":3}},"3":{"start":{"line":31,"column":46},"end":{"line":38,"column":2}},"4":{"start":{"line":31,"column":69},"end":{"line":38,"column":1}}},"fnMap":{"0":{"name":"(anonymous_0)","decl":{"start":{"line":8,"column":20},"end":{"line":8,"column":21}},"loc":{"start":{"line":8,"column":26},"end":{"line":29,"column":1}},"line":8},"1":{"name":"(anonymous_1)","decl":{"start":{"line":31,"column":46},"end":{"line":31,"column":47}},"loc":{"start":{"line":31,"column":69},"end":{"line":38,"column":1}},"line":31}},"branchMap":{"0":{"loc":{"start":{"line":33,"column":37},"end":{"line":33,"column":56}},"type":"binary-expr","locations":[{"start":{"line":33,"column":37},"end":{"line":33,"column":43}},{"start":{"line":33,"column":47},"end":{"line":33,"column":56}}],"line":33}},"s":{"0":1,"1":2,"2":2,"3":1,"4":0},"f":{"0":2,"1":0},"b":{"0":[0,0]},"_coverageSchema":"1a1c01bbd47fc00a2c39e90264f33305004495a9","hash":"5f5ea08c9d0e7fff1bb0d16dc4fe3810ff483e03"}
,"/home/runner/work/passport-status/passport-status/pages/status.tsx": {"path":"/home/runner/work/passport-status/passport-status/pages/status.tsx","statementMap":{"0":{"start":{"line":30,"column":50},"end":{"line":35,"column":1}},"1":{"start":{"line":37,"column":19},"end":{"line":333,"column":1}},"2":{"start":{"line":38,"column":16},"end":{"line":38,"column":40}},"3":{"start":{"line":39,"column":36},"end":{"line":39,"column":51}},"4":{"start":{"line":40,"column":30},"end":{"line":40,"column":45}},"5":{"start":{"line":41,"column":17},"end":{"line":44,"column":3}},"6":{"start":{"line":42,"column":4},"end":{"line":42,"column":19}},"7":{"start":{"line":43,"column":4},"end":{"line":43,"column":22}},"8":{"start":{"line":46,"column":31},"end":{"line":54,"column":3}},"9":{"start":{"line":48,"column":4},"end":{"line":52,"column":5}},"10":{"start":{"line":49,"column":6},"end":{"line":51,"column":8}},"11":{"start":{"line":53,"column":4},"end":{"line":53,"column":27}},"12":{"start":{"line":56,"column":28},"end":{"line":62,"column":3}},"13":{"start":{"line":57,"column":4},"end":{"line":57,"column":28}},"14":{"start":{"line":58,"column":4},"end":{"line":61,"column":5}},"15":{"start":{"line":59,"column":6},"end":{"line":59,"column":22}},"16":{"start":{"line":60,"column":6},"end":{"line":60,"column":13}},"17":{"start":{"line":64,"column":20},"end":{"line":68,"column":4}},"18":{"start":{"line":70,"column":18},"end":{"line":72,"column":4}},"19":{"start":{"line":74,"column":17},"end":{"line":98,"column":4}},"20":{"start":{"line":92,"column":6},"end":{"line":92,"column":26}},"21":{"start":{"line":93,"column":6},"end":{"line":93,"column":33}},"22":{"start":{"line":96,"column":6},"end":{"line":96,"column":28}},"23":{"start":{"line":105,"column":6},"end":{"line":110,"column":3}},"24":{"start":{"line":112,"column":23},"end":{"line":121,"column":17}},"25":{"start":{"line":113,"column":4},"end":{"line":120,"column":7}},"26":{"start":{"line":114,"column":23},"end":{"line":114,"column":73}},"27":{"start":{"line":116,"column":8},"end":{"line":119,"column":9}},"28":{"start":{"line":123,"column":68},"end":{"line":130,"column":3}},"29":{"start":{"line":125,"column":6},"end":{"line":125,"column":24}},"30":{"start":{"line":126,"column":6},"end":{"line":126,"column":33}},"31":{"start":{"line":127,"column":6},"end":{"line":127,"column":33}},"32":{"start":{"line":132,"column":67},"end":{"line":137,"column":3}},"33":{"start":{"line":134,"column":6},"end":{"line":134,"column":80}},"34":{"start":{"line":140,"column":2},"end":{"line":140,"column":65}},"35":{"start":{"line":140,"column":24},"end":{"line":140,"column":65}},"36":{"start":{"line":142,"column":2},"end":{"line":332,"column":3}},"37":{"start":{"line":150,"column":8},"end":{"line":187,"column":9}},"38":{"start":{"line":151,"column":10},"end":{"line":186,"column":11}},"39":{"start":{"line":155,"column":37},"end":{"line":155,"column":60}},"40":{"start":{"line":189,"column":8},"end":{"line":228,"column":9}},"41":{"start":{"line":190,"column":10},"end":{"line":227,"column":11}},"42":{"start":{"line":230,"column":8},"end":{"line":329,"column":9}},"43":{"start":{"line":310,"column":33},"end":{"line":310,"column":57}},"44":{"start":{"line":335,"column":46},"end":{"line":342,"column":2}},"45":{"start":{"line":335,"column":69},"end":{"line":342,"column":1}}},"fnMap":{"0":{"name":"(anonymous_0)","decl":{"start":{"line":37,"column":19},"end":{"line":37,"column":20}},"loc":{"start":{"line":37,"column":25},"end":{"line":333,"column":1}},"line":37},"1":{"name":"(anonymous_1)","decl":{"start":{"line":41,"column":17},"end":{"line":41,"column":18}},"loc":{"start":{"line":41,"column":23},"end":{"line":44,"column":3}},"line":41},"2":{"name":"(anonymous_2)","decl":{"start":{"line":46,"column":31},"end":{"line":46,"column":32}},"loc":{"start":{"line":46,"column":37},"end":{"line":54,"column":3}},"line":46},"3":{"name":"(anonymous_3)","decl":{"start":{"line":56,"column":28},"end":{"line":56,"column":29}},"loc":{"start":{"line":56,"column":34},"end":{"line":62,"column":3}},"line":56},"4":{"name":"(anonymous_4)","decl":{"start":{"line":91,"column":13},"end":{"line":91,"column":14}},"loc":{"start":{"line":91,"column":35},"end":{"line":94,"column":5}},"line":91},"5":{"name":"(anonymous_5)","decl":{"start":{"line":95,"column":14},"end":{"line":95,"column":15}},"loc":{"start":{"line":95,"column":36},"end":{"line":97,"column":5}},"line":95},"6":{"name":"(anonymous_6)","decl":{"start":{"line":112,"column":51},"end":{"line":112,"column":52}},"loc":{"start":{"line":112,"column":57},"end":{"line":121,"column":3}},"line":112},"7":{"name":"(anonymous_7)","decl":{"start":{"line":114,"column":14},"end":{"line":114,"column":15}},"loc":{"start":{"line":114,"column":23},"end":{"line":114,"column":73}},"line":114},"8":{"name":"(anonymous_8)","decl":{"start":{"line":115,"column":11},"end":{"line":115,"column":12}},"loc":{"start":{"line":116,"column":8},"end":{"line":119,"column":9}},"line":116},"9":{"name":"(anonymous_9)","decl":{"start":{"line":124,"column":4},"end":{"line":124,"column":5}},"loc":{"start":{"line":124,"column":11},"end":{"line":128,"column":5}},"line":124},"10":{"name":"(anonymous_10)","decl":{"start":{"line":133,"column":4},"end":{"line":133,"column":5}},"loc":{"start":{"line":133,"column":20},"end":{"line":135,"column":5}},"line":133},"11":{"name":"(anonymous_11)","decl":{"start":{"line":149,"column":8},"end":{"line":149,"column":9}},"loc":{"start":{"line":149,"column":14},"end":{"line":330,"column":7}},"line":149},"12":{"name":"(anonymous_12)","decl":{"start":{"line":155,"column":31},"end":{"line":155,"column":32}},"loc":{"start":{"line":155,"column":37},"end":{"line":155,"column":60}},"line":155},"13":{"name":"(anonymous_13)","decl":{"start":{"line":310,"column":27},"end":{"line":310,"column":28}},"loc":{"start":{"line":310,"column":33},"end":{"line":310,"column":57}},"line":310},"14":{"name":"(anonymous_14)","decl":{"start":{"line":335,"column":46},"end":{"line":335,"column":47}},"loc":{"start":{"line":335,"column":69},"end":{"line":342,"column":1}},"line":335}},"branchMap":{"0":{"loc":{"start":{"line":48,"column":4},"end":{"line":52,"column":5}},"type":"if","locations":[{"start":{"line":48,"column":4},"end":{"line":52,"column":5}},{"start":{},"end":{}}],"line":48},"1":{"loc":{"start":{"line":58,"column":4},"end":{"line":61,"column":5}},"type":"if","locations":[{"start":{"line":58,"column":4},"end":{"line":61,"column":5}},{"start":{},"end":{}}],"line":58},"2":{"loc":{"start":{"line":106,"column":4},"end":{"line":106,"column":65}},"type":"cond-expr","locations":[{"start":{"line":106,"column":36},"end":{"line":106,"column":49}},{"start":{"line":106,"column":52},"end":{"line":106,"column":65}}],"line":106},"3":{"loc":{"start":{"line":140,"column":2},"end":{"line":140,"column":65}},"type":"if","locations":[{"start":{"line":140,"column":2},"end":{"line":140,"column":65}},{"start":{},"end":{}}],"line":140},"4":{"loc":{"start":{"line":150,"column":8},"end":{"line":187,"column":9}},"type":"if","locations":[{"start":{"line":150,"column":8},"end":{"line":187,"column":9}},{"start":{},"end":{}}],"line":150},"5":{"loc":{"start":{"line":169,"column":19},"end":{"line":178,"column":21}},"type":"binary-expr","locations":[{"start":{"line":169,"column":19},"end":{"line":169,"column":53}},{"start":{"line":170,"column":20},"end":{"line":173,"column":58}},{"start":{"line":174,"column":22},"end":{"line":177,"column":26}}],"line":169},"6":{"loc":{"start":{"line":189,"column":8},"end":{"line":228,"column":9}},"type":"if","locations":[{"start":{"line":189,"column":8},"end":{"line":228,"column":9}},{"start":{},"end":{}}],"line":189},"7":{"loc":{"start":{"line":233,"column":13},"end":{"line":241,"column":13}},"type":"binary-expr","locations":[{"start":{"line":233,"column":13},"end":{"line":233,"column":36}},{"start":{"line":234,"column":14},"end":{"line":240,"column":16}}],"line":233},"8":{"loc":{"start":{"line":248,"column":28},"end":{"line":248,"column":71}},"type":"binary-expr","locations":[{"start":{"line":248,"column":28},"end":{"line":248,"column":46}},{"start":{"line":248,"column":50},"end":{"line":248,"column":71}}],"line":248},"9":{"loc":{"start":{"line":260,"column":16},"end":{"line":260,"column":69}},"type":"binary-expr","locations":[{"start":{"line":260,"column":16},"end":{"line":260,"column":39}},{"start":{"line":260,"column":43},"end":{"line":260,"column":69}}],"line":260},"10":{"loc":{"start":{"line":272,"column":28},"end":{"line":272,"column":77}},"type":"binary-expr","locations":[{"start":{"line":272,"column":28},"end":{"line":272,"column":49}},{"start":{"line":272,"column":53},"end":{"line":272,"column":77}}],"line":272},"11":{"loc":{"start":{"line":285,"column":16},"end":{"line":285,"column":73}},"type":"binary-expr","locations":[{"start":{"line":285,"column":16},"end":{"line":285,"column":41}},{"start":{"line":285,"column":45},"end":{"line":285,"column":73}}],"line":285},"12":{"loc":{"start":{"line":305,"column":20},"end":{"line":307,"column":53}},"type":"cond-expr","locations":[{"start":{"line":306,"column":24},"end":{"line":306,"column":46}},{"start":{"line":307,"column":24},"end":{"line":307,"column":53}}],"line":305},"13":{"loc":{"start":{"line":337,"column":37},"end":{"line":337,"column":56}},"type":"binary-expr","locations":[{"start":{"line":337,"column":37},"end":{"line":337,"column":43}},{"start":{"line":337,"column":47},"end":{"line":337,"column":56}}],"line":337}},"s":{"0":1,"1":1,"2":2,"3":2,"4":2,"5":2,"6":0,"7":0,"8":2,"9":0,"10":0,"11":0,"12":2,"13":0,"14":0,"15":0,"16":0,"17":2,"18":2,"19":2,"20":0,"21":0,"22":0,"23":2,"24":2,"25":2,"26":0,"27":0,"28":2,"29":0,"30":0,"31":0,"32":2,"33":0,"34":2,"35":0,"36":2,"37":2,"38":0,"39":0,"40":2,"41":0,"42":2,"43":0,"44":1,"45":0},"f":{"0":2,"1":0,"2":0,"3":0,"4":0,"5":0,"6":2,"7":0,"8":0,"9":0,"10":0,"11":2,"12":0,"13":0,"14":0},"b":{"0":[0,0],"1":[0,0],"2":[0,2],"3":[0,2],"4":[0,2],"5":[0,0,0],"6":[0,2],"7":[2,0],"8":[2,0],"9":[2,0],"10":[2,0],"11":[2,0],"12":[0,2],"13":[0,0]},"_coverageSchema":"1a1c01bbd47fc00a2c39e90264f33305004495a9","hash":"0a286f33ea19fb1ffc7a2f796fa9e6526eb79a20"}
,"/home/runner/work/passport-status/passport-status/pages/api/check-status.ts": {"path":"/home/runner/work/passport-status/passport-status/pages/api/check-status.ts","statementMap":{"0":{"start":{"line":16,"column":2},"end":{"line":19,"column":3}},"1":{"start":{"line":17,"column":4},"end":{"line":17,"column":64}},"2":{"start":{"line":18,"column":4},"end":{"line":18,"column":10}},"3":{"start":{"line":21,"column":27},"end":{"line":21,"column":79}},"4":{"start":{"line":22,"column":57},"end":{"line":27,"column":3}},"5":{"start":{"line":29,"column":2},"end":{"line":36,"column":3}},"6":{"start":{"line":30,"column":4},"end":{"line":32,"column":57}},"7":{"start":{"line":34,"column":4},"end":{"line":34,"column":23}},"8":{"start":{"line":35,"column":4},"end":{"line":35,"column":49}},"9":{"start":{"line":45,"column":39},"end":{"line":84,"column":1}},"10":{"start":{"line":49,"column":2},"end":{"line":53,"column":3}},"11":{"start":{"line":50,"column":4},"end":{"line":52,"column":5}},"12":{"start":{"line":55,"column":52},"end":{"line":55,"column":78}},"13":{"start":{"line":56,"column":16},"end":{"line":61,"column":15}},"14":{"start":{"line":62,"column":14},"end":{"line":62,"column":101}},"15":{"start":{"line":63,"column":19},"end":{"line":63,"column":35}},"16":{"start":{"line":65,"column":2},"end":{"line":76,"column":3}},"17":{"start":{"line":66,"column":55},"end":{"line":66,"column":76}},"18":{"start":{"line":67,"column":50},"end":{"line":67,"column":72}},"19":{"start":{"line":69,"column":4},"end":{"line":72,"column":5}},"20":{"start":{"line":70,"column":6},"end":{"line":70,"column":55}},"21":{"start":{"line":71,"column":6},"end":{"line":71,"column":12}},"22":{"start":{"line":74,"column":4},"end":{"line":74,"column":79}},"23":{"start":{"line":75,"column":4},"end":{"line":75,"column":10}},"24":{"start":{"line":78,"column":2},"end":{"line":81,"column":3}},"25":{"start":{"line":79,"column":4},"end":{"line":79,"column":53}},"26":{"start":{"line":80,"column":4},"end":{"line":80,"column":10}},"27":{"start":{"line":83,"column":2},"end":{"line":83,"column":55}},"28":{"start":{"line":92,"column":40},"end":{"line":130,"column":1}},"29":{"start":{"line":96,"column":52},"end":{"line":96,"column":78}},"30":{"start":{"line":97,"column":48},"end":{"line":97,"column":78}},"31":{"start":{"line":99,"column":30},"end":{"line":122,"column":3}},"32":{"start":{"line":106,"column":6},"end":{"line":121,"column":68}},"33":{"start":{"line":110,"column":12},"end":{"line":110,"column":56}},"34":{"start":{"line":124,"column":2},"end":{"line":127,"column":3}},"35":{"start":{"line":125,"column":4},"end":{"line":125,"column":62}},"36":{"start":{"line":126,"column":4},"end":{"line":126,"column":10}},"37":{"start":{"line":129,"column":2},"end":{"line":129,"column":51}}},"fnMap":{"0":{"name":"handler","decl":{"start":{"line":12,"column":30},"end":{"line":12,"column":37}},"loc":{"start":{"line":15,"column":2},"end":{"line":37,"column":1}},"line":15},"1":{"name":"(anonymous_1)","decl":{"start":{"line":45,"column":39},"end":{"line":45,"column":40}},"loc":{"start":{"line":48,"column":5},"end":{"line":84,"column":1}},"line":48},"2":{"name":"(anonymous_2)","decl":{"start":{"line":92,"column":40},"end":{"line":92,"column":41}},"loc":{"start":{"line":95,"column":5},"end":{"line":130,"column":1}},"line":95},"3":{"name":"(anonymous_3)","decl":{"start":{"line":100,"column":4},"end":{"line":100,"column":5}},"loc":{"start":{"line":106,"column":6},"end":{"line":121,"column":68}},"line":106},"4":{"name":"(anonymous_4)","decl":{"start":{"line":109,"column":10},"end":{"line":109,"column":11}},"loc":{"start":{"line":110,"column":12},"end":{"line":110,"column":56}},"line":110}},"branchMap":{"0":{"loc":{"start":{"line":16,"column":2},"end":{"line":19,"column":3}},"type":"if","locations":[{"start":{"line":16,"column":2},"end":{"line":19,"column":3}},{"start":{},"end":{}}],"line":16},"1":{"loc":{"start":{"line":21,"column":35},"end":{"line":21,"column":48}},"type":"binary-expr","locations":[{"start":{"line":21,"column":35},"end":{"line":21,"column":42}},{"start":{"line":21,"column":46},"end":{"line":21,"column":48}}],"line":21},"2":{"loc":{"start":{"line":23,"column":17},"end":{"line":23,"column":54}},"type":"binary-expr","locations":[{"start":{"line":23,"column":17},"end":{"line":23,"column":48}},{"start":{"line":23,"column":52},"end":{"line":23,"column":54}}],"line":23},"3":{"loc":{"start":{"line":24,"column":10},"end":{"line":24,"column":40}},"type":"binary-expr","locations":[{"start":{"line":24,"column":10},"end":{"line":24,"column":34}},{"start":{"line":24,"column":38},"end":{"line":24,"column":40}}],"line":24},"4":{"loc":{"start":{"line":25,"column":15},"end":{"line":25,"column":50}},"type":"binary-expr","locations":[{"start":{"line":25,"column":15},"end":{"line":25,"column":44}},{"start":{"line":25,"column":48},"end":{"line":25,"column":50}}],"line":25},"5":{"loc":{"start":{"line":26,"column":13},"end":{"line":26,"column":46}},"type":"binary-expr","locations":[{"start":{"line":26,"column":13},"end":{"line":26,"column":40}},{"start":{"line":26,"column":44},"end":{"line":26,"column":46}}],"line":26},"6":{"loc":{"start":{"line":30,"column":4},"end":{"line":32,"column":57}},"type":"cond-expr","locations":[{"start":{"line":31,"column":8},"end":{"line":31,"column":62}},{"start":{"line":32,"column":8},"end":{"line":32,"column":57}}],"line":30},"7":{"loc":{"start":{"line":49,"column":2},"end":{"line":53,"column":3}},"type":"if","locations":[{"start":{"line":49,"column":2},"end":{"line":53,"column":3}},{"start":{},"end":{}}],"line":49},"8":{"loc":{"start":{"line":65,"column":2},"end":{"line":76,"column":3}},"type":"if","locations":[{"start":{"line":65,"column":2},"end":{"line":76,"column":3}},{"start":{},"end":{}}],"line":65},"9":{"loc":{"start":{"line":69,"column":4},"end":{"line":72,"column":5}},"type":"if","locations":[{"start":{"line":69,"column":4},"end":{"line":72,"column":5}},{"start":{},"end":{}}],"line":69},"10":{"loc":{"start":{"line":78,"column":2},"end":{"line":81,"column":3}},"type":"if","locations":[{"start":{"line":78,"column":2},"end":{"line":81,"column":3}},{"start":{},"end":{}}],"line":78},"11":{"loc":{"start":{"line":78,"column":6},"end":{"line":78,"column":56}},"type":"binary-expr","locations":[{"start":{"line":78,"column":6},"end":{"line":78,"column":29}},{"start":{"line":78,"column":33},"end":{"line":78,"column":56}}],"line":78},"12":{"loc":{"start":{"line":106,"column":6},"end":{"line":121,"column":68}},"type":"binary-expr","locations":[{"start":{"line":106,"column":6},"end":{"line":112,"column":7}},{"start":{"line":113,"column":6},"end":{"line":116,"column":7}},{"start":{"line":117,"column":6},"end":{"line":120,"column":7}},{"start":{"line":121,"column":6},"end":{"line":121,"column":68}}],"line":106},"13":{"loc":{"start":{"line":108,"column":8},"end":{"line":111,"column":33}},"type":"binary-expr","locations":[{"start":{"line":108,"column":8},"end":{"line":111,"column":27}},{"start":{"line":111,"column":31},"end":{"line":111,"column":33}}],"line":108},"14":{"loc":{"start":{"line":124,"column":2},"end":{"line":127,"column":3}},"type":"if","locations":[{"start":{"line":124,"column":2},"end":{"line":127,"column":3}},{"start":{},"end":{}}],"line":124}},"s":{"0":3,"1":1,"2":1,"3":2,"4":2,"5":2,"6":2,"7":0,"8":0,"9":1,"10":0,"11":0,"12":0,"13":0,"14":0,"15":0,"16":0,"17":0,"18":0,"19":0,"20":0,"21":0,"22":0,"23":0,"24":0,"25":0,"26":0,"27":0,"28":1,"29":2,"30":2,"31":2,"32":26,"33":52,"34":2,"35":1,"36":1,"37":1},"f":{"0":3,"1":0,"2":2,"3":26,"4":52},"b":{"0":[1,2],"1":[2,0],"2":[2,0],"3":[2,0],"4":[2,0],"5":[2,0],"6":[0,2],"7":[0,0],"8":[0,0],"9":[0,0],"10":[0,0],"11":[0,0],"12":[26,1,1,1],"13":[26,0],"14":[1,1]},"_coverageSchema":"1a1c01bbd47fc00a2c39e90264f33305004495a9","hash":"232e14eeb6711e2aadf8105f29f373d3baf687d8"}
,"/home/runner/work/passport-status/passport-status/pages/api/email-esrf.ts": {"path":"/home/runner/work/passport-status/passport-status/pages/api/email-esrf.ts","statementMap":{"0":{"start":{"line":9,"column":2},"end":{"line":12,"column":3}},"1":{"start":{"line":10,"column":4},"end":{"line":10,"column":64}},"2":{"start":{"line":11,"column":4},"end":{"line":11,"column":10}},"3":{"start":{"line":14,"column":2},"end":{"line":17,"column":3}},"4":{"start":{"line":15,"column":4},"end":{"line":15,"column":77}},"5":{"start":{"line":16,"column":4},"end":{"line":16,"column":10}},"6":{"start":{"line":19,"column":15},"end":{"line":19,"column":50}},"7":{"start":{"line":21,"column":2},"end":{"line":28,"column":3}},"8":{"start":{"line":22,"column":4},"end":{"line":24,"column":26}},"9":{"start":{"line":26,"column":4},"end":{"line":26,"column":23}},"10":{"start":{"line":27,"column":4},"end":{"line":27,"column":49}},"11":{"start":{"line":31,"column":21},"end":{"line":68,"column":1}},"12":{"start":{"line":35,"column":2},"end":{"line":39,"column":3}},"13":{"start":{"line":36,"column":4},"end":{"line":38,"column":5}},"14":{"start":{"line":41,"column":15},"end":{"line":54,"column":3}},"15":{"start":{"line":56,"column":19},"end":{"line":65,"column":3}},"16":{"start":{"line":67,"column":2},"end":{"line":67,"column":55}},"17":{"start":{"line":74,"column":22},"end":{"line":76,"column":1}},"18":{"start":{"line":75,"column":2},"end":{"line":75,"column":45}}},"fnMap":{"0":{"name":"handler","decl":{"start":{"line":5,"column":30},"end":{"line":5,"column":37}},"loc":{"start":{"line":8,"column":2},"end":{"line":29,"column":1}},"line":8},"1":{"name":"(anonymous_1)","decl":{"start":{"line":31,"column":21},"end":{"line":31,"column":22}},"loc":{"start":{"line":34,"column":5},"end":{"line":68,"column":1}},"line":34},"2":{"name":"(anonymous_2)","decl":{"start":{"line":74,"column":22},"end":{"line":74,"column":23}},"loc":{"start":{"line":74,"column":56},"end":{"line":76,"column":1}},"line":74}},"branchMap":{"0":{"loc":{"start":{"line":9,"column":2},"end":{"line":12,"column":3}},"type":"if","locations":[{"start":{"line":9,"column":2},"end":{"line":12,"column":3}},{"start":{},"end":{}}],"line":9},"1":{"loc":{"start":{"line":14,"column":2},"end":{"line":17,"column":3}},"type":"if","locations":[{"start":{"line":14,"column":2},"end":{"line":17,"column":3}},{"start":{},"end":{}}],"line":14},"2":{"loc":{"start":{"line":22,"column":4},"end":{"line":24,"column":26}},"type":"cond-expr","locations":[{"start":{"line":23,"column":8},"end":{"line":23,"column":37}},{"start":{"line":24,"column":8},"end":{"line":24,"column":26}}],"line":22},"3":{"loc":{"start":{"line":35,"column":2},"end":{"line":39,"column":3}},"type":"if","locations":[{"start":{"line":35,"column":2},"end":{"line":39,"column":3}},{"start":{},"end":{}}],"line":35}},"s":{"0":3,"1":1,"2":1,"3":2,"4":1,"5":1,"6":1,"7":1,"8":1,"9":0,"10":0,"11":1,"12":0,"13":0,"14":0,"15":0,"16":0,"17":1,"18":1},"f":{"0":3,"1":0,"2":1},"b":{"0":[1,2],"1":[1,1],"2":[0,1],"3":[0,0]},"_coverageSchema":"1a1c01bbd47fc00a2c39e90264f33305004495a9","hash":"2ea288b4d11104111b5d44010bbe29b5338e65b8"}
}
