TN:
SF:components/ActionButton.tsx
FN:11,(anonymous_0)
FNF:1
FNH:1
FNDA:3,(anonymous_0)
DA:11,4
DA:19,3
DA:20,3
DA:22,1
DA:24,1
DA:26,2
DA:28,2
DA:31,3
DA:43,4
LF:9
LH:9
BRDA:20,0,0,1
BRDA:20,0,1,2
BRF:2
BRH:2
end_of_record
TN:
SF:components/DateModified.tsx
FN:14,(anonymous_0)
FNF:1
FNH:1
FNDA:4,(anonymous_0)
DA:14,3
DA:15,4
DA:23,3
LF:3
LH:3
BRF:0
BRH:0
end_of_record
TN:
SF:components/ErrorSummary.tsx
FN:15,(anonymous_0)
FN:23,(anonymous_1)
FN:31,(anonymous_2)
FNF:3
FNH:2
FNDA:0,(anonymous_0)
FNDA:1,(anonymous_1)
FNDA:1,(anonymous_2)
DA:15,2
DA:18,0
DA:23,2
DA:24,1
DA:32,1
DA:43,2
LF:6
LH:5
BRF:0
BRH:0
end_of_record
TN:
SF:components/Footer.tsx
FN:40,Footer
FN:64,(anonymous_1)
FNF:2
FNH:2
FNDA:2,Footer
FNDA:5,(anonymous_1)
DA:48,2
DA:65,5
LF:2
LH:2
BRDA:68,0,0,2
BRDA:68,0,1,3
BRF:2
BRH:2
end_of_record
TN:
SF:components/Header.tsx
FN:10,Header
FNF:1
FNH:1
FNDA:3,Header
DA:11,3
DA:13,3
DA:14,3
DA:15,3
DA:17,3
LF:5
LH:5
BRDA:13,0,0,1
BRDA:13,0,1,2
BRDA:14,1,0,1
BRDA:14,1,1,2
BRDA:15,2,0,1
BRDA:15,2,1,2
BRDA:40,3,0,1
BRDA:40,3,1,2
BRDA:42,4,0,1
BRDA:42,4,1,2
BRF:10
BRH:10
end_of_record
TN:
SF:components/InputErrorMessage.tsx
FN:7,(anonymous_0)
FNF:1
FNH:1
FNDA:1,(anonymous_0)
DA:7,2
DA:8,1
LF:2
LH:2
BRF:0
BRH:0
end_of_record
TN:
SF:components/InputField.tsx
FN:17,(anonymous_0)
FNF:1
FNH:1
FNDA:1,(anonymous_0)
DA:17,2
DA:28,1
DA:52,2
LF:3
LH:3
BRDA:36,0,0,0
BRDA:36,0,1,1
BRDA:39,1,0,0
BRDA:39,1,1,1
BRDA:44,2,0,1
BRDA:44,2,1,0
BRF:6
BRH:3
end_of_record
TN:
SF:components/InputLabel.tsx
FN:10,(anonymous_0)
FNF:1
FNH:1
FNDA:1,(anonymous_0)
DA:10,2
DA:16,1
LF:2
LH:2
BRDA:19,0,0,0
BRDA:19,0,1,1
BRDA:22,1,0,1
BRDA:22,1,1,0
BRF:4
BRH:2
end_of_record
TN:
SF:components/Layout.tsx
FN:12,Layout
FNF:1
FNH:1
FNDA:2,Layout
DA:18,2
LF:1
LH:1
BRF:0
BRH:0
end_of_record
TN:
SF:components/LinkButton.tsx
FN:11,(anonymous_0)
FNF:1
FNH:1
FNDA:4,(anonymous_0)
DA:11,3
DA:12,4
LF:2
LH:2
BRF:0
BRH:0
end_of_record
TN:
SF:components/LinkSummary.tsx
FN:14,(anonymous_0)
FN:19,(anonymous_1)
FNF:2
FNH:2
FNDA:2,(anonymous_0)
FNDA:2,(anonymous_1)
DA:14,2
DA:15,2
DA:20,2
LF:3
LH:3
BRF:0
BRH:0
end_of_record
TN:
SF:components/MetaData.tsx
FN:13,(anonymous_0)
FNF:1
FNH:1
FNDA:1,(anonymous_0)
DA:13,2
DA:14,1
LF:2
LH:2
BRF:0
BRH:0
end_of_record
TN:
SF:components/Modal.tsx
FN:14,(anonymous_0)
FN:33,(anonymous_1)
FNF:2
FNH:1
FNDA:3,(anonymous_0)
FNDA:0,(anonymous_1)
DA:14,2
DA:21,3
DA:34,0
LF:3
LH:2
BRDA:24,0,0,3
BRDA:24,0,1,0
BRF:2
BRH:1
end_of_record
TN:
SF:components/StatusInfo.tsx
FN:13,StatusInfo
FNF:1
FNH:1
FNDA:2,StatusInfo
DA:14,2
LF:1
LH:1
BRF:0
BRH:0
end_of_record
TN:
SF:lib/CheckStatusHook.ts
FN:8,(anonymous_0)
FN:22,(anonymous_1)
FN:36,(anonymous_2)
FNF:3
FNH:0
FNDA:0,(anonymous_0)
FNDA:0,(anonymous_1)
FNDA:0,(anonymous_2)
DA:8,1
DA:12,0
DA:17,0
DA:18,0
DA:19,0
DA:22,1
DA:30,0
DA:36,0
DA:42,0
LF:9
LH:2
BRDA:17,0,0,0
BRDA:17,0,1,0
BRDA:18,1,0,0
BRDA:18,1,1,0
BRDA:37,2,0,0
BRDA:37,2,1,0
BRDA:44,3,0,0
BRDA:44,3,1,0
BRF:8
BRH:0
end_of_record
TN:
SF:lib/emailEsrfHook.ts
FN:4,EmailEsrf
FN:7,(anonymous_1)
FNF:2
FNH:0
FNDA:0,EmailEsrf
FNDA:0,(anonymous_1)
DA:5,0
DA:8,0
LF:2
LH:0
BRF:0
BRH:0
end_of_record
TN:
SF:lib/logger.js
FN:1,(anonymous_0)
FN:3,(anonymous_1)
FNF:2
FNH:0
FNDA:0,(anonymous_0)
FNDA:0,(anonymous_1)
DA:1,0
DA:2,0
DA:3,0
DA:4,0
DA:6,0
DA:11,0
DA:13,0
DA:18,0
DA:20,0
DA:21,0
DA:23,0
DA:26,0
DA:27,0
DA:32,0
LF:14
LH:0
BRDA:4,0,0,0
BRDA:4,0,1,0
BRDA:4,0,2,0
BRDA:4,0,3,0
BRDA:4,0,4,0
BRDA:20,1,0,0
BRDA:20,1,1,0
BRDA:20,2,0,0
BRDA:20,2,1,0
BRDA:26,3,0,0
BRDA:26,3,1,0
BRF:11
BRH:0
end_of_record
TN:
SF:pages/404.tsx
FN:3,(anonymous_0)
FNF:1
FNH:1
FNDA:1,(anonymous_0)
DA:3,1
DA:4,1
LF:2
LH:2
BRF:0
BRH:0
end_of_record
TN:
SF:pages/_app.tsx
FN:10,(anonymous_0)
FNF:1
FNH:1
FNDA:1,(anonymous_0)
DA:8,1
DA:10,1
DA:11,1
LF:3
LH:3
BRF:0
BRH:0
end_of_record
TN:
SF:pages/_document.tsx
FN:11,(anonymous_0)
FN:18,(anonymous_1)
FNF:2
FNH:0
FNDA:0,(anonymous_0)
FNDA:0,(anonymous_1)
DA:14,0
DA:16,0
DA:19,0
LF:3
LH:0
BRDA:22,0,0,0
BRDA:22,0,1,0
BRDA:22,1,0,0
BRDA:22,1,1,0
BRF:4
BRH:0
end_of_record
TN:
SF:pages/_error.tsx
FN:8,(anonymous_0)
FN:70,(anonymous_1)
FNF:2
FNH:1
FNDA:2,(anonymous_0)
FNDA:0,(anonymous_1)
DA:8,1
DA:9,2
DA:70,1
DA:71,0
DA:72,0
LF:5
LH:3
BRDA:14,0,0,1
BRDA:14,0,1,1
BRDA:42,1,0,1
BRDA:42,1,1,1
BRDA:71,2,0,0
BRDA:71,2,1,0
BRDA:71,2,2,0
BRF:7
BRH:4
end_of_record
TN:
SF:pages/email.tsx
FN:6,Email
FN:20,(anonymous_1)
FNF:2
FNH:1
FNDA:3,Email
FNDA:0,(anonymous_1)
DA:7,3
DA:9,2
DA:20,1
LF:3
LH:3
BRDA:22,0,0,0
BRDA:22,0,1,0
BRF:2
BRH:0
end_of_record
TN:
SF:pages/index.tsx
FN:7,(anonymous_0)
FNF:1
FNH:1
FNDA:1,(anonymous_0)
DA:7,1
DA:8,1
LF:2
LH:2
BRF:0
BRH:0
end_of_record
TN:
SF:pages/landing.tsx
FN:8,(anonymous_0)
FN:31,(anonymous_1)
FNF:2
FNH:1
FNDA:3,(anonymous_0)
FNDA:0,(anonymous_1)
DA:8,1
DA:9,3
DA:11,2
DA:31,1
LF:4
LH:4
BRDA:33,0,0,0
BRDA:33,0,1,0
BRF:2
BRH:0
end_of_record
TN:
SF:pages/status.tsx
FN:28,(anonymous_0)
FN:51,(anonymous_1)
FN:55,(anonymous_2)
FN:72,(anonymous_3)
FN:74,(anonymous_4)
FN:75,(anonymous_5)
FN:92,(anonymous_6)
FN:110,(anonymous_7)
FN:116,(anonymous_8)
FN:230,(anonymous_9)
FN:234,(anonymous_10)
FN:240,(anonymous_11)
FN:255,(anonymous_12)
FNF:13
FNH:3
FNDA:3,(anonymous_0)
FNDA:0,(anonymous_1)
FNDA:0,(anonymous_2)
FNDA:2,(anonymous_3)
FNDA:0,(anonymous_4)
FNDA:0,(anonymous_5)
FNDA:0,(anonymous_6)
FNDA:2,(anonymous_7)
FNDA:0,(anonymous_8)
FNDA:0,(anonymous_9)
FNDA:0,(anonymous_10)
FNDA:0,(anonymous_11)
FNDA:0,(anonymous_12)
DA:21,1
DA:28,1
DA:29,3
DA:30,2
DA:32,2
DA:36,2
DA:52,0
DA:53,0
DA:56,0
DA:65,2
DA:72,2
DA:73,2
DA:74,0
DA:76,0
DA:91,2
DA:93,0
DA:94,0
DA:95,0
DA:101,2
DA:103,2
DA:111,2
DA:112,0
DA:116,0
DA:139,2
DA:140,0
DA:159,2
DA:230,0
DA:234,0
DA:240,0
DA:255,1
LF:30
LH:16
BRDA:66,0,0,0
BRDA:66,0,1,2
BRDA:101,1,0,0
BRDA:101,1,1,2
BRDA:111,2,0,0
BRDA:111,2,1,2
BRDA:139,3,0,0
BRDA:139,3,1,2
BRDA:162,4,0,2
BRDA:162,4,1,0
BRDA:177,5,0,2
BRDA:177,5,1,0
BRDA:188,6,0,2
BRDA:188,6,1,0
BRDA:199,7,0,2
BRDA:199,7,1,0
BRDA:211,8,0,2
BRDA:211,8,1,0
BRDA:257,9,0,0
BRDA:257,9,1,0
BRF:20
BRH:9
end_of_record
TN:
SF:pages/api/check-status.ts
FN:26,(anonymous_0)
FN:35,(anonymous_1)
FN:59,(anonymous_2)
FN:86,handler
FNF:4
FNH:3
FNDA:2,(anonymous_0)
FNDA:21,(anonymous_1)
FNDA:0,(anonymous_2)
FNDA:2,handler
DA:26,1
DA:32,2
DA:34,2
DA:36,21
DA:48,2
DA:49,1
DA:59,1
DA:63,0
DA:64,0
DA:68,0
DA:72,0
DA:73,0
DA:74,0
DA:75,0
DA:76,0
DA:79,0
DA:80,0
DA:83,0
DA:90,2
DA:91,0
DA:94,2
DA:96,2
DA:97,2
DA:98,2
DA:101,1
DA:103,1
DA:104,1
DA:105,1
DA:107,0
LF:29
LH:16
BRDA:36,0,0,21
BRDA:36,0,1,1
BRDA:36,0,2,1
BRDA:36,0,3,1
BRDA:48,1,0,1
BRDA:48,1,1,1
BRDA:63,2,0,0
BRDA:63,2,1,0
BRDA:72,3,0,0
BRDA:72,3,1,0
BRDA:75,4,0,0
BRDA:75,4,1,0
BRDA:79,5,0,0
BRDA:79,5,1,0
BRDA:79,6,0,0
BRDA:79,6,1,0
BRDA:90,7,0,0
BRDA:90,7,1,2
BRDA:98,8,0,0
BRDA:98,8,1,2
BRDA:103,9,0,1
BRDA:103,9,1,0
BRF:22
BRH:9
end_of_record
TN:
SF:pages/api/email-esrf.tsx
FN:11,handler
FN:29,EmailEsrfApi
FN:36,EmailEsrfMock
FN:37,(anonymous_3)
FNF:4
FNH:0
FNDA:0,handler
FNDA:0,EmailEsrfApi
FNDA:0,EmailEsrfMock
FNDA:0,(anonymous_3)
DA:15,0
DA:16,0
DA:18,0
DA:19,0
DA:22,0
DA:24,0
DA:25,0
DA:30,0
DA:37,0
LF:9
LH:0
BRDA:15,0,0,0
BRDA:15,0,1,0
BRDA:19,1,0,0
BRDA:19,1,1,0
BRF:4
BRH:0
end_of_record
