TN:
SF:src/middleware.ts
FN:9,middleware
FNF:1
FNH:0
FNDA:0,middleware
DA:6,0
DA:7,0
DA:10,0
DA:11,0
DA:13,0
DA:18,0
DA:21,0
DA:23,0
DA:24,0
DA:28,0
DA:29,0
DA:32,0
DA:36,0
DA:39,0
LF:14
LH:0
BRDA:13,0,0,0
BRDA:13,0,1,0
BRDA:14,1,0,0
BRDA:14,1,1,0
BRDA:14,1,2,0
BRDA:23,2,0,0
BRDA:23,2,1,0
BRDA:23,3,0,0
BRDA:23,3,1,0
BRDA:28,4,0,0
BRDA:28,4,1,0
BRDA:28,5,0,0
BRDA:28,5,1,0
BRDA:28,5,2,0
BRDA:32,6,0,0
BRDA:32,6,1,0
BRDA:33,7,0,0
BRDA:33,7,1,0
BRF:18
BRH:0
end_of_record
TN:
SF:src/next-seo.config.ts
FN:12,(anonymous_0)
FN:29,(anonymous_1)
FN:47,(anonymous_2)
FN:107,(anonymous_3)
FN:141,(anonymous_4)
FN:176,(anonymous_5)
FNF:6
FNH:6
FNDA:7,(anonymous_0)
FNDA:7,(anonymous_1)
FNDA:3,(anonymous_2)
FNDA:1,(anonymous_3)
FNDA:1,(anonymous_4)
FNDA:5,(anonymous_5)
DA:12,2
DA:16,7
DA:17,4
DA:29,2
DA:32,7
DA:33,4
DA:47,3
DA:107,2
DA:141,2
DA:176,2
DA:177,5
DA:178,5
DA:179,4
DA:180,3
LF:14
LH:14
BRDA:16,0,0,3
BRDA:16,0,1,4
BRDA:32,1,0,3
BRDA:32,1,1,4
BRDA:178,2,0,1
BRDA:178,2,1,4
BRDA:179,3,0,1
BRDA:179,3,1,3
BRF:8
BRH:8
end_of_record
TN:
SF:src/@types/i18next.d.ts
FNF:0
FNH:0
LF:0
LH:0
BRF:0
BRH:0
end_of_record
TN:
SF:src/@types/resources.ts
FNF:0
FNH:0
DA:7,0
LF:1
LH:0
BRF:0
BRH:0
end_of_record
TN:
SF:src/components/ActionButton.tsx
FN:32,(anonymous_0)
FNF:1
FNH:1
FNDA:5,(anonymous_0)
DA:18,6
DA:25,6
DA:32,6
DA:43,5
DA:44,5
DA:45,5
DA:46,5
DA:48,5
DA:61,6
LF:9
LH:9
BRDA:44,0,0,0
BRDA:44,0,1,5
BRDA:45,1,0,5
BRDA:45,1,1,5
BRDA:46,2,0,5
BRDA:46,2,1,0
BRF:6
BRH:4
end_of_record
TN:
SF:src/components/AlertBlock.tsx
FN:13,(anonymous_0)
FN:19,(anonymous_1)
FNF:2
FNH:1
FNDA:24,(anonymous_0)
FNDA:0,(anonymous_1)
DA:13,13
DA:14,24
DA:15,24
DA:17,24
DA:20,0
DA:21,0
LF:6
LH:4
BRDA:20,0,0,0
BRDA:20,0,1,0
BRF:2
BRH:0
end_of_record
TN:
SF:src/components/AlertSection.tsx
FN:26,(anonymous_0)
FN:85,(anonymous_1)
FNF:2
FNH:2
FNDA:12,(anonymous_0)
FNDA:12,(anonymous_1)
DA:12,13
DA:19,13
DA:26,13
DA:27,12
DA:29,0
DA:42,4
DA:55,2
DA:70,6
DA:85,13
DA:86,12
DA:88,12
DA:90,12
LF:12
LH:11
BRDA:27,0,0,0
BRDA:27,0,1,4
BRDA:27,0,2,2
BRDA:27,0,3,6
BRDA:48,1,0,0
BRDA:48,1,1,4
BRDA:61,2,0,0
BRDA:61,2,1,2
BRF:8
BRH:5
end_of_record
TN:
SF:src/components/ApplicationNameBar.tsx
FN:8,(anonymous_0)
FNF:1
FNH:1
FNDA:5,(anonymous_0)
DA:8,3
DA:9,5
LF:2
LH:2
BRF:0
BRH:0
end_of_record
TN:
SF:src/components/Banner.tsx
FN:6,(anonymous_0)
FNF:1
FNH:1
FNDA:5,(anonymous_0)
DA:6,3
DA:7,5
LF:2
LH:2
BRF:0
BRH:0
end_of_record
TN:
SF:src/components/CheckStatusInfo.tsx
FN:20,(anonymous_0)
FNF:1
FNH:1
FNDA:2,(anonymous_0)
DA:20,2
DA:29,2
DA:31,0
DA:32,0
DA:34,0
DA:35,0
DA:37,0
DA:42,0
DA:44,0
DA:49,0
DA:51,0
DA:52,0
DA:54,2
DA:55,2
DA:57,2
LF:15
LH:5
BRDA:29,0,0,0
BRDA:29,0,1,0
BRDA:29,0,2,0
BRDA:29,0,3,0
BRDA:29,0,4,0
BRDA:29,0,5,2
BRF:6
BRH:1
end_of_record
TN:
SF:src/components/Collapse.tsx
FN:8,(anonymous_0)
FNF:1
FNH:1
FNDA:8,(anonymous_0)
DA:8,2
DA:9,8
DA:10,8
LF:3
LH:3
BRF:0
BRH:0
end_of_record
TN:
SF:src/components/DateModified.tsx
FN:12,(anonymous_0)
FNF:1
FNH:1
FNDA:4,(anonymous_0)
DA:12,3
DA:13,4
DA:23,3
LF:3
LH:3
BRF:0
BRH:0
end_of_record
TN:
SF:src/components/DateSelect.tsx
FN:26,(anonymous_0)
FN:38,(anonymous_1)
FN:64,(anonymous_2)
FNF:3
FNH:2
FNDA:14,(anonymous_0)
FNDA:0,(anonymous_1)
FNDA:670,(anonymous_2)
DA:26,3
DA:38,14
DA:40,0
DA:42,14
DA:65,670
LF:5
LH:4
BRDA:56,0,0,0
BRDA:56,0,1,14
BRDA:58,1,0,12
BRDA:58,1,1,2
BRDA:60,2,0,0
BRDA:60,2,1,14
BRF:6
BRH:4
end_of_record
TN:
SF:src/components/DateSelectField.tsx
FN:35,(anonymous_0)
FN:64,(anonymous_1)
FN:71,(anonymous_2)
FN:75,(anonymous_3)
FN:81,(anonymous_4)
FN:82,(anonymous_5)
FN:88,(anonymous_6)
FN:94,(anonymous_7)
FN:101,(anonymous_8)
FN:103,(anonymous_9)
FN:135,(anonymous_10)
FN:143,(anonymous_11)
FN:145,(anonymous_12)
FN:151,(anonymous_13)
FN:156,(anonymous_14)
FN:234,(anonymous_15)
FN:237,(anonymous_16)
FN:241,(anonymous_17)
FNF:18
FNH:15
FNDA:8,(anonymous_0)
FNDA:24,(anonymous_1)
FNDA:6,(anonymous_2)
FNDA:744,(anonymous_3)
FNDA:6,(anonymous_4)
FNDA:72,(anonymous_5)
FNDA:6,(anonymous_6)
FNDA:186,(anonymous_7)
FNDA:0,(anonymous_8)
FNDA:0,(anonymous_9)
FNDA:6,(anonymous_10)
FNDA:6,(anonymous_11)
FNDA:6,(anonymous_12)
FNDA:6,(anonymous_13)
FNDA:2,(anonymous_14)
FNDA:0,(anonymous_15)
FNDA:1002,(anonymous_16)
FNDA:2,(anonymous_17)
DA:35,3
DA:47,8
DA:49,8
DA:59,8
DA:60,8
DA:61,8
DA:62,8
DA:64,8
DA:65,24
DA:66,24
DA:67,24
DA:68,24
DA:71,8
DA:72,6
DA:73,6
DA:74,6
DA:75,6
DA:76,744
DA:77,744
DA:81,8
DA:82,6
DA:83,72
DA:84,72
DA:88,8
DA:89,6
DA:90,6
DA:91,6
DA:94,6
DA:95,186
DA:96,186
DA:100,8
DA:102,0
DA:103,0
DA:104,0
DA:105,0
DA:107,0
DA:108,0
DA:111,0
DA:113,0
DA:116,0
DA:118,0
DA:119,0
DA:133,8
DA:135,8
DA:136,6
DA:137,6
DA:139,0
DA:143,8
DA:144,6
DA:145,6
DA:146,6
DA:151,8
DA:152,6
DA:153,4
DA:155,2
DA:156,2
DA:166,8
DA:234,3
DA:235,0
DA:237,3
DA:238,1002
DA:241,3
DA:250,2
DA:251,2
DA:252,2
DA:253,2
DA:255,2
DA:256,2
DA:259,0
LF:69
LH:55
BRDA:66,0,0,0
BRDA:66,0,1,24
BRDA:67,1,0,12
BRDA:67,1,1,12
BRDA:68,2,0,12
BRDA:68,2,1,12
BRDA:72,3,0,6
BRDA:72,3,1,6
BRDA:73,4,0,6
BRDA:73,4,1,6
BRDA:91,5,0,0
BRDA:91,5,1,6
BRDA:104,6,0,0
BRDA:104,6,1,0
BRDA:107,7,0,0
BRDA:107,7,1,0
BRDA:111,8,0,0
BRDA:111,8,1,0
BRDA:113,9,0,0
BRDA:113,9,1,0
BRDA:113,10,0,0
BRDA:113,10,1,0
BRDA:116,11,0,0
BRDA:116,11,1,0
BRDA:136,12,0,6
BRDA:136,12,1,0
BRDA:152,13,0,4
BRDA:152,13,1,2
BRDA:177,14,0,8
BRDA:177,14,1,0
BRDA:183,15,0,8
BRDA:183,15,1,4
BRDA:235,16,0,0
BRDA:235,16,1,0
BRDA:235,17,0,0
BRDA:235,17,1,0
BRDA:235,17,2,0
BRDA:255,18,0,2
BRDA:255,18,1,0
BRDA:255,19,0,2
BRDA:255,19,1,0
BRDA:255,19,2,0
BRF:42
BRH:18
end_of_record
TN:
SF:src/components/ErrorLayout.tsx
FN:7,(anonymous_0)
FNF:1
FNH:1
FNDA:4,(anonymous_0)
DA:7,3
DA:8,4
LF:2
LH:2
BRF:0
BRH:0
end_of_record
TN:
SF:src/components/ErrorSummary.tsx
FN:17,(anonymous_0)
FN:25,(anonymous_1)
FN:30,(anonymous_2)
FN:31,(anonymous_3)
FN:34,(anonymous_4)
FN:42,(anonymous_5)
FN:43,(anonymous_6)
FN:55,(anonymous_7)
FNF:8
FNH:4
FNDA:0,(anonymous_0)
FNDA:0,(anonymous_1)
FNDA:0,(anonymous_2)
FNDA:0,(anonymous_3)
FNDA:1,(anonymous_4)
FNDA:1,(anonymous_5)
FNDA:1,(anonymous_6)
FNDA:1,(anonymous_7)
DA:17,1
DA:20,0
DA:25,1
DA:29,0
DA:30,0
DA:31,0
DA:34,1
DA:35,1
DA:38,1
DA:39,1
DA:42,1
DA:43,1
DA:44,1
DA:47,1
DA:56,1
LF:15
LH:11
BRF:0
BRH:0
end_of_record
TN:
SF:src/components/ExampleImage.tsx
FN:17,(anonymous_0)
FNF:1
FNH:1
FNDA:2,(anonymous_0)
DA:17,2
DA:18,2
LF:2
LH:2
BRDA:20,0,0,2
BRDA:20,0,1,2
BRF:2
BRH:2
end_of_record
TN:
SF:src/components/ExternalLink.tsx
FN:18,(anonymous_0)
FNF:1
FNH:1
FNDA:2,(anonymous_0)
DA:18,14
DA:23,2
DA:24,2
LF:3
LH:3
BRF:0
BRH:0
end_of_record
TN:
SF:src/components/Footer.tsx
FN:44,(anonymous_0)
FN:63,(anonymous_1)
FNF:2
FNH:2
FNDA:2,(anonymous_0)
FNDA:5,(anonymous_1)
DA:44,2
DA:51,2
DA:64,5
LF:3
LH:3
BRF:0
BRH:0
end_of_record
TN:
SF:src/components/Header.tsx
FN:15,(anonymous_0)
FNF:1
FNH:1
FNDA:3,(anonymous_0)
DA:15,2
DA:16,3
DA:17,3
DA:18,3
DA:20,3
DA:21,3
DA:22,3
DA:23,3
DA:25,3
LF:9
LH:9
BRDA:20,0,0,2
BRDA:20,0,1,1
BRDA:21,1,0,2
BRDA:21,1,1,1
BRDA:22,2,0,2
BRDA:22,2,1,1
BRDA:43,3,0,3
BRDA:43,3,1,3
BRDA:56,4,0,2
BRDA:56,4,1,1
BRDA:60,5,0,2
BRDA:60,5,1,1
BRF:12
BRH:12
end_of_record
TN:
SF:src/components/IdleTimeout.tsx
FN:14,(anonymous_0)
FN:20,(anonymous_1)
FN:25,(anonymous_2)
FN:32,(anonymous_3)
FN:37,(anonymous_4)
FN:45,(anonymous_5)
FN:55,(anonymous_6)
FNF:7
FNH:4
FNDA:3,(anonymous_0)
FNDA:0,(anonymous_1)
FNDA:0,(anonymous_2)
FNDA:1,(anonymous_3)
FNDA:2,(anonymous_4)
FNDA:2,(anonymous_5)
FNDA:0,(anonymous_6)
DA:14,3
DA:15,3
DA:16,3
DA:17,3
DA:18,3
DA:20,3
DA:21,0
DA:22,0
DA:25,3
DA:26,0
DA:27,0
DA:30,3
DA:32,1
DA:37,3
DA:38,2
DA:39,2
DA:40,2
DA:45,3
DA:46,2
DA:49,3
DA:55,0
LF:21
LH:16
BRDA:33,0,0,3
BRDA:33,0,1,1
BRDA:34,1,0,3
BRDA:34,1,1,1
BRDA:41,2,0,1
BRDA:41,2,1,1
BRDA:51,3,0,3
BRDA:51,3,1,1
BRF:8
BRH:8
end_of_record
TN:
SF:src/components/InputErrorMessage.tsx
FN:6,(anonymous_0)
FNF:1
FNH:1
FNDA:2,(anonymous_0)
DA:6,7
DA:7,2
LF:2
LH:2
BRF:0
BRH:0
end_of_record
TN:
SF:src/components/InputField.tsx
FN:19,(anonymous_0)
FN:39,(anonymous_1)
FNF:2
FNH:2
FNDA:2,(anonymous_0)
FNDA:2,(anonymous_1)
DA:19,3
DA:33,2
DA:34,2
DA:35,2
DA:36,2
DA:37,2
DA:39,2
DA:40,2
DA:41,2
DA:42,2
DA:43,2
DA:44,2
DA:47,2
DA:94,3
LF:14
LH:14
BRDA:41,0,0,1
BRDA:41,0,1,1
BRDA:42,1,0,1
BRDA:42,1,1,1
BRDA:43,2,0,0
BRDA:43,2,1,2
BRDA:44,3,0,1
BRDA:44,3,1,1
BRDA:56,4,0,2
BRDA:56,4,1,1
BRDA:59,5,0,2
BRDA:59,5,1,1
BRDA:69,6,0,1
BRDA:69,6,1,1
BRDA:71,7,0,0
BRDA:71,7,1,2
BRDA:73,8,0,1
BRDA:73,8,1,1
BRDA:80,9,0,2
BRDA:80,9,1,1
BRDA:82,10,0,2
BRDA:82,10,1,0
BRF:22
BRH:19
end_of_record
TN:
SF:src/components/InputLabel.tsx
FN:9,(anonymous_0)
FNF:1
FNH:1
FNDA:11,(anonymous_0)
DA:9,7
DA:16,11
LF:2
LH:2
BRDA:18,0,0,11
BRDA:18,0,1,4
BRDA:24,1,0,11
BRDA:24,1,1,4
BRF:4
BRH:4
end_of_record
TN:
SF:src/components/Layout.tsx
FN:11,(anonymous_0)
FNF:1
FNH:1
FNDA:2,(anonymous_0)
DA:11,1
DA:12,2
DA:14,2
LF:3
LH:3
BRF:0
BRH:0
end_of_record
TN:
SF:src/components/LinkButton.tsx
FN:30,(anonymous_0)
FNF:1
FNH:1
FNDA:4,(anonymous_0)
DA:18,3
DA:25,3
DA:30,3
DA:42,4
DA:43,4
DA:44,4
DA:45,4
DA:47,4
LF:8
LH:8
BRDA:43,0,0,2
BRDA:43,0,1,2
BRDA:44,1,0,4
BRDA:44,1,1,4
BRDA:45,2,0,4
BRDA:45,2,1,2
BRDA:50,3,0,0
BRDA:50,3,1,4
BRDA:51,4,0,0
BRDA:51,4,1,4
BRF:10
BRH:8
end_of_record
TN:
SF:src/components/MarkdownContent.tsx
FN:7,(anonymous_0)
FN:16,(anonymous_1)
FNF:2
FNH:0
FNDA:0,(anonymous_0)
FNDA:0,(anonymous_1)
DA:7,13
DA:8,0
DA:16,13
DA:20,0
LF:4
LH:2
BRDA:18,0,0,0
BRF:1
BRH:0
end_of_record
TN:
SF:src/components/Modal.tsx
FN:14,(anonymous_0)
FN:24,(anonymous_1)
FN:32,(anonymous_2)
FN:35,(anonymous_3)
FN:64,(anonymous_4)
FNF:5
FNH:5
FNDA:1,(anonymous_0)
FNDA:1,(anonymous_1)
FNDA:1,(anonymous_2)
FNDA:1,(anonymous_3)
FNDA:1,(anonymous_4)
DA:14,3
DA:21,1
DA:22,1
DA:24,1
DA:25,1
DA:26,1
DA:28,0
DA:32,1
DA:33,1
DA:34,1
DA:35,1
DA:36,1
DA:42,1
DA:65,1
LF:14
LH:13
BRDA:25,0,0,1
BRDA:25,0,1,0
BRF:2
BRH:1
end_of_record
TN:
SF:src/components/check-status-responses/CheckStatusFileBeingProcessed.tsx
FN:6,(anonymous_0)
FNF:1
FNH:1
FNDA:4,(anonymous_0)
DA:6,4
DA:7,4
DA:8,4
LF:3
LH:3
BRF:0
BRH:0
end_of_record
TN:
SF:src/components/check-status-responses/CheckStatusNoRecord.tsx
FN:6,(anonymous_0)
FNF:1
FNH:1
FNDA:4,(anonymous_0)
DA:6,3
DA:7,4
DA:8,4
LF:3
LH:3
BRF:0
BRH:0
end_of_record
TN:
SF:src/components/check-status-responses/CheckStatusNotAcceptable.tsx
FN:6,(anonymous_0)
FNF:1
FNH:1
FNDA:2,(anonymous_0)
DA:6,3
DA:7,2
DA:8,2
LF:3
LH:3
BRF:0
BRH:0
end_of_record
TN:
SF:src/components/check-status-responses/CheckStatusReadyForPickup.tsx
FN:6,(anonymous_0)
FNF:1
FNH:1
FNDA:2,(anonymous_0)
DA:6,3
DA:7,2
DA:8,2
LF:3
LH:3
BRF:0
BRH:0
end_of_record
TN:
SF:src/components/check-status-responses/CheckStatusShippingCanadaPost.tsx
FN:11,(anonymous_0)
FNF:1
FNH:0
FNDA:0,(anonymous_0)
DA:11,2
DA:14,0
DA:16,0
LF:3
LH:1
BRDA:26,0,0,0
BRDA:26,0,1,0
BRF:2
BRH:0
end_of_record
TN:
SF:src/components/check-status-responses/CheckStatusShippingFedex.tsx
FN:11,(anonymous_0)
FNF:1
FNH:1
FNDA:2,(anonymous_0)
DA:11,3
DA:14,2
DA:15,2
LF:3
LH:3
BRDA:25,0,0,0
BRDA:25,0,1,2
BRF:2
BRH:1
end_of_record
TN:
SF:src/components/error-pages/Error404Page.tsx
FN:6,(anonymous_0)
FNF:1
FNH:1
FNDA:1,(anonymous_0)
DA:6,1
DA:7,1
LF:2
LH:2
BRF:0
BRH:0
end_of_record
TN:
SF:src/components/error-pages/ErrorPage.tsx
FN:10,(anonymous_0)
FNF:1
FNH:1
FNDA:2,(anonymous_0)
DA:10,1
DA:11,2
LF:2
LH:2
BRDA:16,0,0,1
BRDA:16,0,1,1
BRDA:23,1,0,1
BRDA:23,1,1,1
BRDA:29,2,0,1
BRDA:29,2,1,1
BRDA:38,3,0,1
BRDA:38,3,1,1
BRDA:64,4,0,1
BRDA:64,4,1,1
BRF:10
BRH:10
end_of_record
TN:
SF:src/lib/logger.js
FN:1,(anonymous_0)
FN:3,(anonymous_1)
FNF:2
FNH:0
FNDA:0,(anonymous_0)
FNDA:0,(anonymous_1)
DA:1,0
DA:2,0
DA:3,0
DA:4,0
DA:6,0
DA:11,0
DA:13,0
DA:18,0
DA:20,0
DA:21,0
DA:23,0
DA:26,0
DA:27,0
DA:32,0
LF:14
LH:0
BRDA:4,0,0,0
BRDA:4,0,1,0
BRDA:4,0,2,0
BRDA:4,0,3,0
BRDA:4,0,4,0
BRDA:20,1,0,0
BRDA:20,1,1,0
BRDA:20,2,0,0
BRDA:20,2,1,0
BRDA:26,3,0,0
BRDA:26,3,1,0
BRF:11
BRH:0
end_of_record
TN:
SF:src/lib/removeCheckStatus.ts
FN:3,(anonymous_0)
FNF:1
FNH:0
FNDA:0,(anonymous_0)
DA:3,1
DA:4,0
LF:2
LH:1
BRF:0
BRH:0
end_of_record
TN:
SF:src/lib/types.ts
FNF:0
FNH:0
LF:0
LH:0
BRF:0
BRH:0
end_of_record
TN:
SF:src/lib/useAlerts.ts
FN:6,(anonymous_0)
FN:23,(anonymous_1)
FN:33,(anonymous_2)
FNF:3
FNH:0
FNDA:0,(anonymous_0)
FNDA:0,(anonymous_1)
FNDA:0,(anonymous_2)
DA:6,0
DA:10,0
DA:11,0
DA:13,0
DA:18,0
DA:19,0
DA:20,0
DA:23,0
DA:30,0
DA:33,0
LF:10
LH:0
BRDA:11,0,0,0
BRDA:11,0,1,0
BRDA:14,1,0,0
BRDA:14,1,1,0
BRDA:18,2,0,0
BRDA:18,2,1,0
BRDA:19,3,0,0
BRDA:19,3,1,0
BRDA:31,4,0,0
BRDA:31,4,1,0
BRF:10
BRH:0
end_of_record
TN:
SF:src/lib/useCheckStatus.ts
FN:6,(anonymous_0)
FN:19,(anonymous_1)
FN:37,(anonymous_2)
FNF:3
FNH:0
FNDA:0,(anonymous_0)
FNDA:0,(anonymous_1)
FNDA:0,(anonymous_2)
DA:6,0
DA:10,0
DA:13,0
DA:14,0
DA:15,0
DA:16,0
DA:19,0
DA:30,0
DA:38,0
DA:43,0
LF:10
LH:0
BRDA:14,0,0,0
BRDA:14,0,1,0
BRDA:15,1,0,0
BRDA:15,1,1,0
BRDA:35,2,0,0
BRDA:35,2,1,0
BRDA:45,3,0,0
BRDA:45,3,1,0
BRF:8
BRH:0
end_of_record
TN:
SF:src/lib/useEmailEsrf.ts
FN:6,(anonymous_0)
FN:14,(anonymous_1)
FNF:2
FNH:0
FNDA:0,(anonymous_0)
FNDA:0,(anonymous_1)
DA:6,0
DA:12,0
DA:15,0
DA:23,0
DA:24,0
LF:5
LH:0
BRDA:13,0,0,0
BRDA:13,0,1,0
BRDA:23,1,0,0
BRDA:23,1,1,0
BRF:4
BRH:0
end_of_record
TN:
SF:src/lib/mappers/checkStatusApiResponseMapper.ts
FN:13,(anonymous_0)
FN:29,(anonymous_1)
FN:33,(anonymous_2)
FNF:3
FNH:0
FNDA:0,(anonymous_0)
FNDA:0,(anonymous_1)
FNDA:0,(anonymous_2)
DA:13,1
DA:15,0
DA:29,1
DA:32,0
DA:34,0
LF:5
LH:2
BRF:0
BRH:0
end_of_record
TN:
SF:src/lib/utils/fonts.ts
FNF:0
FNH:0
DA:3,0
DA:10,0
LF:2
LH:0
BRF:0
BRH:0
end_of_record
TN:
SF:src/lib/utils/next-i18next-utils.ts
FN:17,(anonymous_0)
FN:44,(anonymous_1)
FNF:2
FNH:0
FNDA:0,(anonymous_0)
FNDA:0,(anonymous_1)
DA:9,4
DA:17,4
DA:24,0
DA:26,0
DA:27,0
DA:30,0
DA:31,0
DA:34,0
DA:35,0
DA:44,4
DA:51,0
LF:11
LH:3
BRDA:18,0,0,0
BRDA:26,1,0,0
BRDA:26,1,1,0
BRDA:30,2,0,0
BRDA:30,2,1,0
BRDA:46,3,0,0
BRDA:52,4,0,0
BRDA:52,4,1,0
BRF:8
BRH:0
end_of_record
TN:
SF:src/lib/utils/seo-utils.ts
FN:5,(anonymous_0)
FNF:1
FNH:1
FNDA:9,(anonymous_0)
DA:5,9
LF:1
LH:1
BRF:0
BRH:0
end_of_record
TN:
SF:src/logging/log-level.tsx
FNF:0
FNH:0
DA:1,2
LF:1
LH:1
BRF:0
BRH:0
end_of_record
TN:
SF:src/logging/log-util.tsx
FN:9,getLogLevel
FN:13,getLogger
FNF:2
FNH:2
FNDA:2,getLogLevel
FNDA:2,getLogger
DA:5,2
DA:10,2
DA:14,2
LF:3
LH:3
BRDA:10,0,0,2
BRDA:10,0,1,2
BRDA:10,0,2,2
BRF:3
BRH:3
end_of_record
TN:
SF:src/pages/_app.tsx
FN:25,(anonymous_0)
FN:35,(anonymous_1)
FN:36,(anonymous_2)
FN:47,(anonymous_3)
FNF:4
FNH:4
FNDA:2,(anonymous_0)
FNDA:2,(anonymous_1)
FNDA:2,(anonymous_2)
FNDA:2,(anonymous_3)
DA:18,1
DA:23,1
DA:25,1
DA:26,2
DA:28,2
DA:29,2
DA:30,2
DA:35,2
DA:36,2
DA:38,2
DA:39,1
DA:40,1
DA:44,2
DA:45,2
DA:46,2
DA:47,2
DA:48,2
DA:49,2
DA:53,2
LF:19
LH:19
BRDA:38,0,0,1
BRDA:38,0,1,1
BRDA:68,1,0,2
BRDA:68,1,1,1
BRF:4
BRH:4
end_of_record
TN:
SF:src/pages/_document.tsx
FN:11,(anonymous_0)
FN:18,(anonymous_1)
FNF:2
FNH:0
FNDA:0,(anonymous_0)
FNDA:0,(anonymous_1)
DA:14,0
DA:16,0
DA:19,0
LF:3
LH:0
BRDA:22,0,0,0
BRDA:22,0,1,0
BRDA:22,1,0,0
BRDA:22,1,1,0
BRF:4
BRH:0
end_of_record
TN:
SF:src/pages/_error.tsx
FN:10,(anonymous_0)
FN:15,(anonymous_1)
FNF:2
FNH:1
FNDA:3,(anonymous_0)
FNDA:0,(anonymous_1)
DA:10,1
DA:11,3
DA:12,2
DA:15,1
DA:16,0
DA:17,0
LF:6
LH:4
BRDA:11,0,0,1
BRDA:11,0,1,2
BRDA:16,1,0,0
BRDA:16,1,1,0
BRDA:16,1,2,0
BRF:5
BRH:2
end_of_record
TN:
SF:src/pages/email.tsx
FN:50,(anonymous_0)
FN:51,(anonymous_1)
FN:60,(anonymous_2)
FN:72,(anonymous_3)
FN:83,(anonymous_4)
FN:85,(anonymous_5)
FN:102,(anonymous_6)
FN:103,(anonymous_7)
FN:112,(anonymous_8)
FN:118,(anonymous_9)
FN:120,(anonymous_10)
FN:122,(anonymous_11)
FN:128,(anonymous_12)
FN:324,(anonymous_13)
FNF:14
FNH:2
FNDA:0,(anonymous_0)
FNDA:0,(anonymous_1)
FNDA:2,(anonymous_2)
FNDA:0,(anonymous_3)
FNDA:0,(anonymous_4)
FNDA:0,(anonymous_5)
FNDA:2,(anonymous_6)
FNDA:0,(anonymous_7)
FNDA:0,(anonymous_8)
FNDA:0,(anonymous_9)
FNDA:0,(anonymous_10)
FNDA:0,(anonymous_11)
FNDA:0,(anonymous_12)
FNDA:0,(anonymous_13)
DA:31,1
DA:39,1
DA:50,1
DA:51,0
DA:53,0
DA:54,0
DA:55,0
DA:56,0
DA:60,1
DA:61,2
DA:63,2
DA:64,2
DA:72,2
DA:81,2
DA:84,0
DA:87,0
DA:88,0
DA:90,0
DA:92,0
DA:93,0
DA:101,2
DA:103,2
DA:104,0
DA:106,0
DA:111,2
DA:113,0
DA:118,2
DA:120,2
DA:122,2
DA:123,0
DA:127,2
DA:129,0
DA:130,0
DA:131,0
DA:132,0
DA:138,2
DA:140,2
DA:324,1
LF:38
LH:19
BRDA:54,0,0,0
BRDA:54,0,1,0
BRDA:84,1,0,0
BRDA:84,1,1,0
BRDA:104,2,0,0
BRDA:104,2,1,0
BRDA:138,3,0,0
BRDA:138,3,1,2
BRDA:148,4,0,0
BRDA:148,4,1,2
BRDA:221,5,0,2
BRDA:221,5,1,0
BRDA:238,6,0,2
BRDA:238,6,1,0
BRDA:253,7,0,2
BRDA:253,7,1,0
BRDA:266,8,0,2
BRDA:266,8,1,0
BRDA:278,9,0,2
BRDA:278,9,1,0
BRF:20
BRH:7
end_of_record
TN:
SF:src/pages/expectations.tsx
FN:17,(anonymous_0)
FN:21,(anonymous_1)
FN:116,(anonymous_2)
FNF:3
FNH:1
FNDA:2,(anonymous_0)
FNDA:0,(anonymous_1)
FNDA:0,(anonymous_2)
DA:17,1
DA:18,2
DA:20,2
DA:22,0
DA:23,0
DA:24,0
DA:29,2
DA:116,1
LF:8
LH:5
BRDA:119,0,0,0
BRDA:119,0,1,0
BRF:2
BRH:0
end_of_record
TN:
SF:src/pages/index.tsx
FN:8,(anonymous_0)
FN:112,(anonymous_1)
FNF:2
FNH:1
FNDA:1,(anonymous_0)
FNDA:0,(anonymous_1)
DA:8,1
DA:9,1
DA:112,1
LF:3
LH:3
BRF:0
BRH:0
end_of_record
TN:
SF:src/pages/landing.tsx
FN:14,(anonymous_0)
FN:166,(anonymous_1)
FNF:2
FNH:1
FNDA:2,(anonymous_0)
FNDA:0,(anonymous_1)
DA:14,1
DA:15,2
DA:17,2
DA:166,1
LF:4
LH:4
BRF:0
BRH:0
end_of_record
TN:
SF:src/pages/status.tsx
FN:57,(anonymous_0)
FN:58,(anonymous_1)
FN:67,(anonymous_2)
FN:84,(anonymous_3)
FN:87,(anonymous_4)
FN:115,(anonymous_5)
FN:122,(anonymous_6)
FN:123,(anonymous_7)
FN:132,(anonymous_8)
FN:146,(anonymous_9)
FN:153,(anonymous_10)
FN:159,(anonymous_11)
FN:161,(anonymous_12)
FN:163,(anonymous_13)
FN:322,(anonymous_14)
FNF:15
FNH:3
FNDA:0,(anonymous_0)
FNDA:0,(anonymous_1)
FNDA:2,(anonymous_2)
FNDA:0,(anonymous_3)
FNDA:0,(anonymous_4)
FNDA:2,(anonymous_5)
FNDA:2,(anonymous_6)
FNDA:0,(anonymous_7)
FNDA:0,(anonymous_8)
FNDA:0,(anonymous_9)
FNDA:0,(anonymous_10)
FNDA:0,(anonymous_11)
FNDA:0,(anonymous_12)
FNDA:0,(anonymous_13)
FNDA:0,(anonymous_14)
DA:41,1
DA:48,1
DA:57,1
DA:58,0
DA:60,0
DA:61,0
DA:62,0
DA:63,0
DA:67,1
DA:68,2
DA:70,2
DA:71,2
DA:72,2
DA:82,2
DA:85,0
DA:89,0
DA:90,0
DA:92,0
DA:94,0
DA:95,0
DA:108,2
DA:115,2
DA:116,2
DA:117,0
DA:121,2
DA:123,2
DA:124,0
DA:126,0
DA:131,2
DA:133,0
DA:134,0
DA:135,0
DA:136,0
DA:138,0
DA:139,0
DA:140,0
DA:145,2
DA:147,0
DA:152,2
DA:154,0
DA:159,2
DA:161,2
DA:163,2
DA:164,0
DA:168,2
DA:170,2
DA:322,1
LF:47
LH:23
BRDA:61,0,0,0
BRDA:61,0,1,0
BRDA:109,1,0,0
BRDA:109,1,1,2
BRDA:116,2,0,0
BRDA:116,2,1,2
BRDA:124,3,0,0
BRDA:124,3,1,0
BRDA:134,4,0,0
BRDA:134,4,1,0
BRDA:168,5,0,0
BRDA:168,5,1,2
BRDA:177,6,0,0
BRDA:177,6,1,2
BRDA:180,7,0,0
BRDA:180,7,1,0
BRDA:185,8,0,0
BRDA:185,8,1,0
BRDA:215,9,0,2
BRDA:215,9,1,0
BRDA:231,10,0,2
BRDA:231,10,1,0
BRDA:251,11,0,2
BRDA:251,11,1,0
BRDA:264,12,0,2
BRDA:264,12,1,0
BRDA:276,13,0,2
BRDA:276,13,1,0
BRF:28
BRH:9
end_of_record
TN:
SF:src/pages/api/alerts.ts
FN:8,handler
FN:36,(anonymous_1)
FN:42,(anonymous_2)
FN:42,(anonymous_3)
FN:45,(anonymous_4)
FN:48,(anonymous_5)
FNF:6
FNH:0
FNDA:0,handler
FNDA:0,(anonymous_1)
FNDA:0,(anonymous_2)
FNDA:0,(anonymous_3)
FNDA:0,(anonymous_4)
FNDA:0,(anonymous_5)
DA:6,0
DA:12,0
DA:13,0
DA:14,0
DA:15,0
DA:20,0
DA:21,0
DA:22,0
DA:25,0
DA:26,0
DA:28,0
DA:30,0
DA:33,0
DA:35,0
DA:37,0
DA:40,0
DA:42,0
DA:45,0
DA:48,0
DA:55,0
DA:58,0
DA:59,0
LF:22
LH:0
BRDA:13,0,0,0
BRDA:13,0,1,0
BRDA:20,1,0,0
BRDA:20,1,1,0
BRDA:37,2,0,0
BRDA:37,2,1,0
BRDA:40,3,0,0
BRDA:40,3,1,0
BRDA:45,4,0,0
BRDA:45,4,1,0
BRF:10
BRH:0
end_of_record
TN:
SF:src/pages/api/check-status.ts
FN:13,handler
FN:45,(anonymous_1)
FNF:2
FNH:2
FNDA:3,handler
FNDA:2,(anonymous_1)
DA:11,1
DA:17,3
DA:18,1
DA:19,1
DA:20,1
DA:23,2
DA:24,2
DA:31,2
DA:32,2
DA:34,0
DA:35,0
DA:45,1
DA:49,2
DA:50,0
DA:53,0
DA:58,2
DA:59,2
DA:65,2
DA:66,2
DA:67,2
DA:69,2
DA:70,0
DA:71,0
DA:72,0
DA:74,0
DA:75,0
DA:78,0
DA:81,0
DA:86,2
DA:87,1
DA:92,1
DA:95,1
DA:96,1
LF:33
LH:22
BRDA:17,0,0,1
BRDA:17,0,1,2
BRDA:23,1,0,2
BRDA:23,1,1,0
BRDA:25,2,0,2
BRDA:25,2,1,0
BRDA:26,3,0,2
BRDA:26,3,1,0
BRDA:27,4,0,2
BRDA:27,4,1,0
BRDA:28,5,0,2
BRDA:28,5,1,0
BRDA:49,6,0,0
BRDA:49,6,1,2
BRDA:69,7,0,0
BRDA:69,7,1,2
BRDA:74,8,0,0
BRDA:74,8,1,0
BRDA:86,9,0,1
BRDA:86,9,1,1
BRDA:86,10,0,2
BRDA:86,10,1,1
BRF:22
BRH:13
end_of_record
TN:
SF:src/pages/api/email-esrf.ts
FN:8,handler
FN:36,(anonymous_1)
FNF:2
FNH:2
FNDA:3,handler
FNDA:1,(anonymous_1)
DA:6,1
DA:12,3
DA:13,1
DA:14,1
DA:15,1
DA:18,2
DA:19,1
DA:22,1
DA:23,1
DA:26,1
DA:28,1
DA:29,1
DA:31,0
DA:32,0
DA:36,1
DA:40,1
DA:41,0
DA:46,1
DA:65,1
DA:76,1
DA:77,1
LF:21
LH:18
BRDA:12,0,0,1
BRDA:12,0,1,2
BRDA:18,1,0,1
BRDA:18,1,1,1
BRDA:40,2,0,0
BRDA:40,2,1,1
BRDA:60,3,0,0
BRDA:60,3,1,1
BRF:8
BRH:6
end_of_record
TN:
SF:src/pages/api/health.ts
FN:8,handler
FNF:1
FNH:0
FNDA:0,handler
DA:6,0
DA:12,0
DA:13,0
DA:14,0
DA:15,0
DA:18,0
LF:6
LH:0
BRDA:12,0,0,0
BRDA:12,0,1,0
BRDA:19,1,0,0
BRDA:19,1,1,0
BRDA:20,2,0,0
BRDA:20,2,1,0
BRDA:21,3,0,0
BRDA:21,3,1,0
BRF:8
BRH:0
end_of_record
