<?xml version="1.0" encoding="UTF-8"?>
<coverage generated="1663953787911" clover="3.2.0">
  <project timestamp="1663953787911" name="All files">
    <metrics statements="120" coveredstatements="66" conditionals="74" coveredconditionals="40" methods="25" coveredmethods="20" elements="219" coveredelements="126" complexity="0" loc="120" ncloc="120" packages="3" files="16" classes="16"/>
    <package name="components">
      <metrics statements="33" coveredstatements="32" conditionals="34" coveredconditionals="29" methods="13" coveredmethods="12"/>
      <file name="ActionButton.js" path="/home/runner/work/passport-status/passport-status/components/ActionButton.js">
        <metrics statements="9" coveredstatements="9" conditionals="2" coveredconditionals="2" methods="1" coveredmethods="1"/>
        <line num="5" count="2" type="stmt"/>
        <line num="6" count="2" type="cond" truecount="2" falsecount="0"/>
        <line num="8" count="1" type="stmt"/>
        <line num="10" count="1" type="stmt"/>
        <line num="12" count="1" type="stmt"/>
        <line num="14" count="1" type="stmt"/>
        <line num="17" count="2" type="stmt"/>
        <line num="24" count="1" type="stmt"/>
        <line num="29" count="1" type="stmt"/>
      </file>
      <file name="DateModified.js" path="/home/runner/work/passport-status/passport-status/components/DateModified.js">
        <metrics statements="3" coveredstatements="3" conditionals="0" coveredconditionals="0" methods="1" coveredmethods="1"/>
        <line num="7" count="4" type="stmt"/>
        <line num="15" count="3" type="stmt"/>
        <line num="20" count="3" type="stmt"/>
      </file>
      <file name="ErrorSummary.js" path="/home/runner/work/passport-status/passport-status/components/ErrorSummary.js">
        <metrics statements="3" coveredstatements="3" conditionals="0" coveredconditionals="0" methods="2" coveredmethods="2"/>
        <line num="4" count="1" type="stmt"/>
        <line num="12" count="1" type="stmt"/>
        <line num="28" count="1" type="stmt"/>
      </file>
      <file name="Footer.js" path="/home/runner/work/passport-status/passport-status/components/Footer.js">
        <metrics statements="3" coveredstatements="3" conditionals="2" coveredconditionals="2" methods="2" coveredmethods="2"/>
        <line num="9" count="2" type="stmt"/>
        <line num="26" count="5" type="stmt"/>
        <line num="61" count="2" type="stmt"/>
      </file>
      <file name="Header.js" path="/home/runner/work/passport-status/passport-status/components/Header.js">
        <metrics statements="2" coveredstatements="2" conditionals="20" coveredconditionals="20" methods="1" coveredmethods="1"/>
        <line num="5" count="3" type="stmt"/>
        <line num="118" count="2" type="stmt"/>
      </file>
      <file name="InputErrorMessage.js" path="/home/runner/work/passport-status/passport-status/components/InputErrorMessage.js">
        <metrics statements="2" coveredstatements="2" conditionals="0" coveredconditionals="0" methods="1" coveredmethods="1"/>
        <line num="4" count="1" type="stmt"/>
        <line num="11" count="1" type="stmt"/>
      </file>
      <file name="InputFeild.js" path="/home/runner/work/passport-status/passport-status/components/InputFeild.js">
        <metrics statements="4" coveredstatements="3" conditionals="4" coveredconditionals="2" methods="2" coveredmethods="1"/>
        <line num="6" count="1" type="stmt"/>
        <line num="25" count="0" type="stmt"/>
        <line num="33" count="1" type="stmt"/>
        <line num="37" count="1" type="stmt"/>
      </file>
      <file name="InputLabel.js" path="/home/runner/work/passport-status/passport-status/components/InputLabel.js">
        <metrics statements="2" coveredstatements="2" conditionals="4" coveredconditionals="2" methods="1" coveredmethods="1"/>
        <line num="4" count="1" type="stmt"/>
        <line num="19" count="1" type="stmt"/>
      </file>
      <file name="Layout.js" path="/home/runner/work/passport-status/passport-status/components/Layout.js">
        <metrics statements="4" coveredstatements="4" conditionals="2" coveredconditionals="1" methods="1" coveredmethods="1"/>
        <line num="10" count="2" type="cond" truecount="1" falsecount="1"/>
        <line num="12" count="2" type="stmt"/>
        <line num="59" count="2" type="stmt"/>
        <line num="63" count="2" type="stmt"/>
      </file>
      <file name="MetaData.js" path="/home/runner/work/passport-status/passport-status/components/MetaData.js">
        <metrics statements="1" coveredstatements="1" conditionals="0" coveredconditionals="0" methods="1" coveredmethods="1"/>
        <line num="5" count="2" type="stmt"/>
      </file>
    </package>
    <package name="pages">
      <metrics statements="81" coveredstatements="30" conditionals="36" coveredconditionals="9" methods="11" coveredmethods="7"/>
      <file name="404.js" path="/home/runner/work/passport-status/passport-status/pages/404.js">
        <metrics statements="1" coveredstatements="1" conditionals="0" coveredconditionals="0" methods="1" coveredmethods="1"/>
        <line num="4" count="1" type="stmt"/>
      </file>
      <file name="_app.js" path="/home/runner/work/passport-status/passport-status/pages/_app.js">
        <metrics statements="10" coveredstatements="9" conditionals="4" coveredconditionals="2" methods="1" coveredmethods="1"/>
        <line num="8" count="1" type="stmt"/>
        <line num="9" count="1" type="stmt"/>
        <line num="10" count="1" type="stmt"/>
        <line num="12" count="1" type="cond" truecount="1" falsecount="1"/>
        <line num="13" count="1" type="stmt"/>
        <line num="14" count="1" type="stmt"/>
        <line num="16" count="0" type="stmt"/>
        <line num="18" count="1" type="stmt"/>
        <line num="20" count="1" type="cond" truecount="1" falsecount="1"/>
        <line num="21" count="1" type="stmt"/>
      </file>
      <file name="_error.js" path="/home/runner/work/passport-status/passport-status/pages/_error.js">
        <metrics statements="1" coveredstatements="1" conditionals="4" coveredconditionals="4" methods="1" coveredmethods="1"/>
        <line num="4" count="2" type="stmt"/>
      </file>
      <file name="home.js" path="/home/runner/work/passport-status/passport-status/pages/home.js">
        <metrics statements="66" coveredstatements="16" conditionals="28" coveredconditionals="3" methods="6" coveredmethods="2"/>
        <line num="10" count="1" type="stmt"/>
        <line num="11" count="1" type="stmt"/>
        <line num="12" count="1" type="stmt"/>
        <line num="13" count="1" type="stmt"/>
        <line num="14" count="1" type="stmt"/>
        <line num="15" count="1" type="stmt"/>
        <line num="16" count="1" type="stmt"/>
        <line num="17" count="1" type="stmt"/>
        <line num="18" count="1" type="stmt"/>
        <line num="19" count="1" type="stmt"/>
        <line num="22" count="0" type="stmt"/>
        <line num="28" count="1" type="stmt"/>
        <line num="29" count="0" type="stmt"/>
        <line num="31" count="0" type="stmt"/>
        <line num="32" count="0" type="stmt"/>
        <line num="33" count="0" type="stmt"/>
        <line num="34" count="0" type="stmt"/>
        <line num="35" count="0" type="stmt"/>
        <line num="36" count="0" type="stmt"/>
        <line num="37" count="0" type="stmt"/>
        <line num="38" count="0" type="stmt"/>
        <line num="39" count="0" type="stmt"/>
        <line num="40" count="0" type="stmt"/>
        <line num="43" count="1" type="stmt"/>
        <line num="44" count="0" type="stmt"/>
        <line num="46" count="0" type="stmt"/>
        <line num="47" count="0" type="stmt"/>
        <line num="48" count="0" type="stmt"/>
        <line num="49" count="0" type="stmt"/>
        <line num="50" count="0" type="stmt"/>
        <line num="51" count="0" type="stmt"/>
        <line num="52" count="0" type="stmt"/>
        <line num="55" count="0" type="cond" truecount="0" falsecount="2"/>
        <line num="56" count="0" type="cond" truecount="0" falsecount="2"/>
        <line num="57" count="0" type="stmt"/>
        <line num="59" count="0" type="cond" truecount="0" falsecount="2"/>
        <line num="60" count="0" type="stmt"/>
        <line num="62" count="0" type="cond" truecount="0" falsecount="2"/>
        <line num="63" count="0" type="stmt"/>
        <line num="65" count="0" type="cond" truecount="0" falsecount="2"/>
        <line num="66" count="0" type="stmt"/>
        <line num="68" count="0" type="stmt"/>
        <line num="69" count="0" type="cond" truecount="0" falsecount="2"/>
        <line num="70" count="0" type="stmt"/>
        <line num="71" count="0" type="cond" truecount="0" falsecount="2"/>
        <line num="72" count="0" type="stmt"/>
        <line num="76" count="0" type="cond" truecount="0" falsecount="2"/>
        <line num="78" count="0" type="stmt"/>
        <line num="79" count="0" type="cond" truecount="0" falsecount="4"/>
        <line num="81" count="0" type="stmt"/>
        <line num="82" count="0" type="stmt"/>
        <line num="84" count="0" type="stmt"/>
        <line num="85" count="0" type="stmt"/>
        <line num="87" count="0" type="stmt"/>
        <line num="88" count="0" type="stmt"/>
        <line num="90" count="0" type="stmt"/>
        <line num="91" count="0" type="stmt"/>
        <line num="94" count="0" type="stmt"/>
        <line num="97" count="0" type="stmt"/>
        <line num="102" count="0" type="stmt"/>
        <line num="103" count="0" type="stmt"/>
        <line num="104" count="0" type="stmt"/>
        <line num="108" count="1" type="stmt"/>
        <line num="193" count="1" type="cond" truecount="1" falsecount="1"/>
        <line num="195" count="1" type="stmt"/>
        <line num="200" count="1" type="stmt"/>
      </file>
      <file name="index.js" path="/home/runner/work/passport-status/passport-status/pages/index.js">
        <metrics statements="3" coveredstatements="3" conditionals="0" coveredconditionals="0" methods="2" coveredmethods="2"/>
        <line num="6" count="2" type="stmt"/>
        <line num="82" count="2" type="stmt"/>
        <line num="83" count="1" type="stmt"/>
      </file>
    </package>
    <package name="pages.api">
      <metrics statements="6" coveredstatements="4" conditionals="4" coveredconditionals="2" methods="1" coveredmethods="1"/>
      <file name="checkStatus.js" path="/home/runner/work/passport-status/passport-status/pages/api/checkStatus.js">
        <metrics statements="6" coveredstatements="4" conditionals="4" coveredconditionals="2" methods="1" coveredmethods="1"/>
        <line num="4" count="1" type="cond" truecount="1" falsecount="1"/>
        <line num="5" count="0" type="stmt"/>
        <line num="8" count="1" type="stmt"/>
        <line num="10" count="1" type="cond" truecount="1" falsecount="1"/>
        <line num="11" count="0" type="stmt"/>
        <line num="13" count="1" type="stmt"/>
      </file>
    </package>
  </project>
</coverage>
