TN:
SF:components/DateModified.js
FN:6,DateModified
FNF:1
FNH:1
FNDA:11,DateModified
DA:7,11
DA:15,4
DA:20,4
LF:3
LH:3
BRF:0
BRH:0
end_of_record
TN:
SF:components/Footer.js
FN:8,Footer
FN:25,(anonymous_1)
FN:51,(anonymous_2)
FNF:3
FNH:3
FNDA:9,Footer
FNDA:66,(anonymous_1)
FNDA:40,(anonymous_2)
DA:9,9
DA:26,66
DA:52,40
DA:87,3
LF:4
LH:4
BRDA:56,0,0,9
BRDA:56,0,1,31
BRF:2
BRH:2
end_of_record
TN:
SF:components/Header.js
FN:4,Header
FNF:1
FNH:1
FNDA:10,Header
DA:5,10
DA:118,3
LF:2
LH:2
BRDA:29,0,0,8
BRDA:29,0,1,2
BRDA:34,1,0,8
BRDA:34,1,1,2
BRDA:44,2,0,10
BRDA:44,2,1,10
BRDA:45,3,0,8
BRDA:45,3,1,2
BRDA:50,4,0,8
BRDA:50,4,1,2
BRDA:52,5,0,8
BRDA:52,5,1,2
BRDA:61,6,0,10
BRDA:61,6,1,10
BRDA:62,7,0,8
BRDA:62,7,1,2
BRDA:68,8,0,8
BRDA:68,8,1,2
BRDA:70,9,0,8
BRDA:70,9,1,2
BRF:20
BRH:20
end_of_record
TN:
SF:components/InputErrorMessage.js
FN:3,InputErrorMessage
FNF:1
FNH:1
FNDA:1,InputErrorMessage
DA:4,1
DA:7,1
LF:2
LH:2
BRF:0
BRH:0
end_of_record
TN:
SF:components/InputLabel.js
FN:3,InputLabel
FNF:1
FNH:1
FNDA:1,InputLabel
DA:4,1
DA:17,1
LF:2
LH:2
BRDA:7,0,0,0
BRDA:7,0,1,1
BRDA:10,1,0,0
BRDA:10,1,1,1
BRF:4
BRH:2
end_of_record
TN:
SF:components/InputTextFeild.js
FN:5,InputTextFeild
FNF:1
FNH:1
FNDA:1,InputTextFeild
DA:6,1
DA:29,1
DA:33,1
LF:3
LH:3
BRDA:14,0,0,0
BRDA:14,0,1,1
BRDA:17,1,0,0
BRDA:17,1,1,1
BRF:4
BRH:2
end_of_record
TN:
SF:components/Layout.js
FN:9,Layout
FNF:1
FNH:1
FNDA:7,Layout
DA:10,7
DA:12,7
DA:105,2
DA:109,2
LF:4
LH:4
BRDA:10,0,0,6
BRDA:10,0,1,1
BRF:2
BRH:2
end_of_record
TN:
SF:components/MetaData.js
FN:4,MetaData
FNF:1
FNH:1
FNDA:9,MetaData
DA:5,9
LF:1
LH:1
BRF:0
BRH:0
end_of_record
TN:
SF:pages/404.js
FN:3,Custom404
FNF:1
FNH:1
FNDA:1,Custom404
DA:4,1
LF:1
LH:1
BRF:0
BRH:0
end_of_record
TN:
SF:pages/_app.js
FN:7,MyApp
FNF:1
FNH:1
FNDA:1,MyApp
DA:8,1
DA:9,1
DA:10,1
DA:12,1
DA:13,1
DA:15,0
DA:16,0
DA:18,1
DA:20,1
DA:21,1
LF:10
LH:8
BRDA:12,0,0,1
BRDA:12,0,1,0
BRDA:20,1,0,1
BRDA:20,1,1,0
BRF:4
BRH:2
end_of_record
TN:
SF:pages/_error.js
FN:3,CustomError
FNF:1
FNH:1
FNDA:2,CustomError
DA:4,2
LF:1
LH:1
BRDA:9,0,0,1
BRDA:9,0,1,1
BRDA:37,1,0,1
BRDA:37,1,1,1
BRF:4
BRH:4
end_of_record
TN:
SF:pages/home.js
FN:6,Home
FN:23,getStaticProps
FNF:2
FNH:2
FNDA:1,Home
FNDA:1,getStaticProps
DA:7,1
DA:24,1
DA:26,1
DA:31,1
LF:4
LH:4
BRDA:24,0,0,1
BRDA:24,0,1,0
BRF:2
BRH:1
end_of_record
TN:
SF:pages/index.js
FN:5,Index
FN:82,PageLayout
FNF:2
FNH:2
FNDA:2,Index
FNDA:1,PageLayout
DA:6,2
DA:82,2
DA:83,1
LF:3
LH:3
BRF:0
BRH:0
end_of_record
TN:
SF:pages/api/envAPIExample.js
FNF:0
FNH:0
LF:0
LH:0
BRF:0
BRH:0
end_of_record
TN:
SF:pages/api/metrics.js
FNF:0
FNH:0
LF:0
LH:0
BRF:0
BRH:0
end_of_record
