TN:
SF:components/ActionButton.tsx
FN:11,(anonymous_0)
FNF:1
FNH:1
FNDA:7,(anonymous_0)
DA:11,7
DA:19,7
DA:20,7
DA:22,3
DA:24,3
DA:26,4
DA:28,4
DA:31,7
DA:43,7
LF:9
LH:9
BRDA:20,0,0,3
BRDA:20,0,1,4
BRF:2
BRH:2
end_of_record
TN:
SF:components/DateModified.tsx
FN:14,(anonymous_0)
FNF:1
FNH:1
FNDA:4,(anonymous_0)
DA:14,3
DA:15,4
DA:25,3
LF:3
LH:3
BRF:0
BRH:0
end_of_record
TN:
SF:components/ErrorPage.tsx
FN:9,(anonymous_0)
FNF:1
FNH:1
FNDA:5,(anonymous_0)
DA:9,3
DA:10,5
DA:11,5
DA:13,1
DA:14,1
DA:16,1
DA:17,1
DA:19,0
DA:21,5
LF:9
LH:8
BRDA:11,0,0,1
BRDA:11,0,1,1
BRDA:11,0,2,0
BRDA:40,1,0,3
BRDA:40,1,1,2
BRDA:72,2,0,3
BRDA:72,2,1,2
BRF:7
BRH:6
end_of_record
TN:
SF:components/ErrorSummary.tsx
FN:17,(anonymous_0)
FN:25,GetErrorSummary
FN:27,(anonymous_2)
FN:28,(anonymous_3)
FN:36,(anonymous_4)
FN:44,(anonymous_5)
FNF:6
FNH:2
FNDA:0,(anonymous_0)
FNDA:0,GetErrorSummary
FNDA:0,(anonymous_2)
FNDA:0,(anonymous_3)
FNDA:1,(anonymous_4)
FNDA:1,(anonymous_5)
DA:17,2
DA:20,0
DA:26,0
DA:27,0
DA:29,0
DA:36,2
DA:37,1
DA:45,1
DA:56,2
LF:9
LH:5
BRF:0
BRH:0
end_of_record
TN:
SF:components/Footer.tsx
FN:40,Footer
FN:64,(anonymous_1)
FNF:2
FNH:2
FNDA:2,Footer
FNDA:5,(anonymous_1)
DA:48,2
DA:65,5
LF:2
LH:2
BRDA:68,0,0,2
BRDA:68,0,1,3
BRF:2
BRH:2
end_of_record
TN:
SF:components/Header.tsx
FN:10,Header
FNF:1
FNH:1
FNDA:3,Header
DA:11,3
DA:13,3
DA:14,3
DA:15,3
DA:17,3
LF:5
LH:5
BRDA:13,0,0,1
BRDA:13,0,1,2
BRDA:14,1,0,1
BRDA:14,1,1,2
BRDA:15,2,0,1
BRDA:15,2,1,2
BRDA:40,3,0,1
BRDA:40,3,1,2
BRDA:42,4,0,1
BRDA:42,4,1,2
BRF:10
BRH:10
end_of_record
TN:
SF:components/InputErrorMessage.tsx
FN:7,(anonymous_0)
FNF:1
FNH:1
FNDA:1,(anonymous_0)
DA:7,3
DA:8,1
LF:2
LH:2
BRF:0
BRH:0
end_of_record
TN:
SF:components/InputField.tsx
FN:17,(anonymous_0)
FNF:1
FNH:1
FNDA:1,(anonymous_0)
DA:17,3
DA:28,1
DA:52,3
LF:3
LH:3
BRDA:36,0,0,0
BRDA:36,0,1,1
BRDA:39,1,0,0
BRDA:39,1,1,1
BRDA:44,2,0,1
BRDA:44,2,1,0
BRF:6
BRH:3
end_of_record
TN:
SF:components/InputLabel.tsx
FN:10,(anonymous_0)
FNF:1
FNH:1
FNDA:1,(anonymous_0)
DA:10,3
DA:16,1
LF:2
LH:2
BRDA:19,0,0,0
BRDA:19,0,1,1
BRDA:22,1,0,1
BRDA:22,1,1,0
BRF:4
BRH:2
end_of_record
TN:
SF:components/Layout.tsx
FN:13,(anonymous_0)
FNF:1
FNH:1
FNDA:2,(anonymous_0)
DA:13,1
DA:14,2
LF:2
LH:2
BRF:0
BRH:0
end_of_record
TN:
SF:components/LinkButton.tsx
FN:12,(anonymous_0)
FNF:1
FNH:1
FNDA:4,(anonymous_0)
DA:12,4
DA:19,4
LF:2
LH:2
BRDA:22,0,0,0
BRDA:22,0,1,4
BRDA:23,1,0,0
BRDA:23,1,1,4
BRF:4
BRH:2
end_of_record
TN:
SF:components/LinkSummary.tsx
FN:15,(anonymous_0)
FN:20,(anonymous_1)
FNF:2
FNH:2
FNDA:2,(anonymous_0)
FNDA:2,(anonymous_1)
DA:15,4
DA:16,2
DA:21,2
LF:3
LH:3
BRDA:27,0,0,0
BRDA:27,0,1,2
BRDA:28,1,0,0
BRDA:28,1,1,2
BRF:4
BRH:2
end_of_record
TN:
SF:components/MetaData.tsx
FN:13,(anonymous_0)
FNF:1
FNH:1
FNDA:6,(anonymous_0)
DA:13,5
DA:14,6
LF:2
LH:2
BRF:0
BRH:0
end_of_record
TN:
SF:components/Modal.tsx
FN:14,(anonymous_0)
FN:33,(anonymous_1)
FNF:2
FNH:1
FNDA:7,(anonymous_0)
FNDA:0,(anonymous_1)
DA:14,4
DA:21,7
DA:34,0
LF:3
LH:2
BRDA:24,0,0,7
BRDA:24,0,1,0
BRF:2
BRH:1
end_of_record
TN:
SF:components/StatusInfo.tsx
FN:13,StatusInfo
FNF:1
FNH:1
FNDA:2,StatusInfo
DA:14,2
LF:1
LH:1
BRF:0
BRH:0
end_of_record
TN:
SF:lib/CheckStatusHook.ts
FN:5,(anonymous_0)
FN:16,(anonymous_1)
FN:30,(anonymous_2)
FNF:3
FNH:0
FNDA:0,(anonymous_0)
FNDA:0,(anonymous_1)
FNDA:0,(anonymous_2)
DA:5,0
DA:9,0
DA:10,0
DA:11,0
DA:12,0
DA:13,0
DA:16,0
DA:24,0
DA:30,0
DA:36,0
LF:10
LH:0
BRDA:11,0,0,0
BRDA:11,0,1,0
BRDA:12,1,0,0
BRDA:12,1,1,0
BRDA:31,2,0,0
BRDA:31,2,1,0
BRDA:38,3,0,0
BRDA:38,3,1,0
BRF:8
BRH:0
end_of_record
TN:
SF:lib/StatusTypes.ts
FN:37,(anonymous_0)
FNF:1
FNH:1
FNDA:1,(anonymous_0)
DA:37,1
DA:39,1
LF:2
LH:2
BRF:0
BRH:0
end_of_record
TN:
SF:lib/logger.js
FN:1,(anonymous_0)
FN:3,(anonymous_1)
FNF:2
FNH:2
FNDA:1,(anonymous_0)
FNDA:1,(anonymous_1)
DA:1,1
DA:2,1
DA:3,1
DA:4,1
DA:6,1
DA:11,1
DA:13,0
DA:18,0
DA:20,0
DA:21,0
DA:23,0
DA:26,0
DA:27,0
DA:32,1
LF:14
LH:7
BRDA:4,0,0,1
BRDA:4,0,1,0
BRDA:4,0,2,0
BRDA:4,0,3,0
BRDA:4,0,4,0
BRDA:20,1,0,0
BRDA:20,1,1,0
BRDA:20,2,0,0
BRDA:20,2,1,0
BRDA:26,3,0,0
BRDA:26,3,1,0
BRF:11
BRH:1
end_of_record
TN:
SF:lib/useEmailEsrf.ts
FN:5,(anonymous_0)
FN:8,(anonymous_1)
FNF:2
FNH:0
FNDA:0,(anonymous_0)
FNDA:0,(anonymous_1)
DA:5,0
DA:8,0
DA:9,0
DA:17,0
DA:18,0
LF:5
LH:0
BRDA:17,0,0,0
BRDA:17,0,1,0
BRF:2
BRH:0
end_of_record
TN:
SF:pages/404.tsx
FN:3,(anonymous_0)
FNF:1
FNH:1
FNDA:1,(anonymous_0)
DA:3,1
DA:4,1
LF:2
LH:2
BRF:0
BRH:0
end_of_record
TN:
SF:pages/_app.tsx
FN:10,(anonymous_0)
FNF:1
FNH:1
FNDA:1,(anonymous_0)
DA:8,1
DA:10,1
DA:11,1
LF:3
LH:3
BRF:0
BRH:0
end_of_record
TN:
SF:pages/_document.tsx
FN:11,(anonymous_0)
FN:18,(anonymous_1)
FNF:2
FNH:0
FNDA:0,(anonymous_0)
FNDA:0,(anonymous_1)
DA:14,0
DA:16,0
DA:19,0
LF:3
LH:0
BRDA:22,0,0,0
BRDA:22,0,1,0
BRDA:22,1,0,0
BRDA:22,1,1,0
BRF:4
BRH:0
end_of_record
TN:
SF:pages/_error.tsx
FN:8,(anonymous_0)
FN:12,(anonymous_1)
FNF:2
FNH:1
FNDA:2,(anonymous_0)
FNDA:0,(anonymous_1)
DA:8,1
DA:9,2
DA:12,1
DA:13,0
DA:14,0
LF:5
LH:3
BRDA:13,0,0,0
BRDA:13,0,1,0
BRDA:13,0,2,0
BRF:3
BRH:0
end_of_record
TN:
SF:pages/consent.tsx
FN:11,(anonymous_0)
FN:15,(anonymous_1)
FN:47,(anonymous_2)
FNF:3
FNH:1
FNDA:2,(anonymous_0)
FNDA:0,(anonymous_1)
FNDA:0,(anonymous_2)
DA:11,1
DA:12,2
DA:14,2
DA:16,0
DA:17,0
DA:18,0
DA:23,2
DA:47,1
LF:8
LH:5
BRDA:49,0,0,0
BRDA:49,0,1,0
BRF:2
BRH:0
end_of_record
TN:
SF:pages/contact.tsx
FN:10,(anonymous_0)
FN:34,(anonymous_1)
FN:38,(anonymous_2)
FN:43,(anonymous_3)
FN:52,(anonymous_4)
FNF:5
FNH:1
FNDA:2,(anonymous_0)
FNDA:0,(anonymous_1)
FNDA:0,(anonymous_2)
FNDA:0,(anonymous_3)
FNDA:0,(anonymous_4)
DA:10,1
DA:11,2
DA:12,2
DA:14,2
DA:34,0
DA:38,0
DA:43,0
DA:52,1
LF:8
LH:5
BRDA:54,0,0,0
BRDA:54,0,1,0
BRF:2
BRH:0
end_of_record
TN:
SF:pages/email.tsx
FN:27,Email
FN:53,(anonymous_1)
FN:57,(anonymous_2)
FN:150,(anonymous_3)
FN:154,(anonymous_4)
FN:160,(anonymous_5)
FN:174,(anonymous_6)
FNF:7
FNH:2
FNDA:2,Email
FNDA:0,(anonymous_1)
FNDA:2,(anonymous_2)
FNDA:0,(anonymous_3)
FNDA:0,(anonymous_4)
FNDA:0,(anonymous_5)
FNDA:0,(anonymous_6)
DA:20,1
DA:28,2
DA:29,2
DA:36,2
DA:38,2
DA:53,0
DA:56,2
DA:57,2
DA:61,2
DA:63,2
DA:150,0
DA:154,0
DA:160,0
DA:174,1
LF:14
LH:10
BRDA:61,0,0,0
BRDA:61,0,1,2
BRDA:71,1,0,0
BRDA:71,1,1,2
BRDA:84,2,0,2
BRDA:84,2,1,0
BRDA:99,3,0,2
BRDA:99,3,1,0
BRDA:109,4,0,2
BRDA:109,4,1,0
BRDA:119,5,0,2
BRDA:119,5,1,0
BRDA:131,6,0,2
BRDA:131,6,1,0
BRDA:176,7,0,0
BRDA:176,7,1,0
BRF:16
BRH:7
end_of_record
TN:
SF:pages/index.tsx
FN:7,(anonymous_0)
FNF:1
FNH:1
FNDA:1,(anonymous_0)
DA:7,1
DA:8,1
LF:2
LH:2
BRF:0
BRH:0
end_of_record
TN:
SF:pages/landing.tsx
FN:8,(anonymous_0)
FN:31,(anonymous_1)
FNF:2
FNH:1
FNDA:2,(anonymous_0)
FNDA:0,(anonymous_1)
DA:8,1
DA:9,2
DA:11,2
DA:31,1
LF:4
LH:4
BRDA:33,0,0,0
BRDA:33,0,1,0
BRF:2
BRH:0
end_of_record
TN:
SF:pages/privacy.tsx
FN:10,(anonymous_0)
FN:32,(anonymous_1)
FN:37,(anonymous_2)
FN:57,(anonymous_3)
FN:68,(anonymous_4)
FNF:5
FNH:0
FNDA:0,(anonymous_0)
FNDA:0,(anonymous_1)
FNDA:0,(anonymous_2)
FNDA:0,(anonymous_3)
FNDA:0,(anonymous_4)
DA:10,0
DA:11,0
DA:12,0
DA:14,0
DA:32,0
DA:37,0
DA:57,0
DA:68,0
LF:8
LH:0
BRDA:22,0,0,0
BRDA:22,0,1,0
BRDA:43,1,0,0
BRDA:43,1,1,0
BRDA:70,2,0,0
BRDA:70,2,1,0
BRF:6
BRH:0
end_of_record
TN:
SF:pages/status.tsx
FN:28,(anonymous_0)
FN:51,(anonymous_1)
FN:55,(anonymous_2)
FN:72,(anonymous_3)
FN:74,(anonymous_4)
FN:75,(anonymous_5)
FN:84,(anonymous_6)
FN:102,(anonymous_7)
FN:108,(anonymous_8)
FN:224,(anonymous_9)
FN:228,(anonymous_10)
FN:234,(anonymous_11)
FN:249,(anonymous_12)
FNF:13
FNH:3
FNDA:2,(anonymous_0)
FNDA:0,(anonymous_1)
FNDA:0,(anonymous_2)
FNDA:2,(anonymous_3)
FNDA:0,(anonymous_4)
FNDA:0,(anonymous_5)
FNDA:0,(anonymous_6)
FNDA:2,(anonymous_7)
FNDA:0,(anonymous_8)
FNDA:0,(anonymous_9)
FNDA:0,(anonymous_10)
FNDA:0,(anonymous_11)
FNDA:0,(anonymous_12)
DA:21,1
DA:28,1
DA:29,2
DA:30,2
DA:32,2
DA:36,2
DA:52,0
DA:53,0
DA:56,0
DA:65,2
DA:72,2
DA:73,2
DA:74,0
DA:76,0
DA:83,2
DA:85,0
DA:86,0
DA:87,0
DA:93,2
DA:95,2
DA:103,2
DA:104,0
DA:108,0
DA:131,2
DA:132,0
DA:153,2
DA:224,0
DA:228,0
DA:234,0
DA:249,1
LF:30
LH:16
BRDA:66,0,0,0
BRDA:66,0,1,2
BRDA:93,1,0,0
BRDA:93,1,1,2
BRDA:103,2,0,0
BRDA:103,2,1,2
BRDA:131,3,0,0
BRDA:131,3,1,2
BRDA:156,4,0,2
BRDA:156,4,1,0
BRDA:171,5,0,2
BRDA:171,5,1,0
BRDA:182,6,0,2
BRDA:182,6,1,0
BRDA:193,7,0,2
BRDA:193,7,1,0
BRDA:205,8,0,2
BRDA:205,8,1,0
BRDA:251,9,0,0
BRDA:251,9,1,0
BRF:20
BRH:9
end_of_record
TN:
SF:pages/api/check-status.ts
FN:18,(anonymous_0)
FN:27,(anonymous_1)
FN:31,(anonymous_2)
FN:40,(anonymous_3)
FN:66,(anonymous_4)
FN:107,handler
FNF:6
FNH:5
FNDA:2,(anonymous_0)
FNDA:20,(anonymous_1)
FNDA:18,(anonymous_2)
FNDA:36,(anonymous_3)
FNDA:0,(anonymous_4)
FNDA:2,handler
DA:18,1
DA:21,2
DA:22,2
DA:27,2
DA:28,20
DA:30,2
DA:37,18
DA:41,36
DA:55,2
DA:56,1
DA:66,1
DA:70,0
DA:71,0
DA:74,0
DA:75,0
DA:83,0
DA:87,0
DA:89,0
DA:91,0
DA:93,0
DA:94,0
DA:97,0
DA:100,0
DA:101,0
DA:104,0
DA:111,2
DA:112,0
DA:113,0
DA:116,2
DA:117,2
DA:124,2
DA:125,2
DA:126,2
DA:132,1
DA:134,1
DA:136,1
DA:137,1
DA:138,1
DA:139,1
DA:142,0
LF:40
LH:23
BRDA:37,0,0,18
BRDA:37,0,1,1
BRDA:37,0,2,1
BRDA:37,0,3,1
BRDA:39,1,0,18
BRDA:39,1,1,0
BRDA:55,2,0,1
BRDA:55,2,1,1
BRDA:70,3,0,0
BRDA:70,3,1,0
BRDA:87,4,0,0
BRDA:87,4,1,0
BRDA:93,5,0,0
BRDA:93,5,1,0
BRDA:100,6,0,0
BRDA:100,6,1,0
BRDA:100,7,0,0
BRDA:100,7,1,0
BRDA:111,8,0,0
BRDA:111,8,1,2
BRDA:116,9,0,2
BRDA:116,9,1,0
BRDA:118,10,0,2
BRDA:118,10,1,0
BRDA:119,11,0,2
BRDA:119,11,1,0
BRDA:120,12,0,2
BRDA:120,12,1,0
BRDA:121,13,0,2
BRDA:121,13,1,0
BRDA:126,14,0,0
BRDA:126,14,1,2
BRDA:136,15,0,1
BRDA:136,15,1,0
BRF:34
BRH:15
end_of_record
TN:
SF:pages/api/email-esrf.ts
FN:12,handler
FN:51,(anonymous_1)
FN:79,(anonymous_2)
FNF:3
FNH:0
FNDA:0,handler
FNDA:0,(anonymous_1)
FNDA:0,(anonymous_2)
DA:16,0
DA:17,0
DA:18,0
DA:21,0
DA:22,0
DA:23,0
DA:26,0
DA:28,0
DA:29,0
DA:33,0
DA:34,0
DA:37,0
DA:39,0
DA:41,0
DA:42,0
DA:43,0
DA:44,0
DA:47,0
DA:51,0
DA:52,0
DA:67,0
DA:79,0
DA:82,0
LF:23
LH:0
BRDA:16,0,0,0
BRDA:16,0,1,0
BRDA:21,1,0,0
BRDA:21,1,1,0
BRDA:29,2,0,0
BRDA:29,2,1,0
BRDA:33,3,0,0
BRDA:33,3,1,0
BRDA:41,4,0,0
BRDA:41,4,1,0
BRF:10
BRH:0
end_of_record
