TN:
SF:components/ActionButton.tsx
FN:32,(anonymous_0)
FNF:1
FNH:1
FNDA:5,(anonymous_0)
DA:18,6
DA:25,6
DA:32,6
DA:43,5
DA:44,5
DA:45,5
DA:46,5
DA:48,5
DA:61,6
LF:9
LH:9
BRDA:44,0,0,0
BRDA:44,0,1,5
BRDA:45,1,0,5
BRDA:45,1,1,5
BRDA:46,2,0,5
BRDA:46,2,1,0
BRF:6
BRH:4
end_of_record
TN:
SF:components/ApplicationNameBar.tsx
FN:10,(anonymous_0)
FNF:1
FNH:1
FNDA:5,(anonymous_0)
DA:10,3
DA:11,5
LF:2
LH:2
BRF:0
BRH:0
end_of_record
TN:
SF:components/Banner.tsx
FN:8,(anonymous_0)
FNF:1
FNH:1
FNDA:5,(anonymous_0)
DA:8,3
DA:9,5
LF:2
LH:2
BRF:0
BRH:0
end_of_record
TN:
SF:components/CheckStatusInfo.tsx
FN:21,(anonymous_0)
FNF:1
FNH:1
FNDA:2,(anonymous_0)
DA:21,2
DA:30,2
DA:32,0
DA:33,0
DA:35,0
DA:36,0
DA:38,0
DA:43,0
DA:45,0
DA:50,0
DA:52,0
DA:53,0
DA:55,2
DA:56,2
DA:58,2
LF:15
LH:5
BRDA:30,0,0,0
BRDA:30,0,1,0
BRDA:30,0,2,0
BRDA:30,0,3,0
BRDA:30,0,4,0
BRDA:30,0,5,2
BRF:6
BRH:1
end_of_record
TN:
SF:components/Collapse.tsx
FN:8,(anonymous_0)
FNF:1
FNH:1
FNDA:4,(anonymous_0)
DA:8,2
DA:9,4
DA:10,4
LF:3
LH:3
BRF:0
BRH:0
end_of_record
TN:
SF:components/DateModified.tsx
FN:14,(anonymous_0)
FNF:1
FNH:1
FNDA:4,(anonymous_0)
DA:14,3
DA:15,4
DA:25,3
LF:3
LH:3
BRF:0
BRH:0
end_of_record
TN:
SF:components/DateSelect.tsx
FN:28,(anonymous_0)
FN:40,(anonymous_1)
FN:66,(anonymous_2)
FNF:3
FNH:2
FNDA:14,(anonymous_0)
FNDA:0,(anonymous_1)
FNDA:670,(anonymous_2)
DA:28,3
DA:40,14
DA:42,0
DA:44,14
DA:67,670
LF:5
LH:4
BRDA:58,0,0,0
BRDA:58,0,1,14
BRDA:60,1,0,12
BRDA:60,1,1,2
BRDA:62,2,0,0
BRDA:62,2,1,14
BRF:6
BRH:4
end_of_record
TN:
SF:components/DateSelectField.tsx
FN:35,(anonymous_0)
FN:64,(anonymous_1)
FN:71,(anonymous_2)
FN:75,(anonymous_3)
FN:81,(anonymous_4)
FN:82,(anonymous_5)
FN:88,(anonymous_6)
FN:94,(anonymous_7)
FN:101,(anonymous_8)
FN:103,(anonymous_9)
FN:135,(anonymous_10)
FN:143,(anonymous_11)
FN:145,(anonymous_12)
FN:151,(anonymous_13)
FN:156,(anonymous_14)
FN:231,(anonymous_15)
FN:234,(anonymous_16)
FN:238,(anonymous_17)
FNF:18
FNH:15
FNDA:8,(anonymous_0)
FNDA:24,(anonymous_1)
FNDA:6,(anonymous_2)
FNDA:744,(anonymous_3)
FNDA:6,(anonymous_4)
FNDA:72,(anonymous_5)
FNDA:6,(anonymous_6)
FNDA:186,(anonymous_7)
FNDA:0,(anonymous_8)
FNDA:0,(anonymous_9)
FNDA:6,(anonymous_10)
FNDA:6,(anonymous_11)
FNDA:6,(anonymous_12)
FNDA:6,(anonymous_13)
FNDA:2,(anonymous_14)
FNDA:0,(anonymous_15)
FNDA:1002,(anonymous_16)
FNDA:2,(anonymous_17)
DA:35,3
DA:47,8
DA:49,8
DA:59,8
DA:60,8
DA:61,8
DA:62,8
DA:64,8
DA:65,24
DA:66,24
DA:67,24
DA:68,24
DA:71,8
DA:72,6
DA:73,6
DA:74,6
DA:75,6
DA:76,744
DA:77,744
DA:81,8
DA:82,6
DA:83,72
DA:84,72
DA:88,8
DA:89,6
DA:90,6
DA:91,6
DA:94,6
DA:95,186
DA:96,186
DA:100,8
DA:102,0
DA:103,0
DA:104,0
DA:105,0
DA:107,0
DA:108,0
DA:111,0
DA:113,0
DA:116,0
DA:118,0
DA:119,0
DA:133,8
DA:135,8
DA:136,6
DA:137,6
DA:139,0
DA:143,8
DA:144,6
DA:145,6
DA:146,6
DA:151,8
DA:152,6
DA:153,4
DA:155,2
DA:156,2
DA:166,8
DA:231,3
DA:232,0
DA:234,3
DA:235,1002
DA:238,3
DA:247,2
DA:248,2
DA:249,2
DA:250,2
DA:252,2
DA:253,2
DA:256,0
LF:69
LH:55
BRDA:66,0,0,0
BRDA:66,0,1,24
BRDA:67,1,0,0
BRDA:67,1,1,24
BRDA:68,2,0,0
BRDA:68,2,1,24
BRDA:72,3,0,6
BRDA:72,3,1,6
BRDA:73,4,0,6
BRDA:73,4,1,6
BRDA:91,5,0,0
BRDA:91,5,1,6
BRDA:104,6,0,0
BRDA:104,6,1,0
BRDA:107,7,0,0
BRDA:107,7,1,0
BRDA:111,8,0,0
BRDA:111,8,1,0
BRDA:113,9,0,0
BRDA:113,9,1,0
BRDA:113,10,0,0
BRDA:113,10,1,0
BRDA:116,11,0,0
BRDA:116,11,1,0
BRDA:136,12,0,6
BRDA:136,12,1,0
BRDA:152,13,0,4
BRDA:152,13,1,2
BRDA:175,14,0,8
BRDA:175,14,1,0
BRDA:219,15,0,8
BRDA:219,15,1,0
BRDA:232,16,0,0
BRDA:232,16,1,0
BRDA:232,17,0,0
BRDA:232,17,1,0
BRDA:232,17,2,0
BRDA:252,18,0,2
BRDA:252,18,1,0
BRDA:252,19,0,2
BRDA:252,19,1,0
BRDA:252,19,2,0
BRF:42
BRH:15
end_of_record
TN:
SF:components/ErrorLayout.tsx
FN:9,(anonymous_0)
FNF:1
FNH:1
FNDA:4,(anonymous_0)
DA:9,3
DA:10,4
LF:2
LH:2
BRF:0
BRH:0
end_of_record
TN:
SF:components/ErrorSummary.tsx
FN:17,(anonymous_0)
FN:25,(anonymous_1)
FN:30,(anonymous_2)
FN:31,(anonymous_3)
FN:39,(anonymous_4)
FN:47,(anonymous_5)
FN:48,(anonymous_6)
FN:60,(anonymous_7)
FNF:8
FNH:4
FNDA:0,(anonymous_0)
FNDA:0,(anonymous_1)
FNDA:0,(anonymous_2)
FNDA:0,(anonymous_3)
FNDA:1,(anonymous_4)
FNDA:1,(anonymous_5)
FNDA:1,(anonymous_6)
FNDA:1,(anonymous_7)
DA:17,1
DA:20,0
DA:25,1
DA:29,0
DA:30,0
DA:32,0
DA:39,1
DA:40,1
DA:43,1
DA:44,1
DA:47,1
DA:48,1
DA:49,1
DA:52,1
DA:61,1
LF:15
LH:11
BRF:0
BRH:0
end_of_record
TN:
SF:components/ExampleImage.tsx
FN:18,(anonymous_0)
FNF:1
FNH:1
FNDA:2,(anonymous_0)
DA:18,2
DA:23,2
LF:2
LH:2
BRF:0
BRH:0
end_of_record
TN:
SF:components/ExternalLink.tsx
FN:9,(anonymous_0)
FNF:1
FNH:1
FNDA:4,(anonymous_0)
DA:9,10
DA:10,4
DA:11,4
LF:3
LH:3
BRF:0
BRH:0
end_of_record
TN:
SF:components/Footer.tsx
FN:45,(anonymous_0)
FN:68,(anonymous_1)
FNF:2
FNH:2
FNDA:2,(anonymous_0)
FNDA:5,(anonymous_1)
DA:45,2
DA:52,2
DA:69,5
LF:3
LH:3
BRDA:72,0,0,2
BRDA:72,0,1,3
BRF:2
BRH:2
end_of_record
TN:
SF:components/Header.tsx
FN:17,(anonymous_0)
FNF:1
FNH:1
FNDA:3,(anonymous_0)
DA:17,2
DA:18,3
DA:19,3
DA:20,3
DA:22,3
DA:23,3
DA:24,3
DA:25,3
DA:27,3
LF:9
LH:9
BRDA:22,0,0,2
BRDA:22,0,1,1
BRDA:23,1,0,2
BRDA:23,1,1,1
BRDA:24,2,0,2
BRDA:24,2,1,1
BRDA:45,3,0,3
BRDA:45,3,1,3
BRDA:58,4,0,2
BRDA:58,4,1,1
BRDA:62,5,0,2
BRDA:62,5,1,1
BRF:12
BRH:12
end_of_record
TN:
SF:components/IdleTimeout.tsx
FN:14,(anonymous_0)
FN:20,(anonymous_1)
FN:25,(anonymous_2)
FN:32,(anonymous_3)
FN:37,(anonymous_4)
FN:45,(anonymous_5)
FN:55,(anonymous_6)
FNF:7
FNH:4
FNDA:3,(anonymous_0)
FNDA:0,(anonymous_1)
FNDA:0,(anonymous_2)
FNDA:1,(anonymous_3)
FNDA:2,(anonymous_4)
FNDA:2,(anonymous_5)
FNDA:0,(anonymous_6)
DA:14,3
DA:15,3
DA:16,3
DA:17,3
DA:18,3
DA:20,3
DA:21,0
DA:22,0
DA:25,3
DA:26,0
DA:27,0
DA:30,3
DA:32,1
DA:37,3
DA:38,2
DA:39,2
DA:40,2
DA:45,3
DA:46,2
DA:49,3
DA:55,0
LF:21
LH:16
BRDA:33,0,0,3
BRDA:33,0,1,1
BRDA:34,1,0,3
BRDA:34,1,1,1
BRDA:41,2,0,1
BRDA:41,2,1,1
BRDA:51,3,0,3
BRDA:51,3,1,1
BRF:8
BRH:8
end_of_record
TN:
SF:components/InputErrorMessage.tsx
FN:8,(anonymous_0)
FNF:1
FNH:1
FNDA:2,(anonymous_0)
DA:8,7
DA:9,2
LF:2
LH:2
BRF:0
BRH:0
end_of_record
TN:
SF:components/InputField.tsx
FN:20,(anonymous_0)
FN:38,(anonymous_1)
FNF:2
FNH:2
FNDA:2,(anonymous_0)
FNDA:2,(anonymous_1)
DA:20,3
DA:33,2
DA:34,2
DA:35,2
DA:36,2
DA:38,2
DA:39,2
DA:40,2
DA:41,2
DA:42,2
DA:45,2
DA:84,3
LF:12
LH:12
BRDA:40,0,0,1
BRDA:40,0,1,1
BRDA:41,1,0,1
BRDA:41,1,1,1
BRDA:42,2,0,1
BRDA:42,2,1,1
BRDA:54,3,0,2
BRDA:54,3,1,1
BRDA:59,4,0,1
BRDA:59,4,1,1
BRDA:61,5,0,0
BRDA:61,5,1,2
BRDA:63,6,0,1
BRDA:63,6,1,1
BRDA:70,7,0,2
BRDA:70,7,1,1
BRDA:72,8,0,2
BRDA:72,8,1,1
BRF:18
BRH:17
end_of_record
TN:
SF:components/InputLabel.tsx
FN:11,(anonymous_0)
FNF:1
FNH:1
FNDA:11,(anonymous_0)
DA:11,7
DA:18,11
LF:2
LH:2
BRDA:20,0,0,11
BRDA:20,0,1,4
BRDA:26,1,0,11
BRDA:26,1,1,4
BRF:4
BRH:4
end_of_record
TN:
SF:components/Layout.tsx
FN:12,(anonymous_0)
FNF:1
FNH:1
FNDA:2,(anonymous_0)
DA:12,1
DA:13,2
DA:14,2
LF:3
LH:3
BRF:0
BRH:0
end_of_record
TN:
SF:components/LinkButton.tsx
FN:32,(anonymous_0)
FNF:1
FNH:1
FNDA:4,(anonymous_0)
DA:20,3
DA:27,3
DA:32,3
DA:43,4
DA:44,4
DA:45,4
DA:46,4
DA:48,4
LF:8
LH:8
BRDA:44,0,0,2
BRDA:44,0,1,2
BRDA:45,1,0,4
BRDA:45,1,1,4
BRDA:46,2,0,4
BRDA:46,2,1,2
BRDA:51,3,0,0
BRDA:51,3,1,4
BRDA:52,4,0,0
BRDA:52,4,1,4
BRF:10
BRH:8
end_of_record
TN:
SF:components/LinkText.tsx
FN:11,(anonymous_0)
FNF:1
FNH:0
FNDA:0,(anonymous_0)
DA:11,2
DA:16,0
LF:2
LH:1
BRDA:17,0,0,0
BRDA:17,0,1,0
BRF:2
BRH:0
end_of_record
TN:
SF:components/Modal.tsx
FN:15,(anonymous_0)
FN:25,(anonymous_1)
FN:33,(anonymous_2)
FN:36,(anonymous_3)
FN:65,(anonymous_4)
FNF:5
FNH:5
FNDA:1,(anonymous_0)
FNDA:1,(anonymous_1)
FNDA:1,(anonymous_2)
FNDA:1,(anonymous_3)
FNDA:1,(anonymous_4)
DA:15,3
DA:22,1
DA:23,1
DA:25,1
DA:26,1
DA:27,1
DA:29,0
DA:33,1
DA:34,1
DA:35,1
DA:36,1
DA:37,1
DA:43,1
DA:66,1
LF:14
LH:13
BRDA:26,0,0,1
BRDA:26,0,1,0
BRF:2
BRH:1
end_of_record
TN:
SF:components/check-status-responses/CheckStatusFileBeingProcessed.tsx
FN:7,(anonymous_0)
FNF:1
FNH:1
FNDA:4,(anonymous_0)
DA:7,4
DA:8,4
DA:9,4
LF:3
LH:3
BRF:0
BRH:0
end_of_record
TN:
SF:components/check-status-responses/CheckStatusNoRecord.tsx
FN:7,(anonymous_0)
FNF:1
FNH:1
FNDA:4,(anonymous_0)
DA:7,3
DA:8,4
DA:9,4
LF:3
LH:3
BRF:0
BRH:0
end_of_record
TN:
SF:components/check-status-responses/CheckStatusNotAcceptable.tsx
FN:5,(anonymous_0)
FNF:1
FNH:1
FNDA:2,(anonymous_0)
DA:5,3
DA:6,2
DA:7,2
LF:3
LH:3
BRF:0
BRH:0
end_of_record
TN:
SF:components/check-status-responses/CheckStatusReadyForPickup.tsx
FN:5,(anonymous_0)
FNF:1
FNH:1
FNDA:2,(anonymous_0)
DA:5,3
DA:6,2
DA:7,2
LF:3
LH:3
BRF:0
BRH:0
end_of_record
TN:
SF:components/check-status-responses/CheckStatusShippingCanadaPost.tsx
FN:13,(anonymous_0)
FNF:1
FNH:0
FNDA:0,(anonymous_0)
DA:13,2
DA:14,0
DA:16,0
LF:3
LH:1
BRDA:23,0,0,0
BRDA:23,0,1,0
BRF:2
BRH:0
end_of_record
TN:
SF:components/check-status-responses/CheckStatusShippingFedex.tsx
FN:11,(anonymous_0)
FNF:1
FNH:1
FNDA:2,(anonymous_0)
DA:11,3
DA:14,2
DA:15,2
LF:3
LH:3
BRDA:22,0,0,2
BRDA:22,0,1,0
BRF:2
BRH:1
end_of_record
TN:
SF:components/error-pages/Error404Page.tsx
FN:8,(anonymous_0)
FNF:1
FNH:1
FNDA:1,(anonymous_0)
DA:8,1
DA:9,1
LF:2
LH:2
BRF:0
BRH:0
end_of_record
TN:
SF:components/error-pages/ErrorPage.tsx
FN:12,(anonymous_0)
FNF:1
FNH:1
FNDA:2,(anonymous_0)
DA:12,1
DA:13,2
LF:2
LH:2
BRDA:18,0,0,1
BRDA:18,0,1,1
BRDA:25,1,0,1
BRDA:25,1,1,1
BRDA:31,2,0,1
BRDA:31,2,1,1
BRDA:40,3,0,1
BRDA:40,3,1,1
BRDA:66,4,0,1
BRDA:66,4,1,1
BRF:10
BRH:10
end_of_record
TN:
SF:lib/logger.js
FN:1,(anonymous_0)
FN:3,(anonymous_1)
FNF:2
FNH:0
FNDA:0,(anonymous_0)
FNDA:0,(anonymous_1)
DA:1,0
DA:2,0
DA:3,0
DA:4,0
DA:6,0
DA:11,0
DA:13,0
DA:18,0
DA:20,0
DA:21,0
DA:23,0
DA:26,0
DA:27,0
DA:32,0
LF:14
LH:0
BRDA:4,0,0,0
BRDA:4,0,1,0
BRDA:4,0,2,0
BRDA:4,0,3,0
BRDA:4,0,4,0
BRDA:20,1,0,0
BRDA:20,1,1,0
BRDA:20,2,0,0
BRDA:20,2,1,0
BRDA:26,3,0,0
BRDA:26,3,1,0
BRF:11
BRH:0
end_of_record
TN:
SF:lib/types.ts
FNF:0
FNH:0
LF:0
LH:0
BRF:0
BRH:0
end_of_record
TN:
SF:lib/useCheckStatus.ts
FN:6,(anonymous_0)
FN:19,(anonymous_1)
FN:33,(anonymous_2)
FNF:3
FNH:0
FNDA:0,(anonymous_0)
FNDA:0,(anonymous_1)
FNDA:0,(anonymous_2)
DA:6,0
DA:10,0
DA:13,0
DA:14,0
DA:15,0
DA:16,0
DA:19,0
DA:27,0
DA:33,0
DA:39,0
LF:10
LH:0
BRDA:14,0,0,0
BRDA:14,0,1,0
BRDA:15,1,0,0
BRDA:15,1,1,0
BRDA:34,2,0,0
BRDA:34,2,1,0
BRDA:41,3,0,0
BRDA:41,3,1,0
BRF:8
BRH:0
end_of_record
TN:
SF:lib/useEmailEsrf.ts
FN:6,(anonymous_0)
FN:9,(anonymous_1)
FNF:2
FNH:0
FNDA:0,(anonymous_0)
FNDA:0,(anonymous_1)
DA:6,0
DA:9,0
DA:10,0
DA:18,0
DA:19,0
LF:5
LH:0
BRDA:18,0,0,0
BRDA:18,0,1,0
BRF:2
BRH:0
end_of_record
TN:
SF:lib/mappers/checkStatusApiResponseMapper.ts
FN:13,(anonymous_0)
FN:29,(anonymous_1)
FN:33,(anonymous_2)
FNF:3
FNH:0
FNDA:0,(anonymous_0)
FNDA:0,(anonymous_1)
FNDA:0,(anonymous_2)
DA:13,1
DA:15,0
DA:29,1
DA:32,0
DA:34,0
LF:5
LH:2
BRF:0
BRH:0
end_of_record
TN:
SF:pages/_app.tsx
FN:23,(anonymous_0)
FN:33,(anonymous_1)
FN:34,(anonymous_2)
FN:45,(anonymous_3)
FNF:4
FNH:4
FNDA:2,(anonymous_0)
FNDA:2,(anonymous_1)
FNDA:2,(anonymous_2)
FNDA:2,(anonymous_3)
DA:16,1
DA:21,1
DA:23,1
DA:24,2
DA:26,2
DA:27,2
DA:28,2
DA:33,2
DA:34,2
DA:36,2
DA:37,1
DA:38,1
DA:42,2
DA:43,2
DA:44,2
DA:45,2
DA:46,2
DA:47,2
DA:51,2
LF:19
LH:19
BRDA:36,0,0,1
BRDA:36,0,1,1
BRDA:59,1,0,2
BRDA:59,1,1,1
BRF:4
BRH:4
end_of_record
TN:
SF:pages/_document.tsx
FN:11,(anonymous_0)
FN:18,(anonymous_1)
FNF:2
FNH:0
FNDA:0,(anonymous_0)
FNDA:0,(anonymous_1)
DA:14,0
DA:16,0
DA:19,0
LF:3
LH:0
BRDA:22,0,0,0
BRDA:22,0,1,0
BRDA:22,1,0,0
BRDA:22,1,1,0
BRF:4
BRH:0
end_of_record
TN:
SF:pages/_error.tsx
FN:10,(anonymous_0)
FN:15,(anonymous_1)
FNF:2
FNH:1
FNDA:3,(anonymous_0)
FNDA:0,(anonymous_1)
DA:10,1
DA:11,3
DA:12,2
DA:15,1
DA:16,0
DA:17,0
LF:6
LH:4
BRDA:11,0,0,1
BRDA:11,0,1,2
BRDA:16,1,0,0
BRDA:16,1,1,0
BRDA:16,1,2,0
BRF:5
BRH:2
end_of_record
TN:
SF:pages/email.tsx
FN:47,(anonymous_0)
FN:53,(anonymous_1)
FN:63,(anonymous_2)
FN:73,(anonymous_3)
FN:75,(anonymous_4)
FN:92,(anonymous_5)
FN:93,(anonymous_6)
FN:102,(anonymous_7)
FN:108,(anonymous_8)
FN:110,(anonymous_9)
FN:113,(anonymous_10)
FN:117,(anonymous_11)
FN:281,(anonymous_12)
FNF:13
FNH:2
FNDA:2,(anonymous_0)
FNDA:0,(anonymous_1)
FNDA:0,(anonymous_2)
FNDA:0,(anonymous_3)
FNDA:0,(anonymous_4)
FNDA:2,(anonymous_5)
FNDA:0,(anonymous_6)
FNDA:0,(anonymous_7)
FNDA:0,(anonymous_8)
FNDA:0,(anonymous_9)
FNDA:0,(anonymous_10)
FNDA:0,(anonymous_11)
FNDA:0,(anonymous_12)
DA:28,1
DA:36,1
DA:47,1
DA:48,2
DA:49,2
DA:50,2
DA:51,2
DA:53,2
DA:54,0
DA:55,0
DA:63,2
DA:71,2
DA:74,0
DA:77,0
DA:78,0
DA:80,0
DA:82,0
DA:83,0
DA:91,2
DA:93,2
DA:94,0
DA:96,0
DA:101,2
DA:103,0
DA:108,2
DA:110,2
DA:112,2
DA:113,0
DA:117,2
DA:120,2
DA:122,2
DA:281,1
LF:32
LH:20
BRDA:74,0,0,0
BRDA:74,0,1,0
BRDA:94,1,0,0
BRDA:94,1,1,0
BRDA:120,2,0,0
BRDA:120,2,1,2
BRDA:130,3,0,0
BRDA:130,3,1,2
BRDA:179,4,0,2
BRDA:179,4,1,0
BRDA:196,5,0,2
BRDA:196,5,1,0
BRDA:217,6,0,2
BRDA:217,6,1,0
BRDA:227,7,0,2
BRDA:227,7,1,0
BRDA:237,8,0,2
BRDA:237,8,1,0
BRDA:283,9,0,0
BRDA:283,9,1,0
BRF:20
BRH:7
end_of_record
TN:
SF:pages/expectations.tsx
FN:13,(anonymous_0)
FN:17,(anonymous_1)
FN:102,(anonymous_2)
FNF:3
FNH:1
FNDA:2,(anonymous_0)
FNDA:0,(anonymous_1)
FNDA:0,(anonymous_2)
DA:13,1
DA:14,2
DA:16,2
DA:18,0
DA:19,0
DA:20,0
DA:25,2
DA:102,1
LF:8
LH:5
BRDA:104,0,0,0
BRDA:104,0,1,0
BRF:2
BRH:0
end_of_record
TN:
SF:pages/index.tsx
FN:7,(anonymous_0)
FN:103,(anonymous_1)
FNF:2
FNH:1
FNDA:1,(anonymous_0)
FNDA:0,(anonymous_1)
DA:7,1
DA:8,1
DA:103,1
LF:3
LH:3
BRF:0
BRH:0
end_of_record
TN:
SF:pages/landing.tsx
FN:14,(anonymous_0)
FN:76,(anonymous_1)
FNF:2
FNH:1
FNDA:2,(anonymous_0)
FNDA:0,(anonymous_1)
DA:14,1
DA:15,2
DA:17,2
DA:76,1
LF:4
LH:4
BRDA:78,0,0,0
BRDA:78,0,1,0
BRF:2
BRH:0
end_of_record
TN:
SF:pages/status.tsx
FN:54,(anonymous_0)
FN:60,(anonymous_1)
FN:75,(anonymous_2)
FN:78,(anonymous_3)
FN:103,(anonymous_4)
FN:108,(anonymous_5)
FN:109,(anonymous_6)
FN:118,(anonymous_7)
FN:138,(anonymous_8)
FN:145,(anonymous_9)
FN:151,(anonymous_10)
FN:153,(anonymous_11)
FN:156,(anonymous_12)
FN:315,(anonymous_13)
FNF:14
FNH:2
FNDA:2,(anonymous_0)
FNDA:0,(anonymous_1)
FNDA:0,(anonymous_2)
FNDA:0,(anonymous_3)
FNDA:0,(anonymous_4)
FNDA:2,(anonymous_5)
FNDA:0,(anonymous_6)
FNDA:0,(anonymous_7)
FNDA:0,(anonymous_8)
FNDA:0,(anonymous_9)
FNDA:0,(anonymous_10)
FNDA:0,(anonymous_11)
FNDA:0,(anonymous_12)
FNDA:0,(anonymous_13)
DA:38,1
DA:45,1
DA:54,1
DA:55,2
DA:56,2
DA:57,2
DA:58,2
DA:60,2
DA:61,0
DA:62,0
DA:73,2
DA:76,0
DA:80,0
DA:81,0
DA:83,0
DA:85,0
DA:86,0
DA:99,2
DA:103,0
DA:107,2
DA:109,2
DA:110,0
DA:112,0
DA:117,2
DA:119,0
DA:120,0
DA:121,0
DA:122,0
DA:124,0
DA:125,0
DA:126,0
DA:137,2
DA:139,0
DA:144,2
DA:146,0
DA:151,2
DA:153,2
DA:155,2
DA:156,0
DA:161,2
DA:163,2
DA:315,1
LF:42
LH:21
BRDA:100,0,0,0
BRDA:100,0,1,2
BRDA:110,1,0,0
BRDA:110,1,1,0
BRDA:120,2,0,0
BRDA:120,2,1,0
BRDA:161,3,0,0
BRDA:161,3,1,2
BRDA:170,4,0,0
BRDA:170,4,1,2
BRDA:174,5,0,0
BRDA:174,5,1,0
BRDA:180,6,0,0
BRDA:180,6,1,0
BRDA:214,7,0,2
BRDA:214,7,1,0
BRDA:230,8,0,2
BRDA:230,8,1,0
BRDA:251,9,0,2
BRDA:251,9,1,0
BRDA:261,10,0,2
BRDA:261,10,1,0
BRDA:271,11,0,2
BRDA:271,11,1,0
BRDA:317,12,0,0
BRDA:317,12,1,0
BRF:26
BRH:8
end_of_record
TN:
SF:pages/api/check-status.ts
FN:13,handler
FN:44,(anonymous_1)
FNF:2
FNH:2
FNDA:3,handler
FNDA:2,(anonymous_1)
DA:11,1
DA:17,3
DA:18,1
DA:19,1
DA:22,2
DA:23,2
DA:30,2
DA:31,2
DA:33,0
DA:34,0
DA:44,1
DA:48,2
DA:49,0
DA:52,0
DA:57,2
DA:58,2
DA:64,2
DA:65,2
DA:66,2
DA:68,2
DA:69,0
DA:70,0
DA:71,0
DA:73,0
DA:74,0
DA:77,0
DA:80,0
DA:85,2
DA:86,1
DA:91,1
DA:94,1
DA:95,1
LF:32
LH:21
BRDA:17,0,0,1
BRDA:17,0,1,2
BRDA:22,1,0,2
BRDA:22,1,1,0
BRDA:24,2,0,2
BRDA:24,2,1,0
BRDA:25,3,0,2
BRDA:25,3,1,0
BRDA:26,4,0,2
BRDA:26,4,1,0
BRDA:27,5,0,2
BRDA:27,5,1,0
BRDA:48,6,0,0
BRDA:48,6,1,2
BRDA:68,7,0,0
BRDA:68,7,1,2
BRDA:73,8,0,0
BRDA:73,8,1,0
BRDA:85,9,0,1
BRDA:85,9,1,1
BRDA:85,10,0,2
BRDA:85,10,1,1
BRF:22
BRH:13
end_of_record
TN:
SF:pages/api/email-esrf.ts
FN:8,handler
FN:36,(anonymous_1)
FNF:2
FNH:2
FNDA:3,handler
FNDA:1,(anonymous_1)
DA:6,1
DA:12,3
DA:13,1
DA:14,1
DA:17,2
DA:18,1
DA:21,1
DA:26,1
DA:28,1
DA:29,1
DA:31,0
DA:32,0
DA:36,1
DA:40,1
DA:41,0
DA:46,1
DA:65,1
DA:75,1
DA:76,1
LF:19
LH:16
BRDA:12,0,0,1
BRDA:12,0,1,2
BRDA:17,1,0,1
BRDA:17,1,1,1
BRDA:40,2,0,0
BRDA:40,2,1,1
BRDA:60,3,0,0
BRDA:60,3,1,1
BRF:8
BRH:6
end_of_record
TN:
SF:pages/api/health.ts
FN:5,handler
FNF:1
FNH:0
FNDA:0,handler
DA:9,0
DA:10,0
DA:11,0
DA:14,0
LF:4
LH:0
BRDA:9,0,0,0
BRDA:9,0,1,0
BRDA:15,1,0,0
BRDA:15,1,1,0
BRDA:16,2,0,0
BRDA:16,2,1,0
BRDA:17,3,0,0
BRDA:17,3,1,0
BRF:8
BRH:0
end_of_record
