<?xml version="1.0" encoding="UTF-8"?>
<coverage generated="1667249790116" clover="3.2.0">
  <project timestamp="1667249790116" name="All files">
    <metrics statements="236" coveredstatements="129" conditionals="164" coveredconditionals="56" methods="83" coveredmethods="39" elements="483" coveredelements="224" complexity="0" loc="236" ncloc="236" packages="4" files="31" classes="31"/>
    <package name="components">
      <metrics statements="48" coveredstatements="43" conditionals="34" coveredconditionals="24" methods="22" coveredmethods="17"/>
      <file name="ActionButton.tsx" path="/home/runner/work/passport-status/passport-status/components/ActionButton.tsx">
        <metrics statements="9" coveredstatements="9" conditionals="2" coveredconditionals="2" methods="1" coveredmethods="1"/>
        <line num="11" count="7" type="stmt"/>
        <line num="19" count="7" type="stmt"/>
        <line num="20" count="7" type="cond" truecount="2" falsecount="0"/>
        <line num="22" count="3" type="stmt"/>
        <line num="24" count="3" type="stmt"/>
        <line num="26" count="4" type="stmt"/>
        <line num="28" count="4" type="stmt"/>
        <line num="31" count="7" type="stmt"/>
        <line num="43" count="7" type="stmt"/>
      </file>
      <file name="DateModified.tsx" path="/home/runner/work/passport-status/passport-status/components/DateModified.tsx">
        <metrics statements="3" coveredstatements="3" conditionals="0" coveredconditionals="0" methods="1" coveredmethods="1"/>
        <line num="14" count="3" type="stmt"/>
        <line num="15" count="4" type="stmt"/>
        <line num="25" count="3" type="stmt"/>
      </file>
      <file name="ErrorSummary.tsx" path="/home/runner/work/passport-status/passport-status/components/ErrorSummary.tsx">
        <metrics statements="9" coveredstatements="5" conditionals="0" coveredconditionals="0" methods="6" coveredmethods="2"/>
        <line num="17" count="2" type="stmt"/>
        <line num="20" count="0" type="stmt"/>
        <line num="26" count="0" type="stmt"/>
        <line num="27" count="0" type="stmt"/>
        <line num="29" count="0" type="stmt"/>
        <line num="36" count="2" type="stmt"/>
        <line num="37" count="1" type="stmt"/>
        <line num="45" count="1" type="stmt"/>
        <line num="56" count="2" type="stmt"/>
      </file>
      <file name="Footer.tsx" path="/home/runner/work/passport-status/passport-status/components/Footer.tsx">
        <metrics statements="2" coveredstatements="2" conditionals="2" coveredconditionals="2" methods="2" coveredmethods="2"/>
        <line num="48" count="2" type="stmt"/>
        <line num="65" count="5" type="stmt"/>
      </file>
      <file name="Header.tsx" path="/home/runner/work/passport-status/passport-status/components/Header.tsx">
        <metrics statements="5" coveredstatements="5" conditionals="10" coveredconditionals="10" methods="1" coveredmethods="1"/>
        <line num="11" count="3" type="stmt"/>
        <line num="13" count="3" type="cond" truecount="2" falsecount="0"/>
        <line num="14" count="3" type="cond" truecount="2" falsecount="0"/>
        <line num="15" count="3" type="cond" truecount="2" falsecount="0"/>
        <line num="17" count="3" type="stmt"/>
      </file>
      <file name="InputErrorMessage.tsx" path="/home/runner/work/passport-status/passport-status/components/InputErrorMessage.tsx">
        <metrics statements="2" coveredstatements="2" conditionals="0" coveredconditionals="0" methods="1" coveredmethods="1"/>
        <line num="7" count="3" type="stmt"/>
        <line num="8" count="1" type="stmt"/>
      </file>
      <file name="InputField.tsx" path="/home/runner/work/passport-status/passport-status/components/InputField.tsx">
        <metrics statements="3" coveredstatements="3" conditionals="6" coveredconditionals="3" methods="1" coveredmethods="1"/>
        <line num="17" count="3" type="stmt"/>
        <line num="28" count="1" type="stmt"/>
        <line num="52" count="3" type="stmt"/>
      </file>
      <file name="InputLabel.tsx" path="/home/runner/work/passport-status/passport-status/components/InputLabel.tsx">
        <metrics statements="2" coveredstatements="2" conditionals="4" coveredconditionals="2" methods="1" coveredmethods="1"/>
        <line num="10" count="3" type="stmt"/>
        <line num="16" count="1" type="stmt"/>
      </file>
      <file name="Layout.tsx" path="/home/runner/work/passport-status/passport-status/components/Layout.tsx">
        <metrics statements="2" coveredstatements="2" conditionals="0" coveredconditionals="0" methods="1" coveredmethods="1"/>
        <line num="13" count="1" type="stmt"/>
        <line num="14" count="2" type="stmt"/>
      </file>
      <file name="LinkButton.tsx" path="/home/runner/work/passport-status/passport-status/components/LinkButton.tsx">
        <metrics statements="2" coveredstatements="2" conditionals="4" coveredconditionals="2" methods="1" coveredmethods="1"/>
        <line num="12" count="5" type="stmt"/>
        <line num="19" count="6" type="stmt"/>
      </file>
      <file name="LinkSummary.tsx" path="/home/runner/work/passport-status/passport-status/components/LinkSummary.tsx">
        <metrics statements="3" coveredstatements="3" conditionals="4" coveredconditionals="2" methods="2" coveredmethods="2"/>
        <line num="15" count="4" type="stmt"/>
        <line num="16" count="2" type="stmt"/>
        <line num="21" count="2" type="stmt"/>
      </file>
      <file name="MetaData.tsx" path="/home/runner/work/passport-status/passport-status/components/MetaData.tsx">
        <metrics statements="2" coveredstatements="2" conditionals="0" coveredconditionals="0" methods="1" coveredmethods="1"/>
        <line num="13" count="2" type="stmt"/>
        <line num="14" count="1" type="stmt"/>
      </file>
      <file name="Modal.tsx" path="/home/runner/work/passport-status/passport-status/components/Modal.tsx">
        <metrics statements="3" coveredstatements="2" conditionals="2" coveredconditionals="1" methods="2" coveredmethods="1"/>
        <line num="14" count="4" type="stmt"/>
        <line num="21" count="5" type="stmt"/>
        <line num="34" count="0" type="stmt"/>
      </file>
      <file name="StatusInfo.tsx" path="/home/runner/work/passport-status/passport-status/components/StatusInfo.tsx">
        <metrics statements="1" coveredstatements="1" conditionals="0" coveredconditionals="0" methods="1" coveredmethods="1"/>
        <line num="14" count="2" type="stmt"/>
      </file>
    </package>
    <package name="lib">
      <metrics statements="31" coveredstatements="9" conditionals="21" coveredconditionals="1" methods="8" coveredmethods="3"/>
      <file name="CheckStatusHook.ts" path="/home/runner/work/passport-status/passport-status/lib/CheckStatusHook.ts">
        <metrics statements="10" coveredstatements="0" conditionals="8" coveredconditionals="0" methods="3" coveredmethods="0"/>
        <line num="5" count="0" type="stmt"/>
        <line num="9" count="0" type="stmt"/>
        <line num="10" count="0" type="stmt"/>
        <line num="11" count="0" type="cond" truecount="0" falsecount="2"/>
        <line num="12" count="0" type="cond" truecount="0" falsecount="2"/>
        <line num="13" count="0" type="stmt"/>
        <line num="16" count="0" type="stmt"/>
        <line num="24" count="0" type="stmt"/>
        <line num="30" count="0" type="stmt"/>
        <line num="36" count="0" type="stmt"/>
      </file>
      <file name="StatusTypes.ts" path="/home/runner/work/passport-status/passport-status/lib/StatusTypes.ts">
        <metrics statements="2" coveredstatements="2" conditionals="0" coveredconditionals="0" methods="1" coveredmethods="1"/>
        <line num="37" count="1" type="stmt"/>
        <line num="39" count="1" type="stmt"/>
      </file>
      <file name="logger.js" path="/home/runner/work/passport-status/passport-status/lib/logger.js">
        <metrics statements="14" coveredstatements="7" conditionals="11" coveredconditionals="1" methods="2" coveredmethods="2"/>
        <line num="1" count="1" type="stmt"/>
        <line num="2" count="1" type="stmt"/>
        <line num="3" count="1" type="stmt"/>
        <line num="4" count="1" type="cond" truecount="1" falsecount="4"/>
        <line num="6" count="1" type="stmt"/>
        <line num="11" count="1" type="stmt"/>
        <line num="13" count="0" type="stmt"/>
        <line num="18" count="0" type="stmt"/>
        <line num="20" count="0" type="cond" truecount="0" falsecount="4"/>
        <line num="21" count="0" type="stmt"/>
        <line num="23" count="0" type="stmt"/>
        <line num="26" count="0" type="cond" truecount="0" falsecount="2"/>
        <line num="27" count="0" type="stmt"/>
        <line num="32" count="1" type="stmt"/>
      </file>
      <file name="useEmailEsrf.ts" path="/home/runner/work/passport-status/passport-status/lib/useEmailEsrf.ts">
        <metrics statements="5" coveredstatements="0" conditionals="2" coveredconditionals="0" methods="2" coveredmethods="0"/>
        <line num="5" count="0" type="stmt"/>
        <line num="8" count="0" type="stmt"/>
        <line num="9" count="0" type="stmt"/>
        <line num="17" count="0" type="cond" truecount="0" falsecount="2"/>
        <line num="18" count="0" type="stmt"/>
      </file>
    </package>
    <package name="pages">
      <metrics statements="95" coveredstatements="54" conditionals="65" coveredconditionals="16" methods="44" coveredmethods="14"/>
      <file name="404.tsx" path="/home/runner/work/passport-status/passport-status/pages/404.tsx">
        <metrics statements="2" coveredstatements="2" conditionals="0" coveredconditionals="0" methods="1" coveredmethods="1"/>
        <line num="3" count="1" type="stmt"/>
        <line num="4" count="1" type="stmt"/>
      </file>
      <file name="_app.tsx" path="/home/runner/work/passport-status/passport-status/pages/_app.tsx">
        <metrics statements="3" coveredstatements="3" conditionals="0" coveredconditionals="0" methods="1" coveredmethods="1"/>
        <line num="8" count="1" type="stmt"/>
        <line num="10" count="1" type="stmt"/>
        <line num="11" count="1" type="stmt"/>
      </file>
      <file name="_document.tsx" path="/home/runner/work/passport-status/passport-status/pages/_document.tsx">
        <metrics statements="3" coveredstatements="0" conditionals="4" coveredconditionals="0" methods="2" coveredmethods="0"/>
        <line num="14" count="0" type="stmt"/>
        <line num="16" count="0" type="stmt"/>
        <line num="19" count="0" type="stmt"/>
      </file>
      <file name="_error.tsx" path="/home/runner/work/passport-status/passport-status/pages/_error.tsx">
        <metrics statements="5" coveredstatements="3" conditionals="7" coveredconditionals="4" methods="2" coveredmethods="1"/>
        <line num="8" count="1" type="stmt"/>
        <line num="9" count="2" type="stmt"/>
        <line num="79" count="1" type="stmt"/>
        <line num="80" count="0" type="cond" truecount="0" falsecount="3"/>
        <line num="81" count="0" type="stmt"/>
      </file>
      <file name="consent.tsx" path="/home/runner/work/passport-status/passport-status/pages/consent.tsx">
        <metrics statements="6" coveredstatements="4" conditionals="2" coveredconditionals="0" methods="3" coveredmethods="1"/>
        <line num="10" count="1" type="stmt"/>
        <line num="11" count="2" type="stmt"/>
        <line num="13" count="2" type="stmt"/>
        <line num="26" count="0" type="stmt"/>
        <line num="27" count="0" type="stmt"/>
        <line num="40" count="1" type="stmt"/>
      </file>
      <file name="contact.tsx" path="/home/runner/work/passport-status/passport-status/pages/contact.tsx">
        <metrics statements="8" coveredstatements="5" conditionals="2" coveredconditionals="0" methods="5" coveredmethods="1"/>
        <line num="10" count="1" type="stmt"/>
        <line num="11" count="2" type="stmt"/>
        <line num="12" count="2" type="stmt"/>
        <line num="14" count="2" type="stmt"/>
        <line num="34" count="0" type="stmt"/>
        <line num="38" count="0" type="stmt"/>
        <line num="43" count="0" type="stmt"/>
        <line num="52" count="1" type="stmt"/>
      </file>
      <file name="email.tsx" path="/home/runner/work/passport-status/passport-status/pages/email.tsx">
        <metrics statements="24" coveredstatements="15" conditionals="22" coveredconditionals="3" methods="9" coveredmethods="4"/>
        <line num="21" count="1" type="stmt"/>
        <line num="29" count="3" type="stmt"/>
        <line num="30" count="3" type="stmt"/>
        <line num="31" count="2" type="stmt"/>
        <line num="38" count="2" type="stmt"/>
        <line num="40" count="2" type="stmt"/>
        <line num="55" count="0" type="stmt"/>
        <line num="58" count="2" type="stmt"/>
        <line num="59" count="2" type="stmt"/>
        <line num="63" count="2" type="cond" truecount="1" falsecount="1"/>
        <line num="65" count="2" type="stmt"/>
        <line num="66" count="2" type="cond" truecount="1" falsecount="1"/>
        <line num="67" count="0" type="stmt"/>
        <line num="71" count="2" type="stmt"/>
        <line num="78" count="2" type="cond" truecount="1" falsecount="1"/>
        <line num="79" count="0" type="cond" truecount="0" falsecount="2"/>
        <line num="80" count="0" type="stmt"/>
        <line num="94" count="0" type="cond" truecount="0" falsecount="2"/>
        <line num="95" count="0" type="stmt"/>
        <line num="170" count="0" type="stmt"/>
        <line num="174" count="0" type="stmt"/>
        <line num="180" count="0" type="stmt"/>
        <line num="193" count="2" type="stmt"/>
        <line num="208" count="1" type="stmt"/>
      </file>
      <file name="index.tsx" path="/home/runner/work/passport-status/passport-status/pages/index.tsx">
        <metrics statements="2" coveredstatements="2" conditionals="0" coveredconditionals="0" methods="1" coveredmethods="1"/>
        <line num="7" count="1" type="stmt"/>
        <line num="8" count="1" type="stmt"/>
      </file>
      <file name="landing.tsx" path="/home/runner/work/passport-status/passport-status/pages/landing.tsx">
        <metrics statements="4" coveredstatements="4" conditionals="2" coveredconditionals="0" methods="2" coveredmethods="1"/>
        <line num="8" count="1" type="stmt"/>
        <line num="9" count="2" type="stmt"/>
        <line num="11" count="2" type="stmt"/>
        <line num="31" count="1" type="stmt"/>
      </file>
      <file name="privacy.tsx" path="/home/runner/work/passport-status/passport-status/pages/privacy.tsx">
        <metrics statements="8" coveredstatements="0" conditionals="6" coveredconditionals="0" methods="5" coveredmethods="0"/>
        <line num="10" count="0" type="stmt"/>
        <line num="11" count="0" type="stmt"/>
        <line num="12" count="0" type="stmt"/>
        <line num="14" count="0" type="stmt"/>
        <line num="32" count="0" type="stmt"/>
        <line num="37" count="0" type="stmt"/>
        <line num="57" count="0" type="stmt"/>
        <line num="68" count="0" type="stmt"/>
      </file>
      <file name="status.tsx" path="/home/runner/work/passport-status/passport-status/pages/status.tsx">
        <metrics statements="30" coveredstatements="16" conditionals="20" coveredconditionals="9" methods="13" coveredmethods="3"/>
        <line num="21" count="1" type="stmt"/>
        <line num="28" count="1" type="stmt"/>
        <line num="29" count="2" type="stmt"/>
        <line num="30" count="2" type="stmt"/>
        <line num="32" count="2" type="stmt"/>
        <line num="36" count="2" type="stmt"/>
        <line num="52" count="0" type="stmt"/>
        <line num="53" count="0" type="stmt"/>
        <line num="56" count="0" type="stmt"/>
        <line num="65" count="2" type="stmt"/>
        <line num="72" count="2" type="stmt"/>
        <line num="73" count="2" type="stmt"/>
        <line num="74" count="0" type="stmt"/>
        <line num="76" count="0" type="stmt"/>
        <line num="83" count="2" type="stmt"/>
        <line num="85" count="0" type="stmt"/>
        <line num="86" count="0" type="stmt"/>
        <line num="87" count="0" type="stmt"/>
        <line num="93" count="2" type="cond" truecount="1" falsecount="1"/>
        <line num="95" count="2" type="stmt"/>
        <line num="103" count="2" type="cond" truecount="1" falsecount="1"/>
        <line num="104" count="0" type="stmt"/>
        <line num="108" count="0" type="stmt"/>
        <line num="131" count="2" type="cond" truecount="1" falsecount="1"/>
        <line num="132" count="0" type="stmt"/>
        <line num="153" count="2" type="stmt"/>
        <line num="224" count="0" type="stmt"/>
        <line num="228" count="0" type="stmt"/>
        <line num="234" count="0" type="stmt"/>
        <line num="249" count="1" type="stmt"/>
      </file>
    </package>
    <package name="pages.api">
      <metrics statements="62" coveredstatements="23" conditionals="44" coveredconditionals="15" methods="9" coveredmethods="5"/>
      <file name="check-status.ts" path="/home/runner/work/passport-status/passport-status/pages/api/check-status.ts">
        <metrics statements="39" coveredstatements="23" conditionals="34" coveredconditionals="15" methods="6" coveredmethods="5"/>
        <line num="18" count="1" type="stmt"/>
        <line num="21" count="2" type="stmt"/>
        <line num="22" count="2" type="stmt"/>
        <line num="27" count="2" type="stmt"/>
        <line num="28" count="20" type="stmt"/>
        <line num="30" count="2" type="stmt"/>
        <line num="37" count="18" type="cond" truecount="4" falsecount="0"/>
        <line num="41" count="36" type="stmt"/>
        <line num="55" count="2" type="cond" truecount="2" falsecount="0"/>
        <line num="56" count="1" type="stmt"/>
        <line num="66" count="1" type="stmt"/>
        <line num="70" count="0" type="cond" truecount="0" falsecount="2"/>
        <line num="71" count="0" type="stmt"/>
        <line num="74" count="0" type="stmt"/>
        <line num="77" count="0" type="stmt"/>
        <line num="81" count="0" type="cond" truecount="0" falsecount="2"/>
        <line num="83" count="0" type="stmt"/>
        <line num="85" count="0" type="stmt"/>
        <line num="87" count="0" type="cond" truecount="0" falsecount="2"/>
        <line num="88" count="0" type="stmt"/>
        <line num="91" count="0" type="stmt"/>
        <line num="94" count="0" type="cond" truecount="0" falsecount="4"/>
        <line num="95" count="0" type="stmt"/>
        <line num="98" count="0" type="stmt"/>
        <line num="105" count="2" type="cond" truecount="1" falsecount="1"/>
        <line num="106" count="0" type="stmt"/>
        <line num="107" count="0" type="stmt"/>
        <line num="110" count="2" type="cond" truecount="1" falsecount="1"/>
        <line num="111" count="2" type="stmt"/>
        <line num="118" count="2" type="stmt"/>
        <line num="119" count="2" type="stmt"/>
        <line num="120" count="2" type="cond" truecount="1" falsecount="1"/>
        <line num="126" count="1" type="stmt"/>
        <line num="128" count="1" type="stmt"/>
        <line num="130" count="1" type="cond" truecount="1" falsecount="1"/>
        <line num="131" count="1" type="stmt"/>
        <line num="132" count="1" type="stmt"/>
        <line num="133" count="1" type="stmt"/>
        <line num="136" count="0" type="stmt"/>
      </file>
      <file name="email-esrf.ts" path="/home/runner/work/passport-status/passport-status/pages/api/email-esrf.ts">
        <metrics statements="23" coveredstatements="0" conditionals="10" coveredconditionals="0" methods="3" coveredmethods="0"/>
        <line num="16" count="0" type="cond" truecount="0" falsecount="2"/>
        <line num="17" count="0" type="stmt"/>
        <line num="18" count="0" type="stmt"/>
        <line num="21" count="0" type="cond" truecount="0" falsecount="2"/>
        <line num="22" count="0" type="stmt"/>
        <line num="23" count="0" type="stmt"/>
        <line num="26" count="0" type="stmt"/>
        <line num="28" count="0" type="stmt"/>
        <line num="29" count="0" type="cond" truecount="0" falsecount="2"/>
        <line num="33" count="0" type="cond" truecount="0" falsecount="2"/>
        <line num="34" count="0" type="stmt"/>
        <line num="37" count="0" type="stmt"/>
        <line num="39" count="0" type="stmt"/>
        <line num="41" count="0" type="cond" truecount="0" falsecount="2"/>
        <line num="42" count="0" type="stmt"/>
        <line num="43" count="0" type="stmt"/>
        <line num="44" count="0" type="stmt"/>
        <line num="47" count="0" type="stmt"/>
        <line num="51" count="0" type="stmt"/>
        <line num="52" count="0" type="stmt"/>
        <line num="67" count="0" type="stmt"/>
        <line num="79" count="0" type="stmt"/>
        <line num="82" count="0" type="stmt"/>
      </file>
    </package>
  </project>
</coverage>
