<?xml version="1.0" encoding="UTF-8"?>
<coverage generated="1698328862678" clover="3.2.0">
  <project timestamp="1698328862679" name="All files">
    <metrics statements="547" coveredstatements="347" conditionals="325" coveredconditionals="149" methods="154" coveredmethods="84" elements="1026" coveredelements="580" complexity="0" loc="547" ncloc="547" packages="11" files="60" classes="60"/>
    <package name="src">
      <metrics statements="28" coveredstatements="14" conditionals="26" coveredconditionals="8" methods="7" coveredmethods="6"/>
      <file name="middleware.ts" path="/home/runner/work/passport-status/passport-status/src/middleware.ts">
        <metrics statements="14" coveredstatements="0" conditionals="18" coveredconditionals="0" methods="1" coveredmethods="0"/>
        <line num="6" count="0" type="stmt"/>
        <line num="7" count="0" type="stmt"/>
        <line num="10" count="0" type="stmt"/>
        <line num="11" count="0" type="stmt"/>
        <line num="13" count="0" type="cond" truecount="0" falsecount="2"/>
        <line num="18" count="0" type="stmt"/>
        <line num="21" count="0" type="stmt"/>
        <line num="23" count="0" type="cond" truecount="0" falsecount="4"/>
        <line num="24" count="0" type="stmt"/>
        <line num="28" count="0" type="cond" truecount="0" falsecount="5"/>
        <line num="29" count="0" type="stmt"/>
        <line num="32" count="0" type="cond" truecount="0" falsecount="2"/>
        <line num="36" count="0" type="stmt"/>
        <line num="39" count="0" type="stmt"/>
      </file>
      <file name="next-seo.config.ts" path="/home/runner/work/passport-status/passport-status/src/next-seo.config.ts">
        <metrics statements="14" coveredstatements="14" conditionals="8" coveredconditionals="8" methods="6" coveredmethods="6"/>
        <line num="12" count="2" type="stmt"/>
        <line num="16" count="7" type="cond" truecount="2" falsecount="0"/>
        <line num="17" count="4" type="stmt"/>
        <line num="29" count="2" type="stmt"/>
        <line num="32" count="7" type="cond" truecount="2" falsecount="0"/>
        <line num="33" count="4" type="stmt"/>
        <line num="47" count="3" type="stmt"/>
        <line num="107" count="2" type="stmt"/>
        <line num="141" count="2" type="stmt"/>
        <line num="176" count="2" type="stmt"/>
        <line num="177" count="5" type="stmt"/>
        <line num="178" count="5" type="cond" truecount="2" falsecount="0"/>
        <line num="179" count="4" type="cond" truecount="2" falsecount="0"/>
        <line num="180" count="3" type="stmt"/>
      </file>
    </package>
    <package name="src.@types">
      <metrics statements="1" coveredstatements="0" conditionals="0" coveredconditionals="0" methods="0" coveredmethods="0"/>
      <file name="i18next.d.ts" path="/home/runner/work/passport-status/passport-status/src/@types/i18next.d.ts">
        <metrics statements="0" coveredstatements="0" conditionals="0" coveredconditionals="0" methods="0" coveredmethods="0"/>
      </file>
      <file name="resources.ts" path="/home/runner/work/passport-status/passport-status/src/@types/resources.ts">
        <metrics statements="1" coveredstatements="0" conditionals="0" coveredconditionals="0" methods="0" coveredmethods="0"/>
        <line num="7" count="0" type="stmt"/>
      </file>
    </package>
    <package name="src.components">
      <metrics statements="227" coveredstatements="188" conditionals="130" coveredconditionals="86" methods="65" coveredmethods="51"/>
      <file name="ActionButton.tsx" path="/home/runner/work/passport-status/passport-status/src/components/ActionButton.tsx">
        <metrics statements="9" coveredstatements="9" conditionals="6" coveredconditionals="4" methods="1" coveredmethods="1"/>
        <line num="18" count="6" type="stmt"/>
        <line num="25" count="6" type="stmt"/>
        <line num="32" count="6" type="stmt"/>
        <line num="43" count="5" type="stmt"/>
        <line num="44" count="5" type="cond" truecount="1" falsecount="1"/>
        <line num="45" count="5" type="cond" truecount="2" falsecount="0"/>
        <line num="46" count="5" type="cond" truecount="1" falsecount="1"/>
        <line num="48" count="5" type="stmt"/>
        <line num="61" count="6" type="stmt"/>
      </file>
      <file name="AlertBlock.tsx" path="/home/runner/work/passport-status/passport-status/src/components/AlertBlock.tsx">
        <metrics statements="5" coveredstatements="4" conditionals="2" coveredconditionals="0" methods="2" coveredmethods="1"/>
        <line num="13" count="13" type="stmt"/>
        <line num="14" count="24" type="stmt"/>
        <line num="15" count="24" type="stmt"/>
        <line num="17" count="24" type="stmt"/>
        <line num="20" count="0" type="stmt"/>
      </file>
      <file name="AlertSection.tsx" path="/home/runner/work/passport-status/passport-status/src/components/AlertSection.tsx">
        <metrics statements="12" coveredstatements="11" conditionals="8" coveredconditionals="5" methods="2" coveredmethods="2"/>
        <line num="12" count="13" type="stmt"/>
        <line num="19" count="13" type="stmt"/>
        <line num="26" count="13" type="stmt"/>
        <line num="27" count="8" type="cond" truecount="3" falsecount="1"/>
        <line num="29" count="0" type="stmt"/>
        <line num="42" count="4" type="stmt"/>
        <line num="55" count="2" type="stmt"/>
        <line num="70" count="2" type="stmt"/>
        <line num="85" count="13" type="stmt"/>
        <line num="86" count="8" type="stmt"/>
        <line num="88" count="8" type="stmt"/>
        <line num="90" count="8" type="stmt"/>
      </file>
      <file name="ApplicationNameBar.tsx" path="/home/runner/work/passport-status/passport-status/src/components/ApplicationNameBar.tsx">
        <metrics statements="2" coveredstatements="2" conditionals="0" coveredconditionals="0" methods="1" coveredmethods="1"/>
        <line num="8" count="3" type="stmt"/>
        <line num="9" count="5" type="stmt"/>
      </file>
      <file name="Banner.tsx" path="/home/runner/work/passport-status/passport-status/src/components/Banner.tsx">
        <metrics statements="2" coveredstatements="2" conditionals="0" coveredconditionals="0" methods="1" coveredmethods="1"/>
        <line num="6" count="3" type="stmt"/>
        <line num="7" count="5" type="stmt"/>
      </file>
      <file name="CheckStatusInfo.tsx" path="/home/runner/work/passport-status/passport-status/src/components/CheckStatusInfo.tsx">
        <metrics statements="15" coveredstatements="5" conditionals="6" coveredconditionals="1" methods="1" coveredmethods="1"/>
        <line num="20" count="2" type="stmt"/>
        <line num="29" count="2" type="cond" truecount="1" falsecount="5"/>
        <line num="31" count="0" type="stmt"/>
        <line num="32" count="0" type="stmt"/>
        <line num="34" count="0" type="stmt"/>
        <line num="35" count="0" type="stmt"/>
        <line num="37" count="0" type="stmt"/>
        <line num="42" count="0" type="stmt"/>
        <line num="44" count="0" type="stmt"/>
        <line num="49" count="0" type="stmt"/>
        <line num="51" count="0" type="stmt"/>
        <line num="52" count="0" type="stmt"/>
        <line num="54" count="2" type="stmt"/>
        <line num="55" count="2" type="stmt"/>
        <line num="57" count="2" type="stmt"/>
      </file>
      <file name="Collapse.tsx" path="/home/runner/work/passport-status/passport-status/src/components/Collapse.tsx">
        <metrics statements="3" coveredstatements="3" conditionals="0" coveredconditionals="0" methods="1" coveredmethods="1"/>
        <line num="8" count="2" type="stmt"/>
        <line num="9" count="8" type="stmt"/>
        <line num="10" count="8" type="stmt"/>
      </file>
      <file name="DateModified.tsx" path="/home/runner/work/passport-status/passport-status/src/components/DateModified.tsx">
        <metrics statements="3" coveredstatements="3" conditionals="0" coveredconditionals="0" methods="1" coveredmethods="1"/>
        <line num="12" count="3" type="stmt"/>
        <line num="13" count="4" type="stmt"/>
        <line num="23" count="3" type="stmt"/>
      </file>
      <file name="DateSelect.tsx" path="/home/runner/work/passport-status/passport-status/src/components/DateSelect.tsx">
        <metrics statements="5" coveredstatements="4" conditionals="6" coveredconditionals="4" methods="3" coveredmethods="2"/>
        <line num="26" count="3" type="stmt"/>
        <line num="38" count="14" type="stmt"/>
        <line num="40" count="0" type="stmt"/>
        <line num="42" count="14" type="stmt"/>
        <line num="65" count="670" type="stmt"/>
      </file>
      <file name="DateSelectField.tsx" path="/home/runner/work/passport-status/passport-status/src/components/DateSelectField.tsx">
        <metrics statements="69" coveredstatements="55" conditionals="42" coveredconditionals="18" methods="18" coveredmethods="15"/>
        <line num="35" count="3" type="stmt"/>
        <line num="47" count="8" type="stmt"/>
        <line num="49" count="8" type="stmt"/>
        <line num="59" count="8" type="stmt"/>
        <line num="60" count="8" type="stmt"/>
        <line num="61" count="8" type="stmt"/>
        <line num="62" count="8" type="stmt"/>
        <line num="64" count="8" type="stmt"/>
        <line num="65" count="24" type="stmt"/>
        <line num="66" count="24" type="cond" truecount="1" falsecount="1"/>
        <line num="67" count="24" type="cond" truecount="2" falsecount="0"/>
        <line num="68" count="24" type="cond" truecount="2" falsecount="0"/>
        <line num="71" count="8" type="stmt"/>
        <line num="72" count="6" type="cond" truecount="2" falsecount="0"/>
        <line num="73" count="6" type="cond" truecount="2" falsecount="0"/>
        <line num="74" count="6" type="stmt"/>
        <line num="75" count="6" type="stmt"/>
        <line num="76" count="744" type="stmt"/>
        <line num="77" count="744" type="stmt"/>
        <line num="81" count="8" type="stmt"/>
        <line num="82" count="6" type="stmt"/>
        <line num="83" count="72" type="stmt"/>
        <line num="84" count="72" type="stmt"/>
        <line num="88" count="8" type="stmt"/>
        <line num="89" count="6" type="stmt"/>
        <line num="90" count="6" type="stmt"/>
        <line num="91" count="6" type="cond" truecount="1" falsecount="1"/>
        <line num="94" count="6" type="stmt"/>
        <line num="95" count="186" type="stmt"/>
        <line num="96" count="186" type="stmt"/>
        <line num="100" count="8" type="stmt"/>
        <line num="102" count="0" type="stmt"/>
        <line num="103" count="0" type="stmt"/>
        <line num="104" count="0" type="cond" truecount="0" falsecount="2"/>
        <line num="105" count="0" type="stmt"/>
        <line num="107" count="0" type="cond" truecount="0" falsecount="2"/>
        <line num="108" count="0" type="stmt"/>
        <line num="111" count="0" type="cond" truecount="0" falsecount="2"/>
        <line num="113" count="0" type="cond" truecount="0" falsecount="4"/>
        <line num="116" count="0" type="cond" truecount="0" falsecount="2"/>
        <line num="118" count="0" type="stmt"/>
        <line num="119" count="0" type="stmt"/>
        <line num="133" count="8" type="stmt"/>
        <line num="135" count="8" type="stmt"/>
        <line num="136" count="6" type="cond" truecount="1" falsecount="1"/>
        <line num="137" count="6" type="stmt"/>
        <line num="139" count="0" type="stmt"/>
        <line num="143" count="8" type="stmt"/>
        <line num="144" count="6" type="stmt"/>
        <line num="145" count="6" type="stmt"/>
        <line num="146" count="6" type="stmt"/>
        <line num="151" count="8" type="stmt"/>
        <line num="152" count="6" type="cond" truecount="2" falsecount="0"/>
        <line num="153" count="4" type="stmt"/>
        <line num="155" count="2" type="stmt"/>
        <line num="156" count="2" type="stmt"/>
        <line num="166" count="8" type="stmt"/>
        <line num="234" count="3" type="stmt"/>
        <line num="235" count="0" type="cond" truecount="0" falsecount="5"/>
        <line num="237" count="3" type="stmt"/>
        <line num="238" count="1002" type="stmt"/>
        <line num="241" count="3" type="stmt"/>
        <line num="250" count="2" type="stmt"/>
        <line num="251" count="2" type="stmt"/>
        <line num="252" count="2" type="stmt"/>
        <line num="253" count="2" type="stmt"/>
        <line num="255" count="2" type="cond" truecount="2" falsecount="3"/>
        <line num="256" count="2" type="stmt"/>
        <line num="259" count="0" type="stmt"/>
      </file>
      <file name="ErrorLayout.tsx" path="/home/runner/work/passport-status/passport-status/src/components/ErrorLayout.tsx">
        <metrics statements="2" coveredstatements="2" conditionals="0" coveredconditionals="0" methods="1" coveredmethods="1"/>
        <line num="7" count="3" type="stmt"/>
        <line num="8" count="4" type="stmt"/>
      </file>
      <file name="ErrorSummary.tsx" path="/home/runner/work/passport-status/passport-status/src/components/ErrorSummary.tsx">
        <metrics statements="15" coveredstatements="11" conditionals="0" coveredconditionals="0" methods="8" coveredmethods="4"/>
        <line num="17" count="1" type="stmt"/>
        <line num="20" count="0" type="stmt"/>
        <line num="25" count="1" type="stmt"/>
        <line num="29" count="0" type="stmt"/>
        <line num="30" count="0" type="stmt"/>
        <line num="31" count="0" type="stmt"/>
        <line num="34" count="1" type="stmt"/>
        <line num="35" count="1" type="stmt"/>
        <line num="38" count="1" type="stmt"/>
        <line num="39" count="1" type="stmt"/>
        <line num="42" count="1" type="stmt"/>
        <line num="43" count="1" type="stmt"/>
        <line num="44" count="1" type="stmt"/>
        <line num="47" count="1" type="stmt"/>
        <line num="56" count="1" type="stmt"/>
      </file>
      <file name="ExampleImage.tsx" path="/home/runner/work/passport-status/passport-status/src/components/ExampleImage.tsx">
        <metrics statements="2" coveredstatements="2" conditionals="2" coveredconditionals="2" methods="1" coveredmethods="1"/>
        <line num="17" count="2" type="stmt"/>
        <line num="18" count="2" type="stmt"/>
      </file>
      <file name="ExternalLink.tsx" path="/home/runner/work/passport-status/passport-status/src/components/ExternalLink.tsx">
        <metrics statements="3" coveredstatements="3" conditionals="0" coveredconditionals="0" methods="1" coveredmethods="1"/>
        <line num="18" count="14" type="stmt"/>
        <line num="23" count="2" type="stmt"/>
        <line num="24" count="2" type="stmt"/>
      </file>
      <file name="Footer.tsx" path="/home/runner/work/passport-status/passport-status/src/components/Footer.tsx">
        <metrics statements="3" coveredstatements="3" conditionals="0" coveredconditionals="0" methods="2" coveredmethods="2"/>
        <line num="44" count="2" type="stmt"/>
        <line num="51" count="2" type="stmt"/>
        <line num="64" count="5" type="stmt"/>
      </file>
      <file name="Header.tsx" path="/home/runner/work/passport-status/passport-status/src/components/Header.tsx">
        <metrics statements="9" coveredstatements="9" conditionals="12" coveredconditionals="12" methods="1" coveredmethods="1"/>
        <line num="15" count="2" type="stmt"/>
        <line num="16" count="3" type="stmt"/>
        <line num="17" count="3" type="stmt"/>
        <line num="18" count="3" type="stmt"/>
        <line num="20" count="3" type="cond" truecount="2" falsecount="0"/>
        <line num="21" count="3" type="cond" truecount="2" falsecount="0"/>
        <line num="22" count="3" type="cond" truecount="2" falsecount="0"/>
        <line num="23" count="3" type="stmt"/>
        <line num="25" count="3" type="stmt"/>
      </file>
      <file name="IdleTimeout.tsx" path="/home/runner/work/passport-status/passport-status/src/components/IdleTimeout.tsx">
        <metrics statements="21" coveredstatements="16" conditionals="8" coveredconditionals="8" methods="7" coveredmethods="4"/>
        <line num="14" count="3" type="stmt"/>
        <line num="15" count="3" type="stmt"/>
        <line num="16" count="3" type="stmt"/>
        <line num="17" count="3" type="stmt"/>
        <line num="18" count="3" type="stmt"/>
        <line num="20" count="3" type="stmt"/>
        <line num="21" count="0" type="stmt"/>
        <line num="22" count="0" type="stmt"/>
        <line num="25" count="3" type="stmt"/>
        <line num="26" count="0" type="stmt"/>
        <line num="27" count="0" type="stmt"/>
        <line num="30" count="3" type="stmt"/>
        <line num="32" count="1" type="stmt"/>
        <line num="37" count="3" type="stmt"/>
        <line num="38" count="2" type="stmt"/>
        <line num="39" count="2" type="stmt"/>
        <line num="40" count="2" type="stmt"/>
        <line num="45" count="3" type="stmt"/>
        <line num="46" count="2" type="stmt"/>
        <line num="49" count="3" type="stmt"/>
        <line num="55" count="0" type="stmt"/>
      </file>
      <file name="InputErrorMessage.tsx" path="/home/runner/work/passport-status/passport-status/src/components/InputErrorMessage.tsx">
        <metrics statements="2" coveredstatements="2" conditionals="0" coveredconditionals="0" methods="1" coveredmethods="1"/>
        <line num="6" count="7" type="stmt"/>
        <line num="7" count="2" type="stmt"/>
      </file>
      <file name="InputField.tsx" path="/home/runner/work/passport-status/passport-status/src/components/InputField.tsx">
        <metrics statements="14" coveredstatements="14" conditionals="22" coveredconditionals="19" methods="2" coveredmethods="2"/>
        <line num="19" count="3" type="stmt"/>
        <line num="33" count="2" type="stmt"/>
        <line num="34" count="2" type="stmt"/>
        <line num="35" count="2" type="stmt"/>
        <line num="36" count="2" type="stmt"/>
        <line num="37" count="2" type="stmt"/>
        <line num="39" count="2" type="stmt"/>
        <line num="40" count="2" type="stmt"/>
        <line num="41" count="2" type="cond" truecount="2" falsecount="0"/>
        <line num="42" count="2" type="cond" truecount="2" falsecount="0"/>
        <line num="43" count="2" type="cond" truecount="1" falsecount="1"/>
        <line num="44" count="2" type="cond" truecount="2" falsecount="0"/>
        <line num="47" count="2" type="stmt"/>
        <line num="94" count="3" type="stmt"/>
      </file>
      <file name="InputLabel.tsx" path="/home/runner/work/passport-status/passport-status/src/components/InputLabel.tsx">
        <metrics statements="2" coveredstatements="2" conditionals="4" coveredconditionals="4" methods="1" coveredmethods="1"/>
        <line num="9" count="7" type="stmt"/>
        <line num="16" count="11" type="stmt"/>
      </file>
      <file name="Layout.tsx" path="/home/runner/work/passport-status/passport-status/src/components/Layout.tsx">
        <metrics statements="3" coveredstatements="3" conditionals="0" coveredconditionals="0" methods="1" coveredmethods="1"/>
        <line num="11" count="1" type="stmt"/>
        <line num="12" count="2" type="stmt"/>
        <line num="14" count="2" type="stmt"/>
      </file>
      <file name="LinkButton.tsx" path="/home/runner/work/passport-status/passport-status/src/components/LinkButton.tsx">
        <metrics statements="8" coveredstatements="8" conditionals="10" coveredconditionals="8" methods="1" coveredmethods="1"/>
        <line num="18" count="3" type="stmt"/>
        <line num="25" count="3" type="stmt"/>
        <line num="30" count="3" type="stmt"/>
        <line num="42" count="4" type="stmt"/>
        <line num="43" count="4" type="cond" truecount="2" falsecount="0"/>
        <line num="44" count="4" type="cond" truecount="2" falsecount="0"/>
        <line num="45" count="4" type="cond" truecount="2" falsecount="0"/>
        <line num="47" count="4" type="stmt"/>
      </file>
      <file name="MarkdownContent.tsx" path="/home/runner/work/passport-status/passport-status/src/components/MarkdownContent.tsx">
        <metrics statements="4" coveredstatements="2" conditionals="0" coveredconditionals="0" methods="2" coveredmethods="0"/>
        <line num="11" count="13" type="stmt"/>
        <line num="12" count="0" type="stmt"/>
        <line num="15" count="13" type="stmt"/>
        <line num="16" count="0" type="stmt"/>
      </file>
      <file name="Modal.tsx" path="/home/runner/work/passport-status/passport-status/src/components/Modal.tsx">
        <metrics statements="14" coveredstatements="13" conditionals="2" coveredconditionals="1" methods="5" coveredmethods="5"/>
        <line num="14" count="3" type="stmt"/>
        <line num="21" count="1" type="stmt"/>
        <line num="22" count="1" type="stmt"/>
        <line num="24" count="1" type="stmt"/>
        <line num="25" count="1" type="cond" truecount="1" falsecount="1"/>
        <line num="26" count="1" type="stmt"/>
        <line num="28" count="0" type="stmt"/>
        <line num="32" count="1" type="stmt"/>
        <line num="33" count="1" type="stmt"/>
        <line num="34" count="1" type="stmt"/>
        <line num="35" count="1" type="stmt"/>
        <line num="36" count="1" type="stmt"/>
        <line num="42" count="1" type="stmt"/>
        <line num="65" count="1" type="stmt"/>
      </file>
    </package>
    <package name="src.components.check-status-responses">
      <metrics statements="18" coveredstatements="16" conditionals="4" coveredconditionals="1" methods="6" coveredmethods="5"/>
      <file name="CheckStatusFileBeingProcessed.tsx" path="/home/runner/work/passport-status/passport-status/src/components/check-status-responses/CheckStatusFileBeingProcessed.tsx">
        <metrics statements="3" coveredstatements="3" conditionals="0" coveredconditionals="0" methods="1" coveredmethods="1"/>
        <line num="6" count="4" type="stmt"/>
        <line num="7" count="4" type="stmt"/>
        <line num="8" count="4" type="stmt"/>
      </file>
      <file name="CheckStatusNoRecord.tsx" path="/home/runner/work/passport-status/passport-status/src/components/check-status-responses/CheckStatusNoRecord.tsx">
        <metrics statements="3" coveredstatements="3" conditionals="0" coveredconditionals="0" methods="1" coveredmethods="1"/>
        <line num="6" count="3" type="stmt"/>
        <line num="7" count="4" type="stmt"/>
        <line num="8" count="4" type="stmt"/>
      </file>
      <file name="CheckStatusNotAcceptable.tsx" path="/home/runner/work/passport-status/passport-status/src/components/check-status-responses/CheckStatusNotAcceptable.tsx">
        <metrics statements="3" coveredstatements="3" conditionals="0" coveredconditionals="0" methods="1" coveredmethods="1"/>
        <line num="6" count="3" type="stmt"/>
        <line num="7" count="2" type="stmt"/>
        <line num="8" count="2" type="stmt"/>
      </file>
      <file name="CheckStatusReadyForPickup.tsx" path="/home/runner/work/passport-status/passport-status/src/components/check-status-responses/CheckStatusReadyForPickup.tsx">
        <metrics statements="3" coveredstatements="3" conditionals="0" coveredconditionals="0" methods="1" coveredmethods="1"/>
        <line num="6" count="3" type="stmt"/>
        <line num="7" count="2" type="stmt"/>
        <line num="8" count="2" type="stmt"/>
      </file>
      <file name="CheckStatusShippingCanadaPost.tsx" path="/home/runner/work/passport-status/passport-status/src/components/check-status-responses/CheckStatusShippingCanadaPost.tsx">
        <metrics statements="3" coveredstatements="1" conditionals="2" coveredconditionals="0" methods="1" coveredmethods="0"/>
        <line num="11" count="2" type="stmt"/>
        <line num="14" count="0" type="stmt"/>
        <line num="16" count="0" type="stmt"/>
      </file>
      <file name="CheckStatusShippingFedex.tsx" path="/home/runner/work/passport-status/passport-status/src/components/check-status-responses/CheckStatusShippingFedex.tsx">
        <metrics statements="3" coveredstatements="3" conditionals="2" coveredconditionals="1" methods="1" coveredmethods="1"/>
        <line num="11" count="3" type="stmt"/>
        <line num="14" count="2" type="stmt"/>
        <line num="15" count="2" type="stmt"/>
      </file>
    </package>
    <package name="src.components.error-pages">
      <metrics statements="4" coveredstatements="4" conditionals="10" coveredconditionals="10" methods="2" coveredmethods="2"/>
      <file name="Error404Page.tsx" path="/home/runner/work/passport-status/passport-status/src/components/error-pages/Error404Page.tsx">
        <metrics statements="2" coveredstatements="2" conditionals="0" coveredconditionals="0" methods="1" coveredmethods="1"/>
        <line num="6" count="1" type="stmt"/>
        <line num="7" count="2" type="stmt"/>
      </file>
      <file name="ErrorPage.tsx" path="/home/runner/work/passport-status/passport-status/src/components/error-pages/ErrorPage.tsx">
        <metrics statements="2" coveredstatements="2" conditionals="10" coveredconditionals="10" methods="1" coveredmethods="1"/>
        <line num="10" count="1" type="stmt"/>
        <line num="11" count="2" type="stmt"/>
      </file>
    </package>
    <package name="src.lib">
      <metrics statements="41" coveredstatements="1" conditionals="33" coveredconditionals="0" methods="11" coveredmethods="0"/>
      <file name="logger.js" path="/home/runner/work/passport-status/passport-status/src/lib/logger.js">
        <metrics statements="14" coveredstatements="0" conditionals="11" coveredconditionals="0" methods="2" coveredmethods="0"/>
        <line num="1" count="0" type="stmt"/>
        <line num="2" count="0" type="stmt"/>
        <line num="3" count="0" type="stmt"/>
        <line num="4" count="0" type="cond" truecount="0" falsecount="5"/>
        <line num="6" count="0" type="stmt"/>
        <line num="11" count="0" type="stmt"/>
        <line num="13" count="0" type="stmt"/>
        <line num="18" count="0" type="stmt"/>
        <line num="20" count="0" type="cond" truecount="0" falsecount="4"/>
        <line num="21" count="0" type="stmt"/>
        <line num="23" count="0" type="stmt"/>
        <line num="26" count="0" type="cond" truecount="0" falsecount="2"/>
        <line num="27" count="0" type="stmt"/>
        <line num="32" count="0" type="stmt"/>
      </file>
      <file name="removeCheckStatus.ts" path="/home/runner/work/passport-status/passport-status/src/lib/removeCheckStatus.ts">
        <metrics statements="2" coveredstatements="1" conditionals="0" coveredconditionals="0" methods="1" coveredmethods="0"/>
        <line num="3" count="1" type="stmt"/>
        <line num="4" count="0" type="stmt"/>
      </file>
      <file name="types.ts" path="/home/runner/work/passport-status/passport-status/src/lib/types.ts">
        <metrics statements="0" coveredstatements="0" conditionals="0" coveredconditionals="0" methods="0" coveredmethods="0"/>
      </file>
      <file name="useAlerts.ts" path="/home/runner/work/passport-status/passport-status/src/lib/useAlerts.ts">
        <metrics statements="10" coveredstatements="0" conditionals="10" coveredconditionals="0" methods="3" coveredmethods="0"/>
        <line num="6" count="0" type="stmt"/>
        <line num="10" count="0" type="stmt"/>
        <line num="11" count="0" type="cond" truecount="0" falsecount="2"/>
        <line num="13" count="0" type="stmt"/>
        <line num="18" count="0" type="cond" truecount="0" falsecount="2"/>
        <line num="19" count="0" type="cond" truecount="0" falsecount="2"/>
        <line num="20" count="0" type="stmt"/>
        <line num="23" count="0" type="stmt"/>
        <line num="30" count="0" type="stmt"/>
        <line num="33" count="0" type="stmt"/>
      </file>
      <file name="useCheckStatus.ts" path="/home/runner/work/passport-status/passport-status/src/lib/useCheckStatus.ts">
        <metrics statements="10" coveredstatements="0" conditionals="8" coveredconditionals="0" methods="3" coveredmethods="0"/>
        <line num="6" count="0" type="stmt"/>
        <line num="10" count="0" type="stmt"/>
        <line num="13" count="0" type="stmt"/>
        <line num="14" count="0" type="cond" truecount="0" falsecount="2"/>
        <line num="15" count="0" type="cond" truecount="0" falsecount="2"/>
        <line num="16" count="0" type="stmt"/>
        <line num="19" count="0" type="stmt"/>
        <line num="30" count="0" type="stmt"/>
        <line num="38" count="0" type="stmt"/>
        <line num="43" count="0" type="stmt"/>
      </file>
      <file name="useEmailEsrf.ts" path="/home/runner/work/passport-status/passport-status/src/lib/useEmailEsrf.ts">
        <metrics statements="5" coveredstatements="0" conditionals="4" coveredconditionals="0" methods="2" coveredmethods="0"/>
        <line num="6" count="0" type="stmt"/>
        <line num="12" count="0" type="stmt"/>
        <line num="15" count="0" type="stmt"/>
        <line num="23" count="0" type="cond" truecount="0" falsecount="2"/>
        <line num="24" count="0" type="stmt"/>
      </file>
    </package>
    <package name="src.lib.mappers">
      <metrics statements="5" coveredstatements="2" conditionals="0" coveredconditionals="0" methods="3" coveredmethods="0"/>
      <file name="checkStatusApiResponseMapper.ts" path="/home/runner/work/passport-status/passport-status/src/lib/mappers/checkStatusApiResponseMapper.ts">
        <metrics statements="5" coveredstatements="2" conditionals="0" coveredconditionals="0" methods="3" coveredmethods="0"/>
        <line num="13" count="1" type="stmt"/>
        <line num="15" count="0" type="stmt"/>
        <line num="29" count="1" type="stmt"/>
        <line num="32" count="0" type="stmt"/>
        <line num="34" count="0" type="stmt"/>
      </file>
    </package>
    <package name="src.lib.utils">
      <metrics statements="14" coveredstatements="4" conditionals="8" coveredconditionals="0" methods="3" coveredmethods="1"/>
      <file name="fonts.ts" path="/home/runner/work/passport-status/passport-status/src/lib/utils/fonts.ts">
        <metrics statements="2" coveredstatements="0" conditionals="0" coveredconditionals="0" methods="0" coveredmethods="0"/>
        <line num="3" count="0" type="stmt"/>
        <line num="10" count="0" type="stmt"/>
      </file>
      <file name="next-i18next-utils.ts" path="/home/runner/work/passport-status/passport-status/src/lib/utils/next-i18next-utils.ts">
        <metrics statements="11" coveredstatements="3" conditionals="8" coveredconditionals="0" methods="2" coveredmethods="0"/>
        <line num="9" count="4" type="stmt"/>
        <line num="17" count="4" type="stmt"/>
        <line num="24" count="0" type="stmt"/>
        <line num="26" count="0" type="cond" truecount="0" falsecount="2"/>
        <line num="27" count="0" type="stmt"/>
        <line num="30" count="0" type="cond" truecount="0" falsecount="2"/>
        <line num="31" count="0" type="stmt"/>
        <line num="34" count="0" type="stmt"/>
        <line num="35" count="0" type="stmt"/>
        <line num="44" count="4" type="stmt"/>
        <line num="51" count="0" type="stmt"/>
      </file>
      <file name="seo-utils.ts" path="/home/runner/work/passport-status/passport-status/src/lib/utils/seo-utils.ts">
        <metrics statements="1" coveredstatements="1" conditionals="0" coveredconditionals="0" methods="1" coveredmethods="1"/>
        <line num="5" count="10" type="stmt"/>
      </file>
    </package>
    <package name="src.logging">
      <metrics statements="4" coveredstatements="4" conditionals="3" coveredconditionals="3" methods="2" coveredmethods="2"/>
      <file name="log-level.tsx" path="/home/runner/work/passport-status/passport-status/src/logging/log-level.tsx">
        <metrics statements="1" coveredstatements="1" conditionals="0" coveredconditionals="0" methods="0" coveredmethods="0"/>
        <line num="1" count="2" type="stmt"/>
      </file>
      <file name="log-util.tsx" path="/home/runner/work/passport-status/passport-status/src/logging/log-util.tsx">
        <metrics statements="3" coveredstatements="3" conditionals="3" coveredconditionals="3" methods="2" coveredmethods="2"/>
        <line num="5" count="2" type="stmt"/>
        <line num="10" count="2" type="cond" truecount="3" falsecount="0"/>
        <line num="14" count="2" type="stmt"/>
      </file>
    </package>
    <package name="src.pages">
      <metrics statements="128" coveredstatements="77" conditionals="63" coveredconditionals="22" methods="44" coveredmethods="13"/>
      <file name="_app.tsx" path="/home/runner/work/passport-status/passport-status/src/pages/_app.tsx">
        <metrics statements="19" coveredstatements="19" conditionals="4" coveredconditionals="4" methods="4" coveredmethods="4"/>
        <line num="18" count="1" type="stmt"/>
        <line num="23" count="1" type="stmt"/>
        <line num="25" count="1" type="stmt"/>
        <line num="26" count="2" type="stmt"/>
        <line num="28" count="2" type="stmt"/>
        <line num="29" count="2" type="stmt"/>
        <line num="30" count="2" type="stmt"/>
        <line num="35" count="2" type="stmt"/>
        <line num="36" count="2" type="stmt"/>
        <line num="38" count="2" type="cond" truecount="2" falsecount="0"/>
        <line num="39" count="1" type="stmt"/>
        <line num="40" count="1" type="stmt"/>
        <line num="44" count="2" type="stmt"/>
        <line num="45" count="2" type="stmt"/>
        <line num="46" count="2" type="stmt"/>
        <line num="47" count="2" type="stmt"/>
        <line num="48" count="2" type="stmt"/>
        <line num="49" count="2" type="stmt"/>
        <line num="53" count="2" type="stmt"/>
      </file>
      <file name="_document.tsx" path="/home/runner/work/passport-status/passport-status/src/pages/_document.tsx">
        <metrics statements="3" coveredstatements="0" conditionals="4" coveredconditionals="0" methods="2" coveredmethods="0"/>
        <line num="14" count="0" type="stmt"/>
        <line num="16" count="0" type="stmt"/>
        <line num="19" count="0" type="stmt"/>
      </file>
      <file name="_error.tsx" path="/home/runner/work/passport-status/passport-status/src/pages/_error.tsx">
        <metrics statements="6" coveredstatements="4" conditionals="5" coveredconditionals="2" methods="2" coveredmethods="1"/>
        <line num="10" count="1" type="stmt"/>
        <line num="11" count="3" type="cond" truecount="2" falsecount="0"/>
        <line num="12" count="2" type="stmt"/>
        <line num="15" count="1" type="stmt"/>
        <line num="16" count="0" type="cond" truecount="0" falsecount="3"/>
        <line num="17" count="0" type="stmt"/>
      </file>
      <file name="email.tsx" path="/home/runner/work/passport-status/passport-status/src/pages/email.tsx">
        <metrics statements="38" coveredstatements="19" conditionals="20" coveredconditionals="7" methods="14" coveredmethods="2"/>
        <line num="30" count="1" type="stmt"/>
        <line num="38" count="1" type="stmt"/>
        <line num="49" count="1" type="stmt"/>
        <line num="50" count="0" type="stmt"/>
        <line num="52" count="0" type="stmt"/>
        <line num="53" count="0" type="cond" truecount="0" falsecount="2"/>
        <line num="54" count="0" type="stmt"/>
        <line num="55" count="0" type="stmt"/>
        <line num="59" count="1" type="stmt"/>
        <line num="60" count="2" type="stmt"/>
        <line num="62" count="2" type="stmt"/>
        <line num="63" count="2" type="stmt"/>
        <line num="71" count="2" type="stmt"/>
        <line num="80" count="2" type="stmt"/>
        <line num="83" count="0" type="cond" truecount="0" falsecount="2"/>
        <line num="86" count="0" type="stmt"/>
        <line num="87" count="0" type="stmt"/>
        <line num="89" count="0" type="stmt"/>
        <line num="91" count="0" type="stmt"/>
        <line num="92" count="0" type="stmt"/>
        <line num="100" count="2" type="stmt"/>
        <line num="102" count="2" type="stmt"/>
        <line num="103" count="0" type="cond" truecount="0" falsecount="2"/>
        <line num="105" count="0" type="stmt"/>
        <line num="110" count="2" type="stmt"/>
        <line num="112" count="0" type="stmt"/>
        <line num="117" count="2" type="stmt"/>
        <line num="119" count="2" type="stmt"/>
        <line num="121" count="2" type="stmt"/>
        <line num="122" count="0" type="stmt"/>
        <line num="126" count="2" type="stmt"/>
        <line num="128" count="0" type="stmt"/>
        <line num="129" count="0" type="stmt"/>
        <line num="130" count="0" type="stmt"/>
        <line num="131" count="0" type="stmt"/>
        <line num="137" count="2" type="cond" truecount="1" falsecount="1"/>
        <line num="139" count="2" type="stmt"/>
        <line num="317" count="1" type="stmt"/>
      </file>
      <file name="expectations.tsx" path="/home/runner/work/passport-status/passport-status/src/pages/expectations.tsx">
        <metrics statements="8" coveredstatements="5" conditionals="2" coveredconditionals="0" methods="3" coveredmethods="1"/>
        <line num="17" count="1" type="stmt"/>
        <line num="18" count="2" type="stmt"/>
        <line num="20" count="2" type="stmt"/>
        <line num="22" count="0" type="stmt"/>
        <line num="23" count="0" type="stmt"/>
        <line num="24" count="0" type="stmt"/>
        <line num="29" count="2" type="stmt"/>
        <line num="116" count="1" type="stmt"/>
      </file>
      <file name="index.tsx" path="/home/runner/work/passport-status/passport-status/src/pages/index.tsx">
        <metrics statements="3" coveredstatements="3" conditionals="0" coveredconditionals="0" methods="2" coveredmethods="1"/>
        <line num="8" count="1" type="stmt"/>
        <line num="9" count="2" type="stmt"/>
        <line num="112" count="1" type="stmt"/>
      </file>
      <file name="landing.tsx" path="/home/runner/work/passport-status/passport-status/src/pages/landing.tsx">
        <metrics statements="4" coveredstatements="4" conditionals="0" coveredconditionals="0" methods="2" coveredmethods="1"/>
        <line num="14" count="1" type="stmt"/>
        <line num="15" count="2" type="stmt"/>
        <line num="17" count="2" type="stmt"/>
        <line num="166" count="1" type="stmt"/>
      </file>
      <file name="status.tsx" path="/home/runner/work/passport-status/passport-status/src/pages/status.tsx">
        <metrics statements="47" coveredstatements="23" conditionals="28" coveredconditionals="9" methods="15" coveredmethods="3"/>
        <line num="40" count="1" type="stmt"/>
        <line num="47" count="1" type="stmt"/>
        <line num="56" count="1" type="stmt"/>
        <line num="57" count="0" type="stmt"/>
        <line num="59" count="0" type="stmt"/>
        <line num="60" count="0" type="cond" truecount="0" falsecount="2"/>
        <line num="61" count="0" type="stmt"/>
        <line num="62" count="0" type="stmt"/>
        <line num="66" count="1" type="stmt"/>
        <line num="67" count="2" type="stmt"/>
        <line num="69" count="2" type="stmt"/>
        <line num="70" count="2" type="stmt"/>
        <line num="71" count="2" type="stmt"/>
        <line num="81" count="2" type="stmt"/>
        <line num="84" count="0" type="stmt"/>
        <line num="88" count="0" type="stmt"/>
        <line num="89" count="0" type="stmt"/>
        <line num="91" count="0" type="stmt"/>
        <line num="93" count="0" type="stmt"/>
        <line num="94" count="0" type="stmt"/>
        <line num="107" count="2" type="stmt"/>
        <line num="114" count="2" type="stmt"/>
        <line num="115" count="2" type="cond" truecount="1" falsecount="1"/>
        <line num="116" count="0" type="stmt"/>
        <line num="120" count="2" type="stmt"/>
        <line num="122" count="2" type="stmt"/>
        <line num="123" count="0" type="cond" truecount="0" falsecount="2"/>
        <line num="125" count="0" type="stmt"/>
        <line num="130" count="2" type="stmt"/>
        <line num="132" count="0" type="stmt"/>
        <line num="133" count="0" type="cond" truecount="0" falsecount="2"/>
        <line num="134" count="0" type="stmt"/>
        <line num="135" count="0" type="stmt"/>
        <line num="137" count="0" type="stmt"/>
        <line num="138" count="0" type="stmt"/>
        <line num="139" count="0" type="stmt"/>
        <line num="144" count="2" type="stmt"/>
        <line num="146" count="0" type="stmt"/>
        <line num="151" count="2" type="stmt"/>
        <line num="153" count="0" type="stmt"/>
        <line num="158" count="2" type="stmt"/>
        <line num="160" count="2" type="stmt"/>
        <line num="162" count="2" type="stmt"/>
        <line num="163" count="0" type="stmt"/>
        <line num="167" count="2" type="cond" truecount="1" falsecount="1"/>
        <line num="169" count="2" type="stmt"/>
        <line num="314" count="1" type="stmt"/>
      </file>
    </package>
    <package name="src.pages.api">
      <metrics statements="77" coveredstatements="37" conditionals="48" coveredconditionals="19" methods="11" coveredmethods="4"/>
      <file name="alerts.ts" path="/home/runner/work/passport-status/passport-status/src/pages/api/alerts.ts">
        <metrics statements="22" coveredstatements="0" conditionals="10" coveredconditionals="0" methods="6" coveredmethods="0"/>
        <line num="6" count="0" type="stmt"/>
        <line num="12" count="0" type="stmt"/>
        <line num="13" count="0" type="cond" truecount="0" falsecount="2"/>
        <line num="14" count="0" type="stmt"/>
        <line num="15" count="0" type="stmt"/>
        <line num="20" count="0" type="cond" truecount="0" falsecount="2"/>
        <line num="21" count="0" type="stmt"/>
        <line num="22" count="0" type="stmt"/>
        <line num="25" count="0" type="stmt"/>
        <line num="26" count="0" type="stmt"/>
        <line num="28" count="0" type="stmt"/>
        <line num="30" count="0" type="stmt"/>
        <line num="33" count="0" type="stmt"/>
        <line num="35" count="0" type="stmt"/>
        <line num="37" count="0" type="cond" truecount="0" falsecount="2"/>
        <line num="40" count="0" type="cond" truecount="0" falsecount="2"/>
        <line num="42" count="0" type="stmt"/>
        <line num="45" count="0" type="cond" truecount="0" falsecount="2"/>
        <line num="48" count="0" type="stmt"/>
        <line num="55" count="0" type="stmt"/>
        <line num="58" count="0" type="stmt"/>
        <line num="59" count="0" type="stmt"/>
      </file>
      <file name="check-status.ts" path="/home/runner/work/passport-status/passport-status/src/pages/api/check-status.ts">
        <metrics statements="32" coveredstatements="21" conditionals="22" coveredconditionals="13" methods="2" coveredmethods="2"/>
        <line num="11" count="1" type="stmt"/>
        <line num="17" count="3" type="cond" truecount="2" falsecount="0"/>
        <line num="18" count="1" type="stmt"/>
        <line num="19" count="1" type="stmt"/>
        <line num="22" count="2" type="cond" truecount="1" falsecount="1"/>
        <line num="23" count="2" type="stmt"/>
        <line num="30" count="2" type="stmt"/>
        <line num="31" count="2" type="stmt"/>
        <line num="33" count="0" type="stmt"/>
        <line num="34" count="0" type="stmt"/>
        <line num="44" count="1" type="stmt"/>
        <line num="48" count="2" type="cond" truecount="1" falsecount="1"/>
        <line num="49" count="0" type="stmt"/>
        <line num="52" count="0" type="stmt"/>
        <line num="57" count="2" type="stmt"/>
        <line num="58" count="2" type="stmt"/>
        <line num="64" count="2" type="stmt"/>
        <line num="65" count="2" type="stmt"/>
        <line num="66" count="2" type="stmt"/>
        <line num="68" count="2" type="cond" truecount="1" falsecount="1"/>
        <line num="69" count="0" type="stmt"/>
        <line num="70" count="0" type="stmt"/>
        <line num="71" count="0" type="stmt"/>
        <line num="73" count="0" type="cond" truecount="0" falsecount="2"/>
        <line num="74" count="0" type="stmt"/>
        <line num="77" count="0" type="stmt"/>
        <line num="80" count="0" type="stmt"/>
        <line num="85" count="2" type="cond" truecount="4" falsecount="0"/>
        <line num="86" count="1" type="stmt"/>
        <line num="91" count="1" type="stmt"/>
        <line num="94" count="1" type="stmt"/>
        <line num="95" count="1" type="stmt"/>
      </file>
      <file name="email-esrf.ts" path="/home/runner/work/passport-status/passport-status/src/pages/api/email-esrf.ts">
        <metrics statements="19" coveredstatements="16" conditionals="8" coveredconditionals="6" methods="2" coveredmethods="2"/>
        <line num="6" count="1" type="stmt"/>
        <line num="12" count="3" type="cond" truecount="2" falsecount="0"/>
        <line num="13" count="1" type="stmt"/>
        <line num="14" count="1" type="stmt"/>
        <line num="17" count="2" type="cond" truecount="2" falsecount="0"/>
        <line num="18" count="1" type="stmt"/>
        <line num="21" count="1" type="stmt"/>
        <line num="26" count="1" type="stmt"/>
        <line num="28" count="1" type="stmt"/>
        <line num="29" count="1" type="stmt"/>
        <line num="31" count="0" type="stmt"/>
        <line num="32" count="0" type="stmt"/>
        <line num="36" count="1" type="stmt"/>
        <line num="40" count="1" type="cond" truecount="1" falsecount="1"/>
        <line num="41" count="0" type="stmt"/>
        <line num="46" count="1" type="stmt"/>
        <line num="65" count="1" type="stmt"/>
        <line num="75" count="1" type="stmt"/>
        <line num="76" count="1" type="stmt"/>
      </file>
      <file name="health.ts" path="/home/runner/work/passport-status/passport-status/src/pages/api/health.ts">
        <metrics statements="4" coveredstatements="0" conditionals="8" coveredconditionals="0" methods="1" coveredmethods="0"/>
        <line num="9" count="0" type="cond" truecount="0" falsecount="2"/>
        <line num="10" count="0" type="stmt"/>
        <line num="11" count="0" type="stmt"/>
        <line num="14" count="0" type="stmt"/>
      </file>
    </package>
  </project>
</coverage>
