{"/home/runner/work/passport-status/passport-status/src/middleware.ts": {"path":"/home/runner/work/passport-status/passport-status/src/middleware.ts","statementMap":{"0":{"start":{"line":6,"column":20},"end":{"line":6,"column":29}},"1":{"start":{"line":7,"column":15},"end":{"line":7,"column":38}},"2":{"start":{"line":10,"column":36},"end":{"line":10,"column":39}},"3":{"start":{"line":11,"column":31},"end":{"line":11,"column":38}},"4":{"start":{"line":13,"column":2},"end":{"line":19,"column":3}},"5":{"start":{"line":18,"column":4},"end":{"line":18,"column":30}},"6":{"start":{"line":21,"column":2},"end":{"line":21,"column":19}},"7":{"start":{"line":23,"column":2},"end":{"line":25,"column":3}},"8":{"start":{"line":24,"column":4},"end":{"line":24,"column":64}},"9":{"start":{"line":28,"column":2},"end":{"line":30,"column":3}},"10":{"start":{"line":29,"column":4},"end":{"line":29,"column":51}},"11":{"start":{"line":32,"column":2},"end":{"line":37,"column":3}},"12":{"start":{"line":36,"column":4},"end":{"line":36,"column":73}},"13":{"start":{"line":39,"column":2},"end":{"line":39,"column":28}}},"fnMap":{"0":{"name":"middleware","decl":{"start":{"line":9,"column":22},"end":{"line":9,"column":32}},"loc":{"start":{"line":9,"column":51},"end":{"line":40,"column":1}},"line":9}},"branchMap":{"0":{"loc":{"start":{"line":13,"column":2},"end":{"line":19,"column":3}},"type":"if","locations":[{"start":{"line":13,"column":2},"end":{"line":19,"column":3}},{"start":{},"end":{}}],"line":13},"1":{"loc":{"start":{"line":14,"column":4},"end":{"line":16,"column":30}},"type":"binary-expr","locations":[{"start":{"line":14,"column":4},"end":{"line":14,"column":33}},{"start":{"line":15,"column":4},"end":{"line":15,"column":30}},{"start":{"line":16,"column":4},"end":{"line":16,"column":30}}],"line":14},"2":{"loc":{"start":{"line":23,"column":2},"end":{"line":25,"column":3}},"type":"if","locations":[{"start":{"line":23,"column":2},"end":{"line":25,"column":3}},{"start":{},"end":{}}],"line":23},"3":{"loc":{"start":{"line":23,"column":6},"end":{"line":23,"column":53}},"type":"binary-expr","locations":[{"start":{"line":23,"column":6},"end":{"line":23,"column":26}},{"start":{"line":23,"column":30},"end":{"line":23,"column":53}}],"line":23},"4":{"loc":{"start":{"line":28,"column":2},"end":{"line":30,"column":3}},"type":"if","locations":[{"start":{"line":28,"column":2},"end":{"line":30,"column":3}},{"start":{},"end":{}}],"line":28},"5":{"loc":{"start":{"line":28,"column":6},"end":{"line":28,"column":62}},"type":"binary-expr","locations":[{"start":{"line":28,"column":7},"end":{"line":28,"column":22}},{"start":{"line":28,"column":26},"end":{"line":28,"column":41}},{"start":{"line":28,"column":46},"end":{"line":28,"column":62}}],"line":28},"6":{"loc":{"start":{"line":32,"column":2},"end":{"line":37,"column":3}},"type":"if","locations":[{"start":{"line":32,"column":2},"end":{"line":37,"column":3}},{"start":{},"end":{}}],"line":32},"7":{"loc":{"start":{"line":33,"column":4},"end":{"line":34,"column":63}},"type":"binary-expr","locations":[{"start":{"line":33,"column":4},"end":{"line":33,"column":46}},{"start":{"line":34,"column":4},"end":{"line":34,"column":63}}],"line":33}},"s":{"0":0,"1":0,"2":0,"3":0,"4":0,"5":0,"6":0,"7":0,"8":0,"9":0,"10":0,"11":0,"12":0,"13":0},"f":{"0":0},"b":{"0":[0,0],"1":[0,0,0],"2":[0,0],"3":[0,0],"4":[0,0],"5":[0,0,0],"6":[0,0],"7":[0,0]}}
,"/home/runner/work/passport-status/passport-status/src/next-seo.config.ts": {"path":"/home/runner/work/passport-status/passport-status/src/next-seo.config.ts","statementMap":{"0":{"start":{"line":12,"column":37},"end":{"line":27,"column":1}},"1":{"start":{"line":16,"column":2},"end":{"line":16,"column":25}},"2":{"start":{"line":16,"column":19},"end":{"line":16,"column":25}},"3":{"start":{"line":17,"column":2},"end":{"line":26,"column":3}},"4":{"start":{"line":29,"column":34},"end":{"line":40,"column":1}},"5":{"start":{"line":32,"column":2},"end":{"line":32,"column":25}},"6":{"start":{"line":32,"column":19},"end":{"line":32,"column":25}},"7":{"start":{"line":33,"column":2},"end":{"line":39,"column":3}},"8":{"start":{"line":47,"column":50},"end":{"line":105,"column":2}},"9":{"start":{"line":47,"column":75},"end":{"line":105,"column":1}},"10":{"start":{"line":107,"column":50},"end":{"line":139,"column":2}},"11":{"start":{"line":107,"column":75},"end":{"line":139,"column":1}},"12":{"start":{"line":141,"column":49},"end":{"line":174,"column":2}},"13":{"start":{"line":141,"column":74},"end":{"line":174,"column":1}},"14":{"start":{"line":176,"column":50},"end":{"line":181,"column":1}},"15":{"start":{"line":177,"column":21},"end":{"line":177,"column":27}},"16":{"start":{"line":178,"column":2},"end":{"line":178,"column":66}},"17":{"start":{"line":178,"column":23},"end":{"line":178,"column":66}},"18":{"start":{"line":179,"column":2},"end":{"line":179,"column":65}},"19":{"start":{"line":179,"column":23},"end":{"line":179,"column":65}},"20":{"start":{"line":180,"column":2},"end":{"line":180,"column":45}}},"fnMap":{"0":{"name":"(anonymous_0)","decl":{"start":{"line":12,"column":37},"end":{"line":12,"column":38}},"loc":{"start":{"line":15,"column":51},"end":{"line":27,"column":1}},"line":15},"1":{"name":"(anonymous_1)","decl":{"start":{"line":29,"column":34},"end":{"line":29,"column":35}},"loc":{"start":{"line":31,"column":48},"end":{"line":40,"column":1}},"line":31},"2":{"name":"(anonymous_2)","decl":{"start":{"line":47,"column":50},"end":{"line":47,"column":51}},"loc":{"start":{"line":47,"column":75},"end":{"line":105,"column":1}},"line":47},"3":{"name":"(anonymous_3)","decl":{"start":{"line":107,"column":50},"end":{"line":107,"column":51}},"loc":{"start":{"line":107,"column":75},"end":{"line":139,"column":1}},"line":107},"4":{"name":"(anonymous_4)","decl":{"start":{"line":141,"column":49},"end":{"line":141,"column":50}},"loc":{"start":{"line":141,"column":74},"end":{"line":174,"column":1}},"line":141},"5":{"name":"(anonymous_5)","decl":{"start":{"line":176,"column":50},"end":{"line":176,"column":51}},"loc":{"start":{"line":176,"column":74},"end":{"line":181,"column":1}},"line":176}},"branchMap":{"0":{"loc":{"start":{"line":16,"column":2},"end":{"line":16,"column":25}},"type":"if","locations":[{"start":{"line":16,"column":2},"end":{"line":16,"column":25}},{"start":{},"end":{}}],"line":16},"1":{"loc":{"start":{"line":32,"column":2},"end":{"line":32,"column":25}},"type":"if","locations":[{"start":{"line":32,"column":2},"end":{"line":32,"column":25}},{"start":{},"end":{}}],"line":32},"2":{"loc":{"start":{"line":178,"column":2},"end":{"line":178,"column":66}},"type":"if","locations":[{"start":{"line":178,"column":2},"end":{"line":178,"column":66}},{"start":{},"end":{}}],"line":178},"3":{"loc":{"start":{"line":179,"column":2},"end":{"line":179,"column":65}},"type":"if","locations":[{"start":{"line":179,"column":2},"end":{"line":179,"column":65}},{"start":{},"end":{}}],"line":179}},"s":{"0":2,"1":7,"2":3,"3":4,"4":2,"5":7,"6":3,"7":4,"8":2,"9":3,"10":2,"11":1,"12":2,"13":1,"14":2,"15":5,"16":5,"17":1,"18":4,"19":1,"20":3},"f":{"0":7,"1":7,"2":3,"3":1,"4":1,"5":5},"b":{"0":[3,4],"1":[3,4],"2":[1,4],"3":[1,3]},"_coverageSchema":"1a1c01bbd47fc00a2c39e90264f33305004495a9","hash":"6fb0c29dc1b5ace4236f821c92e940ec966a06a2"}
,"/home/runner/work/passport-status/passport-status/src/components/ActionButton.tsx": {"path":"/home/runner/work/passport-status/passport-status/src/components/ActionButton.tsx","statementMap":{"0":{"start":{"line":18,"column":14},"end":{"line":23,"column":1}},"1":{"start":{"line":25,"column":15},"end":{"line":30,"column":1}},"2":{"start":{"line":32,"column":44},"end":{"line":59,"column":1}},"3":{"start":{"line":43,"column":4},"end":{"line":43,"column":236}},"4":{"start":{"line":44,"column":27},"end":{"line":44,"column":59}},"5":{"start":{"line":45,"column":22},"end":{"line":45,"column":41}},"6":{"start":{"line":46,"column":23},"end":{"line":46,"column":49}},"7":{"start":{"line":48,"column":2},"end":{"line":58,"column":3}},"8":{"start":{"line":61,"column":0},"end":{"line":64,"column":1}}},"fnMap":{"0":{"name":"(anonymous_0)","decl":{"start":{"line":32,"column":44},"end":{"line":32,"column":45}},"loc":{"start":{"line":41,"column":6},"end":{"line":59,"column":1}},"line":41}},"branchMap":{"0":{"loc":{"start":{"line":44,"column":27},"end":{"line":44,"column":59}},"type":"cond-expr","locations":[{"start":{"line":44,"column":39},"end":{"line":44,"column":47}},{"start":{"line":44,"column":50},"end":{"line":44,"column":59}}],"line":44},"1":{"loc":{"start":{"line":45,"column":28},"end":{"line":45,"column":40}},"type":"binary-expr","locations":[{"start":{"line":45,"column":28},"end":{"line":45,"column":32}},{"start":{"line":45,"column":36},"end":{"line":45,"column":40}}],"line":45},"2":{"loc":{"start":{"line":46,"column":30},"end":{"line":46,"column":48}},"type":"binary-expr","locations":[{"start":{"line":46,"column":30},"end":{"line":46,"column":35}},{"start":{"line":46,"column":39},"end":{"line":46,"column":48}}],"line":46}},"s":{"0":6,"1":6,"2":6,"3":5,"4":5,"5":5,"6":5,"7":5,"8":6},"f":{"0":5},"b":{"0":[0,5],"1":[5,5],"2":[5,0]},"_coverageSchema":"1a1c01bbd47fc00a2c39e90264f33305004495a9","hash":"02b79533c3d69271d6290abe1b03843b0d8c3544"}
,"/home/runner/work/passport-status/passport-status/src/components/ApplicationNameBar.tsx": {"path":"/home/runner/work/passport-status/passport-status/src/components/ApplicationNameBar.tsx","statementMap":{"0":{"start":{"line":10,"column":56},"end":{"line":23,"column":1}},"1":{"start":{"line":11,"column":2},"end":{"line":22,"column":3}}},"fnMap":{"0":{"name":"(anonymous_0)","decl":{"start":{"line":10,"column":56},"end":{"line":10,"column":57}},"loc":{"start":{"line":10,"column":76},"end":{"line":23,"column":1}},"line":10}},"branchMap":{},"s":{"0":3,"1":5},"f":{"0":5},"b":{},"_coverageSchema":"1a1c01bbd47fc00a2c39e90264f33305004495a9","hash":"f5c79dc8f5cb0f40f1488e84afd8cbbfcd2fdb66"}
,"/home/runner/work/passport-status/passport-status/src/components/Banner.tsx": {"path":"/home/runner/work/passport-status/passport-status/src/components/Banner.tsx","statementMap":{"0":{"start":{"line":8,"column":32},"end":{"line":22,"column":1}},"1":{"start":{"line":9,"column":2},"end":{"line":21,"column":3}}},"fnMap":{"0":{"name":"(anonymous_0)","decl":{"start":{"line":8,"column":32},"end":{"line":8,"column":33}},"loc":{"start":{"line":8,"column":60},"end":{"line":22,"column":1}},"line":8}},"branchMap":{},"s":{"0":3,"1":5},"f":{"0":5},"b":{},"_coverageSchema":"1a1c01bbd47fc00a2c39e90264f33305004495a9","hash":"ff39baf702f4f321f010bb07dac49c749245e5cd"}
,"/home/runner/work/passport-status/passport-status/src/components/CheckStatusInfo.tsx": {"path":"/home/runner/work/passport-status/passport-status/src/components/CheckStatusInfo.tsx","statementMap":{"0":{"start":{"line":21,"column":57},"end":{"line":70,"column":1}},"1":{"start":{"line":30,"column":2},"end":{"line":57,"column":3}},"2":{"start":{"line":32,"column":6},"end":{"line":32,"column":57}},"3":{"start":{"line":33,"column":6},"end":{"line":33,"column":11}},"4":{"start":{"line":35,"column":6},"end":{"line":35,"column":53}},"5":{"start":{"line":36,"column":6},"end":{"line":36,"column":11}},"6":{"start":{"line":38,"column":6},"end":{"line":42,"column":7}},"7":{"start":{"line":43,"column":6},"end":{"line":43,"column":11}},"8":{"start":{"line":45,"column":6},"end":{"line":49,"column":7}},"9":{"start":{"line":50,"column":6},"end":{"line":50,"column":11}},"10":{"start":{"line":52,"column":6},"end":{"line":52,"column":52}},"11":{"start":{"line":53,"column":6},"end":{"line":53,"column":11}},"12":{"start":{"line":55,"column":6},"end":{"line":55,"column":47}},"13":{"start":{"line":56,"column":6},"end":{"line":56,"column":11}},"14":{"start":{"line":58,"column":2},"end":{"line":69,"column":3}}},"fnMap":{"0":{"name":"(anonymous_0)","decl":{"start":{"line":21,"column":57},"end":{"line":21,"column":58}},"loc":{"start":{"line":27,"column":6},"end":{"line":70,"column":1}},"line":27}},"branchMap":{"0":{"loc":{"start":{"line":30,"column":2},"end":{"line":57,"column":3}},"type":"switch","locations":[{"start":{"line":31,"column":4},"end":{"line":33,"column":11}},{"start":{"line":34,"column":4},"end":{"line":36,"column":11}},{"start":{"line":37,"column":4},"end":{"line":43,"column":11}},{"start":{"line":44,"column":4},"end":{"line":50,"column":11}},{"start":{"line":51,"column":4},"end":{"line":53,"column":11}},{"start":{"line":54,"column":4},"end":{"line":56,"column":11}}],"line":30}},"s":{"0":2,"1":2,"2":0,"3":0,"4":0,"5":0,"6":0,"7":0,"8":0,"9":0,"10":0,"11":0,"12":2,"13":2,"14":2},"f":{"0":2},"b":{"0":[0,0,0,0,0,2]},"_coverageSchema":"1a1c01bbd47fc00a2c39e90264f33305004495a9","hash":"0242b979486f4b99b1cdafbdf3dcf60c996c8f49"}
,"/home/runner/work/passport-status/passport-status/src/components/Collapse.tsx": {"path":"/home/runner/work/passport-status/passport-status/src/components/Collapse.tsx","statementMap":{"0":{"start":{"line":8,"column":36},"end":{"line":24,"column":1}},"1":{"start":{"line":9,"column":13},"end":{"line":9,"column":20}},"2":{"start":{"line":10,"column":2},"end":{"line":23,"column":3}}},"fnMap":{"0":{"name":"(anonymous_0)","decl":{"start":{"line":8,"column":36},"end":{"line":8,"column":37}},"loc":{"start":{"line":8,"column":61},"end":{"line":24,"column":1}},"line":8}},"branchMap":{},"s":{"0":2,"1":4,"2":4},"f":{"0":4},"b":{},"_coverageSchema":"1a1c01bbd47fc00a2c39e90264f33305004495a9","hash":"85ef1d8aba3bb9f8cd525e9845e12597d196cd1e"}
,"/home/runner/work/passport-status/passport-status/src/components/DateModified.tsx": {"path":"/home/runner/work/passport-status/passport-status/src/components/DateModified.tsx","statementMap":{"0":{"start":{"line":14,"column":44},"end":{"line":23,"column":1}},"1":{"start":{"line":15,"column":2},"end":{"line":22,"column":3}},"2":{"start":{"line":25,"column":0},"end":{"line":28,"column":1}}},"fnMap":{"0":{"name":"(anonymous_0)","decl":{"start":{"line":14,"column":44},"end":{"line":14,"column":45}},"loc":{"start":{"line":14,"column":62},"end":{"line":23,"column":1}},"line":14}},"branchMap":{},"s":{"0":3,"1":4,"2":3},"f":{"0":4},"b":{},"_coverageSchema":"1a1c01bbd47fc00a2c39e90264f33305004495a9","hash":"8350ed4759756690980b99bfc68a1a4da4a301ac"}
,"/home/runner/work/passport-status/passport-status/src/components/DateSelect.tsx": {"path":"/home/runner/work/passport-status/passport-status/src/components/DateSelect.tsx","statementMap":{"0":{"start":{"line":28,"column":40},"end":{"line":74,"column":1}},"1":{"start":{"line":40,"column":76},"end":{"line":42,"column":24}},"2":{"start":{"line":42,"column":7},"end":{"line":42,"column":24}},"3":{"start":{"line":44,"column":2},"end":{"line":73,"column":3}},"4":{"start":{"line":67,"column":10},"end":{"line":69,"column":19}}},"fnMap":{"0":{"name":"(anonymous_0)","decl":{"start":{"line":28,"column":40},"end":{"line":28,"column":41}},"loc":{"start":{"line":39,"column":6},"end":{"line":74,"column":1}},"line":39},"1":{"name":"(anonymous_1)","decl":{"start":{"line":40,"column":76},"end":{"line":40,"column":77}},"loc":{"start":{"line":42,"column":7},"end":{"line":42,"column":24}},"line":42},"2":{"name":"(anonymous_2)","decl":{"start":{"line":66,"column":21},"end":{"line":66,"column":22}},"loc":{"start":{"line":67,"column":10},"end":{"line":69,"column":19}},"line":67}},"branchMap":{"0":{"loc":{"start":{"line":58,"column":22},"end":{"line":58,"column":46}},"type":"cond-expr","locations":[{"start":{"line":58,"column":30},"end":{"line":58,"column":34}},{"start":{"line":58,"column":37},"end":{"line":58,"column":46}}],"line":58},"1":{"loc":{"start":{"line":60,"column":23},"end":{"line":60,"column":50}},"type":"cond-expr","locations":[{"start":{"line":60,"column":34},"end":{"line":60,"column":38}},{"start":{"line":60,"column":41},"end":{"line":60,"column":50}}],"line":60},"2":{"loc":{"start":{"line":62,"column":10},"end":{"line":62,"column":62}},"type":"cond-expr","locations":[{"start":{"line":62,"column":18},"end":{"line":62,"column":39}},{"start":{"line":62,"column":42},"end":{"line":62,"column":62}}],"line":62}},"s":{"0":3,"1":14,"2":0,"3":14,"4":670},"f":{"0":14,"1":0,"2":670},"b":{"0":[0,14],"1":[12,2],"2":[0,14]},"_coverageSchema":"1a1c01bbd47fc00a2c39e90264f33305004495a9","hash":"50e2b094ed3df89b7e310d08ba6b6e20d6f6c29d"}
,"/home/runner/work/passport-status/passport-status/src/components/DateSelectField.tsx": {"path":"/home/runner/work/passport-status/passport-status/src/components/DateSelectField.tsx","statementMap":{"0":{"start":{"line":35,"column":50},"end":{"line":229,"column":1}},"1":{"start":{"line":47,"column":16},"end":{"line":47,"column":32}},"2":{"start":{"line":49,"column":28},"end":{"line":57,"column":3}},"3":{"start":{"line":59,"column":35},"end":{"line":59,"column":60}},"4":{"start":{"line":60,"column":34},"end":{"line":60,"column":58}},"5":{"start":{"line":61,"column":30},"end":{"line":61,"column":49}},"6":{"start":{"line":62,"column":28},"end":{"line":62,"column":53}},"7":{"start":{"line":64,"column":29},"end":{"line":69,"column":3}},"8":{"start":{"line":65,"column":38},"end":{"line":65,"column":40}},"9":{"start":{"line":66,"column":4},"end":{"line":66,"column":68}},"10":{"start":{"line":66,"column":22},"end":{"line":66,"column":68}},"11":{"start":{"line":67,"column":4},"end":{"line":67,"column":66}},"12":{"start":{"line":67,"column":21},"end":{"line":67,"column":66}},"13":{"start":{"line":68,"column":4},"end":{"line":68,"column":77}},"14":{"start":{"line":71,"column":22},"end":{"line":79,"column":27}},"15":{"start":{"line":72,"column":18},"end":{"line":72,"column":35}},"16":{"start":{"line":73,"column":17},"end":{"line":73,"column":70}},"17":{"start":{"line":74,"column":18},"end":{"line":74,"column":34}},"18":{"start":{"line":75,"column":4},"end":{"line":78,"column":6}},"19":{"start":{"line":76,"column":20},"end":{"line":76,"column":41}},"20":{"start":{"line":77,"column":6},"end":{"line":77,"column":36}},"21":{"start":{"line":81,"column":23},"end":{"line":86,"column":8}},"22":{"start":{"line":82,"column":4},"end":{"line":85,"column":6}},"23":{"start":{"line":83,"column":20},"end":{"line":83,"column":37}},"24":{"start":{"line":84,"column":6},"end":{"line":84,"column":36}},"25":{"start":{"line":88,"column":21},"end":{"line":98,"column":41}},"26":{"start":{"line":89,"column":17},"end":{"line":89,"column":42}},"27":{"start":{"line":90,"column":18},"end":{"line":90,"column":44}},"28":{"start":{"line":91,"column":17},"end":{"line":93,"column":10}},"29":{"start":{"line":94,"column":4},"end":{"line":97,"column":6}},"30":{"start":{"line":95,"column":20},"end":{"line":95,"column":37}},"31":{"start":{"line":96,"column":6},"end":{"line":96,"column":36}},"32":{"start":{"line":100,"column":60},"end":{"line":130,"column":3}},"33":{"start":{"line":102,"column":23},"end":{"line":102,"column":41}},"34":{"start":{"line":103,"column":6},"end":{"line":127,"column":8}},"35":{"start":{"line":104,"column":26},"end":{"line":104,"column":73}},"36":{"start":{"line":105,"column":27},"end":{"line":105,"column":46}},"37":{"start":{"line":107,"column":27},"end":{"line":107,"column":76}},"38":{"start":{"line":108,"column":28},"end":{"line":108,"column":48}},"39":{"start":{"line":111,"column":20},"end":{"line":111,"column":65}},"40":{"start":{"line":113,"column":10},"end":{"line":115,"column":66}},"41":{"start":{"line":116,"column":25},"end":{"line":116,"column":47}},"42":{"start":{"line":118,"column":27},"end":{"line":118,"column":79}},"43":{"start":{"line":119,"column":8},"end":{"line":126,"column":9}},"44":{"start":{"line":133,"column":21},"end":{"line":133,"column":34}},"45":{"start":{"line":135,"column":2},"end":{"line":141,"column":25}},"46":{"start":{"line":136,"column":4},"end":{"line":138,"column":5}},"47":{"start":{"line":137,"column":6},"end":{"line":137,"column":12}},"48":{"start":{"line":139,"column":4},"end":{"line":139,"column":30}},"49":{"start":{"line":143,"column":2},"end":{"line":148,"column":8}},"50":{"start":{"line":144,"column":4},"end":{"line":144,"column":29}},"51":{"start":{"line":145,"column":4},"end":{"line":147,"column":5}},"52":{"start":{"line":146,"column":6},"end":{"line":146,"column":32}},"53":{"start":{"line":151,"column":2},"end":{"line":164,"column":13}},"54":{"start":{"line":152,"column":4},"end":{"line":154,"column":5}},"55":{"start":{"line":153,"column":6},"end":{"line":153,"column":12}},"56":{"start":{"line":155,"column":33},"end":{"line":155,"column":55}},"57":{"start":{"line":156,"column":4},"end":{"line":162,"column":7}},"58":{"start":{"line":156,"column":28},"end":{"line":162,"column":5}},"59":{"start":{"line":166,"column":2},"end":{"line":228,"column":3}},"60":{"start":{"line":231,"column":28},"end":{"line":232,"column":55}},"61":{"start":{"line":232,"column":2},"end":{"line":232,"column":55}},"62":{"start":{"line":234,"column":16},"end":{"line":236,"column":1}},"63":{"start":{"line":235,"column":2},"end":{"line":235,"column":50}},"64":{"start":{"line":238,"column":24},"end":{"line":261,"column":1}},"65":{"start":{"line":247,"column":15},"end":{"line":247,"column":73}},"66":{"start":{"line":248,"column":15},"end":{"line":248,"column":33}},"67":{"start":{"line":249,"column":16},"end":{"line":249,"column":35}},"68":{"start":{"line":250,"column":14},"end":{"line":250,"column":28}},"69":{"start":{"line":252,"column":2},"end":{"line":254,"column":3}},"70":{"start":{"line":253,"column":4},"end":{"line":253,"column":43}},"71":{"start":{"line":256,"column":2},"end":{"line":260,"column":3}}},"fnMap":{"0":{"name":"(anonymous_0)","decl":{"start":{"line":35,"column":50},"end":{"line":35,"column":51}},"loc":{"start":{"line":46,"column":6},"end":{"line":229,"column":1}},"line":46},"1":{"name":"(anonymous_1)","decl":{"start":{"line":64,"column":29},"end":{"line":64,"column":30}},"loc":{"start":{"line":64,"column":35},"end":{"line":69,"column":3}},"line":64},"2":{"name":"(anonymous_2)","decl":{"start":{"line":71,"column":30},"end":{"line":71,"column":31}},"loc":{"start":{"line":71,"column":36},"end":{"line":79,"column":3}},"line":71},"3":{"name":"(anonymous_3)","decl":{"start":{"line":75,"column":68},"end":{"line":75,"column":69}},"loc":{"start":{"line":75,"column":75},"end":{"line":78,"column":5}},"line":75},"4":{"name":"(anonymous_4)","decl":{"start":{"line":81,"column":31},"end":{"line":81,"column":32}},"loc":{"start":{"line":81,"column":37},"end":{"line":86,"column":3}},"line":81},"5":{"name":"(anonymous_5)","decl":{"start":{"line":82,"column":55},"end":{"line":82,"column":56}},"loc":{"start":{"line":82,"column":62},"end":{"line":85,"column":5}},"line":82},"6":{"name":"(anonymous_6)","decl":{"start":{"line":88,"column":29},"end":{"line":88,"column":30}},"loc":{"start":{"line":88,"column":35},"end":{"line":98,"column":3}},"line":88},"7":{"name":"(anonymous_7)","decl":{"start":{"line":94,"column":57},"end":{"line":94,"column":58}},"loc":{"start":{"line":94,"column":64},"end":{"line":97,"column":5}},"line":94},"8":{"name":"(anonymous_8)","decl":{"start":{"line":101,"column":4},"end":{"line":101,"column":5}},"loc":{"start":{"line":101,"column":21},"end":{"line":128,"column":5}},"line":101},"9":{"name":"(anonymous_9)","decl":{"start":{"line":103,"column":15},"end":{"line":103,"column":16}},"loc":{"start":{"line":103,"column":29},"end":{"line":127,"column":7}},"line":103},"10":{"name":"(anonymous_10)","decl":{"start":{"line":135,"column":12},"end":{"line":135,"column":13}},"loc":{"start":{"line":135,"column":18},"end":{"line":141,"column":3}},"line":135},"11":{"name":"(anonymous_11)","decl":{"start":{"line":143,"column":12},"end":{"line":143,"column":13}},"loc":{"start":{"line":143,"column":18},"end":{"line":148,"column":3}},"line":143},"12":{"name":"(anonymous_12)","decl":{"start":{"line":145,"column":11},"end":{"line":145,"column":12}},"loc":{"start":{"line":145,"column":17},"end":{"line":147,"column":5}},"line":145},"13":{"name":"(anonymous_13)","decl":{"start":{"line":151,"column":12},"end":{"line":151,"column":13}},"loc":{"start":{"line":151,"column":18},"end":{"line":164,"column":3}},"line":151},"14":{"name":"(anonymous_14)","decl":{"start":{"line":156,"column":13},"end":{"line":156,"column":14}},"loc":{"start":{"line":156,"column":28},"end":{"line":162,"column":5}},"line":156},"15":{"name":"(anonymous_15)","decl":{"start":{"line":231,"column":28},"end":{"line":231,"column":29}},"loc":{"start":{"line":232,"column":2},"end":{"line":232,"column":55}},"line":232},"16":{"name":"(anonymous_16)","decl":{"start":{"line":234,"column":16},"end":{"line":234,"column":17}},"loc":{"start":{"line":234,"column":62},"end":{"line":236,"column":1}},"line":234},"17":{"name":"(anonymous_17)","decl":{"start":{"line":238,"column":24},"end":{"line":238,"column":25}},"loc":{"start":{"line":244,"column":5},"end":{"line":261,"column":1}},"line":244}},"branchMap":{"0":{"loc":{"start":{"line":66,"column":4},"end":{"line":66,"column":68}},"type":"if","locations":[{"start":{"line":66,"column":4},"end":{"line":66,"column":68}},{"start":{},"end":{}}],"line":66},"1":{"loc":{"start":{"line":67,"column":4},"end":{"line":67,"column":66}},"type":"if","locations":[{"start":{"line":67,"column":4},"end":{"line":67,"column":66}},{"start":{},"end":{}}],"line":67},"2":{"loc":{"start":{"line":68,"column":11},"end":{"line":68,"column":77}},"type":"cond-expr","locations":[{"start":{"line":68,"column":40},"end":{"line":68,"column":65}},{"start":{"line":68,"column":68},"end":{"line":68,"column":77}}],"line":68},"3":{"loc":{"start":{"line":72,"column":18},"end":{"line":72,"column":35}},"type":"binary-expr","locations":[{"start":{"line":72,"column":18},"end":{"line":72,"column":27}},{"start":{"line":72,"column":31},"end":{"line":72,"column":35}}],"line":72},"4":{"loc":{"start":{"line":73,"column":33},"end":{"line":73,"column":69}},"type":"binary-expr","locations":[{"start":{"line":73,"column":33},"end":{"line":73,"column":41}},{"start":{"line":73,"column":45},"end":{"line":73,"column":69}}],"line":73},"5":{"loc":{"start":{"line":91,"column":17},"end":{"line":93,"column":10}},"type":"cond-expr","locations":[{"start":{"line":92,"column":8},"end":{"line":92,"column":49}},{"start":{"line":93,"column":8},"end":{"line":93,"column":10}}],"line":91},"6":{"loc":{"start":{"line":104,"column":26},"end":{"line":104,"column":73}},"type":"cond-expr","locations":[{"start":{"line":104,"column":44},"end":{"line":104,"column":52}},{"start":{"line":104,"column":55},"end":{"line":104,"column":73}}],"line":104},"7":{"loc":{"start":{"line":107,"column":27},"end":{"line":107,"column":76}},"type":"cond-expr","locations":[{"start":{"line":107,"column":46},"end":{"line":107,"column":54}},{"start":{"line":107,"column":57},"end":{"line":107,"column":76}}],"line":107},"8":{"loc":{"start":{"line":111,"column":20},"end":{"line":111,"column":65}},"type":"cond-expr","locations":[{"start":{"line":111,"column":37},"end":{"line":111,"column":45}},{"start":{"line":111,"column":48},"end":{"line":111,"column":65}}],"line":111},"9":{"loc":{"start":{"line":113,"column":10},"end":{"line":115,"column":66}},"type":"cond-expr","locations":[{"start":{"line":114,"column":14},"end":{"line":114,"column":18}},{"start":{"line":115,"column":14},"end":{"line":115,"column":66}}],"line":113},"10":{"loc":{"start":{"line":113,"column":10},"end":{"line":113,"column":49}},"type":"binary-expr","locations":[{"start":{"line":113,"column":10},"end":{"line":113,"column":27}},{"start":{"line":113,"column":31},"end":{"line":113,"column":49}}],"line":113},"11":{"loc":{"start":{"line":116,"column":25},"end":{"line":116,"column":47}},"type":"cond-expr","locations":[{"start":{"line":116,"column":39},"end":{"line":116,"column":42}},{"start":{"line":116,"column":45},"end":{"line":116,"column":47}}],"line":116},"12":{"loc":{"start":{"line":136,"column":4},"end":{"line":138,"column":5}},"type":"if","locations":[{"start":{"line":136,"column":4},"end":{"line":138,"column":5}},{"start":{},"end":{}}],"line":136},"13":{"loc":{"start":{"line":152,"column":4},"end":{"line":154,"column":5}},"type":"if","locations":[{"start":{"line":152,"column":4},"end":{"line":154,"column":5}},{"start":{},"end":{}}],"line":152},"14":{"loc":{"start":{"line":175,"column":7},"end":{"line":180,"column":7}},"type":"binary-expr","locations":[{"start":{"line":175,"column":7},"end":{"line":175,"column":19}},{"start":{"line":176,"column":8},"end":{"line":179,"column":10}}],"line":175},"15":{"loc":{"start":{"line":219,"column":7},"end":{"line":226,"column":7}},"type":"binary-expr","locations":[{"start":{"line":219,"column":7},"end":{"line":219,"column":18}},{"start":{"line":220,"column":8},"end":{"line":225,"column":14}}],"line":219},"16":{"loc":{"start":{"line":232,"column":2},"end":{"line":232,"column":55}},"type":"cond-expr","locations":[{"start":{"line":232,"column":25},"end":{"line":232,"column":50}},{"start":{"line":232,"column":53},"end":{"line":232,"column":55}}],"line":232},"17":{"loc":{"start":{"line":232,"column":2},"end":{"line":232,"column":22}},"type":"binary-expr","locations":[{"start":{"line":232,"column":2},"end":{"line":232,"column":6}},{"start":{"line":232,"column":10},"end":{"line":232,"column":15}},{"start":{"line":232,"column":19},"end":{"line":232,"column":22}}],"line":232},"18":{"loc":{"start":{"line":252,"column":2},"end":{"line":254,"column":3}},"type":"if","locations":[{"start":{"line":252,"column":2},"end":{"line":254,"column":3}},{"start":{},"end":{}}],"line":252},"19":{"loc":{"start":{"line":252,"column":6},"end":{"line":252,"column":47}},"type":"binary-expr","locations":[{"start":{"line":252,"column":6},"end":{"line":252,"column":17}},{"start":{"line":252,"column":21},"end":{"line":252,"column":33}},{"start":{"line":252,"column":37},"end":{"line":252,"column":47}}],"line":252}},"s":{"0":3,"1":8,"2":8,"3":8,"4":8,"5":8,"6":8,"7":8,"8":24,"9":24,"10":0,"11":24,"12":0,"13":24,"14":8,"15":6,"16":6,"17":6,"18":6,"19":744,"20":744,"21":8,"22":6,"23":72,"24":72,"25":8,"26":6,"27":6,"28":6,"29":6,"30":186,"31":186,"32":8,"33":0,"34":0,"35":0,"36":0,"37":0,"38":0,"39":0,"40":0,"41":0,"42":0,"43":0,"44":8,"45":8,"46":6,"47":6,"48":0,"49":8,"50":6,"51":6,"52":6,"53":8,"54":6,"55":4,"56":2,"57":2,"58":2,"59":8,"60":3,"61":0,"62":3,"63":1002,"64":3,"65":2,"66":2,"67":2,"68":2,"69":2,"70":2,"71":0},"f":{"0":8,"1":24,"2":6,"3":744,"4":6,"5":72,"6":6,"7":186,"8":0,"9":0,"10":6,"11":6,"12":6,"13":6,"14":2,"15":0,"16":1002,"17":2},"b":{"0":[0,24],"1":[0,24],"2":[0,24],"3":[6,6],"4":[6,6],"5":[0,6],"6":[0,0],"7":[0,0],"8":[0,0],"9":[0,0],"10":[0,0],"11":[0,0],"12":[6,0],"13":[4,2],"14":[8,0],"15":[8,0],"16":[0,0],"17":[0,0,0],"18":[2,0],"19":[2,0,0]},"_coverageSchema":"1a1c01bbd47fc00a2c39e90264f33305004495a9","hash":"174d1b8da0edca27ab87c00e17afdf96c56ab7d1"}
,"/home/runner/work/passport-status/passport-status/src/components/ErrorLayout.tsx": {"path":"/home/runner/work/passport-status/passport-status/src/components/ErrorLayout.tsx","statementMap":{"0":{"start":{"line":9,"column":42},"end":{"line":48,"column":1}},"1":{"start":{"line":10,"column":2},"end":{"line":47,"column":3}}},"fnMap":{"0":{"name":"(anonymous_0)","decl":{"start":{"line":9,"column":42},"end":{"line":9,"column":43}},"loc":{"start":{"line":9,"column":60},"end":{"line":48,"column":1}},"line":9}},"branchMap":{},"s":{"0":3,"1":4},"f":{"0":4},"b":{},"_coverageSchema":"1a1c01bbd47fc00a2c39e90264f33305004495a9","hash":"5055511444e13b37c21899a3a67b25243c8b87a4"}
,"/home/runner/work/passport-status/passport-status/src/components/ErrorSummary.tsx": {"path":"/home/runner/work/passport-status/passport-status/src/components/ErrorSummary.tsx","statementMap":{"0":{"start":{"line":17,"column":35},"end":{"line":23,"column":2}},"1":{"start":{"line":20,"column":24},"end":{"line":23,"column":1}},"2":{"start":{"line":25,"column":36},"end":{"line":37,"column":1}},"3":{"start":{"line":29,"column":2},"end":{"line":36,"column":5}},"4":{"start":{"line":30,"column":21},"end":{"line":30,"column":65}},"5":{"start":{"line":32,"column":6},"end":{"line":35,"column":7}},"6":{"start":{"line":39,"column":32},"end":{"line":45,"column":1}},"7":{"start":{"line":40,"column":25},"end":{"line":42,"column":3}},"8":{"start":{"line":43,"column":2},"end":{"line":43,"column":73}},"9":{"start":{"line":44,"column":2},"end":{"line":44,"column":25}},"10":{"start":{"line":47,"column":44},"end":{"line":70,"column":1}},"11":{"start":{"line":48,"column":2},"end":{"line":50,"column":10}},"12":{"start":{"line":49,"column":4},"end":{"line":49,"column":24}},"13":{"start":{"line":52,"column":2},"end":{"line":69,"column":3}},"14":{"start":{"line":61,"column":10},"end":{"line":65,"column":15}}},"fnMap":{"0":{"name":"(anonymous_0)","decl":{"start":{"line":17,"column":35},"end":{"line":17,"column":36}},"loc":{"start":{"line":20,"column":24},"end":{"line":23,"column":1}},"line":20},"1":{"name":"(anonymous_1)","decl":{"start":{"line":25,"column":36},"end":{"line":25,"column":37}},"loc":{"start":{"line":28,"column":5},"end":{"line":37,"column":1}},"line":28},"2":{"name":"(anonymous_2)","decl":{"start":{"line":30,"column":12},"end":{"line":30,"column":13}},"loc":{"start":{"line":30,"column":21},"end":{"line":30,"column":65}},"line":30},"3":{"name":"(anonymous_3)","decl":{"start":{"line":31,"column":9},"end":{"line":31,"column":10}},"loc":{"start":{"line":32,"column":6},"end":{"line":35,"column":7}},"line":32},"4":{"name":"(anonymous_4)","decl":{"start":{"line":39,"column":32},"end":{"line":39,"column":33}},"loc":{"start":{"line":39,"column":60},"end":{"line":45,"column":1}},"line":39},"5":{"name":"(anonymous_5)","decl":{"start":{"line":47,"column":44},"end":{"line":47,"column":45}},"loc":{"start":{"line":47,"column":73},"end":{"line":70,"column":1}},"line":47},"6":{"name":"(anonymous_6)","decl":{"start":{"line":48,"column":12},"end":{"line":48,"column":13}},"loc":{"start":{"line":48,"column":18},"end":{"line":50,"column":3}},"line":48},"7":{"name":"(anonymous_7)","decl":{"start":{"line":60,"column":20},"end":{"line":60,"column":21}},"loc":{"start":{"line":61,"column":10},"end":{"line":65,"column":15}},"line":61}},"branchMap":{},"s":{"0":1,"1":0,"2":1,"3":0,"4":0,"5":0,"6":1,"7":1,"8":1,"9":1,"10":1,"11":1,"12":1,"13":1,"14":1},"f":{"0":0,"1":0,"2":0,"3":0,"4":1,"5":1,"6":1,"7":1},"b":{},"_coverageSchema":"1a1c01bbd47fc00a2c39e90264f33305004495a9","hash":"763836ac3b70c2bcb837085a6fc352bd14d46b08"}
,"/home/runner/work/passport-status/passport-status/src/components/ExampleImage.tsx": {"path":"/home/runner/work/passport-status/passport-status/src/components/ExampleImage.tsx","statementMap":{"0":{"start":{"line":18,"column":44},"end":{"line":43,"column":1}},"1":{"start":{"line":23,"column":2},"end":{"line":42,"column":3}}},"fnMap":{"0":{"name":"(anonymous_0)","decl":{"start":{"line":18,"column":44},"end":{"line":18,"column":45}},"loc":{"start":{"line":22,"column":6},"end":{"line":43,"column":1}},"line":22}},"branchMap":{},"s":{"0":2,"1":2},"f":{"0":2},"b":{},"_coverageSchema":"1a1c01bbd47fc00a2c39e90264f33305004495a9","hash":"93374e2727459b30696a4274f9203c3cfb309b87"}
,"/home/runner/work/passport-status/passport-status/src/components/ExternalLink.tsx": {"path":"/home/runner/work/passport-status/passport-status/src/components/ExternalLink.tsx","statementMap":{"0":{"start":{"line":9,"column":51},"end":{"line":17,"column":1}},"1":{"start":{"line":10,"column":16},"end":{"line":10,"column":42}},"2":{"start":{"line":11,"column":2},"end":{"line":16,"column":3}}},"fnMap":{"0":{"name":"(anonymous_0)","decl":{"start":{"line":9,"column":51},"end":{"line":9,"column":52}},"loc":{"start":{"line":9,"column":75},"end":{"line":17,"column":1}},"line":9}},"branchMap":{},"s":{"0":8,"1":4,"2":4},"f":{"0":4},"b":{},"_coverageSchema":"1a1c01bbd47fc00a2c39e90264f33305004495a9","hash":"c99322644407b957dbf9b7cb0214086069be54f1"}
,"/home/runner/work/passport-status/passport-status/src/components/Footer.tsx": {"path":"/home/runner/work/passport-status/passport-status/src/components/Footer.tsx","statementMap":{"0":{"start":{"line":46,"column":32},"end":{"line":91,"column":1}},"1":{"start":{"line":53,"column":2},"end":{"line":90,"column":3}},"2":{"start":{"line":66,"column":18},"end":{"line":74,"column":23}}},"fnMap":{"0":{"name":"(anonymous_0)","decl":{"start":{"line":46,"column":32},"end":{"line":46,"column":33}},"loc":{"start":{"line":52,"column":19},"end":{"line":91,"column":1}},"line":52},"1":{"name":"(anonymous_1)","decl":{"start":{"line":65,"column":27},"end":{"line":65,"column":28}},"loc":{"start":{"line":66,"column":18},"end":{"line":74,"column":23}},"line":66}},"branchMap":{},"s":{"0":2,"1":2,"2":5},"f":{"0":2,"1":5},"b":{},"_coverageSchema":"1a1c01bbd47fc00a2c39e90264f33305004495a9","hash":"3ac524553a5287a031401cad67d71d461fd108aa"}
,"/home/runner/work/passport-status/passport-status/src/components/Header.tsx": {"path":"/home/runner/work/passport-status/passport-status/src/components/Header.tsx","statementMap":{"0":{"start":{"line":17,"column":32},"end":{"line":130,"column":1}},"1":{"start":{"line":18,"column":17},"end":{"line":18,"column":28}},"2":{"start":{"line":19,"column":29},"end":{"line":19,"column":40}},"3":{"start":{"line":20,"column":16},"end":{"line":20,"column":40}},"4":{"start":{"line":22,"column":29},"end":{"line":22,"column":58}},"5":{"start":{"line":23,"column":35},"end":{"line":23,"column":76}},"6":{"start":{"line":24,"column":27},"end":{"line":24,"column":79}},"7":{"start":{"line":25,"column":21},"end":{"line":25,"column":72}},"8":{"start":{"line":27,"column":2},"end":{"line":129,"column":3}}},"fnMap":{"0":{"name":"(anonymous_0)","decl":{"start":{"line":17,"column":32},"end":{"line":17,"column":33}},"loc":{"start":{"line":17,"column":65},"end":{"line":130,"column":1}},"line":17}},"branchMap":{"0":{"loc":{"start":{"line":22,"column":29},"end":{"line":22,"column":58}},"type":"cond-expr","locations":[{"start":{"line":22,"column":47},"end":{"line":22,"column":51}},{"start":{"line":22,"column":54},"end":{"line":22,"column":58}}],"line":22},"1":{"loc":{"start":{"line":23,"column":35},"end":{"line":23,"column":76}},"type":"cond-expr","locations":[{"start":{"line":23,"column":65},"end":{"line":23,"column":69}},{"start":{"line":23,"column":72},"end":{"line":23,"column":76}}],"line":23},"2":{"loc":{"start":{"line":24,"column":27},"end":{"line":24,"column":79}},"type":"cond-expr","locations":[{"start":{"line":24,"column":57},"end":{"line":24,"column":67}},{"start":{"line":24,"column":70},"end":{"line":24,"column":79}}],"line":24},"3":{"loc":{"start":{"line":45,"column":9},"end":{"line":50,"column":9}},"type":"binary-expr","locations":[{"start":{"line":45,"column":9},"end":{"line":45,"column":19}},{"start":{"line":46,"column":10},"end":{"line":49,"column":12}}],"line":45},"4":{"loc":{"start":{"line":58,"column":18},"end":{"line":60,"column":46}},"type":"cond-expr","locations":[{"start":{"line":59,"column":22},"end":{"line":59,"column":44}},{"start":{"line":60,"column":22},"end":{"line":60,"column":46}}],"line":58},"5":{"loc":{"start":{"line":62,"column":21},"end":{"line":62,"column":76}},"type":"cond-expr","locations":[{"start":{"line":62,"column":39},"end":{"line":62,"column":56}},{"start":{"line":62,"column":59},"end":{"line":62,"column":76}}],"line":62}},"s":{"0":2,"1":3,"2":3,"3":3,"4":3,"5":3,"6":3,"7":3,"8":3},"f":{"0":3},"b":{"0":[2,1],"1":[2,1],"2":[2,1],"3":[3,3],"4":[2,1],"5":[2,1]},"_coverageSchema":"1a1c01bbd47fc00a2c39e90264f33305004495a9","hash":"20eea69683ca5116db672a68f343ac8283ee7e4c"}
,"/home/runner/work/passport-status/passport-status/src/components/IdleTimeout.tsx": {"path":"/home/runner/work/passport-status/passport-status/src/components/IdleTimeout.tsx","statementMap":{"0":{"start":{"line":14,"column":42},"end":{"line":70,"column":1}},"1":{"start":{"line":15,"column":16},"end":{"line":15,"column":40}},"2":{"start":{"line":16,"column":17},"end":{"line":16,"column":28}},"3":{"start":{"line":17,"column":36},"end":{"line":17,"column":51}},"4":{"start":{"line":18,"column":44},"end":{"line":18,"column":56}},"5":{"start":{"line":20,"column":23},"end":{"line":23,"column":3}},"6":{"start":{"line":21,"column":4},"end":{"line":21,"column":46}},"7":{"start":{"line":22,"column":4},"end":{"line":22,"column":19}},"8":{"start":{"line":25,"column":38},"end":{"line":28,"column":3}},"9":{"start":{"line":26,"column":4},"end":{"line":26,"column":23}},"10":{"start":{"line":27,"column":4},"end":{"line":27,"column":11}},"11":{"start":{"line":30,"column":38},"end":{"line":35,"column":4}},"12":{"start":{"line":32,"column":20},"end":{"line":32,"column":38}},"13":{"start":{"line":37,"column":15},"end":{"line":43,"column":24}},"14":{"start":{"line":38,"column":20},"end":{"line":38,"column":58}},"15":{"start":{"line":39,"column":20},"end":{"line":39,"column":75}},"16":{"start":{"line":40,"column":4},"end":{"line":42,"column":5}},"17":{"start":{"line":45,"column":2},"end":{"line":47,"column":12}},"18":{"start":{"line":46,"column":4},"end":{"line":46,"column":27}},"19":{"start":{"line":49,"column":2},"end":{"line":69,"column":3}},"20":{"start":{"line":55,"column":25},"end":{"line":55,"column":39}}},"fnMap":{"0":{"name":"(anonymous_0)","decl":{"start":{"line":14,"column":42},"end":{"line":14,"column":43}},"loc":{"start":{"line":14,"column":77},"end":{"line":70,"column":1}},"line":14},"1":{"name":"(anonymous_1)","decl":{"start":{"line":20,"column":23},"end":{"line":20,"column":24}},"loc":{"start":{"line":20,"column":29},"end":{"line":23,"column":3}},"line":20},"2":{"name":"(anonymous_2)","decl":{"start":{"line":25,"column":38},"end":{"line":25,"column":39}},"loc":{"start":{"line":25,"column":44},"end":{"line":28,"column":3}},"line":25},"3":{"name":"(anonymous_3)","decl":{"start":{"line":32,"column":14},"end":{"line":32,"column":15}},"loc":{"start":{"line":32,"column":20},"end":{"line":32,"column":38}},"line":32},"4":{"name":"(anonymous_4)","decl":{"start":{"line":37,"column":27},"end":{"line":37,"column":28}},"loc":{"start":{"line":37,"column":33},"end":{"line":43,"column":3}},"line":37},"5":{"name":"(anonymous_5)","decl":{"start":{"line":45,"column":12},"end":{"line":45,"column":13}},"loc":{"start":{"line":45,"column":18},"end":{"line":47,"column":3}},"line":45},"6":{"name":"(anonymous_6)","decl":{"start":{"line":55,"column":19},"end":{"line":55,"column":20}},"loc":{"start":{"line":55,"column":25},"end":{"line":55,"column":39}},"line":55}},"branchMap":{"0":{"loc":{"start":{"line":33,"column":22},"end":{"line":33,"column":55}},"type":"binary-expr","locations":[{"start":{"line":33,"column":22},"end":{"line":33,"column":38}},{"start":{"line":33,"column":42},"end":{"line":33,"column":55}}],"line":33},"1":{"loc":{"start":{"line":34,"column":13},"end":{"line":34,"column":38}},"type":"binary-expr","locations":[{"start":{"line":34,"column":13},"end":{"line":34,"column":20}},{"start":{"line":34,"column":24},"end":{"line":34,"column":38}}],"line":34},"2":{"loc":{"start":{"line":41,"column":23},"end":{"line":41,"column":56}},"type":"cond-expr","locations":[{"start":{"line":41,"column":48},"end":{"line":41,"column":51}},{"start":{"line":41,"column":54},"end":{"line":41,"column":56}}],"line":41},"3":{"loc":{"start":{"line":51,"column":12},"end":{"line":51,"column":49}},"type":"binary-expr","locations":[{"start":{"line":51,"column":12},"end":{"line":51,"column":21}},{"start":{"line":51,"column":25},"end":{"line":51,"column":49}}],"line":51}},"s":{"0":3,"1":3,"2":3,"3":3,"4":3,"5":3,"6":0,"7":0,"8":3,"9":0,"10":0,"11":3,"12":1,"13":3,"14":2,"15":2,"16":2,"17":3,"18":2,"19":3,"20":0},"f":{"0":3,"1":0,"2":0,"3":1,"4":2,"5":2,"6":0},"b":{"0":[3,1],"1":[3,1],"2":[1,1],"3":[3,1]},"_coverageSchema":"1a1c01bbd47fc00a2c39e90264f33305004495a9","hash":"d62de8bbd37248be313ce7c3d4abfddbf697c6b2"}
,"/home/runner/work/passport-status/passport-status/src/components/InputErrorMessage.tsx": {"path":"/home/runner/work/passport-status/passport-status/src/components/InputErrorMessage.tsx","statementMap":{"0":{"start":{"line":8,"column":54},"end":{"line":18,"column":1}},"1":{"start":{"line":9,"column":2},"end":{"line":17,"column":3}}},"fnMap":{"0":{"name":"(anonymous_0)","decl":{"start":{"line":8,"column":54},"end":{"line":8,"column":55}},"loc":{"start":{"line":8,"column":75},"end":{"line":18,"column":1}},"line":8}},"branchMap":{},"s":{"0":7,"1":2},"f":{"0":2},"b":{},"_coverageSchema":"1a1c01bbd47fc00a2c39e90264f33305004495a9","hash":"cb0e933e677113bd0102335ff2fb59730858e206"}
,"/home/runner/work/passport-status/passport-status/src/components/InputField.tsx": {"path":"/home/runner/work/passport-status/passport-status/src/components/InputField.tsx","statementMap":{"0":{"start":{"line":20,"column":40},"end":{"line":82,"column":1}},"1":{"start":{"line":33,"column":30},"end":{"line":33,"column":49}},"2":{"start":{"line":34,"column":29},"end":{"line":34,"column":47}},"3":{"start":{"line":35,"column":25},"end":{"line":35,"column":38}},"4":{"start":{"line":36,"column":23},"end":{"line":36,"column":42}},"5":{"start":{"line":38,"column":29},"end":{"line":43,"column":3}},"6":{"start":{"line":39,"column":38},"end":{"line":39,"column":40}},"7":{"start":{"line":40,"column":4},"end":{"line":40,"column":63}},"8":{"start":{"line":40,"column":22},"end":{"line":40,"column":63}},"9":{"start":{"line":41,"column":4},"end":{"line":41,"column":61}},"10":{"start":{"line":41,"column":21},"end":{"line":41,"column":61}},"11":{"start":{"line":42,"column":4},"end":{"line":42,"column":77}},"12":{"start":{"line":45,"column":2},"end":{"line":81,"column":3}},"13":{"start":{"line":84,"column":0},"end":{"line":86,"column":1}}},"fnMap":{"0":{"name":"(anonymous_0)","decl":{"start":{"line":20,"column":40},"end":{"line":20,"column":41}},"loc":{"start":{"line":32,"column":6},"end":{"line":82,"column":1}},"line":32},"1":{"name":"(anonymous_1)","decl":{"start":{"line":38,"column":29},"end":{"line":38,"column":30}},"loc":{"start":{"line":38,"column":35},"end":{"line":43,"column":3}},"line":38}},"branchMap":{"0":{"loc":{"start":{"line":40,"column":4},"end":{"line":40,"column":63}},"type":"if","locations":[{"start":{"line":40,"column":4},"end":{"line":40,"column":63}},{"start":{},"end":{}}],"line":40},"1":{"loc":{"start":{"line":41,"column":4},"end":{"line":41,"column":61}},"type":"if","locations":[{"start":{"line":41,"column":4},"end":{"line":41,"column":61}},{"start":{},"end":{}}],"line":41},"2":{"loc":{"start":{"line":42,"column":11},"end":{"line":42,"column":77}},"type":"cond-expr","locations":[{"start":{"line":42,"column":40},"end":{"line":42,"column":65}},{"start":{"line":42,"column":68},"end":{"line":42,"column":77}}],"line":42},"3":{"loc":{"start":{"line":54,"column":7},"end":{"line":56,"column":7}},"type":"binary-expr","locations":[{"start":{"line":54,"column":7},"end":{"line":54,"column":19}},{"start":{"line":55,"column":8},"end":{"line":55,"column":77}}],"line":54},"4":{"loc":{"start":{"line":59,"column":22},"end":{"line":59,"column":53}},"type":"cond-expr","locations":[{"start":{"line":59,"column":37},"end":{"line":59,"column":41}},{"start":{"line":59,"column":44},"end":{"line":59,"column":53}}],"line":59},"5":{"loc":{"start":{"line":61,"column":23},"end":{"line":61,"column":50}},"type":"cond-expr","locations":[{"start":{"line":61,"column":34},"end":{"line":61,"column":38}},{"start":{"line":61,"column":41},"end":{"line":61,"column":50}}],"line":61},"6":{"loc":{"start":{"line":63,"column":10},"end":{"line":63,"column":69}},"type":"cond-expr","locations":[{"start":{"line":63,"column":25},"end":{"line":63,"column":46}},{"start":{"line":63,"column":49},"end":{"line":63,"column":69}}],"line":63},"7":{"loc":{"start":{"line":70,"column":15},"end":{"line":70,"column":26}},"type":"binary-expr","locations":[{"start":{"line":70,"column":15},"end":{"line":70,"column":20}},{"start":{"line":70,"column":24},"end":{"line":70,"column":26}}],"line":70},"8":{"loc":{"start":{"line":72,"column":7},"end":{"line":79,"column":7}},"type":"binary-expr","locations":[{"start":{"line":72,"column":7},"end":{"line":72,"column":18}},{"start":{"line":73,"column":8},"end":{"line":78,"column":14}}],"line":72}},"s":{"0":3,"1":2,"2":2,"3":2,"4":2,"5":2,"6":2,"7":2,"8":1,"9":2,"10":1,"11":2,"12":2,"13":3},"f":{"0":2,"1":2},"b":{"0":[1,1],"1":[1,1],"2":[1,1],"3":[2,1],"4":[1,1],"5":[0,2],"6":[1,1],"7":[2,1],"8":[2,1]},"_coverageSchema":"1a1c01bbd47fc00a2c39e90264f33305004495a9","hash":"d9418f5c93624da9679220afc222e7b49bb6e0cc"}
,"/home/runner/work/passport-status/passport-status/src/components/InputLabel.tsx": {"path":"/home/runner/work/passport-status/passport-status/src/components/InputLabel.tsx","statementMap":{"0":{"start":{"line":11,"column":40},"end":{"line":31,"column":1}},"1":{"start":{"line":18,"column":2},"end":{"line":30,"column":3}}},"fnMap":{"0":{"name":"(anonymous_0)","decl":{"start":{"line":11,"column":40},"end":{"line":11,"column":41}},"loc":{"start":{"line":17,"column":6},"end":{"line":31,"column":1}},"line":17}},"branchMap":{"0":{"loc":{"start":{"line":20,"column":7},"end":{"line":24,"column":7}},"type":"binary-expr","locations":[{"start":{"line":20,"column":7},"end":{"line":20,"column":15}},{"start":{"line":21,"column":8},"end":{"line":23,"column":15}}],"line":20},"1":{"loc":{"start":{"line":26,"column":7},"end":{"line":28,"column":7}},"type":"binary-expr","locations":[{"start":{"line":26,"column":7},"end":{"line":26,"column":15}},{"start":{"line":27,"column":8},"end":{"line":27,"column":75}}],"line":26}},"s":{"0":7,"1":11},"f":{"0":11},"b":{"0":[11,4],"1":[11,4]},"_coverageSchema":"1a1c01bbd47fc00a2c39e90264f33305004495a9","hash":"f51de44e842d88b6938e5fff694f82229168330e"}
,"/home/runner/work/passport-status/passport-status/src/components/Layout.tsx": {"path":"/home/runner/work/passport-status/passport-status/src/components/Layout.tsx","statementMap":{"0":{"start":{"line":12,"column":32},"end":{"line":63,"column":1}},"1":{"start":{"line":13,"column":16},"end":{"line":13,"column":40}},"2":{"start":{"line":14,"column":2},"end":{"line":62,"column":3}}},"fnMap":{"0":{"name":"(anonymous_0)","decl":{"start":{"line":12,"column":32},"end":{"line":12,"column":33}},"loc":{"start":{"line":12,"column":50},"end":{"line":63,"column":1}},"line":12}},"branchMap":{},"s":{"0":1,"1":2,"2":2},"f":{"0":2},"b":{},"_coverageSchema":"1a1c01bbd47fc00a2c39e90264f33305004495a9","hash":"f8c778335678cc48b6a5954073abaeeb06a71790"}
,"/home/runner/work/passport-status/passport-status/src/components/LinkButton.tsx": {"path":"/home/runner/work/passport-status/passport-status/src/components/LinkButton.tsx","statementMap":{"0":{"start":{"line":20,"column":14},"end":{"line":25,"column":1}},"1":{"start":{"line":27,"column":15},"end":{"line":30,"column":1}},"2":{"start":{"line":32,"column":40},"end":{"line":60,"column":1}},"3":{"start":{"line":43,"column":4},"end":{"line":43,"column":163}},"4":{"start":{"line":44,"column":27},"end":{"line":44,"column":59}},"5":{"start":{"line":45,"column":22},"end":{"line":45,"column":41}},"6":{"start":{"line":46,"column":23},"end":{"line":46,"column":49}},"7":{"start":{"line":48,"column":2},"end":{"line":59,"column":3}}},"fnMap":{"0":{"name":"(anonymous_0)","decl":{"start":{"line":32,"column":40},"end":{"line":32,"column":41}},"loc":{"start":{"line":41,"column":6},"end":{"line":60,"column":1}},"line":41}},"branchMap":{"0":{"loc":{"start":{"line":44,"column":27},"end":{"line":44,"column":59}},"type":"cond-expr","locations":[{"start":{"line":44,"column":39},"end":{"line":44,"column":47}},{"start":{"line":44,"column":50},"end":{"line":44,"column":59}}],"line":44},"1":{"loc":{"start":{"line":45,"column":28},"end":{"line":45,"column":40}},"type":"binary-expr","locations":[{"start":{"line":45,"column":28},"end":{"line":45,"column":32}},{"start":{"line":45,"column":36},"end":{"line":45,"column":40}}],"line":45},"2":{"loc":{"start":{"line":46,"column":30},"end":{"line":46,"column":48}},"type":"binary-expr","locations":[{"start":{"line":46,"column":30},"end":{"line":46,"column":35}},{"start":{"line":46,"column":39},"end":{"line":46,"column":48}}],"line":46},"3":{"loc":{"start":{"line":51,"column":14},"end":{"line":51,"column":45}},"type":"cond-expr","locations":[{"start":{"line":51,"column":25},"end":{"line":51,"column":33}},{"start":{"line":51,"column":36},"end":{"line":51,"column":45}}],"line":51},"4":{"loc":{"start":{"line":52,"column":11},"end":{"line":52,"column":55}},"type":"cond-expr","locations":[{"start":{"line":52,"column":22},"end":{"line":52,"column":43}},{"start":{"line":52,"column":46},"end":{"line":52,"column":55}}],"line":52}},"s":{"0":3,"1":3,"2":3,"3":4,"4":4,"5":4,"6":4,"7":4},"f":{"0":4},"b":{"0":[2,2],"1":[4,4],"2":[4,2],"3":[0,4],"4":[0,4]},"_coverageSchema":"1a1c01bbd47fc00a2c39e90264f33305004495a9","hash":"5a3476b1c66e83bd6dd6414ab2fb56e050b1c092"}
,"/home/runner/work/passport-status/passport-status/src/components/Modal.tsx": {"path":"/home/runner/work/passport-status/passport-status/src/components/Modal.tsx","statementMap":{"0":{"start":{"line":15,"column":30},"end":{"line":76,"column":1}},"1":{"start":{"line":22,"column":20},"end":{"line":22,"column":51}},"2":{"start":{"line":23,"column":13},"end":{"line":23,"column":20}},"3":{"start":{"line":25,"column":2},"end":{"line":31,"column":12}},"4":{"start":{"line":26,"column":4},"end":{"line":30,"column":5}},"5":{"start":{"line":27,"column":6},"end":{"line":27,"column":36}},"6":{"start":{"line":29,"column":6},"end":{"line":29,"column":32}},"7":{"start":{"line":33,"column":2},"end":{"line":39,"column":15}},"8":{"start":{"line":34,"column":15},"end":{"line":34,"column":32}},"9":{"start":{"line":35,"column":4},"end":{"line":35,"column":42}},"10":{"start":{"line":36,"column":4},"end":{"line":38,"column":5}},"11":{"start":{"line":37,"column":6},"end":{"line":37,"column":47}},"12":{"start":{"line":43,"column":2},"end":{"line":75,"column":3}},"13":{"start":{"line":66,"column":14},"end":{"line":69,"column":16}}},"fnMap":{"0":{"name":"(anonymous_0)","decl":{"start":{"line":15,"column":30},"end":{"line":15,"column":31}},"loc":{"start":{"line":21,"column":6},"end":{"line":76,"column":1}},"line":21},"1":{"name":"(anonymous_1)","decl":{"start":{"line":25,"column":12},"end":{"line":25,"column":13}},"loc":{"start":{"line":25,"column":18},"end":{"line":31,"column":3}},"line":25},"2":{"name":"(anonymous_2)","decl":{"start":{"line":33,"column":12},"end":{"line":33,"column":13}},"loc":{"start":{"line":33,"column":18},"end":{"line":39,"column":3}},"line":33},"3":{"name":"(anonymous_3)","decl":{"start":{"line":36,"column":11},"end":{"line":36,"column":12}},"loc":{"start":{"line":36,"column":17},"end":{"line":38,"column":5}},"line":36},"4":{"name":"(anonymous_4)","decl":{"start":{"line":65,"column":31},"end":{"line":65,"column":32}},"loc":{"start":{"line":66,"column":14},"end":{"line":69,"column":16}},"line":66}},"branchMap":{"0":{"loc":{"start":{"line":26,"column":4},"end":{"line":30,"column":5}},"type":"if","locations":[{"start":{"line":26,"column":4},"end":{"line":30,"column":5}},{"start":{"line":28,"column":11},"end":{"line":30,"column":5}}],"line":26}},"s":{"0":3,"1":1,"2":1,"3":1,"4":1,"5":1,"6":0,"7":1,"8":1,"9":1,"10":1,"11":1,"12":1,"13":1},"f":{"0":1,"1":1,"2":1,"3":1,"4":1},"b":{"0":[1,0]},"_coverageSchema":"1a1c01bbd47fc00a2c39e90264f33305004495a9","hash":"4017010ad64ba36fa15d03c4fd36a0b460867b31"}
,"/home/runner/work/passport-status/passport-status/src/components/check-status-responses/CheckStatusFileBeingProcessed.tsx": {"path":"/home/runner/work/passport-status/passport-status/src/components/check-status-responses/CheckStatusFileBeingProcessed.tsx","statementMap":{"0":{"start":{"line":7,"column":53},"end":{"line":48,"column":1}},"1":{"start":{"line":8,"column":16},"end":{"line":8,"column":52}},"2":{"start":{"line":9,"column":2},"end":{"line":47,"column":3}}},"fnMap":{"0":{"name":"(anonymous_0)","decl":{"start":{"line":7,"column":53},"end":{"line":7,"column":54}},"loc":{"start":{"line":7,"column":59},"end":{"line":48,"column":1}},"line":7}},"branchMap":{},"s":{"0":4,"1":4,"2":4},"f":{"0":4},"b":{},"_coverageSchema":"1a1c01bbd47fc00a2c39e90264f33305004495a9","hash":"4fe5e7d7115348096b7b8a20f583fb870048ec8e"}
,"/home/runner/work/passport-status/passport-status/src/components/check-status-responses/CheckStatusNoRecord.tsx": {"path":"/home/runner/work/passport-status/passport-status/src/components/check-status-responses/CheckStatusNoRecord.tsx","statementMap":{"0":{"start":{"line":7,"column":43},"end":{"line":50,"column":1}},"1":{"start":{"line":8,"column":16},"end":{"line":8,"column":52}},"2":{"start":{"line":9,"column":2},"end":{"line":49,"column":3}}},"fnMap":{"0":{"name":"(anonymous_0)","decl":{"start":{"line":7,"column":43},"end":{"line":7,"column":44}},"loc":{"start":{"line":7,"column":49},"end":{"line":50,"column":1}},"line":7}},"branchMap":{},"s":{"0":3,"1":4,"2":4},"f":{"0":4},"b":{},"_coverageSchema":"1a1c01bbd47fc00a2c39e90264f33305004495a9","hash":"5f9818bdf815b450b793233815f13f039975705b"}
,"/home/runner/work/passport-status/passport-status/src/components/check-status-responses/CheckStatusNotAcceptable.tsx": {"path":"/home/runner/work/passport-status/passport-status/src/components/check-status-responses/CheckStatusNotAcceptable.tsx","statementMap":{"0":{"start":{"line":5,"column":48},"end":{"line":22,"column":1}},"1":{"start":{"line":6,"column":16},"end":{"line":6,"column":52}},"2":{"start":{"line":7,"column":2},"end":{"line":21,"column":3}}},"fnMap":{"0":{"name":"(anonymous_0)","decl":{"start":{"line":5,"column":48},"end":{"line":5,"column":49}},"loc":{"start":{"line":5,"column":54},"end":{"line":22,"column":1}},"line":5}},"branchMap":{},"s":{"0":3,"1":2,"2":2},"f":{"0":2},"b":{},"_coverageSchema":"1a1c01bbd47fc00a2c39e90264f33305004495a9","hash":"9d01b28e7574b152d052fa615de8777034629508"}
,"/home/runner/work/passport-status/passport-status/src/components/check-status-responses/CheckStatusReadyForPickup.tsx": {"path":"/home/runner/work/passport-status/passport-status/src/components/check-status-responses/CheckStatusReadyForPickup.tsx","statementMap":{"0":{"start":{"line":5,"column":49},"end":{"line":18,"column":1}},"1":{"start":{"line":6,"column":16},"end":{"line":6,"column":40}},"2":{"start":{"line":7,"column":2},"end":{"line":17,"column":3}}},"fnMap":{"0":{"name":"(anonymous_0)","decl":{"start":{"line":5,"column":49},"end":{"line":5,"column":50}},"loc":{"start":{"line":5,"column":55},"end":{"line":18,"column":1}},"line":5}},"branchMap":{},"s":{"0":3,"1":2,"2":2},"f":{"0":2},"b":{},"_coverageSchema":"1a1c01bbd47fc00a2c39e90264f33305004495a9","hash":"370c679764942ff44c494a2b2cc0494f0978417d"}
,"/home/runner/work/passport-status/passport-status/src/components/check-status-responses/CheckStatusShippingCanadaPost.tsx": {"path":"/home/runner/work/passport-status/passport-status/src/components/check-status-responses/CheckStatusShippingCanadaPost.tsx","statementMap":{"0":{"start":{"line":13,"column":4},"end":{"line":53,"column":1}},"1":{"start":{"line":14,"column":16},"end":{"line":14,"column":52}},"2":{"start":{"line":16,"column":2},"end":{"line":52,"column":3}}},"fnMap":{"0":{"name":"(anonymous_0)","decl":{"start":{"line":13,"column":4},"end":{"line":13,"column":5}},"loc":{"start":{"line":13,"column":28},"end":{"line":53,"column":1}},"line":13}},"branchMap":{"0":{"loc":{"start":{"line":23,"column":9},"end":{"line":32,"column":9}},"type":"binary-expr","locations":[{"start":{"line":23,"column":9},"end":{"line":23,"column":23}},{"start":{"line":24,"column":10},"end":{"line":31,"column":13}}],"line":23}},"s":{"0":2,"1":0,"2":0},"f":{"0":0},"b":{"0":[0,0]},"_coverageSchema":"1a1c01bbd47fc00a2c39e90264f33305004495a9","hash":"8d57186818d4020ca240a528cf316ffae74b8db6"}
,"/home/runner/work/passport-status/passport-status/src/components/check-status-responses/CheckStatusShippingFedex.tsx": {"path":"/home/runner/work/passport-status/passport-status/src/components/check-status-responses/CheckStatusShippingFedex.tsx","statementMap":{"0":{"start":{"line":11,"column":75},"end":{"line":45,"column":1}},"1":{"start":{"line":14,"column":16},"end":{"line":14,"column":40}},"2":{"start":{"line":15,"column":2},"end":{"line":44,"column":3}}},"fnMap":{"0":{"name":"(anonymous_0)","decl":{"start":{"line":11,"column":75},"end":{"line":11,"column":76}},"loc":{"start":{"line":13,"column":6},"end":{"line":45,"column":1}},"line":13}},"branchMap":{"0":{"loc":{"start":{"line":22,"column":9},"end":{"line":31,"column":9}},"type":"binary-expr","locations":[{"start":{"line":22,"column":9},"end":{"line":22,"column":23}},{"start":{"line":23,"column":10},"end":{"line":30,"column":13}}],"line":22}},"s":{"0":3,"1":2,"2":2},"f":{"0":2},"b":{"0":[2,0]},"_coverageSchema":"1a1c01bbd47fc00a2c39e90264f33305004495a9","hash":"a4a6a4c6070d1242d7707754e42c5f208066679a"}
,"/home/runner/work/passport-status/passport-status/src/components/error-pages/Error404Page.tsx": {"path":"/home/runner/work/passport-status/passport-status/src/components/error-pages/Error404Page.tsx","statementMap":{"0":{"start":{"line":8,"column":25},"end":{"line":73,"column":1}},"1":{"start":{"line":9,"column":2},"end":{"line":72,"column":3}}},"fnMap":{"0":{"name":"(anonymous_0)","decl":{"start":{"line":8,"column":25},"end":{"line":8,"column":26}},"loc":{"start":{"line":8,"column":31},"end":{"line":73,"column":1}},"line":8}},"branchMap":{},"s":{"0":1,"1":1},"f":{"0":1},"b":{},"_coverageSchema":"1a1c01bbd47fc00a2c39e90264f33305004495a9","hash":"07429392cf138b7be82a7bea880f0d2e8be3af90"}
,"/home/runner/work/passport-status/passport-status/src/components/error-pages/ErrorPage.tsx": {"path":"/home/runner/work/passport-status/passport-status/src/components/error-pages/ErrorPage.tsx","statementMap":{"0":{"start":{"line":12,"column":38},"end":{"line":96,"column":1}},"1":{"start":{"line":13,"column":2},"end":{"line":95,"column":3}}},"fnMap":{"0":{"name":"(anonymous_0)","decl":{"start":{"line":12,"column":38},"end":{"line":12,"column":39}},"loc":{"start":{"line":12,"column":58},"end":{"line":96,"column":1}},"line":12}},"branchMap":{"0":{"loc":{"start":{"line":18,"column":10},"end":{"line":20,"column":58}},"type":"cond-expr","locations":[{"start":{"line":19,"column":14},"end":{"line":19,"column":65}},{"start":{"line":20,"column":14},"end":{"line":20,"column":58}}],"line":18},"1":{"loc":{"start":{"line":25,"column":9},"end":{"line":25,"column":77}},"type":"cond-expr","locations":[{"start":{"line":25,"column":30},"end":{"line":25,"column":53}},{"start":{"line":25,"column":56},"end":{"line":25,"column":77}}],"line":25},"2":{"loc":{"start":{"line":31,"column":11},"end":{"line":33,"column":36}},"type":"cond-expr","locations":[{"start":{"line":32,"column":14},"end":{"line":32,"column":41}},{"start":{"line":33,"column":14},"end":{"line":33,"column":36}}],"line":31},"3":{"loc":{"start":{"line":40,"column":13},"end":{"line":40,"column":79}},"type":"cond-expr","locations":[{"start":{"line":40,"column":26},"end":{"line":40,"column":47}},{"start":{"line":40,"column":50},"end":{"line":40,"column":79}}],"line":40},"4":{"loc":{"start":{"line":66,"column":13},"end":{"line":68,"column":47}},"type":"cond-expr","locations":[{"start":{"line":67,"column":16},"end":{"line":67,"column":38}},{"start":{"line":68,"column":16},"end":{"line":68,"column":47}}],"line":66}},"s":{"0":1,"1":2},"f":{"0":2},"b":{"0":[1,1],"1":[1,1],"2":[1,1],"3":[1,1],"4":[1,1]},"_coverageSchema":"1a1c01bbd47fc00a2c39e90264f33305004495a9","hash":"8cbd9453c603273754327adfc59f34b876195c90"}
,"/home/runner/work/passport-status/passport-status/src/lib/logger.js": {"path":"/home/runner/work/passport-status/passport-status/src/lib/logger.js","statementMap":{"0":{"start":{"line":1,"column":15},"end":{"line":38,"column":4}},"1":{"start":{"line":2,"column":19},"end":{"line":2,"column":44}},"2":{"start":{"line":3,"column":16},"end":{"line":30,"column":3}},"3":{"start":{"line":4,"column":4},"end":{"line":29,"column":5}},"4":{"start":{"line":6,"column":8},"end":{"line":10,"column":9}},"5":{"start":{"line":11,"column":8},"end":{"line":11,"column":13}},"6":{"start":{"line":13,"column":8},"end":{"line":17,"column":9}},"7":{"start":{"line":18,"column":8},"end":{"line":18,"column":13}},"8":{"start":{"line":20,"column":8},"end":{"line":22,"column":9}},"9":{"start":{"line":21,"column":10},"end":{"line":21,"column":51}},"10":{"start":{"line":23,"column":8},"end":{"line":23,"column":13}},"11":{"start":{"line":26,"column":8},"end":{"line":28,"column":9}},"12":{"start":{"line":27,"column":10},"end":{"line":27,"column":51}},"13":{"start":{"line":32,"column":2},"end":{"line":37,"column":3}}},"fnMap":{"0":{"name":"(anonymous_0)","decl":{"start":{"line":1,"column":16},"end":{"line":1,"column":17}},"loc":{"start":{"line":1,"column":22},"end":{"line":38,"column":1}},"line":1},"1":{"name":"(anonymous_1)","decl":{"start":{"line":3,"column":16},"end":{"line":3,"column":17}},"loc":{"start":{"line":3,"column":39},"end":{"line":30,"column":3}},"line":3}},"branchMap":{"0":{"loc":{"start":{"line":4,"column":4},"end":{"line":29,"column":5}},"type":"switch","locations":[{"start":{"line":5,"column":6},"end":{"line":11,"column":13}},{"start":{"line":12,"column":6},"end":{"line":18,"column":13}},{"start":{"line":19,"column":6},"end":{"line":23,"column":13}},{"start":{"line":24,"column":6},"end":{"line":24,"column":19}},{"start":{"line":25,"column":6},"end":{"line":28,"column":9}}],"line":4},"1":{"loc":{"start":{"line":20,"column":8},"end":{"line":22,"column":9}},"type":"if","locations":[{"start":{"line":20,"column":8},"end":{"line":22,"column":9}},{"start":{},"end":{}}],"line":20},"2":{"loc":{"start":{"line":20,"column":12},"end":{"line":20,"column":55}},"type":"binary-expr","locations":[{"start":{"line":20,"column":12},"end":{"line":20,"column":31}},{"start":{"line":20,"column":35},"end":{"line":20,"column":55}}],"line":20},"3":{"loc":{"start":{"line":26,"column":8},"end":{"line":28,"column":9}},"type":"if","locations":[{"start":{"line":26,"column":8},"end":{"line":28,"column":9}},{"start":{},"end":{}}],"line":26}},"s":{"0":0,"1":0,"2":0,"3":0,"4":0,"5":0,"6":0,"7":0,"8":0,"9":0,"10":0,"11":0,"12":0,"13":0},"f":{"0":0,"1":0},"b":{"0":[0,0,0,0,0],"1":[0,0],"2":[0,0],"3":[0,0]}}
,"/home/runner/work/passport-status/passport-status/src/lib/types.ts": {"path":"/home/runner/work/passport-status/passport-status/src/lib/types.ts","statementMap":{},"fnMap":{},"branchMap":{},"s":{},"f":{},"b":{},"_coverageSchema":"1a1c01bbd47fc00a2c39e90264f33305004495a9","hash":"286e42183f3ce578fabe2b4564b887644ec32c64"}
,"/home/runner/work/passport-status/passport-status/src/lib/useCheckStatus.ts": {"path":"/home/runner/work/passport-status/passport-status/src/lib/useCheckStatus.ts","statementMap":{"0":{"start":{"line":6,"column":32},"end":{"line":17,"column":1}},"1":{"start":{"line":10,"column":16},"end":{"line":12,"column":15}},"2":{"start":{"line":13,"column":19},"end":{"line":13,"column":66}},"3":{"start":{"line":14,"column":2},"end":{"line":14,"column":41}},"4":{"start":{"line":14,"column":19},"end":{"line":14,"column":41}},"5":{"start":{"line":15,"column":2},"end":{"line":15,"column":42}},"6":{"start":{"line":15,"column":31},"end":{"line":15,"column":42}},"7":{"start":{"line":16,"column":2},"end":{"line":16,"column":58}},"8":{"start":{"line":19,"column":30},"end":{"line":43,"column":1}},"9":{"start":{"line":27,"column":16},"end":{"line":35,"column":3}},"10":{"start":{"line":33,"column":20},"end":{"line":33,"column":76}},"11":{"start":{"line":39,"column":2},"end":{"line":42,"column":3}}},"fnMap":{"0":{"name":"(anonymous_0)","decl":{"start":{"line":6,"column":32},"end":{"line":6,"column":33}},"loc":{"start":{"line":9,"column":45},"end":{"line":17,"column":1}},"line":9},"1":{"name":"(anonymous_1)","decl":{"start":{"line":19,"column":30},"end":{"line":19,"column":31}},"loc":{"start":{"line":26,"column":5},"end":{"line":43,"column":1}},"line":26},"2":{"name":"(anonymous_2)","decl":{"start":{"line":33,"column":4},"end":{"line":33,"column":5}},"loc":{"start":{"line":33,"column":20},"end":{"line":33,"column":76}},"line":33}},"branchMap":{"0":{"loc":{"start":{"line":14,"column":2},"end":{"line":14,"column":41}},"type":"if","locations":[{"start":{"line":14,"column":2},"end":{"line":14,"column":41}},{"start":{},"end":{}}],"line":14},"1":{"loc":{"start":{"line":15,"column":2},"end":{"line":15,"column":42}},"type":"if","locations":[{"start":{"line":15,"column":2},"end":{"line":15,"column":42}},{"start":{},"end":{}}],"line":15},"2":{"loc":{"start":{"line":34,"column":10},"end":{"line":34,"column":28}},"type":"binary-expr","locations":[{"start":{"line":34,"column":10},"end":{"line":34,"column":22}},{"start":{"line":34,"column":26},"end":{"line":34,"column":28}}],"line":34},"3":{"loc":{"start":{"line":41,"column":15},"end":{"line":41,"column":62}},"type":"binary-expr","locations":[{"start":{"line":41,"column":15},"end":{"line":41,"column":30}},{"start":{"line":41,"column":34},"end":{"line":41,"column":62}}],"line":41}},"s":{"0":0,"1":0,"2":0,"3":0,"4":0,"5":0,"6":0,"7":0,"8":0,"9":0,"10":0,"11":0},"f":{"0":0,"1":0,"2":0},"b":{"0":[0,0],"1":[0,0],"2":[0,0],"3":[0,0]}}
,"/home/runner/work/passport-status/passport-status/src/lib/useEmailEsrf.ts": {"path":"/home/runner/work/passport-status/passport-status/src/lib/useEmailEsrf.ts","statementMap":{"0":{"start":{"line":6,"column":21},"end":{"line":22,"column":1}},"1":{"start":{"line":9,"column":2},"end":{"line":21,"column":13}},"2":{"start":{"line":10,"column":21},"end":{"line":16,"column":6}},"3":{"start":{"line":18,"column":4},"end":{"line":20,"column":5}},"4":{"start":{"line":19,"column":6},"end":{"line":19,"column":62}}},"fnMap":{"0":{"name":"(anonymous_0)","decl":{"start":{"line":6,"column":21},"end":{"line":6,"column":22}},"loc":{"start":{"line":8,"column":5},"end":{"line":22,"column":1}},"line":8},"1":{"name":"(anonymous_1)","decl":{"start":{"line":9,"column":62},"end":{"line":9,"column":63}},"loc":{"start":{"line":9,"column":78},"end":{"line":21,"column":3}},"line":9}},"branchMap":{"0":{"loc":{"start":{"line":18,"column":4},"end":{"line":20,"column":5}},"type":"if","locations":[{"start":{"line":18,"column":4},"end":{"line":20,"column":5}},{"start":{},"end":{}}],"line":18}},"s":{"0":0,"1":0,"2":0,"3":0,"4":0},"f":{"0":0,"1":0},"b":{"0":[0,0]}}
,"/home/runner/work/passport-status/passport-status/src/lib/mappers/checkStatusApiResponseMapper.ts": {"path":"/home/runner/work/passport-status/passport-status/src/lib/mappers/checkStatusApiResponseMapper.ts","statementMap":{"0":{"start":{"line":13,"column":43},"end":{"line":23,"column":2}},"1":{"start":{"line":15,"column":30},"end":{"line":23,"column":1}},"2":{"start":{"line":29,"column":33},"end":{"line":37,"column":1}},"3":{"start":{"line":32,"column":2},"end":{"line":36,"column":21}},"4":{"start":{"line":34,"column":6},"end":{"line":35,"column":37}}},"fnMap":{"0":{"name":"(anonymous_0)","decl":{"start":{"line":13,"column":43},"end":{"line":13,"column":44}},"loc":{"start":{"line":15,"column":30},"end":{"line":23,"column":1}},"line":15},"1":{"name":"(anonymous_1)","decl":{"start":{"line":29,"column":33},"end":{"line":29,"column":34}},"loc":{"start":{"line":31,"column":25},"end":{"line":37,"column":1}},"line":31},"2":{"name":"(anonymous_2)","decl":{"start":{"line":33,"column":4},"end":{"line":33,"column":5}},"loc":{"start":{"line":34,"column":6},"end":{"line":35,"column":37}},"line":34}},"branchMap":{},"s":{"0":1,"1":0,"2":1,"3":0,"4":0},"f":{"0":0,"1":0,"2":0},"b":{},"_coverageSchema":"1a1c01bbd47fc00a2c39e90264f33305004495a9","hash":"6f8ff011e8637df02ccd97684398f470c1f1ac8a"}
,"/home/runner/work/passport-status/passport-status/src/logging/log-level.tsx": {"path":"/home/runner/work/passport-status/passport-status/src/logging/log-level.tsx","statementMap":{"0":{"start":{"line":1,"column":21},"end":{"line":6,"column":1}}},"fnMap":{},"branchMap":{},"s":{"0":2},"f":{},"b":{},"_coverageSchema":"1a1c01bbd47fc00a2c39e90264f33305004495a9","hash":"8521df9dfd778332dfc6c2cbb8a67ac99bc05363"}
,"/home/runner/work/passport-status/passport-status/src/logging/log-util.tsx": {"path":"/home/runner/work/passport-status/passport-status/src/logging/log-util.tsx","statementMap":{"0":{"start":{"line":5,"column":18},"end":{"line":7,"column":1}},"1":{"start":{"line":10,"column":2},"end":{"line":10,"column":62}},"2":{"start":{"line":14,"column":2},"end":{"line":18,"column":4}}},"fnMap":{"0":{"name":"getLogLevel","decl":{"start":{"line":9,"column":16},"end":{"line":9,"column":27}},"loc":{"start":{"line":9,"column":52},"end":{"line":11,"column":1}},"line":9},"1":{"name":"getLogger","decl":{"start":{"line":13,"column":16},"end":{"line":13,"column":25}},"loc":{"start":{"line":13,"column":48},"end":{"line":19,"column":1}},"line":13}},"branchMap":{"0":{"loc":{"start":{"line":10,"column":9},"end":{"line":10,"column":62}},"type":"binary-expr","locations":[{"start":{"line":10,"column":9},"end":{"line":10,"column":30}},{"start":{"line":10,"column":34},"end":{"line":10,"column":52}},{"start":{"line":10,"column":56},"end":{"line":10,"column":62}}],"line":10}},"s":{"0":2,"1":2,"2":2},"f":{"0":2,"1":2},"b":{"0":[2,2,2]},"_coverageSchema":"1a1c01bbd47fc00a2c39e90264f33305004495a9","hash":"ed9f04e9c23398045432d1fc95850a353ef09305"}
,"/home/runner/work/passport-status/passport-status/src/pages/_app.tsx": {"path":"/home/runner/work/passport-status/passport-status/src/pages/_app.tsx","statementMap":{"0":{"start":{"line":16,"column":20},"end":{"line":18,"column":2}},"1":{"start":{"line":21,"column":34},"end":{"line":21,"column":36}},"2":{"start":{"line":23,"column":14},"end":{"line":76,"column":1}},"3":{"start":{"line":24,"column":17},"end":{"line":24,"column":28}},"4":{"start":{"line":26,"column":4},"end":{"line":26,"column":56}},"5":{"start":{"line":27,"column":21},"end":{"line":27,"column":60}},"6":{"start":{"line":28,"column":24},"end":{"line":28,"column":60}},"7":{"start":{"line":33,"column":2},"end":{"line":49,"column":21}},"8":{"start":{"line":34,"column":30},"end":{"line":40,"column":5}},"9":{"start":{"line":36,"column":6},"end":{"line":39,"column":7}},"10":{"start":{"line":37,"column":9},"end":{"line":37,"column":76}},"11":{"start":{"line":38,"column":8},"end":{"line":38,"column":62}},"12":{"start":{"line":42,"column":4},"end":{"line":42,"column":23}},"13":{"start":{"line":43,"column":4},"end":{"line":43,"column":62}},"14":{"start":{"line":44,"column":4},"end":{"line":44,"column":61}},"15":{"start":{"line":45,"column":4},"end":{"line":48,"column":5}},"16":{"start":{"line":46,"column":6},"end":{"line":46,"column":65}},"17":{"start":{"line":47,"column":6},"end":{"line":47,"column":64}},"18":{"start":{"line":51,"column":2},"end":{"line":75,"column":3}}},"fnMap":{"0":{"name":"(anonymous_0)","decl":{"start":{"line":23,"column":14},"end":{"line":23,"column":15}},"loc":{"start":{"line":23,"column":62},"end":{"line":76,"column":1}},"line":23},"1":{"name":"(anonymous_1)","decl":{"start":{"line":33,"column":12},"end":{"line":33,"column":13}},"loc":{"start":{"line":33,"column":18},"end":{"line":49,"column":3}},"line":33},"2":{"name":"(anonymous_2)","decl":{"start":{"line":34,"column":30},"end":{"line":34,"column":31}},"loc":{"start":{"line":34,"column":36},"end":{"line":40,"column":5}},"line":34},"3":{"name":"(anonymous_3)","decl":{"start":{"line":45,"column":11},"end":{"line":45,"column":12}},"loc":{"start":{"line":45,"column":17},"end":{"line":48,"column":5}},"line":45}},"branchMap":{"0":{"loc":{"start":{"line":36,"column":6},"end":{"line":39,"column":7}},"type":"if","locations":[{"start":{"line":36,"column":6},"end":{"line":39,"column":7}},{"start":{},"end":{}}],"line":36},"1":{"loc":{"start":{"line":59,"column":7},"end":{"line":64,"column":7}},"type":"binary-expr","locations":[{"start":{"line":59,"column":7},"end":{"line":59,"column":30}},{"start":{"line":60,"column":8},"end":{"line":63,"column":11}}],"line":59}},"s":{"0":1,"1":1,"2":1,"3":2,"4":2,"5":2,"6":2,"7":2,"8":2,"9":2,"10":1,"11":1,"12":2,"13":2,"14":2,"15":2,"16":2,"17":2,"18":2},"f":{"0":2,"1":2,"2":2,"3":2},"b":{"0":[1,1],"1":[2,1]},"_coverageSchema":"1a1c01bbd47fc00a2c39e90264f33305004495a9","hash":"bc609232db1f1d1fb91c6ed25bd59080e59f1a22"}
,"/home/runner/work/passport-status/passport-status/src/pages/_document.tsx": {"path":"/home/runner/work/passport-status/passport-status/src/pages/_document.tsx","statementMap":{"0":{"start":{"line":14,"column":25},"end":{"line":14,"column":60}},"1":{"start":{"line":16,"column":4},"end":{"line":16,"column":23}},"2":{"start":{"line":19,"column":4},"end":{"line":33,"column":5}}},"fnMap":{"0":{"name":"(anonymous_0)","decl":{"start":{"line":11,"column":2},"end":{"line":11,"column":3}},"loc":{"start":{"line":13,"column":35},"end":{"line":17,"column":3}},"line":13},"1":{"name":"(anonymous_1)","decl":{"start":{"line":18,"column":2},"end":{"line":18,"column":3}},"loc":{"start":{"line":18,"column":11},"end":{"line":34,"column":3}},"line":18}},"branchMap":{"0":{"loc":{"start":{"line":22,"column":10},"end":{"line":24,"column":31}},"type":"cond-expr","locations":[{"start":{"line":23,"column":14},"end":{"line":23,"column":18}},{"start":{"line":24,"column":14},"end":{"line":24,"column":31}}],"line":22},"1":{"loc":{"start":{"line":22,"column":11},"end":{"line":22,"column":56}},"type":"binary-expr","locations":[{"start":{"line":22,"column":11},"end":{"line":22,"column":43}},{"start":{"line":22,"column":47},"end":{"line":22,"column":56}}],"line":22}},"s":{"0":0,"1":0,"2":0},"f":{"0":0,"1":0},"b":{"0":[0,0],"1":[0,0]}}
,"/home/runner/work/passport-status/passport-status/src/pages/_error.tsx": {"path":"/home/runner/work/passport-status/passport-status/src/pages/_error.tsx","statementMap":{"0":{"start":{"line":10,"column":36},"end":{"line":13,"column":1}},"1":{"start":{"line":11,"column":2},"end":{"line":11,"column":49}},"2":{"start":{"line":11,"column":26},"end":{"line":11,"column":49}},"3":{"start":{"line":12,"column":2},"end":{"line":12,"column":46}},"4":{"start":{"line":15,"column":0},"end":{"line":18,"column":1}},"5":{"start":{"line":16,"column":21},"end":{"line":16,"column":62}},"6":{"start":{"line":17,"column":2},"end":{"line":17,"column":23}}},"fnMap":{"0":{"name":"(anonymous_0)","decl":{"start":{"line":10,"column":36},"end":{"line":10,"column":37}},"loc":{"start":{"line":10,"column":56},"end":{"line":13,"column":1}},"line":10},"1":{"name":"(anonymous_1)","decl":{"start":{"line":15,"column":24},"end":{"line":15,"column":25}},"loc":{"start":{"line":15,"column":48},"end":{"line":18,"column":1}},"line":15}},"branchMap":{"0":{"loc":{"start":{"line":11,"column":2},"end":{"line":11,"column":49}},"type":"if","locations":[{"start":{"line":11,"column":2},"end":{"line":11,"column":49}},{"start":{},"end":{}}],"line":11},"1":{"loc":{"start":{"line":16,"column":21},"end":{"line":16,"column":62}},"type":"binary-expr","locations":[{"start":{"line":16,"column":21},"end":{"line":16,"column":36}},{"start":{"line":16,"column":40},"end":{"line":16,"column":55}},{"start":{"line":16,"column":59},"end":{"line":16,"column":62}}],"line":16}},"s":{"0":1,"1":3,"2":1,"3":2,"4":1,"5":0,"6":0},"f":{"0":3,"1":0},"b":{"0":[1,2],"1":[0,0,0]},"_coverageSchema":"1a1c01bbd47fc00a2c39e90264f33305004495a9","hash":"b67c5d508bda252e0b67df0ff6761dde46a7cd25"}
[...]
us/passport-status/src/pages/status.tsx","statementMap":{"0":{"start":{"line":37,"column":50},"end":{"line":42,"column":1}},"1":{"start":{"line":44,"column":25},"end":{"line":51,"column":2}},"2":{"start":{"line":53,"column":19},"end":{"line":302,"column":1}},"3":{"start":{"line":54,"column":16},"end":{"line":54,"column":40}},"4":{"start":{"line":55,"column":17},"end":{"line":55,"column":28}},"5":{"start":{"line":56,"column":21},"end":{"line":56,"column":53}},"6":{"start":{"line":57,"column":36},"end":{"line":57,"column":51}},"7":{"start":{"line":59,"column":26},"end":{"line":62,"column":18}},"8":{"start":{"line":60,"column":4},"end":{"line":60,"column":79}},"9":{"start":{"line":61,"column":4},"end":{"line":61,"column":31}},"10":{"start":{"line":72,"column":6},"end":{"line":91,"column":4}},"11":{"start":{"line":75,"column":6},"end":{"line":75,"column":28}},"12":{"start":{"line":79,"column":6},"end":{"line":86,"column":7}},"13":{"start":{"line":80,"column":8},"end":{"line":80,"column":57}},"14":{"start":{"line":82,"column":8},"end":{"line":82,"column":17}},"15":{"start":{"line":84,"column":8},"end":{"line":84,"column":52}},"16":{"start":{"line":85,"column":8},"end":{"line":85,"column":40}},"17":{"start":{"line":98,"column":6},"end":{"line":104,"column":3}},"18":{"start":{"line":102,"column":23},"end":{"line":102,"column":40}},"19":{"start":{"line":106,"column":28},"end":{"line":114,"column":3}},"20":{"start":{"line":108,"column":6},"end":{"line":112,"column":8}},"21":{"start":{"line":109,"column":8},"end":{"line":109,"column":55}},"22":{"start":{"line":109,"column":44},"end":{"line":109,"column":55}},"23":{"start":{"line":111,"column":8},"end":{"line":111,"column":55}},"24":{"start":{"line":116,"column":68},"end":{"line":134,"column":3}},"25":{"start":{"line":118,"column":6},"end":{"line":118,"column":24}},"26":{"start":{"line":119,"column":6},"end":{"line":122,"column":7}},"27":{"start":{"line":120,"column":8},"end":{"line":120,"column":37}},"28":{"start":{"line":121,"column":8},"end":{"line":121,"column":14}},"29":{"start":{"line":123,"column":6},"end":{"line":123,"column":32}},"30":{"start":{"line":124,"column":6},"end":{"line":124,"column":33}},"31":{"start":{"line":125,"column":6},"end":{"line":125,"column":23}},"32":{"start":{"line":136,"column":67},"end":{"line":141,"column":3}},"33":{"start":{"line":138,"column":6},"end":{"line":138,"column":79}},"34":{"start":{"line":143,"column":66},"end":{"line":148,"column":3}},"35":{"start":{"line":145,"column":6},"end":{"line":145,"column":52}},"36":{"start":{"line":150,"column":30},"end":{"line":150,"column":71}},"37":{"start":{"line":150,"column":48},"end":{"line":150,"column":66}},"38":{"start":{"line":152,"column":29},"end":{"line":152,"column":71}},"39":{"start":{"line":152,"column":47},"end":{"line":152,"column":66}},"40":{"start":{"line":154,"column":38},"end":{"line":157,"column":3}},"41":{"start":{"line":155,"column":10},"end":{"line":155,"column":33}},"42":{"start":{"line":160,"column":2},"end":{"line":160,"column":46}},"43":{"start":{"line":160,"column":24},"end":{"line":160,"column":46}},"44":{"start":{"line":162,"column":2},"end":{"line":301,"column":3}},"45":{"start":{"line":304,"column":54},"end":{"line":311,"column":2}},"46":{"start":{"line":304,"column":77},"end":{"line":311,"column":1}}},"fnMap":{"0":{"name":"(anonymous_0)","decl":{"start":{"line":53,"column":19},"end":{"line":53,"column":20}},"loc":{"start":{"line":53,"column":25},"end":{"line":302,"column":1}},"line":53},"1":{"name":"(anonymous_1)","decl":{"start":{"line":59,"column":38},"end":{"line":59,"column":39}},"loc":{"start":{"line":59,"column":44},"end":{"line":62,"column":3}},"line":59},"2":{"name":"(anonymous_2)","decl":{"start":{"line":74,"column":14},"end":{"line":74,"column":15}},"loc":{"start":{"line":74,"column":36},"end":{"line":76,"column":5}},"line":74},"3":{"name":"(anonymous_3)","decl":{"start":{"line":77,"column":14},"end":{"line":77,"column":15}},"loc":{"start":{"line":77,"column":32},"end":{"line":87,"column":5}},"line":77},"4":{"name":"(anonymous_4)","decl":{"start":{"line":102,"column":17},"end":{"line":102,"column":18}},"loc":{"start":{"line":102,"column":23},"end":{"line":102,"column":40}},"line":102},"5":{"name":"(anonymous_5)","decl":{"start":{"line":107,"column":4},"end":{"line":107,"column":5}},"loc":{"start":{"line":108,"column":6},"end":{"line":112,"column":8}},"line":108},"6":{"name":"(anonymous_6)","decl":{"start":{"line":108,"column":48},"end":{"line":108,"column":49}},"loc":{"start":{"line":108,"column":58},"end":{"line":112,"column":7}},"line":108},"7":{"name":"(anonymous_7)","decl":{"start":{"line":117,"column":4},"end":{"line":117,"column":5}},"loc":{"start":{"line":117,"column":17},"end":{"line":126,"column":5}},"line":117},"8":{"name":"(anonymous_8)","decl":{"start":{"line":137,"column":4},"end":{"line":137,"column":5}},"loc":{"start":{"line":137,"column":20},"end":{"line":139,"column":5}},"line":137},"9":{"name":"(anonymous_9)","decl":{"start":{"line":144,"column":4},"end":{"line":144,"column":5}},"loc":{"start":{"line":144,"column":20},"end":{"line":146,"column":5}},"line":144},"10":{"name":"(anonymous_10)","decl":{"start":{"line":150,"column":42},"end":{"line":150,"column":43}},"loc":{"start":{"line":150,"column":48},"end":{"line":150,"column":66}},"line":150},"11":{"name":"(anonymous_11)","decl":{"start":{"line":152,"column":41},"end":{"line":152,"column":42}},"loc":{"start":{"line":152,"column":47},"end":{"line":152,"column":66}},"line":152},"12":{"name":"(anonymous_12)","decl":{"start":{"line":155,"column":4},"end":{"line":155,"column":5}},"loc":{"start":{"line":155,"column":10},"end":{"line":155,"column":33}},"line":155},"13":{"name":"(anonymous_13)","decl":{"start":{"line":304,"column":54},"end":{"line":304,"column":55}},"loc":{"start":{"line":304,"column":77},"end":{"line":311,"column":1}},"line":304}},"branchMap":{"0":{"loc":{"start":{"line":99,"column":4},"end":{"line":99,"column":63}},"type":"cond-expr","locations":[{"start":{"line":99,"column":35},"end":{"line":99,"column":47}},{"start":{"line":99,"column":50},"end":{"line":99,"column":63}}],"line":99},"1":{"loc":{"start":{"line":109,"column":8},"end":{"line":109,"column":55}},"type":"if","locations":[{"start":{"line":109,"column":8},"end":{"line":109,"column":55}},{"start":{},"end":{}}],"line":109},"2":{"loc":{"start":{"line":119,"column":6},"end":{"line":122,"column":7}},"type":"if","locations":[{"start":{"line":119,"column":6},"end":{"line":122,"column":7}},{"start":{},"end":{}}],"line":119},"3":{"loc":{"start":{"line":160,"column":2},"end":{"line":160,"column":46}},"type":"if","locations":[{"start":{"line":160,"column":2},"end":{"line":160,"column":46}},{"start":{},"end":{}}],"line":160},"4":{"loc":{"start":{"line":169,"column":7},"end":{"line":281,"column":7}},"type":"cond-expr","locations":[{"start":{"line":170,"column":8},"end":{"line":180,"column":10}},{"start":{"line":182,"column":8},"end":{"line":280,"column":15}}],"line":169},"5":{"loc":{"start":{"line":172,"column":12},"end":{"line":174,"column":33}},"type":"cond-expr","locations":[{"start":{"line":173,"column":16},"end":{"line":173,"column":36}},{"start":{"line":174,"column":16},"end":{"line":174,"column":33}}],"line":172},"6":{"loc":{"start":{"line":177,"column":22},"end":{"line":177,"column":79}},"type":"cond-expr","locations":[{"start":{"line":177,"column":53},"end":{"line":177,"column":66}},{"start":{"line":177,"column":69},"end":{"line":177,"column":79}}],"line":177},"7":{"loc":{"start":{"line":203,"column":11},"end":{"line":211,"column":11}},"type":"binary-expr","locations":[{"start":{"line":203,"column":11},"end":{"line":203,"column":39}},{"start":{"line":204,"column":12},"end":{"line":210,"column":14}}],"line":203},"8":{"loc":{"start":{"line":219,"column":26},"end":{"line":219,"column":67}},"type":"binary-expr","locations":[{"start":{"line":219,"column":26},"end":{"line":219,"column":43}},{"start":{"line":219,"column":47},"end":{"line":219,"column":67}}],"line":219},"9":{"loc":{"start":{"line":240,"column":26},"end":{"line":240,"column":77}},"type":"binary-expr","locations":[{"start":{"line":240,"column":26},"end":{"line":240,"column":48}},{"start":{"line":240,"column":52},"end":{"line":240,"column":77}}],"line":240},"10":{"loc":{"start":{"line":250,"column":26},"end":{"line":250,"column":73}},"type":"binary-expr","locations":[{"start":{"line":250,"column":26},"end":{"line":250,"column":46}},{"start":{"line":250,"column":50},"end":{"line":250,"column":73}}],"line":250},"11":{"loc":{"start":{"line":260,"column":14},"end":{"line":260,"column":69}},"type":"binary-expr","locations":[{"start":{"line":260,"column":14},"end":{"line":260,"column":38}},{"start":{"line":260,"column":42},"end":{"line":260,"column":69}}],"line":260},"12":{"loc":{"start":{"line":306,"column":37},"end":{"line":306,"column":56}},"type":"binary-expr","locations":[{"start":{"line":306,"column":37},"end":{"line":306,"column":43}},{"start":{"line":306,"column":47},"end":{"line":306,"column":56}}],"line":306}},"s":{"0":1,"1":1,"2":1,"3":2,"4":2,"5":2,"6":2,"7":2,"8":0,"9":0,"10":2,"11":0,"12":0,"13":0,"14":0,"15":0,"16":0,"17":2,"18":0,"19":2,"20":2,"21":0,"22":0,"23":0,"24":2,"25":0,"26":0,"27":0,"28":0,"29":0,"30":0,"31":0,"32":2,"33":0,"34":2,"35":0,"36":2,"37":0,"38":2,"39":0,"40":2,"41":0,"42":2,"43":0,"44":2,"45":1,"46":0},"f":{"0":2,"1":0,"2":0,"3":0,"4":0,"5":2,"6":0,"7":0,"8":0,"9":0,"10":0,"11":0,"12":0,"13":0},"b":{"0":[0,2],"1":[0,0],"2":[0,0],"3":[0,2],"4":[0,2],"5":[0,0],"6":[0,0],"7":[2,0],"8":[2,0],"9":[2,0],"10":[2,0],"11":[2,0],"12":[0,0]},"_coverageSchema":"1a1c01bbd47fc00a2c39e90264f33305004495a9","hash":"e27aff8cac0415205457ccaf0295bc23426a9874"}
,"/home/runner/work/passport-status/passport-status/src/pages/api/check-status.ts": {"path":"/home/runner/work/passport-status/passport-status/src/pages/api/check-status.ts","statementMap":{"0":{"start":{"line":11,"column":15},"end":{"line":11,"column":40}},"1":{"start":{"line":17,"column":2},"end":{"line":20,"column":3}},"2":{"start":{"line":18,"column":4},"end":{"line":18,"column":67}},"3":{"start":{"line":19,"column":4},"end":{"line":19,"column":71}},"4":{"start":{"line":22,"column":27},"end":{"line":22,"column":79}},"5":{"start":{"line":23,"column":57},"end":{"line":28,"column":3}},"6":{"start":{"line":30,"column":2},"end":{"line":35,"column":3}},"7":{"start":{"line":31,"column":4},"end":{"line":31,"column":58}},"8":{"start":{"line":33,"column":4},"end":{"line":33,"column":75}},"9":{"start":{"line":34,"column":4},"end":{"line":34,"column":49}},"10":{"start":{"line":44,"column":39},"end":{"line":96,"column":1}},"11":{"start":{"line":48,"column":2},"end":{"line":55,"column":3}},"12":{"start":{"line":49,"column":4},"end":{"line":51,"column":5}},"13":{"start":{"line":52,"column":4},"end":{"line":54,"column":5}},"14":{"start":{"line":57,"column":52},"end":{"line":57,"column":78}},"15":{"start":{"line":58,"column":16},"end":{"line":63,"column":15}},"16":{"start":{"line":64,"column":14},"end":{"line":64,"column":101}},"17":{"start":{"line":65,"column":2},"end":{"line":65,"column":50}},"18":{"start":{"line":66,"column":19},"end":{"line":66,"column":35}},"19":{"start":{"line":68,"column":2},"end":{"line":83,"column":3}},"20":{"start":{"line":69,"column":4},"end":{"line":69,"column":44}},"21":{"start":{"line":70,"column":55},"end":{"line":70,"column":76}},"22":{"start":{"line":71,"column":50},"end":{"line":71,"column":72}},"23":{"start":{"line":73,"column":4},"end":{"line":78,"column":5}},"24":{"start":{"line":74,"column":6},"end":{"line":76,"column":7}},"25":{"start":{"line":77,"column":6},"end":{"line":77,"column":62}},"26":{"start":{"line":80,"column":4},"end":{"line":82,"column":5}},"27":{"start":{"line":85,"column":2},"end":{"line":92,"column":3}},"28":{"start":{"line":86,"column":4},"end":{"line":88,"column":5}},"29":{"start":{"line":91,"column":4},"end":{"line":91,"column":60}},"30":{"start":{"line":94,"column":2},"end":{"line":94,"column":68}},"31":{"start":{"line":95,"column":2},"end":{"line":95,"column":62}}},"fnMap":{"0":{"name":"handler","decl":{"start":{"line":13,"column":30},"end":{"line":13,"column":37}},"loc":{"start":{"line":16,"column":2},"end":{"line":36,"column":1}},"line":16},"1":{"name":"(anonymous_1)","decl":{"start":{"line":44,"column":39},"end":{"line":44,"column":40}},"loc":{"start":{"line":47,"column":5},"end":{"line":96,"column":1}},"line":47}},"branchMap":{"0":{"loc":{"start":{"line":17,"column":2},"end":{"line":20,"column":3}},"type":"if","locations":[{"start":{"line":17,"column":2},"end":{"line":20,"column":3}},{"start":{},"end":{}}],"line":17},"1":{"loc":{"start":{"line":22,"column":35},"end":{"line":22,"column":48}},"type":"binary-expr","locations":[{"start":{"line":22,"column":35},"end":{"line":22,"column":42}},{"start":{"line":22,"column":46},"end":{"line":22,"column":48}}],"line":22},"2":{"loc":{"start":{"line":24,"column":17},"end":{"line":24,"column":54}},"type":"binary-expr","locations":[{"start":{"line":24,"column":17},"end":{"line":24,"column":48}},{"start":{"line":24,"column":52},"end":{"line":24,"column":54}}],"line":24},"3":{"loc":{"start":{"line":25,"column":10},"end":{"line":25,"column":40}},"type":"binary-expr","locations":[{"start":{"line":25,"column":10},"end":{"line":25,"column":34}},{"start":{"line":25,"column":38},"end":{"line":25,"column":40}}],"line":25},"4":{"loc":{"start":{"line":26,"column":15},"end":{"line":26,"column":50}},"type":"binary-expr","locations":[{"start":{"line":26,"column":15},"end":{"line":26,"column":44}},{"start":{"line":26,"column":48},"end":{"line":26,"column":50}}],"line":26},"5":{"loc":{"start":{"line":27,"column":13},"end":{"line":27,"column":46}},"type":"binary-expr","locations":[{"start":{"line":27,"column":13},"end":{"line":27,"column":40}},{"start":{"line":27,"column":44},"end":{"line":27,"column":46}}],"line":27},"6":{"loc":{"start":{"line":48,"column":2},"end":{"line":55,"column":3}},"type":"if","locations":[{"start":{"line":48,"column":2},"end":{"line":55,"column":3}},{"start":{},"end":{}}],"line":48},"7":{"loc":{"start":{"line":68,"column":2},"end":{"line":83,"column":3}},"type":"if","locations":[{"start":{"line":68,"column":2},"end":{"line":83,"column":3}},{"start":{},"end":{}}],"line":68},"8":{"loc":{"start":{"line":73,"column":4},"end":{"line":78,"column":5}},"type":"if","locations":[{"start":{"line":73,"column":4},"end":{"line":78,"column":5}},{"start":{},"end":{}}],"line":73},"9":{"loc":{"start":{"line":85,"column":2},"end":{"line":92,"column":3}},"type":"if","locations":[{"start":{"line":85,"column":2},"end":{"line":92,"column":3}},{"start":{},"end":{}}],"line":85},"10":{"loc":{"start":{"line":85,"column":6},"end":{"line":85,"column":56}},"type":"binary-expr","locations":[{"start":{"line":85,"column":6},"end":{"line":85,"column":29}},{"start":{"line":85,"column":33},"end":{"line":85,"column":56}}],"line":85}},"s":{"0":1,"1":3,"2":1,"3":1,"4":2,"5":2,"6":2,"7":2,"8":0,"9":0,"10":1,"11":2,"12":0,"13":0,"14":2,"15":2,"16":2,"17":2,"18":2,"19":2,"20":0,"21":0,"22":0,"23":0,"24":0,"25":0,"26":0,"27":2,"28":1,"29":1,"30":1,"31":1},"f":{"0":3,"1":2},"b":{"0":[1,2],"1":[2,0],"2":[2,0],"3":[2,0],"4":[2,0],"5":[2,0],"6":[0,2],"7":[0,2],"8":[0,0],"9":[1,1],"10":[2,1]},"_coverageSchema":"1a1c01bbd47fc00a2c39e90264f33305004495a9","hash":"f044ae822ce8900effd29b41ce3f89032c890d28"}
,"/home/runner/work/passport-status/passport-status/src/pages/api/email-esrf.ts": {"path":"/home/runner/work/passport-status/passport-status/src/pages/api/email-esrf.ts","statementMap":{"0":{"start":{"line":6,"column":15},"end":{"line":6,"column":38}},"1":{"start":{"line":12,"column":2},"end":{"line":15,"column":3}},"2":{"start":{"line":13,"column":4},"end":{"line":13,"column":68}},"3":{"start":{"line":14,"column":4},"end":{"line":14,"column":71}},"4":{"start":{"line":17,"column":2},"end":{"line":24,"column":3}},"5":{"start":{"line":18,"column":4},"end":{"line":20,"column":5}},"6":{"start":{"line":21,"column":4},"end":{"line":23,"column":64}},"7":{"start":{"line":26,"column":15},"end":{"line":26,"column":50}},"8":{"start":{"line":28,"column":2},"end":{"line":33,"column":3}},"9":{"start":{"line":29,"column":4},"end":{"line":29,"column":33}},"10":{"start":{"line":31,"column":4},"end":{"line":31,"column":75}},"11":{"start":{"line":32,"column":4},"end":{"line":32,"column":49}},"12":{"start":{"line":36,"column":21},"end":{"line":77,"column":1}},"13":{"start":{"line":40,"column":2},"end":{"line":44,"column":3}},"14":{"start":{"line":41,"column":4},"end":{"line":43,"column":5}},"15":{"start":{"line":46,"column":15},"end":{"line":63,"column":3}},"16":{"start":{"line":65,"column":19},"end":{"line":74,"column":3}},"17":{"start":{"line":75,"column":2},"end":{"line":75,"column":67}},"18":{"start":{"line":76,"column":2},"end":{"line":76,"column":55}}},"fnMap":{"0":{"name":"handler","decl":{"start":{"line":8,"column":30},"end":{"line":8,"column":37}},"loc":{"start":{"line":11,"column":2},"end":{"line":34,"column":1}},"line":11},"1":{"name":"(anonymous_1)","decl":{"start":{"line":36,"column":21},"end":{"line":36,"column":22}},"loc":{"start":{"line":39,"column":5},"end":{"line":77,"column":1}},"line":39}},"branchMap":{"0":{"loc":{"start":{"line":12,"column":2},"end":{"line":15,"column":3}},"type":"if","locations":[{"start":{"line":12,"column":2},"end":{"line":15,"column":3}},{"start":{},"end":{}}],"line":12},"1":{"loc":{"start":{"line":17,"column":2},"end":{"line":24,"column":3}},"type":"if","locations":[{"start":{"line":17,"column":2},"end":{"line":24,"column":3}},{"start":{},"end":{}}],"line":17},"2":{"loc":{"start":{"line":40,"column":2},"end":{"line":44,"column":3}},"type":"if","locations":[{"start":{"line":40,"column":2},"end":{"line":44,"column":3}},{"start":{},"end":{}}],"line":40},"3":{"loc":{"start":{"line":60,"column":10},"end":{"line":60,"column":72}},"type":"cond-expr","locations":[{"start":{"line":60,"column":52},"end":{"line":60,"column":60}},{"start":{"line":60,"column":63},"end":{"line":60,"column":72}}],"line":60}},"s":{"0":1,"1":3,"2":1,"3":1,"4":2,"5":1,"6":1,"7":1,"8":1,"9":1,"10":0,"11":0,"12":1,"13":1,"14":0,"15":1,"16":1,"17":1,"18":1},"f":{"0":3,"1":1},"b":{"0":[1,2],"1":[1,1],"2":[0,1],"3":[0,1]},"_coverageSchema":"1a1c01bbd47fc00a2c39e90264f33305004495a9","hash":"e77d6fb6ec9b711d7a1b84c5c7c3d568c5b89ed6"}
,"/home/runner/work/passport-status/passport-status/src/pages/api/health.ts": {"path":"/home/runner/work/passport-status/passport-status/src/pages/api/health.ts","statementMap":{"0":{"start":{"line":9,"column":2},"end":{"line":12,"column":3}},"1":{"start":{"line":10,"column":4},"end":{"line":10,"column":64}},"2":{"start":{"line":11,"column":4},"end":{"line":11,"column":10}},"3":{"start":{"line":14,"column":2},"end":{"line":20,"column":4}}},"fnMap":{"0":{"name":"handler","decl":{"start":{"line":5,"column":30},"end":{"line":5,"column":37}},"loc":{"start":{"line":8,"column":2},"end":{"line":21,"column":1}},"line":8}},"branchMap":{"0":{"loc":{"start":{"line":9,"column":2},"end":{"line":12,"column":3}},"type":"if","locations":[{"start":{"line":9,"column":2},"end":{"line":12,"column":3}},{"start":{},"end":{}}],"line":9},"1":{"loc":{"start":{"line":15,"column":16},"end":{"line":15,"column":58}},"type":"binary-expr","locations":[{"start":{"line":15,"column":16},"end":{"line":15,"column":52}},{"start":{"line":15,"column":56},"end":{"line":15,"column":58}}],"line":15},"2":{"loc":{"start":{"line":16,"column":15},"end":{"line":16,"column":55}},"type":"binary-expr","locations":[{"start":{"line":16,"column":15},"end":{"line":16,"column":49}},{"start":{"line":16,"column":53},"end":{"line":16,"column":55}}],"line":16},"3":{"loc":{"start":{"line":17,"column":17},"end":{"line":17,"column":58}},"type":"binary-expr","locations":[{"start":{"line":17,"column":17},"end":{"line":17,"column":52}},{"start":{"line":17,"column":56},"end":{"line":17,"column":58}}],"line":17}},"s":{"0":0,"1":0,"2":0,"3":0},"f":{"0":0},"b":{"0":[0,0],"1":[0,0],"2":[0,0],"3":[0,0]}}
}
