TN:
SF:components/ActionButton.tsx
FN:13,(anonymous_0)
FNF:1
FNH:1
FNDA:5,(anonymous_0)
DA:13,3
DA:22,5
DA:23,5
DA:25,4
DA:27,4
DA:29,1
DA:31,1
DA:34,5
DA:50,3
LF:9
LH:9
BRDA:23,0,0,4
BRDA:23,0,1,1
BRDA:34,1,0,2
BRDA:34,1,1,3
BRF:4
BRH:4
end_of_record
TN:
SF:components/DateModified.tsx
FN:14,(anonymous_0)
FNF:1
FNH:1
FNDA:6,(anonymous_0)
DA:14,4
DA:15,6
DA:23,4
LF:3
LH:3
BRF:0
BRH:0
end_of_record
TN:
SF:components/ErrorSummary.tsx
FN:15,(anonymous_0)
FN:23,(anonymous_1)
FN:31,(anonymous_2)
FNF:3
FNH:2
FNDA:0,(anonymous_0)
FNDA:1,(anonymous_1)
FNDA:1,(anonymous_2)
DA:15,1
DA:18,0
DA:23,1
DA:24,1
DA:32,1
DA:43,1
LF:6
LH:5
BRF:0
BRH:0
end_of_record
TN:
SF:components/Footer.tsx
FN:39,(anonymous_0)
FN:63,(anonymous_1)
FNF:2
FNH:2
FNDA:4,(anonymous_0)
FNDA:11,(anonymous_1)
DA:39,3
DA:46,4
DA:47,4
DA:64,11
LF:4
LH:4
BRDA:67,0,0,4
BRDA:67,0,1,7
BRF:2
BRH:2
end_of_record
TN:
SF:components/Header.tsx
FN:6,(anonymous_0)
FNF:1
FNH:1
FNDA:5,(anonymous_0)
DA:6,3
DA:7,5
DA:8,5
DA:10,5
DA:12,5
LF:5
LH:5
BRDA:10,0,0,5
BRDA:10,0,1,0
BRDA:10,1,0,1
BRDA:10,1,1,4
BRDA:35,2,0,1
BRDA:35,2,1,4
BRDA:37,3,0,1
BRDA:37,3,1,4
BRDA:48,4,0,1
BRDA:48,4,1,4
BRDA:53,5,0,1
BRDA:53,5,1,4
BRDA:55,6,0,1
BRDA:55,6,1,4
BRDA:65,7,0,1
BRDA:65,7,1,4
BRDA:71,8,0,1
BRDA:71,8,1,4
BRDA:73,9,0,1
BRDA:73,9,1,4
BRF:20
BRH:19
end_of_record
TN:
SF:components/InputErrorMessage.tsx
FN:7,(anonymous_0)
FNF:1
FNH:1
FNDA:1,(anonymous_0)
DA:7,1
DA:8,1
LF:2
LH:2
BRF:0
BRH:0
end_of_record
TN:
SF:components/InputField.tsx
FN:17,(anonymous_0)
FNF:1
FNH:1
FNDA:1,(anonymous_0)
DA:17,1
DA:28,1
DA:52,1
LF:3
LH:3
BRDA:36,0,0,0
BRDA:36,0,1,1
BRDA:39,1,0,0
BRDA:39,1,1,1
BRDA:44,2,0,1
BRDA:44,2,1,0
BRF:6
BRH:3
end_of_record
TN:
SF:components/InputLabel.tsx
FN:10,(anonymous_0)
FNF:1
FNH:1
FNDA:1,(anonymous_0)
DA:10,1
DA:16,1
LF:2
LH:2
BRDA:19,0,0,0
BRDA:19,0,1,1
BRDA:22,1,0,1
BRDA:22,1,1,0
BRF:4
BRH:2
end_of_record
TN:
SF:components/Layout.tsx
FN:11,(anonymous_0)
FNF:1
FNH:1
FNDA:4,(anonymous_0)
DA:11,3
DA:12,4
DA:14,4
LF:3
LH:3
BRF:0
BRH:0
end_of_record
TN:
SF:components/MetaData.tsx
FN:13,(anonymous_0)
FNF:1
FNH:1
FNDA:3,(anonymous_0)
DA:13,3
DA:14,3
LF:2
LH:2
BRF:0
BRH:0
end_of_record
TN:
SF:components/StatusInfo.tsx
FN:12,StatusInfo
FNF:1
FNH:1
FNDA:2,StatusInfo
DA:13,2
LF:1
LH:1
BRF:0
BRH:0
end_of_record
TN:
SF:lib/logger.js
FN:1,(anonymous_0)
FN:3,(anonymous_1)
FNF:2
FNH:0
FNDA:0,(anonymous_0)
FNDA:0,(anonymous_1)
DA:1,0
DA:2,0
DA:3,0
DA:4,0
DA:6,0
DA:11,0
DA:13,0
DA:18,0
DA:20,0
DA:21,0
DA:23,0
DA:26,0
DA:27,0
DA:32,0
LF:14
LH:0
BRDA:4,0,0,0
BRDA:4,0,1,0
BRDA:4,0,2,0
BRDA:4,0,3,0
BRDA:4,0,4,0
BRDA:20,1,0,0
BRDA:20,1,1,0
BRDA:20,2,0,0
BRDA:20,2,1,0
BRDA:26,3,0,0
BRDA:26,3,1,0
BRF:11
BRH:0
end_of_record
TN:
SF:lib/passport-status-api-types.ts
FNF:0
FNH:0
LF:0
LH:0
BRF:0
BRH:0
end_of_record
TN:
SF:pages/404.tsx
FN:3,(anonymous_0)
FNF:1
FNH:1
FNDA:1,(anonymous_0)
DA:3,1
DA:4,1
LF:2
LH:2
BRF:0
BRH:0
end_of_record
TN:
SF:pages/_app.tsx
FN:8,MyApp
FNF:1
FNH:1
FNDA:1,MyApp
DA:6,1
DA:9,1
LF:2
LH:2
BRF:0
BRH:0
end_of_record
TN:
SF:pages/_error.tsx
FN:8,(anonymous_0)
FN:70,(anonymous_1)
FNF:2
FNH:1
FNDA:2,(anonymous_0)
FNDA:0,(anonymous_1)
DA:8,1
DA:9,2
DA:70,1
DA:71,0
DA:72,0
LF:5
LH:3
BRDA:14,0,0,1
BRDA:14,0,1,1
BRDA:42,1,0,1
BRDA:42,1,1,1
BRDA:71,2,0,0
BRDA:71,2,1,0
BRDA:71,2,2,0
BRF:7
BRH:4
end_of_record
TN:
SF:pages/index.tsx
FN:6,(anonymous_0)
FNF:1
FNH:1
FNDA:1,(anonymous_0)
DA:6,1
DA:7,1
DA:9,1
LF:3
LH:3
BRF:0
BRH:0
end_of_record
TN:
SF:pages/landing.tsx
FN:7,(anonymous_0)
FN:25,(anonymous_1)
FNF:2
FNH:1
FNDA:1,(anonymous_0)
FNDA:0,(anonymous_1)
DA:7,1
DA:8,1
DA:10,1
DA:25,0
LF:4
LH:3
BRF:0
BRH:0
end_of_record
TN:
SF:pages/status.tsx
FN:18,(anonymous_0)
FN:43,(anonymous_1)
FN:47,(anonymous_2)
FN:61,(anonymous_3)
FN:63,(anonymous_4)
FN:64,(anonymous_5)
FN:81,(anonymous_6)
FN:97,(anonymous_7)
FN:186,(anonymous_8)
FNF:9
FNH:2
FNDA:1,(anonymous_0)
FNDA:0,(anonymous_1)
FNDA:0,(anonymous_2)
FNDA:1,(anonymous_3)
FNDA:0,(anonymous_4)
FNDA:0,(anonymous_5)
FNDA:0,(anonymous_6)
FNDA:0,(anonymous_7)
FNDA:0,(anonymous_8)
DA:18,1
DA:19,1
DA:21,1
DA:23,1
DA:44,0
DA:45,0
DA:48,0
DA:57,1
DA:61,1
DA:62,1
DA:63,0
DA:65,0
DA:80,1
DA:82,0
DA:83,0
DA:84,0
DA:90,1
DA:92,1
DA:97,0
DA:186,1
LF:20
LH:11
BRDA:58,0,0,1
BRDA:58,0,1,1
BRDA:90,1,0,0
BRDA:90,1,1,1
BRDA:95,2,0,0
BRDA:95,2,1,1
BRDA:112,3,0,0
BRDA:112,3,1,1
BRDA:124,4,0,1
BRDA:124,4,1,0
BRDA:139,5,0,1
BRDA:139,5,1,0
BRDA:149,6,0,1
BRDA:149,6,1,0
BRDA:159,7,0,1
BRDA:159,7,1,0
BRDA:170,8,0,1
BRDA:170,8,1,0
BRF:18
BRH:10
end_of_record
TN:
SF:pages/api/check-status.ts
FN:30,(anonymous_0)
FN:50,(anonymous_1)
FN:59,(anonymous_2)
FN:83,(anonymous_3)
FN:110,handler
FNF:5
FNH:4
FNDA:1,(anonymous_0)
FNDA:2,(anonymous_1)
FNDA:21,(anonymous_2)
FNDA:0,(anonymous_3)
FNDA:2,handler
DA:30,1
DA:36,1
DA:50,1
DA:56,2
DA:58,2
DA:60,21
DA:72,2
DA:73,1
DA:83,1
DA:87,0
DA:88,0
DA:92,0
DA:96,0
DA:97,0
DA:98,0
DA:99,0
DA:100,0
DA:103,0
DA:104,0
DA:107,0
DA:114,2
DA:115,0
DA:118,2
DA:120,2
DA:121,2
DA:122,2
DA:125,1
DA:127,1
DA:128,1
DA:129,1
DA:131,0
LF:31
LH:18
BRDA:60,0,0,21
BRDA:60,0,1,1
BRDA:60,0,2,1
BRDA:60,0,3,1
BRDA:72,1,0,1
BRDA:72,1,1,1
BRDA:87,2,0,0
BRDA:87,2,1,0
BRDA:96,3,0,0
BRDA:96,3,1,0
BRDA:99,4,0,0
BRDA:99,4,1,0
BRDA:103,5,0,0
BRDA:103,5,1,0
BRDA:103,6,0,0
BRDA:103,6,1,0
BRDA:114,7,0,0
BRDA:114,7,1,2
BRDA:122,8,0,0
BRDA:122,8,1,2
BRDA:127,9,0,1
BRDA:127,9,1,0
BRF:22
BRH:9
end_of_record
