TN:
SF:components/ActionButton.js
FN:3,ActionButton
FNF:1
FNH:1
FNDA:2,ActionButton
DA:5,2
DA:6,2
DA:8,1
DA:9,1
DA:11,1
DA:13,1
DA:16,2
DA:23,1
DA:28,1
LF:9
LH:9
BRDA:6,0,0,1
BRDA:6,0,1,1
BRF:2
BRH:2
end_of_record
TN:
SF:components/DateModified.js
FN:6,DateModified
FNF:1
FNH:1
FNDA:11,DateModified
DA:7,11
DA:15,4
DA:20,4
LF:3
LH:3
BRF:0
BRH:0
end_of_record
TN:
SF:components/Footer.js
FN:8,Footer
FN:25,(anonymous_1)
FN:51,(anonymous_2)
FNF:3
FNH:3
FNDA:9,Footer
FNDA:66,(anonymous_1)
FNDA:40,(anonymous_2)
DA:9,9
DA:26,66
DA:52,40
DA:87,3
LF:4
LH:4
BRDA:56,0,0,9
BRDA:56,0,1,31
BRF:2
BRH:2
end_of_record
TN:
SF:components/Header.js
FN:4,Header
FNF:1
FNH:1
FNDA:10,Header
DA:5,10
DA:118,3
LF:2
LH:2
BRDA:29,0,0,8
BRDA:29,0,1,2
BRDA:34,1,0,8
BRDA:34,1,1,2
BRDA:44,2,0,10
BRDA:44,2,1,10
BRDA:45,3,0,8
BRDA:45,3,1,2
BRDA:50,4,0,8
BRDA:50,4,1,2
BRDA:52,5,0,8
BRDA:52,5,1,2
BRDA:61,6,0,10
BRDA:61,6,1,10
BRDA:62,7,0,8
BRDA:62,7,1,2
BRDA:68,8,0,8
BRDA:68,8,1,2
BRDA:70,9,0,8
BRDA:70,9,1,2
BRF:20
BRH:20
end_of_record
TN:
SF:components/InputErrorMessage.js
FN:3,InputErrorMessage
FNF:1
FNH:1
FNDA:1,InputErrorMessage
DA:4,1
DA:7,1
LF:2
LH:2
BRF:0
BRH:0
end_of_record
TN:
SF:components/InputFeild.js
FN:5,InputFeild
FN:25,(anonymous_1)
FNF:2
FNH:1
FNDA:1,InputFeild
FNDA:0,(anonymous_1)
DA:6,1
DA:25,0
DA:33,1
DA:37,1
LF:4
LH:3
BRDA:14,0,0,0
BRDA:14,0,1,1
BRDA:19,1,0,0
BRDA:19,1,1,1
BRF:4
BRH:2
end_of_record
TN:
SF:components/InputLabel.js
FN:3,InputLabel
FNF:1
FNH:1
FNDA:1,InputLabel
DA:4,1
DA:17,1
LF:2
LH:2
BRDA:7,0,0,0
BRDA:7,0,1,1
BRDA:10,1,0,0
BRDA:10,1,1,1
BRF:4
BRH:2
end_of_record
TN:
SF:components/Layout.js
FN:9,Layout
FNF:1
FNH:1
FNDA:7,Layout
DA:10,7
DA:12,7
DA:105,2
DA:109,2
LF:4
LH:4
BRDA:10,0,0,6
BRDA:10,0,1,1
BRF:2
BRH:2
end_of_record
TN:
SF:components/MetaData.js
FN:4,MetaData
FNF:1
FNH:1
FNDA:9,MetaData
DA:5,9
LF:1
LH:1
BRF:0
BRH:0
end_of_record
TN:
SF:pages/404.js
FN:3,Custom404
FNF:1
FNH:1
FNDA:1,Custom404
DA:4,1
LF:1
LH:1
BRF:0
BRH:0
end_of_record
TN:
SF:pages/_app.js
FN:7,MyApp
FNF:1
FNH:1
FNDA:1,MyApp
DA:8,1
DA:9,1
DA:10,1
DA:12,1
DA:13,1
DA:15,0
DA:16,0
DA:18,1
DA:20,1
DA:21,1
LF:10
LH:8
BRDA:12,0,0,1
BRDA:12,0,1,0
BRDA:20,1,0,1
BRDA:20,1,1,0
BRF:4
BRH:2
end_of_record
TN:
SF:pages/_error.js
FN:3,CustomError
FNF:1
FNH:1
FNDA:2,CustomError
DA:4,2
LF:1
LH:1
BRDA:9,0,0,1
BRDA:9,0,1,1
BRDA:37,1,0,1
BRDA:37,1,1,1
BRF:4
BRH:4
end_of_record
TN:
SF:pages/home.js
FN:8,Home
FN:20,setError
FN:27,(anonymous_2)
FN:62,(anonymous_3)
FN:158,getStaticProps
FNF:5
FNH:2
FNDA:1,Home
FNDA:0,setError
FNDA:0,(anonymous_2)
FNDA:0,(anonymous_3)
FNDA:1,getStaticProps
DA:9,1
DA:10,1
DA:11,1
DA:12,1
DA:13,1
DA:14,1
DA:15,1
DA:16,1
DA:17,1
DA:18,1
DA:21,0
DA:27,1
DA:28,0
DA:30,0
DA:31,0
DA:32,0
DA:33,0
DA:34,0
DA:35,0
DA:36,0
DA:39,0
DA:40,0
DA:41,0
DA:43,0
DA:44,0
DA:46,0
DA:47,0
DA:49,0
DA:50,0
DA:52,0
DA:53,0
DA:54,0
DA:55,0
DA:56,0
DA:60,0
DA:62,0
DA:63,0
DA:65,0
DA:66,0
DA:68,0
DA:69,0
DA:71,0
DA:72,0
DA:74,0
DA:75,0
DA:78,0
DA:81,0
DA:86,0
DA:87,0
DA:88,0
DA:93,1
DA:159,1
DA:161,1
DA:166,1
LF:54
LH:15
BRDA:39,0,0,0
BRDA:39,0,1,0
BRDA:40,1,0,0
BRDA:40,1,1,0
BRDA:43,2,0,0
BRDA:43,2,1,0
BRDA:46,3,0,0
BRDA:46,3,1,0
BRDA:49,4,0,0
BRDA:49,4,1,0
BRDA:53,5,0,0
BRDA:53,5,1,0
BRDA:55,6,0,0
BRDA:55,6,1,0
BRDA:60,7,0,0
BRDA:60,7,1,0
BRDA:63,8,0,0
BRDA:63,8,1,0
BRDA:63,8,2,0
BRDA:63,8,3,0
BRDA:86,9,0,0
BRDA:86,9,1,0
BRDA:98,10,0,1
BRDA:98,10,1,0
BRDA:159,11,0,1
BRDA:159,11,1,0
BRF:26
BRH:2
end_of_record
TN:
SF:pages/index.js
FN:5,Index
FN:82,PageLayout
FNF:2
FNH:2
FNDA:2,Index
FNDA:1,PageLayout
DA:6,2
DA:82,2
DA:83,1
LF:3
LH:3
BRF:0
BRH:0
end_of_record
TN:
SF:pages/api/checkStatus.js
FN:1,handler
FNF:1
FNH:1
FNDA:1,handler
DA:2,1
LF:1
LH:1
BRF:0
BRH:0
end_of_record
TN:
SF:pages/api/envAPIExample.js
FNF:0
FNH:0
LF:0
LH:0
BRF:0
BRH:0
end_of_record
TN:
SF:pages/api/metrics.js
FNF:0
FNH:0
LF:0
LH:0
BRF:0
BRH:0
end_of_record
