TN:
SF:components/ActionButton.tsx
FN:28,(anonymous_0)
FNF:1
FNH:1
FNDA:7,(anonymous_0)
DA:14,7
DA:21,7
DA:28,7
DA:39,7
DA:40,7
DA:41,7
DA:42,7
DA:44,7
DA:57,7
LF:9
LH:9
BRDA:40,0,0,0
BRDA:40,0,1,7
BRDA:41,1,0,7
BRDA:41,1,1,7
BRDA:42,2,0,7
BRDA:42,2,1,0
BRF:6
BRH:4
end_of_record
TN:
SF:components/DateModified.tsx
FN:14,(anonymous_0)
FNF:1
FNH:1
FNDA:4,(anonymous_0)
DA:14,3
DA:15,4
DA:25,3
LF:3
LH:3
BRF:0
BRH:0
end_of_record
TN:
SF:components/ErrorLayout.tsx
FN:7,(anonymous_0)
FNF:1
FNH:1
FNDA:4,(anonymous_0)
DA:7,3
DA:8,4
LF:2
LH:2
BRF:0
BRH:0
end_of_record
TN:
SF:components/ErrorSummary.tsx
FN:16,(anonymous_0)
FN:24,GetErrorSummary
FN:26,(anonymous_2)
FN:27,(anonymous_3)
FN:35,(anonymous_4)
FN:43,(anonymous_5)
FNF:6
FNH:2
FNDA:0,(anonymous_0)
FNDA:0,GetErrorSummary
FNDA:0,(anonymous_2)
FNDA:0,(anonymous_3)
FNDA:1,(anonymous_4)
FNDA:1,(anonymous_5)
DA:16,2
DA:19,0
DA:25,0
DA:26,0
DA:28,0
DA:35,2
DA:36,1
DA:44,1
LF:8
LH:4
BRF:0
BRH:0
end_of_record
TN:
SF:components/Footer.tsx
FN:40,Footer
FN:64,(anonymous_1)
FNF:2
FNH:2
FNDA:2,Footer
FNDA:5,(anonymous_1)
DA:48,2
DA:65,5
LF:2
LH:2
BRDA:68,0,0,2
BRDA:68,0,1,3
BRF:2
BRH:2
end_of_record
TN:
SF:components/Header.tsx
FN:10,Header
FNF:1
FNH:1
FNDA:3,Header
DA:11,3
DA:13,3
DA:14,3
DA:15,3
DA:17,3
LF:5
LH:5
BRDA:13,0,0,1
BRDA:13,0,1,2
BRDA:14,1,0,1
BRDA:14,1,1,2
BRDA:15,2,0,1
BRDA:15,2,1,2
BRDA:40,3,0,1
BRDA:40,3,1,2
BRDA:42,4,0,1
BRDA:42,4,1,2
BRF:10
BRH:10
end_of_record
TN:
SF:components/InputErrorMessage.tsx
FN:8,(anonymous_0)
FNF:1
FNH:1
FNDA:1,(anonymous_0)
DA:8,3
DA:9,1
LF:2
LH:2
BRF:0
BRH:0
end_of_record
TN:
SF:components/InputField.tsx
FN:19,(anonymous_0)
FNF:1
FNH:1
FNDA:1,(anonymous_0)
DA:19,3
DA:32,1
DA:69,3
LF:3
LH:3
BRDA:40,0,0,1
BRDA:40,0,1,0
BRDA:44,1,0,1
BRDA:44,1,1,1
BRDA:48,2,0,0
BRDA:48,2,1,1
BRDA:55,3,0,1
BRDA:55,3,1,0
BRDA:57,4,0,1
BRDA:57,4,1,1
BRF:10
BRH:7
end_of_record
TN:
SF:components/InputLabel.tsx
FN:10,(anonymous_0)
FNF:1
FNH:1
FNDA:1,(anonymous_0)
DA:10,3
DA:16,1
LF:2
LH:2
BRDA:19,0,0,0
BRDA:19,0,1,1
BRDA:22,1,0,1
BRDA:22,1,1,0
BRF:4
BRH:2
end_of_record
TN:
SF:components/Layout.tsx
FN:13,(anonymous_0)
FNF:1
FNH:1
FNDA:2,(anonymous_0)
DA:13,1
DA:14,2
LF:2
LH:2
BRF:0
BRH:0
end_of_record
TN:
SF:components/LinkButton.tsx
FN:29,(anonymous_0)
FNF:1
FNH:1
FNDA:4,(anonymous_0)
DA:15,3
DA:22,3
DA:29,3
DA:40,4
DA:41,4
DA:42,4
DA:43,4
DA:45,4
LF:8
LH:8
BRDA:41,0,0,2
BRDA:41,0,1,2
BRDA:42,1,0,4
BRDA:42,1,1,4
BRDA:43,2,0,4
BRDA:43,2,1,2
BRDA:48,3,0,0
BRDA:48,3,1,4
BRDA:49,4,0,0
BRDA:49,4,1,4
BRF:10
BRH:8
end_of_record
TN:
SF:components/LinkSummary.tsx
FN:15,(anonymous_0)
FN:20,(anonymous_1)
FNF:2
FNH:2
FNDA:2,(anonymous_0)
FNDA:2,(anonymous_1)
DA:15,4
DA:16,2
DA:21,2
LF:3
LH:3
BRDA:27,0,0,0
BRDA:27,0,1,2
BRDA:28,1,0,0
BRDA:28,1,1,2
BRF:4
BRH:2
end_of_record
TN:
SF:components/MetaData.tsx
FN:10,(anonymous_0)
FNF:1
FNH:1
FNDA:4,(anonymous_0)
DA:10,4
DA:11,4
LF:2
LH:2
BRF:0
BRH:0
end_of_record
TN:
SF:components/Modal.tsx
FN:11,(anonymous_0)
FN:29,(anonymous_1)
FNF:2
FNH:2
FNDA:7,(anonymous_0)
FNDA:1,(anonymous_1)
DA:11,4
DA:12,7
DA:13,7
DA:14,1
DA:30,1
LF:5
LH:5
BRDA:13,0,0,6
BRDA:13,0,1,1
BRF:2
BRH:2
end_of_record
TN:
SF:components/StatusInfo.tsx
FN:13,(anonymous_0)
FNF:1
FNH:1
FNDA:2,(anonymous_0)
DA:13,2
DA:21,2
LF:2
LH:2
BRF:0
BRH:0
end_of_record
TN:
SF:lib/logger.js
FN:1,(anonymous_0)
FN:3,(anonymous_1)
FNF:2
FNH:1
FNDA:2,(anonymous_0)
FNDA:0,(anonymous_1)
DA:1,2
DA:2,2
DA:3,2
DA:4,0
DA:6,0
DA:11,0
DA:13,0
DA:18,0
DA:20,0
DA:21,0
DA:23,0
DA:26,0
DA:27,0
DA:32,2
LF:14
LH:4
BRDA:4,0,0,0
BRDA:4,0,1,0
BRDA:4,0,2,0
BRDA:4,0,3,0
BRDA:4,0,4,0
BRDA:20,1,0,0
BRDA:20,1,1,0
BRDA:20,2,0,0
BRDA:20,2,1,0
BRDA:26,3,0,0
BRDA:26,3,1,0
BRF:11
BRH:0
end_of_record
TN:
SF:lib/types.ts
FNF:0
FNH:0
LF:0
LH:0
BRF:0
BRH:0
end_of_record
TN:
SF:lib/useCheckStatus.ts
FN:5,(anonymous_0)
FN:18,(anonymous_1)
FN:32,(anonymous_2)
FNF:3
FNH:0
FNDA:0,(anonymous_0)
FNDA:0,(anonymous_1)
FNDA:0,(anonymous_2)
DA:5,0
DA:9,0
DA:12,0
DA:13,0
DA:14,0
DA:15,0
DA:18,0
DA:26,0
DA:32,0
DA:38,0
LF:10
LH:0
BRDA:13,0,0,0
BRDA:13,0,1,0
BRDA:14,1,0,0
BRDA:14,1,1,0
BRDA:33,2,0,0
BRDA:33,2,1,0
BRDA:40,3,0,0
BRDA:40,3,1,0
BRF:8
BRH:0
end_of_record
TN:
SF:lib/useEmailEsrf.ts
FN:5,(anonymous_0)
FN:8,(anonymous_1)
FNF:2
FNH:0
FNDA:0,(anonymous_0)
FNDA:0,(anonymous_1)
DA:5,0
DA:8,0
DA:9,0
DA:17,0
DA:18,0
LF:5
LH:0
BRDA:17,0,0,0
BRDA:17,0,1,0
BRF:2
BRH:0
end_of_record
TN:
SF:lib/mappers/checkStatusApiResponseMapper.ts
FN:13,(anonymous_0)
FN:29,(anonymous_1)
FN:33,(anonymous_2)
FNF:3
FNH:3
FNDA:1,(anonymous_0)
FNDA:1,(anonymous_1)
FNDA:2,(anonymous_2)
DA:13,1
DA:15,1
DA:29,1
DA:32,1
DA:34,2
LF:5
LH:5
BRF:0
BRH:0
end_of_record
TN:
SF:lib/utils/compareCIAndAI.ts
FN:4,(anonymous_0)
FNF:1
FNH:1
FNDA:28,(anonymous_0)
DA:4,1
DA:5,28
LF:2
LH:2
BRF:0
BRH:0
end_of_record
TN:
SF:pages/404.tsx
FN:5,(anonymous_0)
FNF:1
FNH:1
FNDA:1,(anonymous_0)
DA:5,1
DA:6,1
LF:2
LH:2
BRF:0
BRH:0
end_of_record
TN:
SF:pages/_app.tsx
FN:10,(anonymous_0)
FNF:1
FNH:1
FNDA:1,(anonymous_0)
DA:8,1
DA:10,1
DA:11,1
LF:3
LH:3
BRF:0
BRH:0
end_of_record
TN:
SF:pages/_document.tsx
FN:11,(anonymous_0)
FN:18,(anonymous_1)
FNF:2
FNH:0
FNDA:0,(anonymous_0)
FNDA:0,(anonymous_1)
DA:14,0
DA:16,0
DA:19,0
LF:3
LH:0
BRDA:22,0,0,0
BRDA:22,0,1,0
BRDA:22,1,0,0
BRDA:22,1,1,0
BRF:4
BRH:0
end_of_record
TN:
SF:pages/_error.tsx
FN:10,(anonymous_0)
FN:102,(anonymous_1)
FNF:2
FNH:1
FNDA:2,(anonymous_0)
FNDA:0,(anonymous_1)
DA:10,1
DA:11,2
DA:102,1
DA:103,0
DA:104,0
LF:5
LH:3
BRDA:19,0,0,0
BRDA:19,0,1,2
BRDA:30,1,0,1
BRDA:30,1,1,1
BRDA:65,2,0,1
BRDA:65,2,1,1
BRDA:103,3,0,0
BRDA:103,3,1,0
BRDA:103,3,2,0
BRF:9
BRH:5
end_of_record
TN:
SF:pages/contact.tsx
FN:11,(anonymous_0)
FN:34,(anonymous_1)
FN:42,(anonymous_2)
FN:47,(anonymous_3)
FN:57,(anonymous_4)
FNF:5
FNH:1
FNDA:2,(anonymous_0)
FNDA:0,(anonymous_1)
FNDA:0,(anonymous_2)
FNDA:0,(anonymous_3)
FNDA:0,(anonymous_4)
DA:11,1
DA:12,2
DA:13,2
DA:14,2
DA:16,2
DA:34,0
DA:42,0
DA:47,0
DA:57,1
LF:9
LH:6
BRDA:59,0,0,0
BRDA:59,0,1,0
BRF:2
BRH:0
end_of_record
TN:
SF:pages/email.tsx
FN:29,Email
FN:35,(anonymous_1)
FN:46,(anonymous_2)
FN:54,(anonymous_3)
FN:84,(anonymous_4)
FN:88,(anonymous_5)
FN:192,(anonymous_6)
FN:220,(anonymous_7)
FNF:8
FNH:2
FNDA:2,Email
FNDA:0,(anonymous_1)
FNDA:0,(anonymous_2)
FNDA:0,(anonymous_3)
FNDA:0,(anonymous_4)
FNDA:2,(anonymous_5)
FNDA:0,(anonymous_6)
FNDA:0,(anonymous_7)
DA:22,1
DA:30,2
DA:31,2
DA:32,2
DA:33,2
DA:35,2
DA:36,0
DA:37,0
DA:40,2
DA:46,2
DA:48,0
DA:49,0
DA:51,0
DA:54,2
DA:55,0
DA:56,0
DA:57,0
DA:58,0
DA:67,2
DA:69,2
DA:84,0
DA:87,2
DA:88,2
DA:93,2
DA:95,2
DA:192,0
DA:220,1
LF:27
LH:16
BRDA:48,0,0,0
BRDA:48,0,1,0
BRDA:56,1,0,0
BRDA:56,1,1,0
BRDA:93,2,0,0
BRDA:93,2,1,2
BRDA:103,3,0,0
BRDA:103,3,1,2
BRDA:123,4,0,2
BRDA:123,4,1,0
BRDA:138,5,0,2
BRDA:138,5,1,0
BRDA:149,6,0,2
BRDA:149,6,1,0
BRDA:160,7,0,2
BRDA:160,7,1,0
BRDA:173,8,0,2
BRDA:173,8,1,0
BRDA:214,9,0,0
BRDA:214,9,1,2
BRDA:222,10,0,0
BRDA:222,10,1,0
BRF:22
BRH:8
end_of_record
TN:
SF:pages/expectations.tsx
FN:10,(anonymous_0)
FN:14,(anonymous_1)
FN:71,(anonymous_2)
FN:82,(anonymous_3)
FNF:4
FNH:2
FNDA:2,(anonymous_0)
FNDA:0,(anonymous_1)
FNDA:12,(anonymous_2)
FNDA:0,(anonymous_3)
DA:10,1
DA:11,2
DA:13,2
DA:15,0
DA:16,0
DA:17,0
DA:22,2
DA:71,1
DA:72,12
DA:82,1
LF:10
LH:7
BRDA:75,0,0,8
BRDA:75,0,1,4
BRDA:84,1,0,0
BRDA:84,1,1,0
BRF:4
BRH:2
end_of_record
TN:
SF:pages/index.tsx
FN:7,(anonymous_0)
FNF:1
FNH:1
FNDA:1,(anonymous_0)
DA:7,1
DA:8,1
LF:2
LH:2
BRF:0
BRH:0
end_of_record
TN:
SF:pages/landing.tsx
FN:8,(anonymous_0)
FN:46,(anonymous_1)
FNF:2
FNH:1
FNDA:2,(anonymous_0)
FNDA:0,(anonymous_1)
DA:8,1
DA:9,2
DA:11,2
DA:46,1
LF:4
LH:4
BRDA:48,0,0,0
BRDA:48,0,1,0
BRF:2
BRH:0
end_of_record
TN:
SF:pages/status.tsx
FN:37,(anonymous_0)
FN:43,(anonymous_1)
FN:54,(anonymous_2)
FN:62,(anonymous_3)
FN:91,(anonymous_4)
FN:95,(anonymous_5)
FN:112,(anonymous_6)
FN:114,(anonymous_7)
FN:115,(anonymous_8)
FN:124,(anonymous_9)
FN:133,(anonymous_10)
FN:149,(anonymous_11)
FN:155,(anonymous_12)
FN:304,(anonymous_13)
FN:333,(anonymous_14)
FNF:15
FNH:3
FNDA:2,(anonymous_0)
FNDA:0,(anonymous_1)
FNDA:0,(anonymous_2)
FNDA:0,(anonymous_3)
FNDA:0,(anonymous_4)
FNDA:0,(anonymous_5)
FNDA:2,(anonymous_6)
FNDA:0,(anonymous_7)
FNDA:0,(anonymous_8)
FNDA:0,(anonymous_9)
FNDA:0,(anonymous_10)
FNDA:2,(anonymous_11)
FNDA:0,(anonymous_12)
FNDA:0,(anonymous_13)
FNDA:0,(anonymous_14)
DA:30,1
DA:37,1
DA:38,2
DA:39,2
DA:40,2
DA:41,2
DA:43,2
DA:44,0
DA:45,0
DA:48,2
DA:54,2
DA:56,0
DA:57,0
DA:59,0
DA:62,2
DA:63,0
DA:64,0
DA:65,0
DA:66,0
DA:70,2
DA:74,2
DA:92,0
DA:93,0
DA:96,0
DA:105,2
DA:112,2
DA:113,2
DA:114,0
DA:116,0
DA:123,2
DA:125,0
DA:126,0
DA:127,0
DA:132,2
DA:134,0
DA:140,2
DA:142,2
DA:150,2
DA:151,0
DA:155,0
DA:189,2
DA:190,0
DA:230,2
DA:304,0
DA:333,1
LF:45
LH:23
BRDA:56,0,0,0
BRDA:56,0,1,0
BRDA:64,1,0,0
BRDA:64,1,1,0
BRDA:106,2,0,0
BRDA:106,2,1,2
BRDA:140,3,0,0
BRDA:140,3,1,2
BRDA:150,4,0,0
BRDA:150,4,1,2
BRDA:169,5,0,0
BRDA:169,5,1,0
BRDA:169,5,2,0
BRDA:189,6,0,0
BRDA:189,6,1,2
BRDA:233,7,0,2
BRDA:233,7,1,0
BRDA:248,8,0,2
BRDA:248,8,1,0
BRDA:260,9,0,2
BRDA:260,9,1,0
BRDA:272,10,0,2
BRDA:272,10,1,0
BRDA:285,11,0,2
BRDA:285,11,1,0
BRDA:327,12,0,0
BRDA:327,12,1,2
BRDA:335,13,0,0
BRDA:335,13,1,0
BRF:29
BRH:10
end_of_record
TN:
SF:pages/api/check-status.ts
FN:12,handler
FN:45,(anonymous_1)
FN:92,(anonymous_2)
FN:100,(anonymous_3)
FN:109,(anonymous_4)
FNF:5
FNH:4
FNDA:3,handler
FNDA:0,(anonymous_1)
FNDA:2,(anonymous_2)
FNDA:26,(anonymous_3)
FNDA:52,(anonymous_4)
DA:16,3
DA:17,1
DA:18,1
DA:21,2
DA:22,2
DA:29,2
DA:30,2
DA:34,0
DA:35,0
DA:45,1
DA:49,0
DA:50,0
DA:55,0
DA:56,0
DA:62,0
DA:63,0
DA:65,0
DA:66,0
DA:67,0
DA:69,0
DA:70,0
DA:71,0
DA:74,0
DA:75,0
DA:78,0
DA:79,0
DA:80,0
DA:83,0
DA:92,1
DA:96,2
DA:97,2
DA:99,2
DA:106,26
DA:110,52
DA:124,2
DA:125,1
DA:126,1
DA:129,1
LF:38
LH:18
BRDA:16,0,0,1
BRDA:16,0,1,2
BRDA:21,1,0,2
BRDA:21,1,1,0
BRDA:23,2,0,2
BRDA:23,2,1,0
BRDA:24,3,0,2
BRDA:24,3,1,0
BRDA:25,4,0,2
BRDA:25,4,1,0
BRDA:26,5,0,2
BRDA:26,5,1,0
BRDA:30,6,0,0
BRDA:30,6,1,2
BRDA:49,7,0,0
BRDA:49,7,1,0
BRDA:65,8,0,0
BRDA:65,8,1,0
BRDA:69,9,0,0
BRDA:69,9,1,0
BRDA:78,10,0,0
BRDA:78,10,1,0
BRDA:78,11,0,0
BRDA:78,11,1,0
BRDA:106,12,0,26
BRDA:106,12,1,1
BRDA:106,12,2,1
BRDA:106,12,3,1
BRDA:108,13,0,26
BRDA:108,13,1,0
BRDA:124,14,0,1
BRDA:124,14,1,1
BRF:32
BRH:15
end_of_record
TN:
SF:pages/api/email-esrf.ts
FN:5,handler
FN:31,(anonymous_1)
FN:74,(anonymous_2)
FNF:3
FNH:2
FNDA:3,handler
FNDA:0,(anonymous_1)
FNDA:1,(anonymous_2)
DA:9,3
DA:10,1
DA:11,1
DA:14,2
DA:15,1
DA:16,1
DA:19,1
DA:21,1
DA:22,1
DA:26,0
DA:27,0
DA:31,1
DA:35,0
DA:36,0
DA:41,0
DA:56,0
DA:67,0
DA:74,1
DA:75,1
LF:19
LH:12
BRDA:9,0,0,1
BRDA:9,0,1,2
BRDA:14,1,0,1
BRDA:14,1,1,1
BRDA:22,2,0,0
BRDA:22,2,1,1
BRDA:35,3,0,0
BRDA:35,3,1,0
BRF:8
BRH:5
end_of_record
