{"/home/runner/work/passport-status/passport-status/components/ActionButton.tsx": {"path":"/home/runner/work/passport-status/passport-status/components/ActionButton.tsx","statementMap":{"0":{"start":{"line":18,"column":14},"end":{"line":23,"column":1}},"1":{"start":{"line":25,"column":15},"end":{"line":30,"column":1}},"2":{"start":{"line":32,"column":44},"end":{"line":59,"column":1}},"3":{"start":{"line":43,"column":4},"end":{"line":43,"column":236}},"4":{"start":{"line":44,"column":27},"end":{"line":44,"column":59}},"5":{"start":{"line":45,"column":22},"end":{"line":45,"column":41}},"6":{"start":{"line":46,"column":23},"end":{"line":46,"column":49}},"7":{"start":{"line":48,"column":2},"end":{"line":58,"column":3}},"8":{"start":{"line":61,"column":0},"end":{"line":64,"column":1}}},"fnMap":{"0":{"name":"(anonymous_0)","decl":{"start":{"line":32,"column":44},"end":{"line":32,"column":45}},"loc":{"start":{"line":41,"column":6},"end":{"line":59,"column":1}},"line":41}},"branchMap":{"0":{"loc":{"start":{"line":44,"column":27},"end":{"line":44,"column":59}},"type":"cond-expr","locations":[{"start":{"line":44,"column":39},"end":{"line":44,"column":47}},{"start":{"line":44,"column":50},"end":{"line":44,"column":59}}],"line":44},"1":{"loc":{"start":{"line":45,"column":28},"end":{"line":45,"column":40}},"type":"binary-expr","locations":[{"start":{"line":45,"column":28},"end":{"line":45,"column":32}},{"start":{"line":45,"column":36},"end":{"line":45,"column":40}}],"line":45},"2":{"loc":{"start":{"line":46,"column":30},"end":{"line":46,"column":48}},"type":"binary-expr","locations":[{"start":{"line":46,"column":30},"end":{"line":46,"column":35}},{"start":{"line":46,"column":39},"end":{"line":46,"column":48}}],"line":46}},"s":{"0":7,"1":7,"2":7,"3":7,"4":7,"5":7,"6":7,"7":7,"8":7},"f":{"0":7},"b":{"0":[0,7],"1":[7,7],"2":[7,0]},"_coverageSchema":"1a1c01bbd47fc00a2c39e90264f33305004495a9","hash":"55b7b58f21ea72746e9063a828963382be5f6505"}
,"/home/runner/work/passport-status/passport-status/components/CheckStatusInfo.tsx": {"path":"/home/runner/work/passport-status/passport-status/components/CheckStatusInfo.tsx","statementMap":{"0":{"start":{"line":21,"column":57},"end":{"line":70,"column":1}},"1":{"start":{"line":31,"column":2},"end":{"line":58,"column":3}},"2":{"start":{"line":33,"column":6},"end":{"line":33,"column":57}},"3":{"start":{"line":34,"column":6},"end":{"line":34,"column":11}},"4":{"start":{"line":36,"column":6},"end":{"line":36,"column":53}},"5":{"start":{"line":37,"column":6},"end":{"line":37,"column":11}},"6":{"start":{"line":39,"column":6},"end":{"line":43,"column":7}},"7":{"start":{"line":44,"column":6},"end":{"line":44,"column":11}},"8":{"start":{"line":46,"column":6},"end":{"line":50,"column":7}},"9":{"start":{"line":51,"column":6},"end":{"line":51,"column":11}},"10":{"start":{"line":53,"column":6},"end":{"line":53,"column":52}},"11":{"start":{"line":54,"column":6},"end":{"line":54,"column":11}},"12":{"start":{"line":56,"column":6},"end":{"line":56,"column":47}},"13":{"start":{"line":57,"column":6},"end":{"line":57,"column":11}},"14":{"start":{"line":59,"column":2},"end":{"line":69,"column":3}}},"fnMap":{"0":{"name":"(anonymous_0)","decl":{"start":{"line":21,"column":57},"end":{"line":21,"column":58}},"loc":{"start":{"line":28,"column":6},"end":{"line":70,"column":1}},"line":28}},"branchMap":{"0":{"loc":{"start":{"line":31,"column":2},"end":{"line":58,"column":3}},"type":"switch","locations":[{"start":{"line":32,"column":4},"end":{"line":34,"column":11}},{"start":{"line":35,"column":4},"end":{"line":37,"column":11}},{"start":{"line":38,"column":4},"end":{"line":44,"column":11}},{"start":{"line":45,"column":4},"end":{"line":51,"column":11}},{"start":{"line":52,"column":4},"end":{"line":54,"column":11}},{"start":{"line":55,"column":4},"end":{"line":57,"column":11}}],"line":31}},"s":{"0":2,"1":2,"2":0,"3":0,"4":0,"5":0,"6":0,"7":0,"8":0,"9":0,"10":0,"11":0,"12":2,"13":2,"14":2},"f":{"0":2},"b":{"0":[0,0,0,0,0,2]},"_coverageSchema":"1a1c01bbd47fc00a2c39e90264f33305004495a9","hash":"bd3f143db03a8c5fa1aa985bb5111ca71f716d46"}
,"/home/runner/work/passport-status/passport-status/components/DateModified.tsx": {"path":"/home/runner/work/passport-status/passport-status/components/DateModified.tsx","statementMap":{"0":{"start":{"line":14,"column":44},"end":{"line":23,"column":1}},"1":{"start":{"line":15,"column":2},"end":{"line":22,"column":3}},"2":{"start":{"line":25,"column":0},"end":{"line":28,"column":1}}},"fnMap":{"0":{"name":"(anonymous_0)","decl":{"start":{"line":14,"column":44},"end":{"line":14,"column":45}},"loc":{"start":{"line":14,"column":62},"end":{"line":23,"column":1}},"line":14}},"branchMap":{},"s":{"0":3,"1":4,"2":3},"f":{"0":4},"b":{},"_coverageSchema":"1a1c01bbd47fc00a2c39e90264f33305004495a9","hash":"0ed00727fc22bb91f744e2b2192f0f448b6f05d5"}
,"/home/runner/work/passport-status/passport-status/components/ErrorLayout.tsx": {"path":"/home/runner/work/passport-status/passport-status/components/ErrorLayout.tsx","statementMap":{"0":{"start":{"line":7,"column":42},"end":{"line":42,"column":1}},"1":{"start":{"line":8,"column":2},"end":{"line":41,"column":3}}},"fnMap":{"0":{"name":"(anonymous_0)","decl":{"start":{"line":7,"column":42},"end":{"line":7,"column":43}},"loc":{"start":{"line":7,"column":60},"end":{"line":42,"column":1}},"line":7}},"branchMap":{},"s":{"0":3,"1":4},"f":{"0":4},"b":{},"_coverageSchema":"1a1c01bbd47fc00a2c39e90264f33305004495a9","hash":"c2b75d77947bde1688a1f7e62cc366814064f1bd"}
,"/home/runner/work/passport-status/passport-status/components/ErrorSummary.tsx": {"path":"/home/runner/work/passport-status/passport-status/components/ErrorSummary.tsx","statementMap":{"0":{"start":{"line":16,"column":35},"end":{"line":22,"column":2}},"1":{"start":{"line":19,"column":24},"end":{"line":22,"column":1}},"2":{"start":{"line":25,"column":2},"end":{"line":32,"column":5}},"3":{"start":{"line":26,"column":21},"end":{"line":26,"column":65}},"4":{"start":{"line":28,"column":6},"end":{"line":31,"column":7}},"5":{"start":{"line":35,"column":44},"end":{"line":50,"column":1}},"6":{"start":{"line":36,"column":2},"end":{"line":49,"column":3}},"7":{"start":{"line":41,"column":10},"end":{"line":45,"column":15}}},"fnMap":{"0":{"name":"(anonymous_0)","decl":{"start":{"line":16,"column":35},"end":{"line":16,"column":36}},"loc":{"start":{"line":19,"column":24},"end":{"line":22,"column":1}},"line":19},"1":{"name":"GetErrorSummary","decl":{"start":{"line":24,"column":16},"end":{"line":24,"column":31}},"loc":{"start":{"line":24,"column":78},"end":{"line":33,"column":1}},"line":24},"2":{"name":"(anonymous_2)","decl":{"start":{"line":26,"column":12},"end":{"line":26,"column":13}},"loc":{"start":{"line":26,"column":21},"end":{"line":26,"column":65}},"line":26},"3":{"name":"(anonymous_3)","decl":{"start":{"line":27,"column":9},"end":{"line":27,"column":10}},"loc":{"start":{"line":28,"column":6},"end":{"line":31,"column":7}},"line":28},"4":{"name":"(anonymous_4)","decl":{"start":{"line":35,"column":44},"end":{"line":35,"column":45}},"loc":{"start":{"line":35,"column":73},"end":{"line":50,"column":1}},"line":35},"5":{"name":"(anonymous_5)","decl":{"start":{"line":40,"column":20},"end":{"line":40,"column":21}},"loc":{"start":{"line":41,"column":10},"end":{"line":45,"column":15}},"line":41}},"branchMap":{},"s":{"0":2,"1":0,"2":0,"3":0,"4":0,"5":2,"6":1,"7":1},"f":{"0":0,"1":0,"2":0,"3":0,"4":1,"5":1},"b":{},"_coverageSchema":"1a1c01bbd47fc00a2c39e90264f33305004495a9","hash":"ccdd92ca152f9934b1e42b54117b9735661236c5"}
,"/home/runner/work/passport-status/passport-status/components/Footer.tsx": {"path":"/home/runner/work/passport-status/passport-status/components/Footer.tsx","statementMap":{"0":{"start":{"line":48,"column":2},"end":{"line":95,"column":3}},"1":{"start":{"line":65,"column":18},"end":{"line":80,"column":23}}},"fnMap":{"0":{"name":"Footer","decl":{"start":{"line":40,"column":24},"end":{"line":40,"column":30}},"loc":{"start":{"line":47,"column":16},"end":{"line":96,"column":1}},"line":47},"1":{"name":"(anonymous_1)","decl":{"start":{"line":64,"column":27},"end":{"line":64,"column":28}},"loc":{"start":{"line":65,"column":18},"end":{"line":80,"column":23}},"line":65}},"branchMap":{"0":{"loc":{"start":{"line":68,"column":22},"end":{"line":70,"column":77}},"type":"cond-expr","locations":[{"start":{"line":69,"column":26},"end":{"line":69,"column":90}},{"start":{"line":70,"column":26},"end":{"line":70,"column":77}}],"line":68}},"s":{"0":2,"1":5},"f":{"0":2,"1":5},"b":{"0":[2,3]},"_coverageSchema":"1a1c01bbd47fc00a2c39e90264f33305004495a9","hash":"d793435ddd98e8804aa091105e3204a0ac54a151"}
,"/home/runner/work/passport-status/passport-status/components/Header.tsx": {"path":"/home/runner/work/passport-status/passport-status/components/Header.tsx","statementMap":{"0":{"start":{"line":11,"column":29},"end":{"line":11,"column":40}},"1":{"start":{"line":13,"column":29},"end":{"line":13,"column":58}},"2":{"start":{"line":14,"column":35},"end":{"line":14,"column":76}},"3":{"start":{"line":15,"column":27},"end":{"line":15,"column":79}},"4":{"start":{"line":17,"column":2},"end":{"line":105,"column":3}}},"fnMap":{"0":{"name":"Header","decl":{"start":{"line":10,"column":24},"end":{"line":10,"column":30}},"loc":{"start":{"line":10,"column":51},"end":{"line":106,"column":1}},"line":10}},"branchMap":{"0":{"loc":{"start":{"line":13,"column":29},"end":{"line":13,"column":58}},"type":"cond-expr","locations":[{"start":{"line":13,"column":47},"end":{"line":13,"column":51}},{"start":{"line":13,"column":54},"end":{"line":13,"column":58}}],"line":13},"1":{"loc":{"start":{"line":14,"column":35},"end":{"line":14,"column":76}},"type":"cond-expr","locations":[{"start":{"line":14,"column":65},"end":{"line":14,"column":69}},{"start":{"line":14,"column":72},"end":{"line":14,"column":76}}],"line":14},"2":{"loc":{"start":{"line":15,"column":27},"end":{"line":15,"column":79}},"type":"cond-expr","locations":[{"start":{"line":15,"column":57},"end":{"line":15,"column":67}},{"start":{"line":15,"column":70},"end":{"line":15,"column":79}}],"line":15},"3":{"loc":{"start":{"line":40,"column":21},"end":{"line":40,"column":76}},"type":"cond-expr","locations":[{"start":{"line":40,"column":39},"end":{"line":40,"column":56}},{"start":{"line":40,"column":59},"end":{"line":40,"column":76}}],"line":40},"4":{"loc":{"start":{"line":42,"column":18},"end":{"line":44,"column":46}},"type":"cond-expr","locations":[{"start":{"line":43,"column":22},"end":{"line":43,"column":44}},{"start":{"line":44,"column":22},"end":{"line":44,"column":46}}],"line":42}},"s":{"0":3,"1":3,"2":3,"3":3,"4":3},"f":{"0":3},"b":{"0":[1,2],"1":[1,2],"2":[1,2],"3":[1,2],"4":[1,2]},"_coverageSchema":"1a1c01bbd47fc00a2c39e90264f33305004495a9","hash":"7aeb1541d4115454473894dd200e20e1d4fd8088"}
,"/home/runner/work/passport-status/passport-status/components/InputErrorMessage.tsx": {"path":"/home/runner/work/passport-status/passport-status/components/InputErrorMessage.tsx","statementMap":{"0":{"start":{"line":8,"column":54},"end":{"line":17,"column":1}},"1":{"start":{"line":9,"column":2},"end":{"line":16,"column":3}}},"fnMap":{"0":{"name":"(anonymous_0)","decl":{"start":{"line":8,"column":54},"end":{"line":8,"column":55}},"loc":{"start":{"line":8,"column":75},"end":{"line":17,"column":1}},"line":8}},"branchMap":{},"s":{"0":3,"1":1},"f":{"0":1},"b":{},"_coverageSchema":"1a1c01bbd47fc00a2c39e90264f33305004495a9","hash":"e7c6d2561808dda0d0afa3839a6b9de81511239c"}
,"/home/runner/work/passport-status/passport-status/components/InputField.tsx": {"path":"/home/runner/work/passport-status/passport-status/components/InputField.tsx","statementMap":{"0":{"start":{"line":19,"column":40},"end":{"line":69,"column":1}},"1":{"start":{"line":32,"column":2},"end":{"line":68,"column":3}},"2":{"start":{"line":71,"column":0},"end":{"line":73,"column":1}}},"fnMap":{"0":{"name":"(anonymous_0)","decl":{"start":{"line":19,"column":40},"end":{"line":19,"column":41}},"loc":{"start":{"line":31,"column":6},"end":{"line":69,"column":1}},"line":31}},"branchMap":{"0":{"loc":{"start":{"line":41,"column":7},"end":{"line":43,"column":7}},"type":"binary-expr","locations":[{"start":{"line":41,"column":7},"end":{"line":41,"column":19}},{"start":{"line":42,"column":8},"end":{"line":42,"column":77}}],"line":41},"1":{"loc":{"start":{"line":45,"column":26},"end":{"line":45,"column":59}},"type":"binary-expr","locations":[{"start":{"line":45,"column":26},"end":{"line":45,"column":37}},{"start":{"line":45,"column":41},"end":{"line":45,"column":59}}],"line":45},"2":{"loc":{"start":{"line":50,"column":10},"end":{"line":50,"column":69}},"type":"cond-expr","locations":[{"start":{"line":50,"column":25},"end":{"line":50,"column":46}},{"start":{"line":50,"column":49},"end":{"line":50,"column":69}}],"line":50},"3":{"loc":{"start":{"line":57,"column":15},"end":{"line":57,"column":26}},"type":"binary-expr","locations":[{"start":{"line":57,"column":15},"end":{"line":57,"column":20}},{"start":{"line":57,"column":24},"end":{"line":57,"column":26}}],"line":57},"4":{"loc":{"start":{"line":59,"column":7},"end":{"line":66,"column":7}},"type":"binary-expr","locations":[{"start":{"line":59,"column":7},"end":{"line":59,"column":18}},{"start":{"line":60,"column":8},"end":{"line":65,"column":14}}],"line":59}},"s":{"0":3,"1":1,"2":3},"f":{"0":1},"b":{"0":[1,0],"1":[1,1],"2":[0,1],"3":[1,0],"4":[1,1]},"_coverageSchema":"1a1c01bbd47fc00a2c39e90264f33305004495a9","hash":"b40ba542e56407edff63ddb96a842435a56e88ef"}
,"/home/runner/work/passport-status/passport-status/components/InputLabel.tsx": {"path":"/home/runner/work/passport-status/passport-status/components/InputLabel.tsx","statementMap":{"0":{"start":{"line":11,"column":40},"end":{"line":30,"column":1}},"1":{"start":{"line":18,"column":2},"end":{"line":29,"column":3}}},"fnMap":{"0":{"name":"(anonymous_0)","decl":{"start":{"line":11,"column":40},"end":{"line":11,"column":41}},"loc":{"start":{"line":17,"column":6},"end":{"line":30,"column":1}},"line":17}},"branchMap":{"0":{"loc":{"start":{"line":22,"column":41},"end":{"line":22,"column":67}},"type":"cond-expr","locations":[{"start":{"line":22,"column":52},"end":{"line":22,"column":62}},{"start":{"line":22,"column":65},"end":{"line":22,"column":67}}],"line":22},"1":{"loc":{"start":{"line":25,"column":7},"end":{"line":27,"column":7}},"type":"binary-expr","locations":[{"start":{"line":25,"column":7},"end":{"line":25,"column":15}},{"start":{"line":26,"column":8},"end":{"line":26,"column":75}}],"line":25}},"s":{"0":3,"1":1},"f":{"0":1},"b":{"0":[0,1],"1":[1,0]},"_coverageSchema":"1a1c01bbd47fc00a2c39e90264f33305004495a9","hash":"67df3d7df01036a989583c54189358e376df5fe2"}
,"/home/runner/work/passport-status/passport-status/components/Layout.tsx": {"path":"/home/runner/work/passport-status/passport-status/components/Layout.tsx","statementMap":{"0":{"start":{"line":13,"column":32},"end":{"line":49,"column":1}},"1":{"start":{"line":14,"column":2},"end":{"line":48,"column":3}}},"fnMap":{"0":{"name":"(anonymous_0)","decl":{"start":{"line":13,"column":32},"end":{"line":13,"column":33}},"loc":{"start":{"line":13,"column":72},"end":{"line":49,"column":1}},"line":13}},"branchMap":{},"s":{"0":1,"1":2},"f":{"0":2},"b":{},"_coverageSchema":"1a1c01bbd47fc00a2c39e90264f33305004495a9","hash":"44384026c68171a61709cbd081fc0a51e728e276"}
,"/home/runner/work/passport-status/passport-status/components/LinkButton.tsx": {"path":"/home/runner/work/passport-status/passport-status/components/LinkButton.tsx","statementMap":{"0":{"start":{"line":19,"column":14},"end":{"line":24,"column":1}},"1":{"start":{"line":26,"column":15},"end":{"line":29,"column":1}},"2":{"start":{"line":31,"column":40},"end":{"line":60,"column":1}},"3":{"start":{"line":42,"column":4},"end":{"line":42,"column":163}},"4":{"start":{"line":43,"column":27},"end":{"line":43,"column":59}},"5":{"start":{"line":44,"column":22},"end":{"line":44,"column":41}},"6":{"start":{"line":45,"column":23},"end":{"line":45,"column":49}},"7":{"start":{"line":47,"column":2},"end":{"line":59,"column":3}}},"fnMap":{"0":{"name":"(anonymous_0)","decl":{"start":{"line":31,"column":40},"end":{"line":31,"column":41}},"loc":{"start":{"line":40,"column":6},"end":{"line":60,"column":1}},"line":40}},"branchMap":{"0":{"loc":{"start":{"line":43,"column":27},"end":{"line":43,"column":59}},"type":"cond-expr","locations":[{"start":{"line":43,"column":39},"end":{"line":43,"column":47}},{"start":{"line":43,"column":50},"end":{"line":43,"column":59}}],"line":43},"1":{"loc":{"start":{"line":44,"column":28},"end":{"line":44,"column":40}},"type":"binary-expr","locations":[{"start":{"line":44,"column":28},"end":{"line":44,"column":32}},{"start":{"line":44,"column":36},"end":{"line":44,"column":40}}],"line":44},"2":{"loc":{"start":{"line":45,"column":30},"end":{"line":45,"column":48}},"type":"binary-expr","locations":[{"start":{"line":45,"column":30},"end":{"line":45,"column":35}},{"start":{"line":45,"column":39},"end":{"line":45,"column":48}}],"line":45},"3":{"loc":{"start":{"line":50,"column":16},"end":{"line":50,"column":47}},"type":"cond-expr","locations":[{"start":{"line":50,"column":27},"end":{"line":50,"column":35}},{"start":{"line":50,"column":38},"end":{"line":50,"column":47}}],"line":50},"4":{"loc":{"start":{"line":51,"column":13},"end":{"line":51,"column":57}},"type":"cond-expr","locations":[{"start":{"line":51,"column":24},"end":{"line":51,"column":45}},{"start":{"line":51,"column":48},"end":{"line":51,"column":57}}],"line":51}},"s":{"0":3,"1":3,"2":3,"3":4,"4":4,"5":4,"6":4,"7":4},"f":{"0":4},"b":{"0":[2,2],"1":[4,4],"2":[4,2],"3":[0,4],"4":[0,4]},"_coverageSchema":"1a1c01bbd47fc00a2c39e90264f33305004495a9","hash":"fa438eab19f75dcbed7d243088b7a2c9f8763341"}
,"/home/runner/work/passport-status/passport-status/components/LinkSummary.tsx": {"path":"/home/runner/work/passport-status/passport-status/components/LinkSummary.tsx","statementMap":{"0":{"start":{"line":15,"column":42},"end":{"line":35,"column":1}},"1":{"start":{"line":16,"column":2},"end":{"line":34,"column":3}},"2":{"start":{"line":21,"column":10},"end":{"line":30,"column":15}}},"fnMap":{"0":{"name":"(anonymous_0)","decl":{"start":{"line":15,"column":42},"end":{"line":15,"column":43}},"loc":{"start":{"line":15,"column":64},"end":{"line":35,"column":1}},"line":15},"1":{"name":"(anonymous_1)","decl":{"start":{"line":20,"column":19},"end":{"line":20,"column":20}},"loc":{"start":{"line":21,"column":10},"end":{"line":30,"column":15}},"line":21}},"branchMap":{"0":{"loc":{"start":{"line":24,"column":24},"end":{"line":24,"column":55}},"type":"cond-expr","locations":[{"start":{"line":24,"column":35},"end":{"line":24,"column":43}},{"start":{"line":24,"column":46},"end":{"line":24,"column":55}}],"line":24},"1":{"loc":{"start":{"line":25,"column":21},"end":{"line":25,"column":65}},"type":"cond-expr","locations":[{"start":{"line":25,"column":32},"end":{"line":25,"column":53}},{"start":{"line":25,"column":56},"end":{"line":25,"column":65}}],"line":25}},"s":{"0":3,"1":2,"2":2},"f":{"0":2,"1":2},"b":{"0":[0,2],"1":[0,2]},"_coverageSchema":"1a1c01bbd47fc00a2c39e90264f33305004495a9","hash":"8652838e6537ea40c9d7b5c7997291e2cd2f066d"}
,"/home/runner/work/passport-status/passport-status/components/MetaData.tsx": {"path":"/home/runner/work/passport-status/passport-status/components/MetaData.tsx","statementMap":{"0":{"start":{"line":10,"column":36},"end":{"line":23,"column":1}},"1":{"start":{"line":11,"column":2},"end":{"line":22,"column":3}}},"fnMap":{"0":{"name":"(anonymous_0)","decl":{"start":{"line":10,"column":36},"end":{"line":10,"column":37}},"loc":{"start":{"line":10,"column":65},"end":{"line":23,"column":1}},"line":10}},"branchMap":{},"s":{"0":4,"1":4},"f":{"0":4},"b":{},"_coverageSchema":"1a1c01bbd47fc00a2c39e90264f33305004495a9","hash":"5464672bb3b3b963ee00106775383543dc7ce687"}
,"/home/runner/work/passport-status/passport-status/components/Modal.tsx": {"path":"/home/runner/work/passport-status/passport-status/components/Modal.tsx","statementMap":{"0":{"start":{"line":11,"column":30},"end":{"line":40,"column":1}},"1":{"start":{"line":12,"column":13},"end":{"line":12,"column":20}},"2":{"start":{"line":13,"column":2},"end":{"line":13,"column":25}},"3":{"start":{"line":13,"column":13},"end":{"line":13,"column":25}},"4":{"start":{"line":14,"column":2},"end":{"line":39,"column":3}},"5":{"start":{"line":30,"column":14},"end":{"line":33,"column":16}}},"fnMap":{"0":{"name":"(anonymous_0)","decl":{"start":{"line":11,"column":30},"end":{"line":11,"column":31}},"loc":{"start":{"line":11,"column":69},"end":{"line":40,"column":1}},"line":11},"1":{"name":"(anonymous_1)","decl":{"start":{"line":29,"column":31},"end":{"line":29,"column":32}},"loc":{"start":{"line":30,"column":14},"end":{"line":33,"column":16}},"line":30}},"branchMap":{"0":{"loc":{"start":{"line":13,"column":2},"end":{"line":13,"column":25}},"type":"if","locations":[{"start":{"line":13,"column":2},"end":{"line":13,"column":25}},{"start":{},"end":{}}],"line":13}},"s":{"0":4,"1":7,"2":7,"3":6,"4":1,"5":1},"f":{"0":7,"1":1},"b":{"0":[6,1]},"_coverageSchema":"1a1c01bbd47fc00a2c39e90264f33305004495a9","hash":"00ee0b9a02bb5b2eeb54b4d954de5d943a5c56cb"}
,"/home/runner/work/passport-status/passport-status/components/CheckStatusResponses/CheckStatusFileBeingProcessed.tsx": {"path":"/home/runner/work/passport-status/passport-status/components/CheckStatusResponses/CheckStatusFileBeingProcessed.tsx","statementMap":{"0":{"start":{"line":4,"column":53},"end":{"line":26,"column":1}},"1":{"start":{"line":5,"column":16},"end":{"line":5,"column":52}},"2":{"start":{"line":6,"column":2},"end":{"line":25,"column":3}}},"fnMap":{"0":{"name":"(anonymous_0)","decl":{"start":{"line":4,"column":53},"end":{"line":4,"column":54}},"loc":{"start":{"line":4,"column":59},"end":{"line":26,"column":1}},"line":4}},"branchMap":{},"s":{"0":4,"1":4,"2":4},"f":{"0":4},"b":{},"_coverageSchema":"1a1c01bbd47fc00a2c39e90264f33305004495a9","hash":"f081ebb7e24dd86700b156000ad78826b1efda18"}
,"/home/runner/work/passport-status/passport-status/components/CheckStatusResponses/CheckStatusNoRecord.tsx": {"path":"/home/runner/work/passport-status/passport-status/components/CheckStatusResponses/CheckStatusNoRecord.tsx","statementMap":{"0":{"start":{"line":4,"column":43},"end":{"line":43,"column":1}},"1":{"start":{"line":5,"column":16},"end":{"line":5,"column":52}},"2":{"start":{"line":6,"column":2},"end":{"line":42,"column":3}},"3":{"start":{"line":50,"column":44},"end":{"line":59,"column":1}},"4":{"start":{"line":51,"column":2},"end":{"line":58,"column":3}}},"fnMap":{"0":{"name":"(anonymous_0)","decl":{"start":{"line":4,"column":43},"end":{"line":4,"column":44}},"loc":{"start":{"line":4,"column":49},"end":{"line":43,"column":1}},"line":4},"1":{"name":"(anonymous_1)","decl":{"start":{"line":50,"column":44},"end":{"line":50,"column":45}},"loc":{"start":{"line":50,"column":64},"end":{"line":59,"column":1}},"line":50}},"branchMap":{"0":{"loc":{"start":{"line":54,"column":9},"end":{"line":54,"column":62}},"type":"cond-expr","locations":[{"start":{"line":54,"column":33},"end":{"line":54,"column":46}},{"start":{"line":54,"column":49},"end":{"line":54,"column":62}}],"line":54}},"s":{"0":3,"1":4,"2":4,"3":3,"4":8},"f":{"0":4,"1":8},"b":{"0":[8,0]},"_coverageSchema":"1a1c01bbd47fc00a2c39e90264f33305004495a9","hash":"ede6d5f03aab0c2e0eb1f79d5fb41b6cedc49987"}
,"/home/runner/work/passport-status/passport-status/components/CheckStatusResponses/CheckStatusNotAcceptable.tsx": {"path":"/home/runner/work/passport-status/passport-status/components/CheckStatusResponses/CheckStatusNotAcceptable.tsx","statementMap":{"0":{"start":{"line":4,"column":48},"end":{"line":12,"column":1}},"1":{"start":{"line":5,"column":16},"end":{"line":5,"column":52}},"2":{"start":{"line":6,"column":2},"end":{"line":11,"column":3}}},"fnMap":{"0":{"name":"(anonymous_0)","decl":{"start":{"line":4,"column":48},"end":{"line":4,"column":49}},"loc":{"start":{"line":4,"column":54},"end":{"line":12,"column":1}},"line":4}},"branchMap":{},"s":{"0":3,"1":2,"2":2},"f":{"0":2},"b":{},"_coverageSchema":"1a1c01bbd47fc00a2c39e90264f33305004495a9","hash":"5491bef55fce68ee2879a06d58f8d8b9f8f12783"}
,"/home/runner/work/passport-status/passport-status/components/CheckStatusResponses/CheckStatusReadyForPickup.tsx": {"path":"/home/runner/work/passport-status/passport-status/components/CheckStatusResponses/CheckStatusReadyForPickup.tsx","statementMap":{"0":{"start":{"line":4,"column":49},"end":{"line":14,"column":1}},"1":{"start":{"line":5,"column":16},"end":{"line":5,"column":52}},"2":{"start":{"line":6,"column":2},"end":{"line":13,"column":3}}},"fnMap":{"0":{"name":"(anonymous_0)","decl":{"start":{"line":4,"column":49},"end":{"line":4,"column":50}},"loc":{"start":{"line":4,"column":55},"end":{"line":14,"column":1}},"line":4}},"branchMap":{},"s":{"0":3,"1":2,"2":2},"f":{"0":2},"b":{},"_coverageSchema":"1a1c01bbd47fc00a2c39e90264f33305004495a9","hash":"fd1bfc7a1a3c4af03833aa700727fcd1e8d11cae"}
,"/home/runner/work/passport-status/passport-status/components/CheckStatusResponses/CheckStatusShippingCanadaPost.tsx": {"path":"/home/runner/work/passport-status/passport-status/components/CheckStatusResponses/CheckStatusShippingCanadaPost.tsx","statementMap":{"0":{"start":{"line":10,"column":4},"end":{"line":39,"column":1}},"1":{"start":{"line":11,"column":16},"end":{"line":11,"column":52}},"2":{"start":{"line":13,"column":2},"end":{"line":38,"column":3}}},"fnMap":{"0":{"name":"(anonymous_0)","decl":{"start":{"line":10,"column":4},"end":{"line":10,"column":5}},"loc":{"start":{"line":10,"column":28},"end":{"line":39,"column":1}},"line":10}},"branchMap":{"0":{"loc":{"start":{"line":18,"column":7},"end":{"line":31,"column":7}},"type":"binary-expr","locations":[{"start":{"line":18,"column":7},"end":{"line":18,"column":21}},{"start":{"line":19,"column":8},"end":{"line":30,"column":12}}],"line":18}},"s":{"0":2,"1":0,"2":0},"f":{"0":0},"b":{"0":[0,0]},"_coverageSchema":"1a1c01bbd47fc00a2c39e90264f33305004495a9","hash":"eb0d9c124195cbc2911c14ee20d9edce7887dcc3"}
,"/home/runner/work/passport-status/passport-status/components/CheckStatusResponses/CheckStatusShippingFedex.tsx": {"path":"/home/runner/work/passport-status/passport-status/components/CheckStatusResponses/CheckStatusShippingFedex.tsx","statementMap":{"0":{"start":{"line":8,"column":75},"end":{"line":32,"column":1}},"1":{"start":{"line":11,"column":16},"end":{"line":11,"column":52}},"2":{"start":{"line":12,"column":2},"end":{"line":31,"column":3}}},"fnMap":{"0":{"name":"(anonymous_0)","decl":{"start":{"line":8,"column":75},"end":{"line":8,"column":76}},"loc":{"start":{"line":10,"column":6},"end":{"line":32,"column":1}},"line":10}},"branchMap":{"0":{"loc":{"start":{"line":17,"column":7},"end":{"line":28,"column":7}},"type":"binary-expr","locations":[{"start":{"line":17,"column":7},"end":{"line":17,"column":21}},{"start":{"line":18,"column":8},"end":{"line":27,"column":12}}],"line":17}},"s":{"0":3,"1":2,"2":2},"f":{"0":2},"b":{"0":[2,0]},"_coverageSchema":"1a1c01bbd47fc00a2c39e90264f33305004495a9","hash":"a5becc1d2e82ce5fec45ce8ccf230bb9fdcea409"}
,"/home/runner/work/passport-status/passport-status/lib/logger.js": {"path":"/home/runner/work/passport-status/passport-status/lib/logger.js","statementMap":{"0":{"start":{"line":1,"column":15},"end":{"line":38,"column":4}},"1":{"start":{"line":2,"column":19},"end":{"line":2,"column":44}},"2":{"start":{"line":3,"column":16},"end":{"line":30,"column":3}},"3":{"start":{"line":4,"column":4},"end":{"line":29,"column":5}},"4":{"start":{"line":6,"column":8},"end":{"line":10,"column":9}},"5":{"start":{"line":11,"column":8},"end":{"line":11,"column":13}},"6":{"start":{"line":13,"column":8},"end":{"line":17,"column":9}},"7":{"start":{"line":18,"column":8},"end":{"line":18,"column":13}},"8":{"start":{"line":20,"column":8},"end":{"line":22,"column":9}},"9":{"start":{"line":21,"column":10},"end":{"line":21,"column":51}},"10":{"start":{"line":23,"column":8},"end":{"line":23,"column":13}},"11":{"start":{"line":26,"column":8},"end":{"line":28,"column":9}},"12":{"start":{"line":27,"column":10},"end":{"line":27,"column":51}},"13":{"start":{"line":32,"column":2},"end":{"line":37,"column":3}}},"fnMap":{"0":{"name":"(anonymous_0)","decl":{"start":{"line":1,"column":16},"end":{"line":1,"column":17}},"loc":{"start":{"line":1,"column":22},"end":{"line":38,"column":1}},"line":1},"1":{"name":"(anonymous_1)","decl":{"start":{"line":3,"column":16},"end":{"line":3,"column":17}},"loc":{"start":{"line":3,"column":39},"end":{"line":30,"column":3}},"line":3}},"branchMap":{"0":{"loc":{"start":{"line":4,"column":4},"end":{"line":29,"column":5}},"type":"switch","locations":[{"start":{"line":5,"column":6},"end":{"line":11,"column":13}},{"start":{"line":12,"column":6},"end":{"line":18,"column":13}},{"start":{"line":19,"column":6},"end":{"line":23,"column":13}},{"start":{"line":24,"column":6},"end":{"line":24,"column":19}},{"start":{"line":25,"column":6},"end":{"line":28,"column":9}}],"line":4},"1":{"loc":{"start":{"line":20,"column":8},"end":{"line":22,"column":9}},"type":"if","locations":[{"start":{"line":20,"column":8},"end":{"line":22,"column":9}},{"start":{},"end":{}}],"line":20},"2":{"loc":{"start":{"line":20,"column":12},"end":{"line":20,"column":55}},"type":"binary-expr","locations":[{"start":{"line":20,"column":12},"end":{"line":20,"column":31}},{"start":{"line":20,"column":35},"end":{"line":20,"column":55}}],"line":20},"3":{"loc":{"start":{"line":26,"column":8},"end":{"line":28,"column":9}},"type":"if","locations":[{"start":{"line":26,"column":8},"end":{"line":28,"column":9}},{"start":{},"end":{}}],"line":26}},"s":{"0":2,"1":2,"2":2,"3":0,"4":0,"5":0,"6":0,"7":0,"8":0,"9":0,"10":0,"11":0,"12":0,"13":2},"f":{"0":2,"1":0},"b":{"0":[0,0,0,0,0],"1":[0,0],"2":[0,0],"3":[0,0]},"_coverageSchema":"1a1c01bbd47fc00a2c39e90264f33305004495a9","hash":"f92680483baae7ec9704994c202226fa9b7f265b"}
,"/home/runner/work/passport-status/passport-status/lib/types.ts": {"path":"/home/runner/work/passport-status/passport-status/lib/types.ts","statementMap":{},"fnMap":{},"branchMap":{},"s":{},"f":{},"b":{},"_coverageSchema":"1a1c01bbd47fc00a2c39e90264f33305004495a9","hash":"63babb04a9c6a1affa0ffada12ab18369c5639ab"}
,"/home/runner/work/passport-status/passport-status/lib/useCheckStatus.ts": {"path":"/home/runner/work/passport-status/passport-status/lib/useCheckStatus.ts","statementMap":{"0":{"start":{"line":5,"column":32},"end":{"line":16,"column":1}},"1":{"start":{"line":9,"column":16},"end":{"line":11,"column":15}},"2":{"start":{"line":12,"column":19},"end":{"line":12,"column":66}},"3":{"start":{"line":13,"column":2},"end":{"line":13,"column":41}},"4":{"start":{"line":13,"column":19},"end":{"line":13,"column":41}},"5":{"start":{"line":14,"column":2},"end":{"line":14,"column":42}},"6":{"start":{"line":14,"column":31},"end":{"line":14,"column":42}},"7":{"start":{"line":15,"column":2},"end":{"line":15,"column":58}},"8":{"start":{"line":18,"column":30},"end":{"line":42,"column":1}},"9":{"start":{"line":26,"column":16},"end":{"line":34,"column":3}},"10":{"start":{"line":32,"column":20},"end":{"line":32,"column":76}},"11":{"start":{"line":38,"column":2},"end":{"line":41,"column":3}}},"fnMap":{"0":{"name":"(anonymous_0)","decl":{"start":{"line":5,"column":32},"end":{"line":5,"column":33}},"loc":{"start":{"line":8,"column":45},"end":{"line":16,"column":1}},"line":8},"1":{"name":"(anonymous_1)","decl":{"start":{"line":18,"column":30},"end":{"line":18,"column":31}},"loc":{"start":{"line":25,"column":5},"end":{"line":42,"column":1}},"line":25},"2":{"name":"(anonymous_2)","decl":{"start":{"line":32,"column":4},"end":{"line":32,"column":5}},"loc":{"start":{"line":32,"column":20},"end":{"line":32,"column":76}},"line":32}},"branchMap":{"0":{"loc":{"start":{"line":13,"column":2},"end":{"line":13,"column":41}},"type":"if","locations":[{"start":{"line":13,"column":2},"end":{"line":13,"column":41}},{"start":{},"end":{}}],"line":13},"1":{"loc":{"start":{"line":14,"column":2},"end":{"line":14,"column":42}},"type":"if","locations":[{"start":{"line":14,"column":2},"end":{"line":14,"column":42}},{"start":{},"end":{}}],"line":14},"2":{"loc":{"start":{"line":33,"column":36},"end":{"line":33,"column":54}},"type":"binary-expr","locations":[{"start":{"line":33,"column":36},"end":{"line":33,"column":48}},{"start":{"line":33,"column":52},"end":{"line":33,"column":54}}],"line":33},"3":{"loc":{"start":{"line":40,"column":15},"end":{"line":40,"column":62}},"type":"binary-expr","locations":[{"start":{"line":40,"column":15},"end":{"line":40,"column":30}},{"start":{"line":40,"column":34},"end":{"line":40,"column":62}}],"line":40}},"s":{"0":0,"1":0,"2":0,"3":0,"4":0,"5":0,"6":0,"7":0,"8":0,"9":0,"10":0,"11":0},"f":{"0":0,"1":0,"2":0},"b":{"0":[0,0],"1":[0,0],"2":[0,0],"3":[0,0]}}
,"/home/runner/work/passport-status/passport-status/lib/useEmailEsrf.ts": {"path":"/home/runner/work/passport-status/passport-status/lib/useEmailEsrf.ts","statementMap":{"0":{"start":{"line":5,"column":21},"end":{"line":21,"column":1}},"1":{"start":{"line":8,"column":2},"end":{"line":20,"column":13}},"2":{"start":{"line":9,"column":21},"end":{"line":15,"column":6}},"3":{"start":{"line":17,"column":4},"end":{"line":19,"column":5}},"4":{"start":{"line":18,"column":6},"end":{"line":18,"column":62}}},"fnMap":{"0":{"name":"(anonymous_0)","decl":{"start":{"line":5,"column":21},"end":{"line":5,"column":22}},"loc":{"start":{"line":7,"column":5},"end":{"line":21,"column":1}},"line":7},"1":{"name":"(anonymous_1)","decl":{"start":{"line":8,"column":62},"end":{"line":8,"column":63}},"loc":{"start":{"line":8,"column":78},"end":{"line":20,"column":3}},"line":8}},"branchMap":{"0":{"loc":{"start":{"line":17,"column":4},"end":{"line":19,"column":5}},"type":"if","locations":[{"start":{"line":17,"column":4},"end":{"line":19,"column":5}},{"start":{},"end":{}}],"line":17}},"s":{"0":0,"1":0,"2":0,"3":0,"4":0},"f":{"0":0,"1":0},"b":{"0":[0,0]}}
,"/home/runner/work/passport-status/passport-status/lib/mappers/checkStatusApiResponseMapper.ts": {"path":"/home/runner/work/passport-status/passport-status/lib/mappers/checkStatusApiResponseMapper.ts","statementMap":{"0":{"start":{"line":13,"column":43},"end":{"line":23,"column":2}},"1":{"start":{"line":15,"column":30},"end":{"line":23,"column":1}},"2":{"start":{"line":29,"column":33},"end":{"line":37,"column":1}},"3":{"start":{"line":32,"column":2},"end":{"line":36,"column":21}},"4":{"start":{"line":34,"column":6},"end":{"line":35,"column":37}}},"fnMap":{"0":{"name":"(anonymous_0)","decl":{"start":{"line":13,"column":43},"end":{"line":13,"column":44}},"loc":{"start":{"line":15,"column":30},"end":{"line":23,"column":1}},"line":15},"1":{"name":"(anonymous_1)","decl":{"start":{"line":29,"column":33},"end":{"line":29,"column":34}},"loc":{"start":{"line":31,"column":25},"end":{"line":37,"column":1}},"line":31},"2":{"name":"(anonymous_2)","decl":{"start":{"line":33,"column":4},"end":{"line":33,"column":5}},"loc":{"start":{"line":34,"column":6},"end":{"line":35,"column":37}},"line":34}},"branchMap":{},"s":{"0":1,"1":1,"2":1,"3":1,"4":3},"f":{"0":1,"1":1,"2":3},"b":{},"_coverageSchema":"1a1c01bbd47fc00a2c39e90264f33305004495a9","hash":"93a06a85df17d1db00cc4f8ad8756893f438d30f"}
,"/home/runner/work/passport-status/passport-status/lib/utils/compareCIAndAI.ts": {"path":"/home/runner/work/passport-status/passport-status/lib/utils/compareCIAndAI.ts","statementMap":{"0":{"start":{"line":4,"column":30},"end":{"line":6,"column":1}},"1":{"start":{"line":5,"column":2},"end":{"line":5,"column":74}}},"fnMap":{"0":{"name":"(anonymous_0)","decl":{"start":{"line":4,"column":30},"end":{"line":4,"column":31}},"loc":{"start":{"line":4,"column":75},"end":{"line":6,"column":1}},"line":4}},"branchMap":{},"s":{"0":1,"1":28},"f":{"0":28},"b":{},"_coverageSchema":"1a1c01bbd47fc00a2c39e90264f33305004495a9","hash":"6a0eecb6beec4c9efc62baccc260d45f9952e0fe"}
,"/home/runner/work/passport-status/passport-status/pages/404.tsx": {"path":"/home/runner/work/passport-status/passport-status/pages/404.tsx","statementMap":{"0":{"start":{"line":5,"column":18},"end":{"line":72,"column":1}},"1":{"start":{"line":6,"column":2},"end":{"line":71,"column":3}}},"fnMap":{"0":{"name":"(anonymous_0)","decl":{"start":{"line":5,"column":18},"end":{"line":5,"column":19}},"loc":{"start":{"line":5,"column":24},"end":{"line":72,"column":1}},"line":5}},"branchMap":{},"s":{"0":1,"1":1},"f":{"0":1},"b":{},"_coverageSchema":"1a1c01bbd47fc00a2c39e90264f33305004495a9","hash":"062ade925ab64d7bc57879a507eb008637d7629b"}
,"/home/runner/work/passport-status/passport-status/pages/_app.tsx": {"path":"/home/runner/work/passport-status/passport-status/pages/_app.tsx","statementMap":{"0":{"start":{"line":8,"column":20},"end":{"line":8,"column":37}},"1":{"start":{"line":10,"column":14},"end":{"line":16,"column":1}},"2":{"start":{"line":11,"column":2},"end":{"line":15,"column":3}}},"fnMap":{"0":{"name":"(anonymous_0)","decl":{"start":{"line":10,"column":14},"end":{"line":10,"column":15}},"loc":{"start":{"line":10,"column":54},"end":{"line":16,"column":1}},"line":10}},"branchMap":{},"s":{"0":1,"1":1,"2":1},"f":{"0":1},"b":{},"_coverageSchema":"1a1c01bbd47fc00a2c39e90264f33305004495a9","hash":"0cae33c28576aa9fc9c3139f130781a34d193b41"}
,"/home/runner/work/passport-status/passport-status/pages/_document.tsx": {"path":"/home/runner/work/passport-status/passport-status/pages/_document.tsx","statementMap":{"0":{"start":{"line":14,"column":25},"end":{"line":14,"column":60}},"1":{"start":{"line":16,"column":4},"end":{"line":16,"column":23}},"2":{"start":{"line":19,"column":4},"end":{"line":33,"column":5}}},"fnMap":{"0":{"name":"(anonymous_0)","decl":{"start":{"line":11,"column":2},"end":{"line":11,"column":3}},"loc":{"start":{"line":13,"column":35},"end":{"line":17,"column":3}},"line":13},"1":{"name":"(anonymous_1)","decl":{"start":{"line":18,"column":2},"end":{"line":18,"column":3}},"loc":{"start":{"line":18,"column":11},"end":{"line":34,"column":3}},"line":18}},"branchMap":{"0":{"loc":{"start":{"line":22,"column":10},"end":{"line":24,"column":31}},"type":"cond-expr","locations":[{"start":{"line":23,"column":14},"end":{"line":23,"column":18}},{"start":{"line":24,"column":14},"end":{"line":24,"column":31}}],"line":22},"1":{"loc":{"start":{"line":22,"column":11},"end":{"line":22,"column":56}},"type":"binary-expr","locations":[{"start":{"line":22,"column":11},"end":{"line":22,"column":43}},{"start":{"line":22,"column":47},"end":{"line":22,"column":56}}],"line":22}},"s":{"0":0,"1":0,"2":0},"f":{"0":0,"1":0},"b":{"0":[0,0],"1":[0,0]}}
,"/home/runner/work/passport-status/passport-status/pages/_error.tsx": {"path":"/home/runner/work/passport-status/passport-status/pages/_error.tsx","statementMap":{"0":{"start":{"line":10,"column":36},"end":{"line":96,"column":1}},"1":{"start":{"line":11,"column":2},"end":{"line":95,"column":3}},"2":{"start":{"line":98,"column":0},"end":{"line":101,"column":1}},"3":{"start":{"line":99,"column":21},"end":{"line":99,"column":62}},"4":{"start":{"line":100,"column":2},"end":{"line":100,"column":23}}},"fnMap":{"0":{"name":"(anonymous_0)","decl":{"start":{"line":10,"column":36},"end":{"line":10,"column":37}},"loc":{"start":{"line":10,"column":56},"end":{"line":96,"column":1}},"line":10},"1":{"name":"(anonymous_1)","decl":{"start":{"line":98,"column":24},"end":{"line":98,"column":25}},"loc":{"start":{"line":98,"column":48},"end":{"line":101,"column":1}},"line":98}},"branchMap":{"0":{"loc":{"start":{"line":19,"column":10},"end":{"line":21,"column":70}},"type":"cond-expr","locations":[{"start":{"line":20,"column":14},"end":{"line":20,"column":77}},{"start":{"line":21,"column":14},"end":{"line":21,"column":70}}],"line":19},"1":{"loc":{"start":{"line":25,"column":9},"end":{"line":25,"column":77}},"type":"cond-expr","locations":[{"start":{"line":25,"column":30},"end":{"line":25,"column":53}},{"start":{"line":25,"column":56},"end":{"line":25,"column":77}}],"line":25},"2":{"loc":{"start":{"line":31,"column":11},"end":{"line":33,"column":36}},"type":"cond-expr","locations":[{"start":{"line":32,"column":14},"end":{"line":32,"column":41}},{"start":{"line":33,"column":14},"end":{"line":33,"column":36}}],"line":31},"3":{"loc":{"start":{"line":40,"column":13},"end":{"line":40,"column":79}},"type":"cond-expr","locations":[{"start":{"line":40,"column":26},"end":{"line":40,"column":47}},{"start":{"line":40,"column":50},"end":{"line":40,"column":79}}],"line":40},"4":{"loc":{"start":{"line":66,"column":13},"end":{"line":68,"column":47}},"type":"cond-expr","locations":[{"start":{"line":67,"column":16},"end":{"line":67,"column":38}},{"start":{"line":68,"column":16},"end":{"line":68,"column":47}}],"line":66},"5":{"loc":{"start":{"line":99,"column":21},"end":{"line":99,"column":62}},"type":"binary-expr","locations":[{"start":{"line":99,"column":21},"end":{"line":99,"column":36}},{"start":{"line":99,"column":40},"end":{"line":99,"column":55}},{"start":{"line":99,"column":59},"end":{"line":99,"column":62}}],"line":99}},"s":{"0":1,"1":2,"2":1,"3":0,"4":0},"f":{"0":2,"1":0},"b":{"0":[0,2],"1":[0,2],"2":[0,2],"3":[1,1],"4":[1,1],"5":[0,0,0]},"_coverageSchema":"1a1c01bbd47fc00a2c39e90264f33305004495a9","hash":"4fd8dabd285de996d9d4c1847aff4195139d6e56"}
,"/home/runner/work/passport-status/passport-status/pages/contact.tsx": {"path":"/home/runner/work/passport-status/passport-status/pages/contact.tsx","statementMap":{"0":{"start":{"line":11,"column":20},"end":{"line":53,"column":1}},"1":{"start":{"line":12,"column":16},"end":{"line":12,"column":41}},"2":{"start":{"line":13,"column":17},"end":{"line":13,"column":28}},"3":{"start":{"line":14,"column":36},"end":{"line":14,"column":51}},"4":{"start":{"line":16,"column":2},"end":{"line":52,"column":3}},"5":{"start":{"line":33,"column":23},"end":{"line":33,"column":41}},"6":{"start":{"line":40,"column":27},"end":{"line":40,"column":50}},"7":{"start":{"line":45,"column":27},"end":{"line":45,"column":46}},"8":{"start":{"line":55,"column":46},"end":{"line":62,"column":2}},"9":{"start":{"line":55,"column":69},"end":{"line":62,"column":1}}},"fnMap":{"0":{"name":"(anonymous_0)","decl":{"start":{"line":11,"column":20},"end":{"line":11,"column":21}},"loc":{"start":{"line":11,"column":26},"end":{"line":53,"column":1}},"line":11},"1":{"name":"(anonymous_1)","decl":{"start":{"line":33,"column":17},"end":{"line":33,"column":18}},"loc":{"start":{"line":33,"column":23},"end":{"line":33,"column":41}},"line":33},"2":{"name":"(anonymous_2)","decl":{"start":{"line":40,"column":21},"end":{"line":40,"column":22}},"loc":{"start":{"line":40,"column":27},"end":{"line":40,"column":50}},"line":40},"3":{"name":"(anonymous_3)","decl":{"start":{"line":45,"column":21},"end":{"line":45,"column":22}},"loc":{"start":{"line":45,"column":27},"end":{"line":45,"column":46}},"line":45},"4":{"name":"(anonymous_4)","decl":{"start":{"line":55,"column":46},"end":{"line":55,"column":47}},"loc":{"start":{"line":55,"column":69},"end":{"line":62,"column":1}},"line":55}},"branchMap":{"0":{"loc":{"start":{"line":57,"column":37},"end":{"line":57,"column":56}},"type":"binary-expr","locations":[{"start":{"line":57,"column":37},"end":{"line":57,"column":43}},{"start":{"line":57,"column":47},"end":{"line":57,"column":56}}],"line":57}},"s":{"0":1,"1":2,"2":2,"3":2,"4":2,"5":0,"6":0,"7":0,"8":1,"9":0},"f":{"0":2,"1":0,"2":0,"3":0,"4":0},"b":{"0":[0,0]},"_coverageSchema":"1a1c01bbd47fc00a2c39e90264f33305004495a9","hash":"287f0fdee9c060bb37f4371dbbf551226a13306b"}
,"/home/runner/work/passport-status/passport-status/pages/email.tsx": {"path":"/home/runner/work/passport-status/passport-status/pages/email.tsx","statementMap":{"0":{"start":{"line":21,"column":47},"end":{"line":26,"column":1}},"1":{"start":{"line":29,"column":16},"end":{"line":29,"column":39}},"2":{"start":{"line":30,"column":17},"end":{"line":30,"column":28}},"3":{"start":{"line":31,"column":36},"end":{"line":31,"column":51}},"4":{"start":{"line":32,"column":30},"end":{"line":32,"column":45}},"5":{"start":{"line":34,"column":32},"end":{"line":37,"column":8}},"6":{"start":{"line":35,"column":4},"end":{"line":35,"column":19}},"7":{"start":{"line":36,"column":4},"end":{"line":36,"column":22}},"8":{"start":{"line":39,"column":36},"end":{"line":43,"column":4}},"9":{"start":{"line":45,"column":43},"end":{"line":51,"column":22}},"10":{"start":{"line":47,"column":4},"end":{"line":49,"column":5}},"11":{"start":{"line":48,"column":6},"end":{"line":48,"column":48}},"12":{"start":{"line":50,"column":4},"end":{"line":50,"column":27}},"13":{"start":{"line":53,"column":40},"end":{"line":59,"column":30}},"14":{"start":{"line":54,"column":4},"end":{"line":54,"column":23}},"15":{"start":{"line":55,"column":4},"end":{"line":58,"column":5}},"16":{"start":{"line":56,"column":6},"end":{"line":56,"column":22}},"17":{"start":{"line":57,"column":6},"end":{"line":57,"column":22}},"18":{"start":{"line":66,"column":6},"end":{"line":66,"column":20}},"19":{"start":{"line":68,"column":17},"end":{"line":84,"column":4}},"20":{"start":{"line":83,"column":26},"end":{"line":83,"column":43}},"21":{"start":{"line":86,"column":23},"end":{"line":89,"column":3}},"22":{"start":{"line":87,"column":10},"end":{"line":87,"column":43}},"23":{"start":{"line":92,"column":2},"end":{"line":92,"column":42}},"24":{"start":{"line":92,"column":22},"end":{"line":92,"column":42}},"25":{"start":{"line":94,"column":2},"end":{"line":211,"column":3}},"26":{"start":{"line":186,"column":29},"end":{"line":186,"column":47}},"27":{"start":{"line":214,"column":46},"end":{"line":218,"column":2}},"28":{"start":{"line":214,"column":69},"end":{"line":218,"column":1}}},"fnMap":{"0":{"name":"Email","decl":{"start":{"line":28,"column":24},"end":{"line":28,"column":29}},"loc":{"start":{"line":28,"column":32},"end":{"line":212,"column":1}},"line":28},"1":{"name":"(anonymous_1)","decl":{"start":{"line":34,"column":44},"end":{"line":34,"column":45}},"loc":{"start":{"line":34,"column":50},"end":{"line":37,"column":3}},"line":34},"2":{"name":"(anonymous_2)","decl":{"start":{"line":45,"column":55},"end":{"line":45,"column":56}},"loc":{"start":{"line":45,"column":61},"end":{"line":51,"column":3}},"line":45},"3":{"name":"(anonymous_3)","decl":{"start":{"line":53,"column":52},"end":{"line":53,"column":53}},"loc":{"start":{"line":53,"column":58},"end":{"line":59,"column":3}},"line":53},"4":{"name":"(anonymous_4)","decl":{"start":{"line":83,"column":14},"end":{"line":83,"column":15}},"loc":{"start":{"line":83,"column":26},"end":{"line":83,"column":43}},"line":83},"5":{"name":"(anonymous_5)","decl":{"start":{"line":87,"column":4},"end":{"line":87,"column":5}},"loc":{"start":{"line":87,"column":10},"end":{"line":87,"column":43}},"line":87},"6":{"name":"(anonymous_6)","decl":{"start":{"line":186,"column":23},"end":{"line":186,"column":24}},"loc":{"start":{"line":186,"column":29},"end":{"line":186,"column":47}},"line":186},"7":{"name":"(anonymous_7)","decl":{"start":{"line":214,"column":46},"end":{"line":214,"column":47}},"loc":{"start":{"line":214,"column":69},"end":{"line":218,"column":1}},"line":214}},"branchMap":{"0":{"loc":{"start":{"line":47,"column":4},"end":{"line":49,"column":5}},"type":"if","locations":[{"start":{"line":47,"column":4},"end":{"line":49,"column":5}},{"start":{},"end":{}}],"line":47},"1":{"loc":{"start":{"line":55,"column":4},"end":{"line":58,"column":5}},"type":"if","locations":[{"start":{"line":55,"column":4},"end":{"line":58,"column":5}},{"start":{},"end":{}}],"line":55},"2":{"loc":{"start":{"line":92,"column":2},"end":{"line":92,"column":42}},"type":"if","locations":[{"start":{"line":92,"column":2},"end":{"line":92,"column":42}},{"start":{},"end":{}}],"line":92},"3":{"loc":{"start":{"line":102,"column":7},"end":{"line":190,"column":7}},"type":"cond-expr","locations":[{"start":{"line":103,"column":8},"end":{"line":110,"column":11}},{"start":{"line":112,"column":8},"end":{"line":189,"column":15}}],"line":102},"4":{"loc":{"start":{"line":119,"column":11},"end":{"line":127,"column":11}},"type":"binary-expr","locations":[{"start":{"line":119,"column":11},"end":{"line":119,"column":34}},{"start":{"line":120,"column":12},"end":{"line":126,"column":14}}],"line":119},"5":{"loc":{"start":{"line":135,"column":26},"end":{"line":135,"column":71}},"type":"binary-expr","locations":[{"start":{"line":135,"column":26},"end":{"line":135,"column":45}},{"start":{"line":135,"column":49},"end":{"line":135,"column":71}}],"line":135},"6":{"loc":{"start":{"line":146,"column":26},"end":{"line":146,"column":79}},"type":"binary-expr","locations":[{"start":{"line":146,"column":26},"end":{"line":146,"column":49}},{"start":{"line":146,"column":53},"end":{"line":146,"column":79}}],"line":146},"7":{"loc":{"start":{"line":156,"column":26},"end":{"line":156,"column":75}},"type":"binary-expr","locations":[{"start":{"line":156,"column":26},"end":{"line":156,"column":47}},{"start":{"line":156,"column":51},"end":{"line":156,"column":75}}],"line":156},"8":{"loc":{"start":{"line":168,"column":14},"end":{"line":168,"column":71}},"type":"binary-expr","locations":[{"start":{"line":168,"column":14},"end":{"line":168,"column":39}},{"start":{"line":168,"column":43},"end":{"line":168,"column":71}}],"line":168},"9":{"loc":{"start":{"line":208,"column":9},"end":{"line":208,"column":72}},"type":"cond-expr","locations":[{"start":{"line":208,"column":18},"end":{"line":208,"column":40}},{"start":{"line":208,"column":43},"end":{"line":208,"column":72}}],"line":208},"10":{"loc":{"start":{"line":216,"column":37},"end":{"line":216,"column":56}},"type":"binary-expr","locations":[{"start":{"line":216,"column":37},"end":{"line":216,"column":43}},{"start":{"line":216,"column":47},"end":{"line":216,"column":56}}],"line":216}},"s":{"0":1,"1":2,"2":2,"3":2,"4":2,"5":2,"6":0,"7":0,"8":2,"9":2,"10":0,"11":0,"12":0,"13":2,"14":0,"15":0,"16":0,"17":0,"18":2,"19":2,"20":0,"21":2,"22":2,"23":2,"24":0,"25":2,"26":0,"27":1,"28":0},"f":{"0":2,"1":0,"2":0,"3":0,"4":0,"5":2,"6":0,"7":0},"b":{"0":[0,0],"1":[0,0],"2":[0,2],"3":[0,2],"4":[2,0],"5":[2,0],"6":[2,0],"7":[2,0],"8":[2,0],"9":[0,2],"10":[0,0]},"_coverageSchema":"1a1c01bbd47fc00a2c39e90264f33305004495a9","hash":"721728b4dac76c0b813d9ebff4787c7f750608dd"}
,"/home/runner/work/passport-status/passport-status/pages/expectations.tsx": {"path":"/home/runner/work/passport-status/passport-status/pages/expectations.tsx","statementMap":{"0":{"start":{"line":10,"column":25},"end":{"line":64,"column":1}},"1":{"start":{"line":11,"column":16},"end":{"line":11,"column":46}},"2":{"start":{"line":13,"column":67},"end":{"line":20,"column":3}},"3":{"start":{"line":15,"column":6},"end":{"line":15,"column":24}},"4":{"start":{"line":16,"column":6},"end":{"line":16,"column":73}},"5":{"start":{"line":17,"column":6},"end":{"line":17,"column":29}},"6":{"start":{"line":22,"column":2},"end":{"line":63,"column":3}},"7":{"start":{"line":71,"column":44},"end":{"line":80,"column":1}},"8":{"start":{"line":72,"column":2},"end":{"line":79,"column":3}},"9":{"start":{"line":82,"column":46},"end":{"line":89,"column":2}},"10":{"start":{"line":82,"column":69},"end":{"line":89,"column":1}}},"fnMap":{"0":{"name":"(anonymous_0)","decl":{"start":{"line":10,"column":25},"end":{"line":10,"column":26}},"loc":{"start":{"line":10,"column":31},"end":{"line":64,"column":1}},"line":10},"1":{"name":"(anonymous_1)","decl":{"start":{"line":14,"column":4},"end":{"line":14,"column":5}},"loc":{"start":{"line":14,"column":11},"end":{"line":18,"column":5}},"line":14},"2":{"name":"(anonymous_2)","decl":{"start":{"line":71,"column":44},"end":{"line":71,"column":45}},"loc":{"start":{"line":71,"column":64},"end":{"line":80,"column":1}},"line":71},"3":{"name":"(anonymous_3)","decl":{"start":{"line":82,"column":46},"end":{"line":82,"column":47}},"loc":{"start":{"line":82,"column":69},"end":{"line":89,"column":1}},"line":82}},"branchMap":{"0":{"loc":{"start":{"line":75,"column":9},"end":{"line":75,"column":62}},"type":"cond-expr","locations":[{"start":{"line":75,"column":33},"end":{"line":75,"column":46}},{"start":{"line":75,"column":49},"end":{"line":75,"column":62}}],"line":75},"1":{"loc":{"start":{"line":84,"column":37},"end":{"line":84,"column":56}},"type":"binary-expr","locations":[{"start":{"line":84,"column":37},"end":{"line":84,"column":43}},{"start":{"line":84,"column":47},"end":{"line":84,"column":56}}],"line":84}},"s":{"0":1,"1":2,"2":2,"3":0,"4":0,"5":0,"6":2,"7":1,"8":12,"9":1,"10":0},"f":{"0":2,"1":0,"2":12,"3":0},"b":{"0":[8,4],"1":[0,0]},"_coverageSchema":"1a1c01bbd47fc00a2c39e90264f33305004495a9","hash":"b8f56ce10a8fd6339158bbc4af7b8e2496b7f20a"}
,"/home/runner/work/passport-status/passport-status/pages/index.tsx": {"path":"/home/runner/work/passport-status/passport-status/pages/index.tsx","statementMap":{"0":{"start":{"line":7,"column":14},"end":{"line":89,"column":1}},"1":{"start":{"line":8,"column":2},"end":{"line":88,"column":3}}},"fnMap":{"0":{"name":"(anonymous_0)","decl":{"start":{"line":7,"column":14},"end":{"line":7,"column":15}},"loc":{"start":{"line":7,"column":20},"end":{"line":89,"column":1}},"line":7}},"branchMap":{},"s":{"0":1,"1":1},"f":{"0":1},"b":{},"_coverageSchema":"1a1c01bbd47fc00a2c39e90264f33305004495a9","hash":"7d0fb8d2545a1da0106c6a879895ba06a5c0eedb"}
,"/home/runner/work/passport-status/passport-status/pages/landing.tsx": {"path":"/home/runner/work/passport-status/passport-status/pages/landing.tsx","statementMap":{"0":{"start":{"line":8,"column":20},"end":{"line":40,"column":1}},"1":{"start":{"line":9,"column":16},"end":{"line":9,"column":41}},"2":{"start":{"line":11,"column":2},"end":{"line":39,"column":3}},"3":{"start":{"line":42,"column":46},"end":{"line":49,"column":2}},"4":{"start":{"line":42,"column":69},"end":{"line":49,"column":1}}},"fnMap":{"0":{"name":"(anonymous_0)","decl":{"start":{"line":8,"column":20},"end":{"line":8,"column":21}},"loc":{"start":{"line":8,"column":26},"end":{"line":40,"column":1}},"line":8},"1":{"name":"(anonymous_1)","decl":{"start":{"line":42,"column":46},"end":{"line":42,"column":47}},"loc":{"start":{"line":42,"column":69},"end":{"line":49,"column":1}},"line":42}},"branchMap":{"0":{"loc":{"start":{"line":44,"column":37},"end":{"line":44,"column":56}},"type":"binary-expr","locations":[{"start":{"line":44,"column":37},"end":{"line":44,"column":43}},{"start":{"line":44,"column":47},"end":{"line":44,"column":56}}],"line":44}},"s":{"0":1,"1":2,"2":2,"3":1,"4":0},"f":{"0":2,"1":0},"b":{"0":[0,0]},"_coverageSchema":"1a1c01bbd47fc00a2c39e90264f33305004495a9","hash":"6362aaba4bf150e40973d27d9b37b9db0af40717"}
,"/home/runner/work/passport-status/passport-status/pages/status.tsx": {"path":"/home/runner/work/passport-status/passport-status/pages/status.tsx","statementMap":{"0":{"start":{"line":31,"column":50},"end":{"line":36,"column":1}},"1":{"start":{"line":38,"column":19},"end":{"line":280,"column":1}},"2":{"start":{"line":39,"column":16},"end":{"line":39,"column":40}},"3":{"start":{"line":40,"column":17},"end":{"line":40,"column":28}},"4":{"start":{"line":41,"column":36},"end":{"line":41,"column":51}},"5":{"start":{"line":42,"column":30},"end":{"line":42,"column":45}},"6":{"start":{"line":44,"column":32},"end":{"line":47,"column":8}},"7":{"start":{"line":45,"column":4},"end":{"line":45,"column":19}},"8":{"start":{"line":46,"column":4},"end":{"line":46,"column":22}},"9":{"start":{"line":49,"column":36},"end":{"line":53,"column":4}},"10":{"start":{"line":55,"column":43},"end":{"line":61,"column":22}},"11":{"start":{"line":57,"column":4},"end":{"line":59,"column":5}},"12":{"start":{"line":58,"column":6},"end":{"line":58,"column":48}},"13":{"start":{"line":60,"column":4},"end":{"line":60,"column":27}},"14":{"start":{"line":63,"column":40},"end":{"line":69,"column":30}},"15":{"start":{"line":64,"column":4},"end":{"line":64,"column":23}},"16":{"start":{"line":65,"column":4},"end":{"line":68,"column":5}},"17":{"start":{"line":66,"column":6},"end":{"line":66,"column":22}},"18":{"start":{"line":67,"column":6},"end":{"line":67,"column":22}},"19":{"start":{"line":71,"column":18},"end":{"line":73,"column":4}},"20":{"start":{"line":75,"column":17},"end":{"line":95,"column":4}},"21":{"start":{"line":89,"column":6},"end":{"line":89,"column":26}},"22":{"start":{"line":90,"column":6},"end":{"line":90,"column":33}},"23":{"start":{"line":93,"column":6},"end":{"line":93,"column":28}},"24":{"start":{"line":102,"column":6},"end":{"line":108,"column":3}},"25":{"start":{"line":106,"column":23},"end":{"line":106,"column":44}},"26":{"start":{"line":110,"column":23},"end":{"line":119,"column":17}},"27":{"start":{"line":111,"column":4},"end":{"line":118,"column":7}},"28":{"start":{"line":112,"column":23},"end":{"line":112,"column":73}},"29":{"start":{"line":114,"column":8},"end":{"line":117,"column":9}},"30":{"start":{"line":121,"column":68},"end":{"line":133,"column":3}},"31":{"start":{"line":123,"column":6},"end":{"line":123,"column":24}},"32":{"start":{"line":124,"column":6},"end":{"line":127,"column":7}},"33":{"start":{"line":125,"column":8},"end":{"line":125,"column":37}},"34":{"start":{"line":126,"column":8},"end":{"line":126,"column":14}},"35":{"start":{"line":128,"column":6},"end":{"line":128,"column":33}},"36":{"start":{"line":129,"column":6},"end":{"line":129,"column":33}},"37":{"start":{"line":130,"column":6},"end":{"line":130,"column":27}},"38":{"start":{"line":135,"column":67},"end":{"line":140,"column":3}},"39":{"start":{"line":137,"column":6},"end":{"line":137,"column":80}},"40":{"start":{"line":143,"column":2},"end":{"line":143,"column":46}},"41":{"start":{"line":143,"column":24},"end":{"line":143,"column":46}},"42":{"start":{"line":145,"column":2},"end":{"line":279,"column":3}},"43":{"start":{"line":153,"column":8},"end":{"line":176,"column":9}},"44":{"start":{"line":154,"column":10},"end":{"line":175,"column":11}},"45":{"start":{"line":178,"column":8},"end":{"line":257,"column":9}},"46":{"start":{"line":253,"column":31},"end":{"line":253,"column":49}},"47":{"start":{"line":282,"column":46},"end":{"line":289,"column":2}},"48":{"start":{"line":282,"column":69},"end":{"line":289,"column":1}}},"fnMap":{"0":{"name":"(anonymous_0)","decl":{"start":{"line":38,"column":19},"end":{"line":38,"column":20}},"loc":{"start":{"line":38,"column":25},"end":{"line":280,"column":1}},"line":38},"1":{"name":"(anonymous_1)","decl":{"start":{"line":44,"column":44},"end":{"line":44,"column":45}},"loc":{"start":{"line":44,"column":50},"end":{"line":47,"column":3}},"line":44},"2":{"name":"(anonymous_2)","decl":{"start":{"line":55,"column":55},"end":{"line":55,"column":56}},"loc":{"start":{"line":55,"column":61},"end":{"line":61,"column":3}},"line":55},"3":{"name":"(anonymous_3)","decl":{"start":{"line":63,"column":52},"end":{"line":63,"column":53}},"loc":{"start":{"line":63,"column":58},"end":{"line":69,"column":3}},"line":63},"4":{"name":"(anonymous_4)","decl":{"start":{"line":88,"column":13},"end":{"line":88,"column":14}},"loc":{"start":{"line":88,"column":35},"end":{"line":91,"column":5}},"line":88},"5":{"name":"(anonymous_5)","decl":{"start":{"line":92,"column":14},"end":{"line":92,"column":15}},"loc":{"start":{"line":92,"column":36},"end":{"line":94,"column":5}},"line":92},"6":{"name":"(anonymous_6)","decl":{"start":{"line":106,"column":17},"end":{"line":106,"column":18}},"loc":{"start":{"line":106,"column":23},"end":{"line":106,"column":44}},"line":106},"7":{"name":"(anonymous_7)","decl":{"start":{"line":110,"column":51},"end":{"line":110,"column":52}},"loc":{"start":{"line":110,"column":57},"end":{"line":119,"column":3}},"line":110},"8":{"name":"(anonymous_8)","decl":{"start":{"line":112,"column":14},"end":{"line":112,"column":15}},"loc":{"start":{"line":112,"column":23},"end":{"line":112,"column":73}},"line":112},"9":{"name":"(anonymous_9)","decl":{"start":{"line":113,"column":11},"end":{"line":113,"column":12}},"loc":{"start":{"line":114,"column":8},"end":{"line":117,"column":9}},"line":114},"10":{"name":"(anonymous_10)","decl":{"start":{"line":122,"column":4},"end":{"line":122,"column":5}},"loc":{"start":{"line":122,"column":17},"end":{"line":131,"column":5}},"line":122},"11":{"name":"(anonymous_11)","decl":{"start":{"line":136,"column":4},"end":{"line":136,"column":5}},"loc":{"start":{"line":136,"column":20},"end":{"line":138,"column":5}},"line":136},"12":{"name":"(anonymous_12)","decl":{"start":{"line":152,"column":8},"end":{"line":152,"column":9}},"loc":{"start":{"line":152,"column":14},"end":{"line":258,"column":7}},"line":152},"13":{"name":"(anonymous_13)","decl":{"start":{"line":253,"column":25},"end":{"line":253,"column":26}},"loc":{"start":{"line":253,"column":31},"end":{"line":253,"column":49}},"line":253},"14":{"name":"(anonymous_14)","decl":{"start":{"line":282,"column":46},"end":{"line":282,"column":47}},"loc":{"start":{"line":282,"column":69},"end":{"line":289,"column":1}},"line":282}},"branchMap":{"0":{"loc":{"start":{"line":57,"column":4},"end":{"line":59,"column":5}},"type":"if","locations":[{"start":{"line":57,"column":4},"end":{"line":59,"column":5}},{"start":{},"end":{}}],"line":57},"1":{"loc":{"start":{"line":65,"column":4},"end":{"line":68,"column":5}},"type":"if","locations":[{"start":{"line":65,"column":4},"end":{"line":68,"column":5}},{"start":{},"end":{}}],"line":65},"2":{"loc":{"start":{"line":103,"column":4},"end":{"line":103,"column":65}},"type":"cond-expr","locations":[{"start":{"line":103,"column":36},"end":{"line":103,"column":49}},{"start":{"line":103,"column":52},"end":{"line":103,"column":65}}],"line":103},"3":{"loc":{"start":{"line":124,"column":6},"end":{"line":127,"column":7}},"type":"if","locations":[{"start":{"line":124,"column":6},"end":{"line":127,"column":7}},{"start":{},"end":{}}],"line":124},"4":{"loc":{"start":{"line":143,"column":2},"end":{"line":143,"column":46}},"type":"if","locations":[{"start":{"line":143,"column":2},"end":{"line":143,"column":46}},{"start":{},"end":{}}],"line":143},"5":{"loc":{"start":{"line":153,"column":8},"end":{"line":176,"column":9}},"type":"if","locations":[{"start":{"line":153,"column":8},"end":{"line":176,"column":9}},{"start":{},"end":{}}],"line":153},"6":{"loc":{"start":{"line":158,"column":18},"end":{"line":160,"column":39}},"type":"cond-expr","locations":[{"start":{"line":159,"column":22},"end":{"line":159,"column":42}},{"start":{"line":160,"column":22},"end":{"line":160,"column":39}}],"line":158},"7":{"loc":{"start":{"line":164,"column":18},"end":{"line":164,"column":75}},"type":"cond-expr","locations":[{"start":{"line":164,"column":49},"end":{"line":164,"column":62}},{"start":{"line":164,"column":65},"end":{"line":164,"column":75}}],"line":164},"8":{"loc":{"start":{"line":186,"column":13},"end":{"line":194,"column":13}},"type":"binary-expr","locations":[{"start":{"line":186,"column":13},"end":{"line":186,"column":36}},{"start":{"line":187,"column":14},"end":{"line":193,"column":16}}],"line":186},"9":{"loc":{"start":{"line":201,"column":28},"end":{"line":201,"column":71}},"type":"binary-expr","locations":[{"start":{"line":201,"column":28},"end":{"line":201,"column":46}},{"start":{"line":201,"column":50},"end":{"line":201,"column":71}}],"line":201},"10":{"loc":{"start":{"line":212,"column":16},"end":{"line":212,"column":69}},"type":"binary-expr","locations":[{"start":{"line":212,"column":16},"end":{"line":212,"column":39}},{"start":{"line":212,"column":43},"end":{"line":212,"column":69}}],"line":212},"11":{"loc":{"start":{"line":223,"column":28},"end":{"line":223,"column":77}},"type":"binary-expr","locations":[{"start":{"line":223,"column":28},"end":{"line":223,"column":49}},{"start":{"line":223,"column":53},"end":{"line":223,"column":77}}],"line":223},"12":{"loc":{"start":{"line":235,"column":16},"end":{"line":235,"column":73}},"type":"binary-expr","locations":[{"start":{"line":235,"column":16},"end":{"line":235,"column":41}},{"start":{"line":235,"column":45},"end":{"line":235,"column":73}}],"line":235},"13":{"loc":{"start":{"line":276,"column":9},"end":{"line":276,"column":72}},"type":"cond-expr","locations":[{"start":{"line":276,"column":18},"end":{"line":276,"column":40}},{"start":{"line":276,"column":43},"end":{"line":276,"column":72}}],"line":276},"14":{"loc":{"start":{"line":284,"column":37},"end":{"line":284,"column":56}},"type":"binary-expr","locations":[{"start":{"line":284,"column":37},"end":{"line":284,"column":43}},{"start":{"line":284,"column":47},"end":{"line":284,"column":56}}],"line":284}},"s":{"0":1,"1":1,"2":2,"3":2,"4":2,"5":2,"6":2,"7":0,"8":0,"9":2,"10":2,"11":0,"12":0,"13":0,"14":2,"15":0,"16":0,"17":0,"18":0,"19":2,"20":2,"21":0,"22":0,"23":0,"24":2,"25":0,"26":2,"27":2,"28":0,"29":0,"30":2,"31":0,"32":0,"33":0,"34":0,"35":0,"36":0,"37":0,"38":2,"39":0,"40":2,"41":0,"42":2,"43":2,"44":0,"45":2,"46":0,"47":1,"48":0},"f":{"0":2,"1":0,"2":0,"3":0,"4":0,"5":0,"6":0,"7":2,"8":0,"9":0,"10":0,"11":0,"12":2,"13":0,"14":0},"b":{"0":[0,0],"1":[0,0],"2":[0,2],"3":[0,0],"4":[0,2],"5":[0,2],"6":[0,0],"7":[0,0],"8":[2,0],"9":[2,0],"10":[2,0],"11":[2,0],"12":[2,0],"13":[0,2],"14":[0,0]},"_coverageSchema":"1a1c01bbd47fc00a2c39e90264f33305004495a9","hash":"a6796003c9b20968c968d2b0e3f45935a5f4befb"}
,"/home/runner/work/passport-status/passport-status/pages/api/check-status.ts": {"path":"/home/runner/work/passport-status/passport-status/pages/api/check-status.ts","statementMap":{"0":{"start":{"line":16,"column":2},"end":{"line":19,"column":3}},"1":{"start":{"line":17,"column":4},"end":{"line":17,"column":64}},"2":{"start":{"line":18,"column":4},"end":{"line":18,"column":10}},"3":{"start":{"line":21,"column":27},"end":{"line":21,"column":79}},"4":{"start":{"line":22,"column":57},"end":{"line":27,"column":3}},"5":{"start":{"line":29,"column":2},"end":{"line":36,"column":3}},"6":{"start":{"line":30,"column":4},"end":{"line":32,"column":57}},"7":{"start":{"line":34,"column":4},"end":{"line":34,"column":23}},"8":{"start":{"line":35,"column":4},"end":{"line":35,"column":49}},"9":{"start":{"line":45,"column":39},"end":{"line":84,"column":1}},"10":{"start":{"line":49,"column":2},"end":{"line":53,"column":3}},"11":{"start":{"line":50,"column":4},"end":{"line":52,"column":5}},"12":{"start":{"line":55,"column":52},"end":{"line":55,"column":78}},"13":{"start":{"line":56,"column":16},"end":{"line":61,"column":15}},"14":{"start":{"line":62,"column":14},"end":{"line":62,"column":101}},"15":{"start":{"line":63,"column":19},"end":{"line":63,"column":35}},"16":{"start":{"line":65,"column":2},"end":{"line":76,"column":3}},"17":{"start":{"line":66,"column":55},"end":{"line":66,"column":76}},"18":{"start":{"line":67,"column":50},"end":{"line":67,"column":72}},"19":{"start":{"line":69,"column":4},"end":{"line":72,"column":5}},"20":{"start":{"line":70,"column":6},"end":{"line":70,"column":55}},"21":{"start":{"line":71,"column":6},"end":{"line":71,"column":12}},"22":{"start":{"line":74,"column":4},"end":{"line":74,"column":79}},"23":{"start":{"line":75,"column":4},"end":{"line":75,"column":10}},"24":{"start":{"line":78,"column":2},"end":{"line":81,"column":3}},"25":{"start":{"line":79,"column":4},"end":{"line":79,"column":53}},"26":{"start":{"line":80,"column":4},"end":{"line":80,"column":10}},"27":{"start":{"line":83,"column":2},"end":{"line":83,"column":55}},"28":{"start":{"line":92,"column":40},"end":{"line":130,"column":1}},"29":{"start":{"line":96,"column":52},"end":{"line":96,"column":78}},"30":{"start":{"line":97,"column":48},"end":{"line":97,"column":78}},"31":{"start":{"line":99,"column":30},"end":{"line":122,"column":3}},"32":{"start":{"line":106,"column":6},"end":{"line":121,"column":68}},"33":{"start":{"line":110,"column":12},"end":{"line":110,"column":56}},"34":{"start":{"line":124,"column":2},"end":{"line":127,"column":3}},"35":{"start":{"line":125,"column":4},"end":{"line":125,"column":62}},"36":{"start":{"line":126,"column":4},"end":{"line":126,"column":10}},"37":{"start":{"line":129,"column":2},"end":{"line":129,"column":51}}},"fnMap":{"0":{"name":"handler","decl":{"start":{"line":12,"column":30},"end":{"line":12,"column":37}},"loc":{"start":{"line":15,"column":2},"end":{"line":37,"column":1}},"line":15},"1":{"name":"(anonymous_1)","decl":{"start":{"line":45,"column":39},"end":{"line":45,"column":40}},"loc":{"start":{"line":48,"column":5},"end":{"line":84,"column":1}},"line":48},"2":{"name":"(anonymous_2)","decl":{"start":{"line":92,"column":40},"end":{"line":92,"column":41}},"loc":{"start":{"line":95,"column":5},"end":{"line":130,"column":1}},"line":95},"3":{"name":"(anonymous_3)","decl":{"start":{"line":100,"column":4},"end":{"line":100,"column":5}},"loc":{"start":{"line":106,"column":6},"end":{"line":121,"column":68}},"line":106},"4":{"name":"(anonymous_4)","decl":{"start":{"line":109,"column":10},"end":{"line":109,"column":11}},"loc":{"start":{"line":110,"column":12},"end":{"line":110,"column":56}},"line":110}},"branchMap":{"0":{"loc":{"start":{"line":16,"column":2},"end":{"line":19,"column":3}},"type":"if","locations":[{"start":{"line":16,"column":2},"end":{"line":19,"column":3}},{"start":{},"end":{}}],"line":16},"1":{"loc":{"start":{"line":21,"column":35},"end":{"line":21,"column":48}},"type":"binary-expr","locations":[{"start":{"line":21,"column":35},"end":{"line":21,"column":42}},{"start":{"line":21,"column":46},"end":{"line":21,"column":48}}],"line":21},"2":{"loc":{"start":{"line":23,"column":17},"end":{"line":23,"column":54}},"type":"binary-expr","locations":[{"start":{"line":23,"column":17},"end":{"line":23,"column":48}},{"start":{"line":23,"column":52},"end":{"line":23,"column":54}}],"line":23},"3":{"loc":{"start":{"line":24,"column":10},"end":{"line":24,"column":40}},"type":"binary-expr","locations":[{"start":{"line":24,"column":10},"end":{"line":24,"column":34}},{"start":{"line":24,"column":38},"end":{"line":24,"column":40}}],"line":24},"4":{"loc":{"start":{"line":25,"column":15},"end":{"line":25,"column":50}},"type":"binary-expr","locations":[{"start":{"line":25,"column":15},"end":{"line":25,"column":44}},{"start":{"line":25,"column":48},"end":{"line":25,"column":50}}],"line":25},"5":{"loc":{"start":{"line":26,"column":13},"end":{"line":26,"column":46}},"type":"binary-expr","locations":[{"start":{"line":26,"column":13},"end":{"line":26,"column":40}},{"start":{"line":26,"column":44},"end":{"line":26,"column":46}}],"line":26},"6":{"loc":{"start":{"line":30,"column":4},"end":{"line":32,"column":57}},"type":"cond-expr","locations":[{"start":{"line":31,"column":8},"end":{"line":31,"column":62}},{"start":{"line":32,"column":8},"end":{"line":32,"column":57}}],"line":30},"7":{"loc":{"start":{"line":49,"column":2},"end":{"line":53,"column":3}},"type":"if","locations":[{"start":{"line":49,"column":2},"end":{"line":53,"column":3}},{"start":{},"end":{}}],"line":49},"8":{"loc":{"start":{"line":65,"column":2},"end":{"line":76,"column":3}},"type":"if","locations":[{"start":{"line":65,"column":2},"end":{"line":76,"column":3}},{"start":{},"end":{}}],"line":65},"9":{"loc":{"start":{"line":69,"column":4},"end":{"line":72,"column":5}},"type":"if","locations":[{"start":{"line":69,"column":4},"end":{"line":72,"column":5}},{"start":{},"end":{}}],"line":69},"10":{"loc":{"start":{"line":78,"column":2},"end":{"line":81,"column":3}},"type":"if","locations":[{"start":{"line":78,"column":2},"end":{"line":81,"column":3}},{"start":{},"end":{}}],"line":78},"11":{"loc":{"start":{"line":78,"column":6},"end":{"line":78,"column":56}},"type":"binary-expr","locations":[{"start":{"line":78,"column":6},"end":{"line":78,"column":29}},{"start":{"line":78,"column":33},"end":{"line":78,"column":56}}],"line":78},"12":{"loc":{"start":{"line":106,"column":6},"end":{"line":121,"column":68}},"type":"binary-expr","locations":[{"start":{"line":106,"column":6},"end":{"line":112,"column":7}},{"start":{"line":113,"column":6},"end":{"line":116,"column":7}},{"start":{"line":117,"column":6},"end":{"line":120,"column":7}},{"start":{"line":121,"column":6},"end":{"line":121,"column":68}}],"line":106},"13":{"loc":{"start":{"line":108,"column":8},"end":{"line":111,"column":33}},"type":"binary-expr","locations":[{"start":{"line":108,"column":8},"end":{"line":111,"column":27}},{"start":{"line":111,"column":31},"end":{"line":111,"column":33}}],"line":108},"14":{"loc":{"start":{"line":124,"column":2},"end":{"line":127,"column":3}},"type":"if","locations":[{"start":{"line":124,"column":2},"end":{"line":127,"column":3}},{"start":{},"end":{}}],"line":124}},"s":{"0":3,"1":1,"2":1,"3":2,"4":2,"5":2,"6":2,"7":0,"8":0,"9":1,"10":0,"11":0,"12":0,"13":0,"14":0,"15":0,"16":0,"17":0,"18":0,"19":0,"20":0,"21":0,"22":0,"23":0,"24":0,"25":0,"26":0,"27":0,"28":1,"29":2,"30":2,"31":2,"32":26,"33":52,"34":2,"35":1,"36":1,"37":1},"f":{"0":3,"1":0,"2":2,"3":26,"4":52},"b":{"0":[1,2],"1":[2,0],"2":[2,0],"3":[2,0],"4":[2,0],"5":[2,0],"6":[0,2],"7":[0,0],"8":[0,0],"9":[0,0],"10":[0,0],"11":[0,0],"12":[26,1,1,1],"13":[26,0],"14":[1,1]},"_coverageSchema":"1a1c01bbd47fc00a2c39e90264f33305004495a9","hash":"232e14eeb6711e2aadf8105f29f373d3baf687d8"}
,"/home/runner/work/passport-status/passport-status/pages/api/email-esrf.ts": {"path":"/home/runner/work/passport-status/passport-status/pages/api/email-esrf.ts","statementMap":{"0":{"start":{"line":9,"column":2},"end":{"line":12,"column":3}},"1":{"start":{"line":10,"column":4},"end":{"line":10,"column":64}},"2":{"start":{"line":11,"column":4},"end":{"line":11,"column":10}},"3":{"start":{"line":14,"column":2},"end":{"line":17,"column":3}},"4":{"start":{"line":15,"column":4},"end":{"line":15,"column":77}},"5":{"start":{"line":16,"column":4},"end":{"line":16,"column":10}},"6":{"start":{"line":19,"column":15},"end":{"line":19,"column":50}},"7":{"start":{"line":21,"column":2},"end":{"line":28,"column":3}},"8":{"start":{"line":22,"column":4},"end":{"line":24,"column":26}},"9":{"start":{"line":26,"column":4},"end":{"line":26,"column":23}},"10":{"start":{"line":27,"column":4},"end":{"line":27,"column":49}},"11":{"start":{"line":31,"column":21},"end":{"line":68,"column":1}},"12":{"start":{"line":35,"column":2},"end":{"line":39,"column":3}},"13":{"start":{"line":36,"column":4},"end":{"line":38,"column":5}},"14":{"start":{"line":41,"column":15},"end":{"line":54,"column":3}},"15":{"start":{"line":56,"column":19},"end":{"line":65,"column":3}},"16":{"start":{"line":67,"column":2},"end":{"line":67,"column":55}},"17":{"start":{"line":74,"column":22},"end":{"line":76,"column":1}},"18":{"start":{"line":75,"column":2},"end":{"line":75,"column":45}}},"fnMap":{"0":{"name":"handler","decl":{"start":{"line":5,"column":30},"end":{"line":5,"column":37}},"loc":{"start":{"line":8,"column":2},"end":{"line":29,"column":1}},"line":8},"1":{"name":"(anonymous_1)","decl":{"start":{"line":31,"column":21},"end":{"line":31,"column":22}},"loc":{"start":{"line":34,"column":5},"end":{"line":68,"column":1}},"line":34},"2":{"name":"(anonymous_2)","decl":{"start":{"line":74,"column":22},"end":{"line":74,"column":23}},"loc":{"start":{"line":74,"column":56},"end":{"line":76,"column":1}},"line":74}},"branchMap":{"0":{"loc":{"start":{"line":9,"column":2},"end":{"line":12,"column":3}},"type":"if","locations":[{"start":{"line":9,"column":2},"end":{"line":12,"column":3}},{"start":{},"end":{}}],"line":9},"1":{"loc":{"start":{"line":14,"column":2},"end":{"line":17,"column":3}},"type":"if","locations":[{"start":{"line":14,"column":2},"end":{"line":17,"column":3}},{"start":{},"end":{}}],"line":14},"2":{"loc":{"start":{"line":22,"column":4},"end":{"line":24,"column":26}},"type":"cond-expr","locations":[{"start":{"line":23,"column":8},"end":{"line":23,"column":37}},{"start":{"line":24,"column":8},"end":{"line":24,"column":26}}],"line":22},"3":{"loc":{"start":{"line":35,"column":2},"end":{"line":39,"column":3}},"type":"if","locations":[{"start":{"line":35,"column":2},"end":{"line":39,"column":3}},{"start":{},"end":{}}],"line":35}},"s":{"0":3,"1":1,"2":1,"3":2,"4":1,"5":1,"6":1,"7":1,"8":1,"9":0,"10":0,"11":1,"12":0,"13":0,"14":0,"15":0,"16":0,"17":1,"18":1},"f":{"0":3,"1":0,"2":1},"b":{"0":[1,2],"1":[1,1],"2":[0,1],"3":[0,0]},"_coverageSchema":"1a1c01bbd47fc00a2c39e90264f33305004495a9","hash":"2ea288b4d11104111b5d44010bbe29b5338e65b8"}
}
