TN:
SF:src/middleware.ts
FN:9,middleware
FNF:1
FNH:0
FNDA:0,middleware
DA:6,0
DA:7,0
DA:10,0
DA:11,0
DA:13,0
DA:18,0
DA:21,0
DA:23,0
DA:24,0
DA:28,0
DA:29,0
DA:32,0
DA:36,0
DA:39,0
LF:14
LH:0
BRDA:13,0,0,0
BRDA:13,0,1,0
BRDA:14,1,0,0
BRDA:14,1,1,0
BRDA:14,1,2,0
BRDA:23,2,0,0
BRDA:23,2,1,0
BRDA:23,3,0,0
BRDA:23,3,1,0
BRDA:28,4,0,0
BRDA:28,4,1,0
BRDA:28,5,0,0
BRDA:28,5,1,0
BRDA:28,5,2,0
BRDA:32,6,0,0
BRDA:32,6,1,0
BRDA:33,7,0,0
BRDA:33,7,1,0
BRF:18
BRH:0
end_of_record
TN:
SF:src/next-seo.config.ts
FN:12,(anonymous_0)
FN:29,(anonymous_1)
FN:47,(anonymous_2)
FN:107,(anonymous_3)
FN:141,(anonymous_4)
FN:176,(anonymous_5)
FNF:6
FNH:6
FNDA:7,(anonymous_0)
FNDA:7,(anonymous_1)
FNDA:3,(anonymous_2)
FNDA:1,(anonymous_3)
FNDA:1,(anonymous_4)
FNDA:5,(anonymous_5)
DA:12,2
DA:16,7
DA:17,4
DA:29,2
DA:32,7
DA:33,4
DA:47,3
DA:107,2
DA:141,2
DA:176,2
DA:177,5
DA:178,5
DA:179,4
DA:180,3
LF:14
LH:14
BRDA:16,0,0,3
BRDA:16,0,1,4
BRDA:32,1,0,3
BRDA:32,1,1,4
BRDA:178,2,0,1
BRDA:178,2,1,4
BRDA:179,3,0,1
BRDA:179,3,1,3
BRF:8
BRH:8
end_of_record
TN:
SF:src/@types/i18next.d.ts
FNF:0
FNH:0
LF:0
LH:0
BRF:0
BRH:0
end_of_record
TN:
SF:src/@types/resources.ts
FNF:0
FNH:0
DA:8,0
LF:1
LH:0
BRF:0
BRH:0
end_of_record
TN:
SF:src/components/ActionButton.tsx
FN:32,(anonymous_0)
FNF:1
FNH:1
FNDA:23,(anonymous_0)
DA:18,13
DA:25,13
DA:32,13
DA:43,23
DA:44,23
DA:45,23
DA:46,23
DA:48,23
DA:61,13
LF:9
LH:9
BRDA:44,0,0,0
BRDA:44,0,1,23
BRDA:45,1,0,23
BRDA:45,1,1,23
BRDA:46,2,0,23
BRDA:46,2,1,0
BRF:6
BRH:4
end_of_record
TN:
SF:src/components/AlertBlock.tsx
FN:13,(anonymous_0)
FN:19,(anonymous_1)
FNF:2
FNH:1
FNDA:26,(anonymous_0)
FNDA:0,(anonymous_1)
DA:13,13
DA:14,26
DA:15,26
DA:17,26
DA:20,0
DA:21,0
LF:6
LH:4
BRDA:17,0,0,0
BRDA:17,0,1,26
BRDA:17,1,0,26
BRDA:17,1,1,0
BRDA:20,2,0,0
BRDA:20,2,1,0
BRF:6
BRH:2
end_of_record
TN:
SF:src/components/AlertSection.tsx
FN:25,(anonymous_0)
FN:80,(anonymous_1)
FNF:2
FNH:0
FNDA:0,(anonymous_0)
FNDA:0,(anonymous_1)
DA:11,13
DA:18,13
DA:25,13
DA:26,0
DA:28,0
DA:40,0
DA:52,0
DA:66,0
DA:80,13
DA:86,0
DA:88,0
LF:11
LH:4
BRDA:26,0,0,0
BRDA:26,0,1,0
BRDA:26,0,2,0
BRDA:26,0,3,0
BRDA:30,1,0,0
BRDA:30,1,1,0
BRDA:42,2,0,0
BRDA:42,2,1,0
BRDA:54,3,0,0
BRDA:54,3,1,0
BRDA:68,4,0,0
BRDA:68,4,1,0
BRDA:90,5,0,0
BRDA:90,5,1,0
BRF:14
BRH:0
end_of_record
TN:
SF:src/components/ApplicationNameBar.tsx
FN:8,(anonymous_0)
FNF:1
FNH:1
FNDA:5,(anonymous_0)
DA:8,3
DA:9,5
LF:2
LH:2
BRF:0
BRH:0
end_of_record
TN:
SF:src/components/Banner.tsx
FN:6,(anonymous_0)
FNF:1
FNH:1
FNDA:5,(anonymous_0)
DA:6,3
DA:7,5
LF:2
LH:2
BRF:0
BRH:0
end_of_record
TN:
SF:src/components/Collapse.tsx
FN:16,(anonymous_0)
FNF:1
FNH:1
FNDA:10,(anonymous_0)
DA:3,5
DA:16,5
DA:17,10
DA:18,10
LF:4
LH:4
BRDA:16,0,0,10
BRF:1
BRH:1
end_of_record
TN:
SF:src/components/DateModified.tsx
FN:12,(anonymous_0)
FNF:1
FNH:1
FNDA:4,(anonymous_0)
DA:12,3
DA:13,4
DA:23,3
LF:3
LH:3
BRF:0
BRH:0
end_of_record
TN:
SF:src/components/DateSelect.tsx
FN:26,(anonymous_0)
FN:38,(anonymous_1)
FN:64,(anonymous_2)
FNF:3
FNH:2
FNDA:14,(anonymous_0)
FNDA:0,(anonymous_1)
FNDA:678,(anonymous_2)
DA:26,3
DA:38,14
DA:40,0
DA:42,14
DA:65,678
LF:5
LH:4
BRDA:56,0,0,0
BRDA:56,0,1,14
BRDA:58,1,0,12
BRDA:58,1,1,2
BRDA:60,2,0,0
BRDA:60,2,1,14
BRF:6
BRH:4
end_of_record
TN:
SF:src/components/DateSelectField.tsx
FN:35,(anonymous_0)
FN:64,(anonymous_1)
FN:71,(anonymous_2)
FN:75,(anonymous_3)
FN:81,(anonymous_4)
FN:82,(anonymous_5)
FN:88,(anonymous_6)
FN:94,(anonymous_7)
FN:101,(anonymous_8)
FN:103,(anonymous_9)
FN:135,(anonymous_10)
FN:143,(anonymous_11)
FN:145,(anonymous_12)
FN:151,(anonymous_13)
FN:156,(anonymous_14)
FN:232,(anonymous_15)
FN:235,(anonymous_16)
FN:239,(anonymous_17)
FNF:18
FNH:15
FNDA:8,(anonymous_0)
FNDA:24,(anonymous_1)
FNDA:6,(anonymous_2)
FNDA:756,(anonymous_3)
FNDA:8,(anonymous_4)
FNDA:96,(anonymous_5)
FNDA:6,(anonymous_6)
FNDA:186,(anonymous_7)
FNDA:0,(anonymous_8)
FNDA:0,(anonymous_9)
FNDA:6,(anonymous_10)
FNDA:6,(anonymous_11)
FNDA:6,(anonymous_12)
FNDA:6,(anonymous_13)
FNDA:2,(anonymous_14)
FNDA:0,(anonymous_15)
FNDA:1038,(anonymous_16)
FNDA:2,(anonymous_17)
DA:35,3
DA:47,8
DA:49,8
DA:59,8
DA:60,8
DA:61,8
DA:62,8
DA:64,8
DA:65,24
DA:66,24
DA:67,24
DA:68,24
DA:71,8
DA:72,6
DA:73,6
DA:74,6
DA:75,6
DA:76,756
DA:77,756
DA:81,8
DA:82,8
DA:83,96
DA:84,96
DA:88,8
DA:89,6
DA:90,6
DA:91,6
DA:94,6
DA:95,186
DA:96,186
DA:100,8
DA:102,0
DA:103,0
DA:104,0
DA:105,0
DA:107,0
DA:108,0
DA:111,0
DA:113,0
DA:116,0
DA:118,0
DA:119,0
DA:133,8
DA:135,8
DA:136,6
DA:137,6
DA:139,0
DA:143,8
DA:144,6
DA:145,6
DA:146,6
DA:151,8
DA:152,6
DA:153,4
DA:155,2
DA:156,2
DA:166,8
DA:232,3
DA:233,0
DA:235,3
DA:236,1038
DA:239,3
DA:248,2
DA:249,2
DA:250,2
DA:251,2
DA:253,2
DA:254,2
DA:257,0
LF:69
LH:55
BRDA:66,0,0,0
BRDA:66,0,1,24
BRDA:67,1,0,12
BRDA:67,1,1,12
BRDA:68,2,0,12
BRDA:68,2,1,12
BRDA:72,3,0,6
BRDA:72,3,1,6
BRDA:73,4,0,6
BRDA:73,4,1,6
BRDA:91,5,0,0
BRDA:91,5,1,6
BRDA:104,6,0,0
BRDA:104,6,1,0
BRDA:107,7,0,0
BRDA:107,7,1,0
BRDA:111,8,0,0
BRDA:111,8,1,0
BRDA:113,9,0,0
BRDA:113,9,1,0
BRDA:113,10,0,0
BRDA:113,10,1,0
BRDA:116,11,0,0
BRDA:116,11,1,0
BRDA:136,12,0,6
BRDA:136,12,1,0
BRDA:152,13,0,4
BRDA:152,13,1,2
BRDA:175,14,0,8
BRDA:175,14,1,0
BRDA:181,15,0,8
BRDA:181,15,1,4
BRDA:233,16,0,0
BRDA:233,16,1,0
BRDA:233,17,0,0
BRDA:233,17,1,0
BRDA:233,17,2,0
BRDA:253,18,0,2
BRDA:253,18,1,0
BRDA:253,19,0,2
BRDA:253,19,1,0
BRDA:253,19,2,0
BRF:42
BRH:18
end_of_record
TN:
SF:src/components/ErrorLayout.tsx
FN:7,(anonymous_0)
FNF:1
FNH:1
FNDA:4,(anonymous_0)
DA:7,3
DA:8,4
LF:2
LH:2
BRF:0
BRH:0
end_of_record
TN:
SF:src/components/ErrorSummary.tsx
FN:17,(anonymous_0)
FN:25,(anonymous_1)
FN:30,(anonymous_2)
FN:31,(anonymous_3)
FN:34,(anonymous_4)
FN:42,(anonymous_5)
FN:43,(anonymous_6)
FN:55,(anonymous_7)
FNF:8
FNH:4
FNDA:0,(anonymous_0)
FNDA:0,(anonymous_1)
FNDA:0,(anonymous_2)
FNDA:0,(anonymous_3)
FNDA:1,(anonymous_4)
FNDA:1,(anonymous_5)
FNDA:1,(anonymous_6)
FNDA:1,(anonymous_7)
DA:17,1
DA:20,0
DA:25,1
DA:29,0
DA:30,0
DA:31,0
DA:34,1
DA:35,1
DA:38,1
DA:39,1
DA:42,1
DA:43,1
DA:44,1
DA:47,1
DA:56,1
LF:15
LH:11
BRF:0
BRH:0
end_of_record
TN:
SF:src/components/ExampleImage.tsx
FN:17,(anonymous_0)
FNF:1
FNH:1
FNDA:2,(anonymous_0)
DA:17,2
DA:18,2
LF:2
LH:2
BRDA:20,0,0,2
BRDA:20,0,1,2
BRF:2
BRH:2
end_of_record
TN:
SF:src/components/ExternalLink.tsx
FN:18,(anonymous_0)
FNF:1
FNH:1
FNDA:2,(anonymous_0)
DA:18,14
DA:23,2
DA:24,2
LF:3
LH:3
BRF:0
BRH:0
end_of_record
TN:
SF:src/components/FieldSetLegend.tsx
FN:9,(anonymous_0)
FNF:1
FNH:1
FNDA:8,(anonymous_0)
DA:9,3
DA:15,8
LF:2
LH:2
BRDA:19,0,0,8
BRDA:19,0,1,4
BRF:2
BRH:2
end_of_record
TN:
SF:src/components/Footer.tsx
FN:44,(anonymous_0)
FN:63,(anonymous_1)
FNF:2
FNH:2
FNDA:2,(anonymous_0)
FNDA:5,(anonymous_1)
DA:44,2
DA:51,2
DA:64,5
LF:3
LH:3
BRF:0
BRH:0
end_of_record
TN:
SF:src/components/Header.tsx
FN:15,(anonymous_0)
FNF:1
FNH:1
FNDA:3,(anonymous_0)
DA:15,2
DA:16,3
DA:17,3
DA:18,3
DA:20,3
DA:21,3
DA:22,3
DA:23,3
DA:25,3
LF:9
LH:9
BRDA:20,0,0,2
BRDA:20,0,1,1
BRDA:21,1,0,2
BRDA:21,1,1,1
BRDA:22,2,0,2
BRDA:22,2,1,1
BRDA:43,3,0,3
BRDA:43,3,1,3
BRDA:56,4,0,2
BRDA:56,4,1,1
BRDA:60,5,0,2
BRDA:60,5,1,1
BRDA:67,6,0,2
BRDA:67,6,1,1
BRDA:68,7,0,2
BRDA:68,7,1,1
BRF:16
BRH:16
end_of_record
TN:
SF:src/components/IdleTimeout.tsx
FN:14,(anonymous_0)
FN:20,(anonymous_1)
FN:25,(anonymous_2)
FN:32,(anonymous_3)
FN:37,(anonymous_4)
FN:45,(anonymous_5)
FN:55,(anonymous_6)
FNF:7
FNH:4
FNDA:3,(anonymous_0)
FNDA:0,(anonymous_1)
FNDA:0,(anonymous_2)
FNDA:1,(anonymous_3)
FNDA:2,(anonymous_4)
FNDA:2,(anonymous_5)
FNDA:0,(anonymous_6)
DA:14,3
DA:15,3
DA:16,3
DA:17,3
DA:18,3
DA:20,3
DA:21,0
DA:22,0
DA:25,3
DA:26,0
DA:27,0
DA:30,3
DA:32,1
DA:37,3
DA:38,2
DA:39,2
DA:40,2
DA:45,3
DA:46,2
DA:49,3
DA:55,0
LF:21
LH:16
BRDA:33,0,0,3
BRDA:33,0,1,1
BRDA:34,1,0,3
BRDA:34,1,1,1
BRDA:41,2,0,1
BRDA:41,2,1,1
BRDA:51,3,0,3
BRDA:51,3,1,1
BRF:8
BRH:8
end_of_record
TN:
SF:src/components/InputErrorMessage.tsx
FN:6,(anonymous_0)
FNF:1
FNH:1
FNDA:2,(anonymous_0)
DA:6,7
DA:7,2
LF:2
LH:2
BRF:0
BRH:0
end_of_record
TN:
SF:src/components/InputField.tsx
FN:20,(anonymous_0)
FN:41,(anonymous_1)
FNF:2
FNH:2
FNDA:2,(anonymous_0)
FNDA:2,(anonymous_1)
DA:20,3
DA:35,2
DA:36,2
DA:37,2
DA:38,2
DA:39,2
DA:41,2
DA:42,2
DA:43,2
DA:44,2
DA:45,2
DA:46,2
DA:49,2
DA:97,3
LF:14
LH:14
BRDA:43,0,0,1
BRDA:43,0,1,1
BRDA:44,1,0,1
BRDA:44,1,1,1
BRDA:45,2,0,0
BRDA:45,2,1,2
BRDA:46,3,0,1
BRDA:46,3,1,1
BRDA:58,4,0,2
BRDA:58,4,1,1
BRDA:61,5,0,2
BRDA:61,5,1,1
BRDA:72,6,0,1
BRDA:72,6,1,1
BRDA:74,7,0,0
BRDA:74,7,1,2
BRDA:76,8,0,1
BRDA:76,8,1,1
BRDA:83,9,0,2
BRDA:83,9,1,1
BRDA:85,10,0,2
BRDA:85,10,1,0
BRF:22
BRH:19
end_of_record
TN:
SF:src/components/InputLabel.tsx
FN:9,(anonymous_0)
FNF:1
FNH:1
FNDA:3,(anonymous_0)
DA:9,4
DA:16,3
LF:2
LH:2
BRDA:19,0,0,3
BRDA:19,0,1,0
BRF:2
BRH:1
end_of_record
TN:
SF:src/components/Layout.tsx
FN:11,(anonymous_0)
FNF:1
FNH:1
FNDA:2,(anonymous_0)
DA:11,1
DA:12,2
DA:14,2
LF:3
LH:3
BRF:0
BRH:0
end_of_record
TN:
SF:src/components/LinkButton.tsx
FN:30,(anonymous_0)
FNF:1
FNH:1
FNDA:4,(anonymous_0)
DA:18,4
DA:25,4
DA:30,4
DA:42,4
DA:43,4
DA:44,4
DA:45,4
DA:47,4
LF:8
LH:8
BRDA:43,0,0,2
BRDA:43,0,1,2
BRDA:44,1,0,4
BRDA:44,1,1,4
BRDA:45,2,0,4
BRDA:45,2,1,2
BRDA:50,3,0,0
BRDA:50,3,1,4
BRDA:51,4,0,0
BRDA:51,4,1,4
BRF:10
BRH:8
end_of_record
TN:
SF:src/components/MarkdownContent.tsx
FN:7,(anonymous_0)
FN:16,(anonymous_1)
FNF:2
FNH:0
FNDA:0,(anonymous_0)
FNDA:0,(anonymous_1)
DA:7,13
DA:8,0
DA:16,13
DA:20,0
LF:4
LH:2
BRDA:18,0,0,0
BRF:1
BRH:0
end_of_record
TN:
SF:src/components/Modal.tsx
FN:14,(anonymous_0)
FN:24,(anonymous_1)
FN:32,(anonymous_2)
FN:35,(anonymous_3)
FN:65,(anonymous_4)
FNF:5
FNH:5
FNDA:1,(anonymous_0)
FNDA:1,(anonymous_1)
FNDA:1,(anonymous_2)
FNDA:1,(anonymous_3)
FNDA:1,(anonymous_4)
DA:14,3
DA:21,1
DA:22,1
DA:24,1
DA:25,1
DA:26,1
DA:28,0
DA:32,1
DA:33,1
DA:34,1
DA:35,1
DA:36,1
DA:42,1
DA:66,1
LF:14
LH:13
BRDA:25,0,0,1
BRDA:25,0,1,0
BRF:2
BRH:1
end_of_record
TN:
SF:src/components/Timeline.tsx
FN:14,(anonymous_0)
FN:23,(anonymous_1)
FNF:2
FNH:2
FNDA:24,(anonymous_0)
FNDA:36,(anonymous_1)
DA:14,7
DA:15,24
DA:17,24
DA:24,36
DA:25,36
DA:26,24
DA:27,12
DA:28,8
DA:31,36
LF:9
LH:9
BRDA:25,0,0,24
BRDA:25,0,1,12
BRDA:27,1,0,8
BRDA:27,1,1,4
BRF:4
BRH:4
end_of_record
TN:
SF:src/components/TimelineEntry.tsx
FN:17,(anonymous_0)
FN:27,(anonymous_1)
FN:43,(anonymous_2)
FN:121,(anonymous_3)
FNF:4
FNH:4
FNDA:36,(anonymous_0)
FNDA:36,(anonymous_1)
FNDA:36,(anonymous_2)
FNDA:36,(anonymous_3)
DA:17,7
DA:22,36
DA:24,36
DA:27,7
DA:32,36
DA:34,36
DA:37,7
DA:43,7
DA:44,36
DA:46,28
DA:81,4
DA:100,4
DA:121,7
DA:131,36
DA:132,36
DA:134,36
LF:16
LH:16
BRDA:22,0,0,4
BRDA:22,0,1,32
BRDA:24,1,0,24
BRDA:24,1,1,12
BRDA:32,2,0,28
BRDA:32,2,1,8
BRDA:34,3,0,4
BRDA:34,3,1,32
BRDA:44,4,0,28
BRDA:44,4,1,4
BRDA:44,4,2,4
BRDA:48,5,0,0
BRDA:48,5,1,28
BRDA:83,6,0,0
BRDA:83,6,1,4
BRDA:102,7,0,0
BRDA:102,7,1,4
BRF:17
BRH:14
end_of_record
TN:
SF:src/components/TimelineEntryContent.tsx
FN:17,(anonymous_0)
FN:32,(anonymous_1)
FNF:2
FNH:2
FNDA:36,(anonymous_0)
FNDA:36,(anonymous_1)
DA:17,7
DA:26,36
DA:27,36
DA:28,36
DA:29,36
DA:30,36
DA:32,36
DA:33,36
DA:34,36
DA:41,36
LF:10
LH:10
BRDA:29,0,0,36
BRDA:29,0,1,28
BRDA:29,0,2,0
BRDA:33,1,0,36
BRDA:33,1,1,36
BRDA:33,1,2,4
BRDA:37,2,0,32
BRDA:37,2,1,4
BRDA:45,3,0,4
BRDA:45,3,1,32
BRDA:45,4,0,36
BRDA:45,4,1,32
BRDA:45,4,2,28
BRDA:52,5,0,28
BRDA:52,5,1,8
BRDA:52,6,0,36
BRDA:52,6,1,28
BRDA:53,7,0,28
BRDA:53,7,1,28
BRDA:58,8,0,8
BRDA:58,8,1,0
BRF:21
BRH:19
end_of_record
TN:
SF:src/components/check-status-responses/CheckStatusFileBeingProcessed.tsx
FN:11,(anonymous_0)
FNF:1
FNH:1
FNDA:2,(anonymous_0)
DA:11,2
DA:15,2
DA:23,2
DA:25,2
DA:27,2
DA:29,2
LF:6
LH:6
BRDA:25,0,0,0
BRDA:25,0,1,2
BRDA:48,1,0,0
BRDA:48,1,1,2
BRDA:50,2,0,0
BRDA:50,2,1,2
BRDA:54,3,0,2
BRDA:54,3,1,2
BRDA:65,4,0,2
BRDA:65,4,1,2
BRDA:76,5,0,2
BRDA:76,5,1,0
BRDA:96,6,0,2
BRDA:96,6,1,0
BRDA:138,7,0,2
BRDA:138,7,1,2
BRF:16
BRH:11
end_of_record
TN:
SF:src/components/check-status-responses/CheckStatusNoRecord.tsx
FN:8,(anonymous_0)
FNF:1
FNH:1
FNDA:2,(anonymous_0)
DA:8,2
DA:12,2
DA:14,2
LF:3
LH:3
BRF:0
BRH:0
end_of_record
TN:
SF:src/components/check-status-responses/CheckStatusNotAcceptable.tsx
FN:12,(anonymous_0)
FNF:1
FNH:1
FNDA:2,(anonymous_0)
DA:12,2
DA:15,2
DA:16,2
LF:3
LH:3
BRF:0
BRH:0
end_of_record
TN:
SF:src/components/check-status-responses/CheckStatusPrinting.tsx
FN:11,(anonymous_0)
FNF:1
FNH:1
FNDA:2,(anonymous_0)
DA:11,2
DA:15,2
DA:23,2
DA:25,2
DA:27,2
DA:29,2
LF:6
LH:6
BRDA:25,0,0,0
BRDA:25,0,1,2
BRDA:38,1,0,2
BRDA:38,1,1,0
BRDA:41,2,0,2
BRDA:41,2,1,2
BRDA:56,3,0,2
BRDA:56,3,1,0
BRDA:82,4,0,2
BRDA:82,4,1,2
BRF:10
BRH:7
end_of_record
TN:
SF:src/components/check-status-responses/CheckStatusProcessingOverdue.tsx
FN:11,(anonymous_0)
FNF:1
FNH:1
FNDA:2,(anonymous_0)
DA:11,2
DA:15,2
DA:23,2
DA:25,2
DA:27,2
DA:29,2
LF:6
LH:6
BRDA:25,0,0,0
BRDA:25,0,1,2
BRDA:45,1,0,2
BRDA:45,1,1,2
BRDA:56,2,0,2
BRDA:56,2,1,0
BRDA:70,3,0,2
BRDA:70,3,1,0
BRDA:93,4,0,0
BRDA:93,4,1,2
BRDA:106,5,0,2
BRDA:106,5,1,2
BRF:12
BRH:8
end_of_record
TN:
SF:src/components/check-status-responses/CheckStatusReadyForPickup.tsx
FN:9,(anonymous_0)
FNF:1
FNH:1
FNDA:3,(anonymous_0)
DA:9,2
DA:10,3
DA:12,3
DA:14,2
DA:16,2
LF:5
LH:5
BRDA:41,0,0,2
BRDA:41,0,1,2
BRDA:54,1,0,2
BRDA:54,1,1,2
BRF:4
BRH:4
end_of_record
TN:
SF:src/components/check-status-responses/CheckStatusShippingCanadaPost.tsx
FN:17,(anonymous_0)
FNF:1
FNH:1
FNDA:2,(anonymous_0)
DA:17,2
DA:22,2
DA:24,2
DA:26,2
LF:4
LH:4
BRDA:40,0,0,2
BRDA:40,0,1,2
BRDA:51,1,0,0
BRDA:51,1,1,2
BRDA:61,2,0,2
BRDA:61,2,1,2
BRDA:66,3,0,2
BRDA:66,3,1,0
BRDA:110,4,0,2
BRDA:110,4,1,2
BRF:10
BRH:8
end_of_record
TN:
SF:src/components/check-status-responses/CheckStatusShippingFedex.tsx
FN:17,(anonymous_0)
FNF:1
FNH:1
FNDA:2,(anonymous_0)
DA:17,2
DA:22,2
DA:24,2
DA:26,2
LF:4
LH:4
BRDA:40,0,0,2
BRDA:40,0,1,2
BRDA:51,1,0,2
BRDA:51,1,1,0
BRDA:61,2,0,2
BRDA:61,2,1,2
BRDA:98,3,0,2
BRDA:98,3,1,2
BRF:8
BRH:7
end_of_record
TN:
SF:src/components/check-status-responses/legacy/LegacyStatusFileBeingProcessed.tsx
FN:13,(anonymous_0)
FNF:1
FNH:0
FNDA:0,(anonymous_0)
DA:13,1
DA:16,0
DA:17,0
LF:3
LH:1
BRF:0
BRH:0
end_of_record
TN:
SF:src/components/check-status-responses/legacy/LegacyStatusPrinting.tsx
FN:12,(anonymous_0)
FNF:1
FNH:0
FNDA:0,(anonymous_0)
DA:12,1
DA:15,0
DA:16,0
LF:3
LH:1
BRF:0
BRH:0
end_of_record
TN:
SF:src/components/error-pages/Error404Page.tsx
FN:6,(anonymous_0)
FNF:1
FNH:1
FNDA:1,(anonymous_0)
DA:6,1
DA:7,1
LF:2
LH:2
BRF:0
BRH:0
end_of_record
TN:
SF:src/components/error-pages/ErrorPage.tsx
FN:10,(anonymous_0)
FNF:1
FNH:1
FNDA:2,(anonymous_0)
DA:10,1
DA:11,2
LF:2
LH:2
BRDA:16,0,0,1
BRDA:16,0,1,1
BRDA:23,1,0,1
BRDA:23,1,1,1
BRDA:29,2,0,1
BRDA:29,2,1,1
BRDA:38,3,0,1
BRDA:38,3,1,1
BRDA:64,4,0,1
BRDA:64,4,1,1
BRF:10
BRH:10
end_of_record
TN:
SF:src/lib/removeCheckStatus.ts
FN:3,(anonymous_0)
FNF:1
FNH:0
FNDA:0,(anonymous_0)
DA:3,1
DA:4,0
LF:2
LH:1
BRF:0
BRH:0
end_of_record
TN:
SF:src/lib/types.ts
FNF:0
FNH:0
LF:0
LH:0
BRF:0
BRH:0
end_of_record
TN:
SF:src/lib/useAlerts.ts
FN:6,(anonymous_0)
FN:23,(anonymous_1)
FN:33,(anonymous_2)
FNF:3
FNH:0
FNDA:0,(anonymous_0)
FNDA:0,(anonymous_1)
FNDA:0,(anonymous_2)
DA:6,0
DA:10,0
DA:11,0
DA:13,0
DA:18,0
DA:19,0
DA:20,0
DA:23,0
DA:30,0
DA:33,0
LF:10
LH:0
BRDA:11,0,0,0
BRDA:11,0,1,0
BRDA:14,1,0,0
BRDA:14,1,1,0
BRDA:18,2,0,0
BRDA:18,2,1,0
BRDA:19,3,0,0
BRDA:19,3,1,0
BRDA:31,4,0,0
BRDA:31,4,1,0
BRF:10
BRH:0
end_of_record
TN:
SF:src/lib/useCheckStatus.ts
FN:6,(anonymous_0)
FN:19,(anonymous_1)
FN:37,(anonymous_2)
FNF:3
FNH:0
FNDA:0,(anonymous_0)
FNDA:0,(anonymous_1)
FNDA:0,(anonymous_2)
DA:6,0
DA:10,0
DA:13,0
DA:14,0
DA:15,0
DA:16,0
DA:19,0
DA:30,0
DA:38,0
DA:43,0
LF:10
LH:0
BRDA:14,0,0,0
BRDA:14,0,1,0
BRDA:15,1,0,0
BRDA:15,1,1,0
BRDA:35,2,0,0
BRDA:35,2,1,0
BRDA:45,3,0,0
BRDA:45,3,1,0
BRF:8
BRH:0
end_of_record
TN:
SF:src/lib/useEmailEsrf.ts
FN:6,(anonymous_0)
FN:14,(anonymous_1)
FNF:2
FNH:0
FNDA:0,(anonymous_0)
FNDA:0,(anonymous_1)
DA:6,0
DA:12,0
DA:15,0
DA:23,0
DA:24,0
LF:5
LH:0
BRDA:13,0,0,0
BRDA:13,0,1,0
BRDA:23,1,0,0
BRDA:23,1,1,0
BRF:4
BRH:0
end_of_record
TN:
SF:src/lib/mappers/checkStatusApiResponseMapper.ts
FN:17,(anonymous_0)
FN:59,(anonymous_1)
FN:63,(anonymous_2)
FN:72,(anonymous_3)
FN:76,(anonymous_4)
FNF:5
FNH:0
FNDA:0,(anonymous_0)
FNDA:0,(anonymous_1)
FNDA:0,(anonymous_2)
FNDA:0,(anonymous_3)
FNDA:0,(anonymous_4)
DA:17,1
DA:19,0
DA:59,1
DA:63,0
DA:65,0
DA:72,1
DA:75,0
DA:77,0
LF:8
LH:3
BRDA:37,0,0,0
BRDA:37,0,1,0
BRDA:65,1,0,0
BRDA:65,1,1,0
BRF:4
BRH:0
end_of_record
TN:
SF:src/lib/utils/dates.ts
FN:7,(anonymous_0)
FN:20,(anonymous_1)
FN:33,(anonymous_2)
FNF:3
FNH:3
FNDA:12,(anonymous_0)
FNDA:34,(anonymous_1)
FNDA:46,(anonymous_2)
DA:7,8
DA:8,12
DA:20,8
DA:21,34
DA:33,8
DA:38,46
DA:41,46
DA:42,2
DA:51,44
DA:54,44
DA:56,44
DA:58,44
DA:63,44
LF:13
LH:13
BRDA:41,0,0,2
BRDA:41,0,1,44
BRDA:56,1,0,8
BRDA:56,1,1,36
BRF:4
BRH:4
end_of_record
TN:
SF:src/lib/utils/fonts.ts
FNF:0
FNH:0
DA:3,0
DA:10,0
LF:2
LH:0
BRF:0
BRH:0
end_of_record
TN:
SF:src/lib/utils/next-i18next-utils.ts
FN:17,(anonymous_0)
FN:44,(anonymous_1)
FNF:2
FNH:0
FNDA:0,(anonymous_0)
FNDA:0,(anonymous_1)
DA:9,4
DA:17,4
DA:24,0
DA:26,0
DA:27,0
DA:30,0
DA:31,0
DA:34,0
DA:35,0
DA:44,4
DA:51,0
LF:11
LH:3
BRDA:18,0,0,0
BRDA:26,1,0,0
BRDA:26,1,1,0
BRDA:30,2,0,0
BRDA:30,2,1,0
BRDA:46,3,0,0
BRDA:52,4,0,0
BRDA:52,4,1,0
BRF:8
BRH:0
end_of_record
TN:
SF:src/lib/utils/seo-utils.ts
FN:5,(anonymous_0)
FNF:1
FNH:1
FNDA:9,(anonymous_0)
DA:5,9
LF:1
LH:1
BRF:0
BRH:0
end_of_record
TN:
SF:src/logging/log-level.ts
FN:3,(anonymous_0)
FNF:1
FNH:1
FNDA:2,(anonymous_0)
DA:3,2
DA:5,2
DA:6,2
DA:9,2
LF:4
LH:4
BRDA:5,0,0,0
BRDA:5,0,1,2
BRF:2
BRH:1
end_of_record
TN:
SF:src/logging/log-util.ts
FN:9,getLogLevel
FN:13,getLogger
FNF:2
FNH:2
FNDA:2,getLogLevel
FNDA:2,getLogger
DA:5,2
DA:10,2
DA:14,2
LF:3
LH:3
BRDA:10,0,0,2
BRDA:10,0,1,2
BRDA:10,0,2,2
BRF:3
BRH:3
end_of_record
TN:
SF:src/pages/_app.tsx
FN:25,(anonymous_0)
FN:35,(anonymous_1)
FN:36,(anonymous_2)
FN:47,(anonymous_3)
FNF:4
FNH:4
FNDA:2,(anonymous_0)
FNDA:2,(anonymous_1)
FNDA:2,(anonymous_2)
FNDA:2,(anonymous_3)
DA:18,1
DA:23,1
DA:25,1
DA:26,2
DA:28,2
DA:29,2
DA:30,2
DA:35,2
DA:36,2
DA:38,2
DA:39,1
DA:40,1
DA:44,2
DA:45,2
DA:46,2
DA:47,2
DA:48,2
DA:49,2
DA:53,2
LF:19
LH:19
BRDA:38,0,0,1
BRDA:38,0,1,1
BRDA:68,1,0,2
BRDA:68,1,1,1
BRF:4
BRH:4
end_of_record
TN:
SF:src/pages/_document.tsx
FN:11,(anonymous_0)
FN:18,(anonymous_1)
FNF:2
FNH:0
FNDA:0,(anonymous_0)
FNDA:0,(anonymous_1)
DA:14,0
DA:16,0
DA:19,0
LF:3
LH:0
BRDA:22,0,0,0
BRDA:22,0,1,0
BRDA:22,1,0,0
BRDA:22,1,1,0
BRF:4
BRH:0
end_of_record
TN:
SF:src/pages/_error.tsx
FN:10,(anonymous_0)
FN:15,(anonymous_1)
FNF:2
FNH:1
FNDA:3,(anonymous_0)
FNDA:0,(anonymous_1)
DA:10,1
DA:11,3
DA:12,2
DA:15,1
DA:16,0
DA:17,0
LF:6
LH:4
BRDA:11,0,0,1
BRDA:11,0,1,2
BRDA:16,1,0,0
BRDA:16,1,1,0
BRDA:16,1,2,0
BRF:5
BRH:2
end_of_record
TN:
SF:src/pages/email.tsx
FN:51,(anonymous_0)
FN:52,(anonymous_1)
FN:61,(anonymous_2)
FN:73,(anonymous_3)
FN:84,(anonymous_4)
FN:86,(anonymous_5)
FN:103,(anonymous_6)
FN:104,(anonymous_7)
FN:113,(anonymous_8)
FN:119,(anonymous_9)
FN:121,(anonymous_10)
FN:123,(anonymous_11)
FN:129,(anonymous_12)
FN:339,(anonymous_13)
FNF:14
FNH:2
FNDA:0,(anonymous_0)
FNDA:0,(anonymous_1)
FNDA:3,(anonymous_2)
FNDA:0,(anonymous_3)
FNDA:0,(anonymous_4)
FNDA:0,(anonymous_5)
FNDA:2,(anonymous_6)
FNDA:0,(anonymous_7)
FNDA:0,(anonymous_8)
FNDA:0,(anonymous_9)
FNDA:0,(anonymous_10)
FNDA:0,(anonymous_11)
FNDA:0,(anonymous_12)
FNDA:0,(anonymous_13)
DA:32,1
DA:40,1
DA:51,1
DA:52,0
DA:54,0
DA:55,0
DA:56,0
DA:57,0
DA:61,1
DA:62,3
DA:64,3
DA:65,3
DA:73,2
DA:82,2
DA:85,0
DA:88,0
DA:89,0
DA:91,0
DA:93,0
DA:94,0
DA:102,2
DA:104,2
DA:105,0
DA:107,0
DA:112,2
DA:114,0
DA:119,2
DA:121,2
DA:123,2
DA:124,0
DA:128,2
DA:130,0
DA:131,0
DA:132,0
DA:133,0
DA:139,2
DA:141,2
DA:339,1
LF:38
LH:19
BRDA:55,0,0,0
BRDA:55,0,1,0
BRDA:85,1,0,0
BRDA:85,1,1,0
BRDA:105,2,0,0
BRDA:105,2,1,0
BRDA:139,3,0,0
BRDA:139,3,1,2
BRDA:149,4,0,0
BRDA:149,4,1,2
BRDA:223,5,0,2
BRDA:223,5,1,0
BRDA:240,6,0,2
BRDA:240,6,1,0
BRDA:259,7,0,2
BRDA:259,7,1,0
BRDA:281,8,0,2
BRDA:281,8,1,0
BRDA:293,9,0,2
BRDA:293,9,1,0
BRF:20
BRH:7
end_of_record
TN:
SF:src/pages/expectations.tsx
FN:17,(anonymous_0)
FN:21,(anonymous_1)
FN:97,(anonymous_2)
FNF:3
FNH:1
FNDA:3,(anonymous_0)
FNDA:0,(anonymous_1)
FNDA:0,(anonymous_2)
DA:17,1
DA:18,3
DA:20,3
DA:22,0
DA:23,0
DA:24,0
DA:29,2
DA:97,1
LF:8
LH:5
BRDA:100,0,0,0
BRDA:100,0,1,0
BRF:2
BRH:0
end_of_record
TN:
SF:src/pages/index.tsx
FN:8,(anonymous_0)
FN:112,(anonymous_1)
FNF:2
FNH:1
FNDA:1,(anonymous_0)
FNDA:0,(anonymous_1)
DA:8,1
DA:9,1
DA:112,1
LF:3
LH:3
BRF:0
BRH:0
end_of_record
TN:
SF:src/pages/landing.tsx
FN:14,(anonymous_0)
FN:80,(anonymous_1)
FNF:2
FNH:1
FNDA:2,(anonymous_0)
FNDA:0,(anonymous_1)
DA:14,1
DA:15,2
DA:17,2
DA:80,1
LF:4
LH:4
BRF:0
BRH:0
end_of_record
TN:
SF:src/pages/status.tsx
FN:74,(anonymous_0)
FN:75,(anonymous_1)
FN:94,(anonymous_2)
FN:111,(anonymous_3)
FN:114,(anonymous_4)
FN:142,(anonymous_5)
FN:149,(anonymous_6)
FN:150,(anonymous_7)
FN:159,(anonymous_8)
FN:169,(anonymous_9)
FN:176,(anonymous_10)
FN:182,(anonymous_11)
FN:184,(anonymous_12)
FN:186,(anonymous_13)
FN:190,getTitleHeader
FN:214,(anonymous_15)
FN:313,(anonymous_16)
FN:566,(anonymous_17)
FNF:18
FNH:4
FNDA:0,(anonymous_0)
FNDA:0,(anonymous_1)
FNDA:3,(anonymous_2)
FNDA:0,(anonymous_3)
FNDA:0,(anonymous_4)
FNDA:2,(anonymous_5)
FNDA:2,(anonymous_6)
FNDA:0,(anonymous_7)
FNDA:0,(anonymous_8)
FNDA:0,(anonymous_9)
FNDA:0,(anonymous_10)
FNDA:0,(anonymous_11)
FNDA:0,(anonymous_12)
FNDA:0,(anonymous_13)
FNDA:2,getTitleHeader
FNDA:0,(anonymous_15)
FNDA:0,(anonymous_16)
FNDA:0,(anonymous_17)
DA:58,1
DA:65,1
DA:74,1
DA:75,0
DA:77,0
DA:78,0
DA:79,0
DA:80,0
DA:94,1
DA:95,3
DA:97,3
DA:98,3
DA:99,2
DA:109,2
DA:112,0
DA:116,0
DA:117,0
DA:119,0
DA:121,0
DA:122,0
DA:135,2
DA:142,2
DA:143,2
DA:144,0
DA:148,2
DA:150,2
DA:151,0
DA:153,0
DA:158,2
DA:160,0
DA:161,0
DA:162,0
DA:163,0
DA:168,2
DA:170,0
DA:175,2
DA:177,0
DA:182,2
DA:184,2
DA:186,2
DA:187,0
DA:193,2
DA:194,0
DA:196,0
DA:198,0
DA:200,0
DA:202,0
DA:204,0
DA:206,0
DA:208,0
DA:210,0
DA:214,2
DA:217,0
DA:219,0
DA:221,0
DA:226,0
DA:231,0
DA:233,0
DA:240,0
DA:241,0
DA:245,0
DA:253,0
DA:256,0
DA:260,0
DA:269,0
DA:274,0
DA:280,0
DA:290,0
DA:293,0
DA:301,0
DA:310,0
DA:313,2
DA:314,0
DA:315,0
DA:317,0
DA:329,0
DA:333,0
DA:335,0
DA:346,0
DA:353,0
DA:360,0
DA:371,0
DA:379,0
DA:387,0
DA:393,0
DA:402,0
DA:411,2
DA:413,2
DA:566,1
LF:89
LH:26
BRDA:78,0,0,0
BRDA:78,0,1,0
BRDA:136,1,0,0
BRDA:136,1,1,2
BRDA:143,2,0,0
BRDA:143,2,1,2
BRDA:151,3,0,0
BRDA:151,3,1,0
BRDA:193,4,0,2
BRDA:193,4,1,0
BRDA:194,5,0,0
BRDA:194,5,1,0
BRDA:194,5,2,0
BRDA:194,5,3,0
BRDA:194,5,4,0
BRDA:194,5,5,0
BRDA:194,5,6,0
BRDA:194,5,7,0
BRDA:240,6,0,0
BRDA:240,6,1,0
BRDA:240,7,0,0
BRDA:240,7,1,0
BRDA:253,8,0,0
BRDA:253,8,1,0
BRDA:256,9,0,0
BRDA:256,9,1,0
BRDA:269,10,0,0
BRDA:269,10,1,0
BRDA:271,11,0,0
BRDA:271,11,1,0
BRDA:274,12,0,0
BRDA:274,12,1,0
BRDA:276,13,0,0
BRDA:276,13,1,0
BRDA:290,14,0,0
BRDA:290,14,1,0
BRDA:293,15,0,0
BRDA:293,15,1,0
BRDA:294,16,0,0
BRDA:294,16,1,0
BRDA:297,17,0,0
BRDA:297,17,1,0
BRDA:304,18,0,0
BRDA:304,18,1,0
BRDA:314,19,0,0
BRDA:314,19,1,0
BRDA:329,20,0,0
BRDA:329,20,1,0
BRDA:329,20,2,0
BRDA:333,21,0,0
BRDA:333,21,1,0
BRDA:333,21,2,0
BRDA:333,21,3,0
BRDA:333,21,4,0
BRDA:333,21,5,0
BRDA:333,21,6,0
BRDA:333,21,7,0
BRDA:335,22,0,0
BRDA:335,22,1,0
BRDA:360,23,0,0
BRDA:360,23,1,0
BRDA:411,24,0,0
BRDA:411,24,1,2
BRDA:420,25,0,0
BRDA:420,25,1,2
BRDA:423,26,0,0
BRDA:423,26,1,0
BRDA:441,27,0,2
BRDA:441,27,1,0
BRDA:457,28,0,2
BRDA:457,28,1,0
BRDA:479,29,0,2
BRDA:479,29,1,0
BRDA:503,30,0,2
BRDA:503,30,1,0
BRDA:519,31,0,2
BRDA:519,31,1,0
BRF:77
BRH:10
end_of_record
TN:
SF:src/pages/api/alerts.ts
FN:8,handler
FN:37,(anonymous_1)
FN:43,(anonymous_2)
FN:43,(anonymous_3)
FN:46,(anonymous_4)
FN:49,(anonymous_5)
FNF:6
FNH:0
FNDA:0,handler
FNDA:0,(anonymous_1)
FNDA:0,(anonymous_2)
FNDA:0,(anonymous_3)
FNDA:0,(anonymous_4)
FNDA:0,(anonymous_5)
DA:6,0
DA:12,0
DA:13,0
DA:14,0
DA:15,0
DA:18,0
DA:19,0
DA:22,0
DA:23,0
DA:26,0
DA:27,0
DA:29,0
DA:31,0
DA:34,0
DA:36,0
DA:38,0
DA:41,0
DA:43,0
DA:46,0
DA:49,0
DA:56,0
DA:59,0
DA:60,0
LF:23
LH:0
BRDA:13,0,0,0
BRDA:13,0,1,0
BRDA:18,1,0,0
BRDA:18,1,1,0
BRDA:38,2,0,0
BRDA:38,2,1,0
BRDA:41,3,0,0
BRDA:41,3,1,0
BRDA:46,4,0,0
BRDA:46,4,1,0
BRF:10
BRH:0
end_of_record
TN:
SF:src/pages/api/check-status.ts
FN:13,handler
FN:45,(anonymous_1)
FNF:2
FNH:2
FNDA:3,handler
FNDA:2,(anonymous_1)
DA:11,1
DA:17,3
DA:18,1
DA:19,1
DA:20,1
DA:23,2
DA:24,2
DA:31,2
DA:32,2
DA:34,0
DA:35,0
DA:45,1
DA:49,2
DA:50,0
DA:53,0
DA:58,2
DA:59,2
DA:65,2
DA:66,2
DA:67,2
DA:69,2
DA:70,0
DA:71,0
DA:72,0
DA:74,0
DA:75,0
DA:78,0
DA:81,0
DA:86,2
DA:87,1
DA:92,1
DA:95,1
DA:96,1
LF:33
LH:22
BRDA:17,0,0,1
BRDA:17,0,1,2
BRDA:23,1,0,2
BRDA:23,1,1,0
BRDA:25,2,0,2
BRDA:25,2,1,0
BRDA:26,3,0,2
BRDA:26,3,1,0
BRDA:27,4,0,2
BRDA:27,4,1,0
BRDA:28,5,0,2
BRDA:28,5,1,0
BRDA:49,6,0,0
BRDA:49,6,1,2
BRDA:69,7,0,0
BRDA:69,7,1,2
BRDA:74,8,0,0
BRDA:74,8,1,0
BRDA:86,9,0,1
BRDA:86,9,1,1
BRDA:86,10,0,2
BRDA:86,10,1,1
BRF:22
BRH:13
end_of_record
TN:
SF:src/pages/api/email-esrf.ts
FN:8,handler
FN:36,(anonymous_1)
FNF:2
FNH:2
FNDA:3,handler
FNDA:1,(anonymous_1)
DA:6,1
DA:12,3
DA:13,1
DA:14,1
DA:15,1
DA:18,2
DA:19,1
DA:22,1
DA:23,1
DA:26,1
DA:28,1
DA:29,1
DA:31,0
DA:32,0
DA:36,1
DA:40,1
DA:41,0
DA:46,1
DA:65,1
DA:76,1
DA:77,1
LF:21
LH:18
BRDA:12,0,0,1
BRDA:12,0,1,2
BRDA:18,1,0,1
BRDA:18,1,1,1
BRDA:40,2,0,0
BRDA:40,2,1,1
BRDA:60,3,0,0
BRDA:60,3,1,1
BRF:8
BRH:6
end_of_record
TN:
SF:src/pages/api/health.ts
FN:8,handler
FNF:1
FNH:0
FNDA:0,handler
DA:6,0
DA:12,0
DA:13,0
DA:14,0
DA:15,0
DA:18,0
LF:6
LH:0
BRDA:12,0,0,0
BRDA:12,0,1,0
BRDA:19,1,0,0
BRDA:19,1,1,0
BRDA:20,2,0,0
BRDA:20,2,1,0
BRDA:21,3,0,0
BRDA:21,3,1,0
BRDA:22,4,0,0
BRDA:22,4,1,0
BRDA:23,5,0,0
BRDA:23,5,1,0
BRF:12
BRH:0
end_of_record
