{"/home/runner/work/passport-status/passport-status/src/middleware.ts": {"path":"/home/runner/work/passport-status/passport-status/src/middleware.ts","statementMap":{"0":{"start":{"line":6,"column":20},"end":{"line":6,"column":29}},"1":{"start":{"line":7,"column":15},"end":{"line":7,"column":38}},"2":{"start":{"line":10,"column":36},"end":{"line":10,"column":39}},"3":{"start":{"line":11,"column":31},"end":{"line":11,"column":38}},"4":{"start":{"line":13,"column":2},"end":{"line":15,"column":3}},"5":{"start":{"line":14,"column":4},"end":{"line":14,"column":31}},"6":{"start":{"line":17,"column":2},"end":{"line":17,"column":20}},"7":{"start":{"line":19,"column":2},"end":{"line":21,"column":3}},"8":{"start":{"line":20,"column":4},"end":{"line":20,"column":65}},"9":{"start":{"line":24,"column":2},"end":{"line":26,"column":3}},"10":{"start":{"line":25,"column":4},"end":{"line":25,"column":52}},"11":{"start":{"line":28,"column":2},"end":{"line":30,"column":3}},"12":{"start":{"line":29,"column":4},"end":{"line":29,"column":74}},"13":{"start":{"line":32,"column":2},"end":{"line":32,"column":29}}},"fnMap":{"0":{"name":"middleware","decl":{"start":{"line":9,"column":22},"end":{"line":9,"column":32}},"loc":{"start":{"line":9,"column":51},"end":{"line":33,"column":1}},"line":9}},"branchMap":{"0":{"loc":{"start":{"line":13,"column":2},"end":{"line":15,"column":3}},"type":"if","locations":[{"start":{"line":13,"column":2},"end":{"line":15,"column":3}},{"start":{},"end":{}}],"line":13},"1":{"loc":{"start":{"line":13,"column":6},"end":{"line":13,"column":95}},"type":"binary-expr","locations":[{"start":{"line":13,"column":6},"end":{"line":13,"column":35}},{"start":{"line":13,"column":39},"end":{"line":13,"column":65}},{"start":{"line":13,"column":69},"end":{"line":13,"column":95}}],"line":13},"2":{"loc":{"start":{"line":19,"column":2},"end":{"line":21,"column":3}},"type":"if","locations":[{"start":{"line":19,"column":2},"end":{"line":21,"column":3}},{"start":{},"end":{}}],"line":19},"3":{"loc":{"start":{"line":19,"column":6},"end":{"line":19,"column":53}},"type":"binary-expr","locations":[{"start":{"line":19,"column":6},"end":{"line":19,"column":26}},{"start":{"line":19,"column":30},"end":{"line":19,"column":53}}],"line":19},"4":{"loc":{"start":{"line":24,"column":2},"end":{"line":26,"column":3}},"type":"if","locations":[{"start":{"line":24,"column":2},"end":{"line":26,"column":3}},{"start":{},"end":{}}],"line":24},"5":{"loc":{"start":{"line":24,"column":6},"end":{"line":24,"column":62}},"type":"binary-expr","locations":[{"start":{"line":24,"column":7},"end":{"line":24,"column":22}},{"start":{"line":24,"column":26},"end":{"line":24,"column":41}},{"start":{"line":24,"column":46},"end":{"line":24,"column":62}}],"line":24},"6":{"loc":{"start":{"line":28,"column":2},"end":{"line":30,"column":3}},"type":"if","locations":[{"start":{"line":28,"column":2},"end":{"line":30,"column":3}},{"start":{},"end":{}}],"line":28},"7":{"loc":{"start":{"line":28,"column":6},"end":{"line":28,"column":111}},"type":"binary-expr","locations":[{"start":{"line":28,"column":6},"end":{"line":28,"column":48}},{"start":{"line":28,"column":52},"end":{"line":28,"column":111}}],"line":28}},"s":{"0":0,"1":0,"2":0,"3":0,"4":0,"5":0,"6":0,"7":0,"8":0,"9":0,"10":0,"11":0,"12":0,"13":0},"f":{"0":0},"b":{"0":[0,0],"1":[0,0,0],"2":[0,0],"3":[0,0],"4":[0,0],"5":[0,0,0],"6":[0,0],"7":[0,0]}}
,"/home/runner/work/passport-status/passport-status/src/next-seo.config.ts": {"path":"/home/runner/work/passport-status/passport-status/src/next-seo.config.ts","statementMap":{"0":{"start":{"line":12,"column":37},"end":{"line":27,"column":1}},"1":{"start":{"line":16,"column":2},"end":{"line":16,"column":26}},"2":{"start":{"line":16,"column":19},"end":{"line":16,"column":26}},"3":{"start":{"line":17,"column":2},"end":{"line":26,"column":4}},"4":{"start":{"line":29,"column":34},"end":{"line":38,"column":1}},"5":{"start":{"line":30,"column":2},"end":{"line":30,"column":26}},"6":{"start":{"line":30,"column":19},"end":{"line":30,"column":26}},"7":{"start":{"line":31,"column":2},"end":{"line":37,"column":4}},"8":{"start":{"line":42,"column":50},"end":{"line":98,"column":2}},"9":{"start":{"line":42,"column":75},"end":{"line":98,"column":1}},"10":{"start":{"line":100,"column":50},"end":{"line":132,"column":2}},"11":{"start":{"line":100,"column":75},"end":{"line":132,"column":1}},"12":{"start":{"line":134,"column":49},"end":{"line":166,"column":2}},"13":{"start":{"line":134,"column":74},"end":{"line":166,"column":1}},"14":{"start":{"line":168,"column":50},"end":{"line":173,"column":1}},"15":{"start":{"line":169,"column":21},"end":{"line":169,"column":27}},"16":{"start":{"line":170,"column":2},"end":{"line":170,"column":67}},"17":{"start":{"line":170,"column":23},"end":{"line":170,"column":67}},"18":{"start":{"line":171,"column":2},"end":{"line":171,"column":66}},"19":{"start":{"line":171,"column":23},"end":{"line":171,"column":66}},"20":{"start":{"line":172,"column":2},"end":{"line":172,"column":46}}},"fnMap":{"0":{"name":"(anonymous_0)","decl":{"start":{"line":12,"column":37},"end":{"line":12,"column":38}},"loc":{"start":{"line":15,"column":51},"end":{"line":27,"column":1}},"line":15},"1":{"name":"(anonymous_1)","decl":{"start":{"line":29,"column":34},"end":{"line":29,"column":35}},"loc":{"start":{"line":29,"column":101},"end":{"line":38,"column":1}},"line":29},"2":{"name":"(anonymous_2)","decl":{"start":{"line":42,"column":50},"end":{"line":42,"column":51}},"loc":{"start":{"line":42,"column":75},"end":{"line":98,"column":1}},"line":42},"3":{"name":"(anonymous_3)","decl":{"start":{"line":100,"column":50},"end":{"line":100,"column":51}},"loc":{"start":{"line":100,"column":75},"end":{"line":132,"column":1}},"line":100},"4":{"name":"(anonymous_4)","decl":{"start":{"line":134,"column":49},"end":{"line":134,"column":50}},"loc":{"start":{"line":134,"column":74},"end":{"line":166,"column":1}},"line":134},"5":{"name":"(anonymous_5)","decl":{"start":{"line":168,"column":50},"end":{"line":168,"column":51}},"loc":{"start":{"line":168,"column":74},"end":{"line":173,"column":1}},"line":168}},"branchMap":{"0":{"loc":{"start":{"line":16,"column":2},"end":{"line":16,"column":26}},"type":"if","locations":[{"start":{"line":16,"column":2},"end":{"line":16,"column":26}},{"start":{},"end":{}}],"line":16},"1":{"loc":{"start":{"line":30,"column":2},"end":{"line":30,"column":26}},"type":"if","locations":[{"start":{"line":30,"column":2},"end":{"line":30,"column":26}},{"start":{},"end":{}}],"line":30},"2":{"loc":{"start":{"line":170,"column":2},"end":{"line":170,"column":67}},"type":"if","locations":[{"start":{"line":170,"column":2},"end":{"line":170,"column":67}},{"start":{},"end":{}}],"line":170},"3":{"loc":{"start":{"line":171,"column":2},"end":{"line":171,"column":66}},"type":"if","locations":[{"start":{"line":171,"column":2},"end":{"line":171,"column":66}},{"start":{},"end":{}}],"line":171}},"s":{"0":2,"1":7,"2":3,"3":4,"4":2,"5":7,"6":3,"7":4,"8":2,"9":3,"10":2,"11":1,"12":2,"13":1,"14":2,"15":5,"16":5,"17":1,"18":4,"19":1,"20":3},"f":{"0":7,"1":7,"2":3,"3":1,"4":1,"5":5},"b":{"0":[3,4],"1":[3,4],"2":[1,4],"3":[1,3]},"_coverageSchema":"1a1c01bbd47fc00a2c39e90264f33305004495a9","hash":"0f64dd38697fe60066a5c6ac026b88556991d390"}
,"/home/runner/work/passport-status/passport-status/src/@types/i18next.d.ts": {"path":"/home/runner/work/passport-status/passport-status/src/@types/i18next.d.ts","statementMap":{},"fnMap":{},"branchMap":{},"s":{},"f":{},"b":{}}
,"/home/runner/work/passport-status/passport-status/src/@types/resources.ts": {"path":"/home/runner/work/passport-status/passport-status/src/@types/resources.ts","statementMap":{"0":{"start":{"line":8,"column":18},"end":{"line":15,"column":10}}},"fnMap":{},"branchMap":{},"s":{"0":0},"f":{},"b":{}}
,"/home/runner/work/passport-status/passport-status/src/components/ActionButton.tsx": {"path":"/home/runner/work/passport-status/passport-status/src/components/ActionButton.tsx","statementMap":{"0":{"start":{"line":18,"column":14},"end":{"line":23,"column":1}},"1":{"start":{"line":25,"column":15},"end":{"line":30,"column":1}},"2":{"start":{"line":32,"column":21},"end":{"line":59,"column":1}},"3":{"start":{"line":43,"column":4},"end":{"line":43,"column":236}},"4":{"start":{"line":44,"column":27},"end":{"line":44,"column":59}},"5":{"start":{"line":45,"column":22},"end":{"line":45,"column":41}},"6":{"start":{"line":46,"column":23},"end":{"line":46,"column":49}},"7":{"start":{"line":48,"column":2},"end":{"line":58,"column":4}}},"fnMap":{"0":{"name":"(anonymous_0)","decl":{"start":{"line":32,"column":21},"end":{"line":32,"column":22}},"loc":{"start":{"line":41,"column":25},"end":{"line":59,"column":1}},"line":41}},"branchMap":{"0":{"loc":{"start":{"line":38,"column":2},"end":{"line":38,"column":19}},"type":"default-arg","locations":[{"start":{"line":38,"column":10},"end":{"line":38,"column":19}}],"line":38},"1":{"loc":{"start":{"line":40,"column":2},"end":{"line":40,"column":17}},"type":"default-arg","locations":[{"start":{"line":40,"column":9},"end":{"line":40,"column":17}}],"line":40},"2":{"loc":{"start":{"line":44,"column":27},"end":{"line":44,"column":59}},"type":"cond-expr","locations":[{"start":{"line":44,"column":39},"end":{"line":44,"column":47}},{"start":{"line":44,"column":50},"end":{"line":44,"column":59}}],"line":44},"3":{"loc":{"start":{"line":45,"column":28},"end":{"line":45,"column":40}},"type":"binary-expr","locations":[{"start":{"line":45,"column":28},"end":{"line":45,"column":32}},{"start":{"line":45,"column":36},"end":{"line":45,"column":40}}],"line":45},"4":{"loc":{"start":{"line":46,"column":30},"end":{"line":46,"column":48}},"type":"binary-expr","locations":[{"start":{"line":46,"column":30},"end":{"line":46,"column":35}},{"start":{"line":46,"column":39},"end":{"line":46,"column":48}}],"line":46}},"s":{"0":13,"1":13,"2":13,"3":23,"4":23,"5":23,"6":23,"7":23},"f":{"0":23},"b":{"0":[2],"1":[23],"2":[0,23],"3":[23,23],"4":[23,0]},"_coverageSchema":"1a1c01bbd47fc00a2c39e90264f33305004495a9","hash":"e0d15a1f056636cbac12e733f174eafeeac36fb9"}
,"/home/runner/work/passport-status/passport-status/src/components/AlertBlock.tsx": {"path":"/home/runner/work/passport-status/passport-status/src/components/AlertBlock.tsx","statementMap":{"0":{"start":{"line":13,"column":19},"end":{"line":31,"column":1}},"1":{"start":{"line":14,"column":19},"end":{"line":14,"column":38}},"2":{"start":{"line":15,"column":19},"end":{"line":15,"column":35}},"3":{"start":{"line":17,"column":2},"end":{"line":30,"column":4}},"4":{"start":{"line":20,"column":25},"end":{"line":20,"column":65}},"5":{"start":{"line":21,"column":8},"end":{"line":25,"column":10}}},"fnMap":{"0":{"name":"(anonymous_0)","decl":{"start":{"line":13,"column":19},"end":{"line":13,"column":20}},"loc":{"start":{"line":13,"column":61},"end":{"line":31,"column":1}},"line":13},"1":{"name":"(anonymous_1)","decl":{"start":{"line":19,"column":17},"end":{"line":19,"column":18}},"loc":{"start":{"line":19,"column":52},"end":{"line":26,"column":7}},"line":19}},"branchMap":{"0":{"loc":{"start":{"line":17,"column":9},"end":{"line":30,"column":3}},"type":"cond-expr","locations":[{"start":{"line":18,"column":4},"end":{"line":27,"column":10}},{"start":{"line":29,"column":4},"end":{"line":29,"column":9}}],"line":17},"1":{"loc":{"start":{"line":17,"column":9},"end":{"line":17,"column":32}},"type":"binary-expr","locations":[{"start":{"line":17,"column":9},"end":{"line":17,"column":13}},{"start":{"line":17,"column":17},"end":{"line":17,"column":32}}],"line":17},"2":{"loc":{"start":{"line":20,"column":25},"end":{"line":20,"column":65}},"type":"cond-expr","locations":[{"start":{"line":20,"column":50},"end":{"line":20,"column":56}},{"start":{"line":20,"column":59},"end":{"line":20,"column":65}}],"line":20}},"s":{"0":13,"1":26,"2":26,"3":26,"4":0,"5":0},"f":{"0":26,"1":0},"b":{"0":[0,26],"1":[26,0],"2":[0,0]},"_coverageSchema":"1a1c01bbd47fc00a2c39e90264f33305004495a9","hash":"69bd71ce74550a270f57c43b1cb65bd4de23a28b"}
,"/home/runner/work/passport-status/passport-status/src/components/AlertSection.tsx": {"path":"/home/runner/work/passport-status/passport-status/src/components/AlertSection.tsx","statementMap":{"0":{"start":{"line":11,"column":21},"end":{"line":16,"column":1}},"1":{"start":{"line":18,"column":18},"end":{"line":23,"column":1}},"2":{"start":{"line":25,"column":12},"end":{"line":78,"column":1}},"3":{"start":{"line":26,"column":2},"end":{"line":77,"column":3}},"4":{"start":{"line":28,"column":6},"end":{"line":37,"column":8}},"5":{"start":{"line":40,"column":6},"end":{"line":49,"column":8}},"6":{"start":{"line":52,"column":6},"end":{"line":63,"column":8}},"7":{"start":{"line":66,"column":6},"end":{"line":75,"column":8}},"8":{"start":{"line":80,"column":21},"end":{"line":91,"column":1}},"9":{"start":{"line":81,"column":22},"end":{"line":81,"column":40}},"10":{"start":{"line":83,"column":2},"end":{"line":90,"column":4}}},"fnMap":{"0":{"name":"(anonymous_0)","decl":{"start":{"line":25,"column":12},"end":{"line":25,"column":13}},"loc":{"start":{"line":25,"column":66},"end":{"line":78,"column":1}},"line":25},"1":{"name":"(anonymous_1)","decl":{"start":{"line":80,"column":21},"end":{"line":80,"column":22}},"loc":{"start":{"line":80,"column":87},"end":{"line":91,"column":1}},"line":80}},"branchMap":{"0":{"loc":{"start":{"line":26,"column":2},"end":{"line":77,"column":3}},"type":"switch","locations":[{"start":{"line":27,"column":4},"end":{"line":38,"column":5}},{"start":{"line":39,"column":4},"end":{"line":50,"column":5}},{"start":{"line":51,"column":4},"end":{"line":64,"column":5}},{"start":{"line":65,"column":4},"end":{"line":76,"column":5}}],"line":26},"1":{"loc":{"start":{"line":30,"column":24},"end":{"line":30,"column":64}},"type":"cond-expr","locations":[{"start":{"line":30,"column":37},"end":{"line":30,"column":51}},{"start":{"line":30,"column":54},"end":{"line":30,"column":64}}],"line":30},"2":{"loc":{"start":{"line":42,"column":24},"end":{"line":42,"column":64}},"type":"cond-expr","locations":[{"start":{"line":42,"column":37},"end":{"line":42,"column":51}},{"start":{"line":42,"column":54},"end":{"line":42,"column":64}}],"line":42},"3":{"loc":{"start":{"line":54,"column":24},"end":{"line":54,"column":64}},"type":"cond-expr","locations":[{"start":{"line":54,"column":37},"end":{"line":54,"column":51}},{"start":{"line":54,"column":54},"end":{"line":54,"column":64}}],"line":54},"4":{"loc":{"start":{"line":68,"column":24},"end":{"line":68,"column":64}},"type":"cond-expr","locations":[{"start":{"line":68,"column":37},"end":{"line":68,"column":51}},{"start":{"line":68,"column":54},"end":{"line":68,"column":64}}],"line":68},"5":{"loc":{"start":{"line":84,"column":41},"end":{"line":84,"column":81}},"type":"cond-expr","locations":[{"start":{"line":84,"column":54},"end":{"line":84,"column":68}},{"start":{"line":84,"column":71},"end":{"line":84,"column":81}}],"line":84}},"s":{"0":13,"1":13,"2":13,"3":0,"4":0,"5":0,"6":0,"7":0,"8":13,"9":0,"10":0},"f":{"0":0,"1":0},"b":{"0":[0,0,0,0],"1":[0,0],"2":[0,0],"3":[0,0],"4":[0,0],"5":[0,0]},"_coverageSchema":"1a1c01bbd47fc00a2c39e90264f33305004495a9","hash":"5fe19fe050221f9d83a725ac570e6a93c8b8845c"}
,"/home/runner/work/passport-status/passport-status/src/components/ApplicationNameBar.tsx": {"path":"/home/runner/work/passport-status/passport-status/src/components/ApplicationNameBar.tsx","statementMap":{"0":{"start":{"line":8,"column":27},"end":{"line":20,"column":1}},"1":{"start":{"line":9,"column":2},"end":{"line":19,"column":4}}},"fnMap":{"0":{"name":"(anonymous_0)","decl":{"start":{"line":8,"column":27},"end":{"line":8,"column":28}},"loc":{"start":{"line":8,"column":72},"end":{"line":20,"column":1}},"line":8}},"branchMap":{},"s":{"0":3,"1":5},"f":{"0":5},"b":{},"_coverageSchema":"1a1c01bbd47fc00a2c39e90264f33305004495a9","hash":"9bb3a40720c01ba1da243caf781288786ac6738a"}
,"/home/runner/work/passport-status/passport-status/src/components/Banner.tsx": {"path":"/home/runner/work/passport-status/passport-status/src/components/Banner.tsx","statementMap":{"0":{"start":{"line":6,"column":15},"end":{"line":17,"column":1}},"1":{"start":{"line":7,"column":2},"end":{"line":16,"column":4}}},"fnMap":{"0":{"name":"(anonymous_0)","decl":{"start":{"line":6,"column":15},"end":{"line":6,"column":16}},"loc":{"start":{"line":6,"column":56},"end":{"line":17,"column":1}},"line":6}},"branchMap":{},"s":{"0":3,"1":5},"f":{"0":5},"b":{},"_coverageSchema":"1a1c01bbd47fc00a2c39e90264f33305004495a9","hash":"e9ff51df3dac3e03b763f2f96787c2bd1f1629e7"}
,"/home/runner/work/passport-status/passport-status/src/components/Collapse.tsx": {"path":"/home/runner/work/passport-status/passport-status/src/components/Collapse.tsx","statementMap":{"0":{"start":{"line":3,"column":17},"end":{"line":9,"column":1}},"1":{"start":{"line":16,"column":17},"end":{"line":31,"column":1}},"2":{"start":{"line":17,"column":13},"end":{"line":17,"column":20}},"3":{"start":{"line":18,"column":2},"end":{"line":30,"column":4}}},"fnMap":{"0":{"name":"(anonymous_0)","decl":{"start":{"line":16,"column":17},"end":{"line":16,"column":18}},"loc":{"start":{"line":16,"column":78},"end":{"line":31,"column":1}},"line":16}},"branchMap":{"0":{"loc":{"start":{"line":16,"column":37},"end":{"line":16,"column":56}},"type":"default-arg","locations":[{"start":{"line":16,"column":47},"end":{"line":16,"column":56}}],"line":16}},"s":{"0":6,"1":6,"2":14,"3":14},"f":{"0":14},"b":{"0":[10]},"_coverageSchema":"1a1c01bbd47fc00a2c39e90264f33305004495a9","hash":"5653a9472cba781e2d78fd5ff567b5c54556234b"}
,"/home/runner/work/passport-status/passport-status/src/components/DateModified.tsx": {"path":"/home/runner/work/passport-status/passport-status/src/components/DateModified.tsx","statementMap":{"0":{"start":{"line":12,"column":21},"end":{"line":21,"column":1}},"1":{"start":{"line":13,"column":2},"end":{"line":20,"column":4}}},"fnMap":{"0":{"name":"(anonymous_0)","decl":{"start":{"line":12,"column":21},"end":{"line":12,"column":22}},"loc":{"start":{"line":12,"column":96},"end":{"line":21,"column":1}},"line":12}},"branchMap":{"0":{"loc":{"start":{"line":12,"column":24},"end":{"line":12,"column":44}},"type":"default-arg","locations":[{"start":{"line":12,"column":29},"end":{"line":12,"column":44}}],"line":12},"1":{"loc":{"start":{"line":12,"column":46},"end":{"line":12,"column":70}},"type":"default-arg","locations":[{"start":{"line":12,"column":53},"end":{"line":12,"column":70}}],"line":12}},"s":{"0":3,"1":4},"f":{"0":4},"b":{"0":[2],"1":[0]},"_coverageSchema":"1a1c01bbd47fc00a2c39e90264f33305004495a9","hash":"71d91eacfdd47e570c878366d972467f500d9ece"}
,"/home/runner/work/passport-status/passport-status/src/components/DateSelect.tsx": {"path":"/home/runner/work/passport-status/passport-status/src/components/DateSelect.tsx","statementMap":{"0":{"start":{"line":23,"column":19},"end":{"line":63,"column":1}},"1":{"start":{"line":35,"column":76},"end":{"line":35,"column":100}},"2":{"start":{"line":35,"column":83},"end":{"line":35,"column":100}},"3":{"start":{"line":37,"column":2},"end":{"line":62,"column":4}},"4":{"start":{"line":56,"column":10},"end":{"line":58,"column":19}}},"fnMap":{"0":{"name":"(anonymous_0)","decl":{"start":{"line":23,"column":19},"end":{"line":23,"column":20}},"loc":{"start":{"line":34,"column":23},"end":{"line":63,"column":1}},"line":34},"1":{"name":"(anonymous_1)","decl":{"start":{"line":35,"column":76},"end":{"line":35,"column":77}},"loc":{"start":{"line":35,"column":83},"end":{"line":35,"column":100}},"line":35},"2":{"name":"(anonymous_2)","decl":{"start":{"line":55,"column":21},"end":{"line":55,"column":22}},"loc":{"start":{"line":56,"column":10},"end":{"line":58,"column":19}},"line":56}},"branchMap":{"0":{"loc":{"start":{"line":47,"column":22},"end":{"line":47,"column":46}},"type":"cond-expr","locations":[{"start":{"line":47,"column":30},"end":{"line":47,"column":34}},{"start":{"line":47,"column":37},"end":{"line":47,"column":46}}],"line":47},"1":{"loc":{"start":{"line":49,"column":23},"end":{"line":49,"column":50}},"type":"cond-expr","locations":[{"start":{"line":49,"column":34},"end":{"line":49,"column":38}},{"start":{"line":49,"column":41},"end":{"line":49,"column":50}}],"line":49},"2":{"loc":{"start":{"line":51,"column":10},"end":{"line":51,"column":62}},"type":"cond-expr","locations":[{"start":{"line":51,"column":18},"end":{"line":51,"column":39}},{"start":{"line":51,"column":42},"end":{"line":51,"column":62}}],"line":51}},"s":{"0":3,"1":14,"2":0,"3":14,"4":678},"f":{"0":14,"1":0,"2":678},"b":{"0":[0,14],"1":[12,2],"2":[0,14]},"_coverageSchema":"1a1c01bbd47fc00a2c39e90264f33305004495a9","hash":"30d3dc309c96f6732b12db315acd3324b0f44c32"}
,"/home/runner/work/passport-status/passport-status/src/components/DateSelectField.tsx": {"path":"/home/runner/work/passport-status/passport-status/src/components/DateSelectField.tsx","statementMap":{"0":{"start":{"line":32,"column":24},"end":{"line":204,"column":1}},"1":{"start":{"line":44,"column":16},"end":{"line":44,"column":32}},"2":{"start":{"line":46,"column":28},"end":{"line":52,"column":4}},"3":{"start":{"line":54,"column":35},"end":{"line":54,"column":60}},"4":{"start":{"line":55,"column":34},"end":{"line":55,"column":58}},"5":{"start":{"line":56,"column":30},"end":{"line":56,"column":49}},"6":{"start":{"line":57,"column":28},"end":{"line":57,"column":53}},"7":{"start":{"line":59,"column":29},"end":{"line":64,"column":3}},"8":{"start":{"line":60,"column":38},"end":{"line":60,"column":40}},"9":{"start":{"line":61,"column":4},"end":{"line":61,"column":69}},"10":{"start":{"line":61,"column":22},"end":{"line":61,"column":69}},"11":{"start":{"line":62,"column":4},"end":{"line":62,"column":67}},"12":{"start":{"line":62,"column":21},"end":{"line":62,"column":67}},"13":{"start":{"line":63,"column":4},"end":{"line":63,"column":78}},"14":{"start":{"line":66,"column":22},"end":{"line":74,"column":27}},"15":{"start":{"line":67,"column":18},"end":{"line":67,"column":35}},"16":{"start":{"line":68,"column":17},"end":{"line":68,"column":70}},"17":{"start":{"line":69,"column":18},"end":{"line":69,"column":34}},"18":{"start":{"line":70,"column":4},"end":{"line":73,"column":7}},"19":{"start":{"line":71,"column":20},"end":{"line":71,"column":41}},"20":{"start":{"line":72,"column":6},"end":{"line":72,"column":37}},"21":{"start":{"line":76,"column":23},"end":{"line":81,"column":9}},"22":{"start":{"line":77,"column":4},"end":{"line":80,"column":7}},"23":{"start":{"line":78,"column":20},"end":{"line":78,"column":37}},"24":{"start":{"line":79,"column":6},"end":{"line":79,"column":57}},"25":{"start":{"line":83,"column":21},"end":{"line":91,"column":41}},"26":{"start":{"line":84,"column":17},"end":{"line":84,"column":42}},"27":{"start":{"line":85,"column":18},"end":{"line":85,"column":44}},"28":{"start":{"line":86,"column":17},"end":{"line":86,"column":94}},"29":{"start":{"line":87,"column":4},"end":{"line":90,"column":7}},"30":{"start":{"line":88,"column":20},"end":{"line":88,"column":37}},"31":{"start":{"line":89,"column":6},"end":{"line":89,"column":37}},"32":{"start":{"line":93,"column":60},"end":{"line":117,"column":8}},"33":{"start":{"line":94,"column":21},"end":{"line":94,"column":39}},"34":{"start":{"line":95,"column":4},"end":{"line":116,"column":7}},"35":{"start":{"line":96,"column":24},"end":{"line":96,"column":71}},"36":{"start":{"line":97,"column":25},"end":{"line":97,"column":44}},"37":{"start":{"line":99,"column":25},"end":{"line":99,"column":74}},"38":{"start":{"line":100,"column":26},"end":{"line":100,"column":46}},"39":{"start":{"line":103,"column":18},"end":{"line":103,"column":63}},"40":{"start":{"line":104,"column":26},"end":{"line":104,"column":127}},"41":{"start":{"line":105,"column":23},"end":{"line":105,"column":45}},"42":{"start":{"line":107,"column":25},"end":{"line":107,"column":77}},"43":{"start":{"line":108,"column":6},"end":{"line":115,"column":8}},"44":{"start":{"line":120,"column":21},"end":{"line":120,"column":34}},"45":{"start":{"line":122,"column":2},"end":{"line":128,"column":26}},"46":{"start":{"line":123,"column":4},"end":{"line":125,"column":5}},"47":{"start":{"line":124,"column":6},"end":{"line":124,"column":13}},"48":{"start":{"line":126,"column":4},"end":{"line":126,"column":31}},"49":{"start":{"line":130,"column":2},"end":{"line":135,"column":9}},"50":{"start":{"line":131,"column":4},"end":{"line":131,"column":30}},"51":{"start":{"line":132,"column":4},"end":{"line":134,"column":6}},"52":{"start":{"line":133,"column":6},"end":{"line":133,"column":33}},"53":{"start":{"line":138,"column":2},"end":{"line":151,"column":14}},"54":{"start":{"line":139,"column":4},"end":{"line":141,"column":5}},"55":{"start":{"line":140,"column":6},"end":{"line":140,"column":13}},"56":{"start":{"line":142,"column":33},"end":{"line":142,"column":55}},"57":{"start":{"line":143,"column":4},"end":{"line":149,"column":8}},"58":{"start":{"line":143,"column":28},"end":{"line":149,"column":5}},"59":{"start":{"line":153,"column":2},"end":{"line":203,"column":4}},"60":{"start":{"line":206,"column":28},"end":{"line":207,"column":55}},"61":{"start":{"line":207,"column":2},"end":{"line":207,"column":55}},"62":{"start":{"line":209,"column":16},"end":{"line":211,"column":1}},"63":{"start":{"line":210,"column":2},"end":{"line":210,"column":51}},"64":{"start":{"line":213,"column":24},"end":{"line":236,"column":1}},"65":{"start":{"line":222,"column":15},"end":{"line":222,"column":73}},"66":{"start":{"line":223,"column":15},"end":{"line":223,"column":33}},"67":{"start":{"line":224,"column":16},"end":{"line":224,"column":35}},"68":{"start":{"line":225,"column":14},"end":{"line":225,"column":28}},"69":{"start":{"line":227,"column":2},"end":{"line":229,"column":3}},"70":{"start":{"line":228,"column":4},"end":{"line":228,"column":44}},"71":{"start":{"line":231,"column":2},"end":{"line":235,"column":4}}},"fnMap":{"0":{"name":"(anonymous_0)","decl":{"start":{"line":32,"column":24},"end":{"line":32,"column":25}},"loc":{"start":{"line":43,"column":28},"end":{"line":204,"column":1}},"line":43},"1":{"name":"(anonymous_1)","decl":{"start":{"line":59,"column":29},"end":{"line":59,"column":30}},"loc":{"start":{"line":59,"column":35},"end":{"line":64,"column":3}},"line":59},"2":{"name":"(anonymous_2)","decl":{"start":{"line":66,"column":30},"end":{"line":66,"column":31}},"loc":{"start":{"line":66,"column":36},"end":{"line":74,"column":3}},"line":66},"3":{"name":"(anonymous_3)","decl":{"start":{"line":70,"column":68},"end":{"line":70,"column":69}},"loc":{"start":{"line":70,"column":75},"end":{"line":73,"column":5}},"line":70},"4":{"name":"(anonymous_4)","decl":{"start":{"line":76,"column":31},"end":{"line":76,"column":32}},"loc":{"start":{"line":76,"column":37},"end":{"line":81,"column":3}},"line":76},"5":{"name":"(anonymous_5)","decl":{"start":{"line":77,"column":55},"end":{"line":77,"column":56}},"loc":{"start":{"line":77,"column":62},"end":{"line":80,"column":5}},"line":77},"6":{"name":"(anonymous_6)","decl":{"start":{"line":83,"column":29},"end":{"line":83,"column":30}},"loc":{"start":{"line":83,"column":35},"end":{"line":91,"column":3}},"line":83},"7":{"name":"(anonymous_7)","decl":{"start":{"line":87,"column":57},"end":{"line":87,"column":58}},"loc":{"start":{"line":87,"column":64},"end":{"line":90,"column":5}},"line":87},"8":{"name":"(anonymous_8)","decl":{"start":{"line":93,"column":72},"end":{"line":93,"column":73}},"loc":{"start":{"line":93,"column":89},"end":{"line":117,"column":3}},"line":93},"9":{"name":"(anonymous_9)","decl":{"start":{"line":95,"column":13},"end":{"line":95,"column":14}},"loc":{"start":{"line":95,"column":27},"end":{"line":116,"column":5}},"line":95},"10":{"name":"(anonymous_10)","decl":{"start":{"line":122,"column":12},"end":{"line":122,"column":13}},"loc":{"start":{"line":122,"column":18},"end":{"line":128,"column":3}},"line":122},"11":{"name":"(anonymous_11)","decl":{"start":{"line":130,"column":12},"end":{"line":130,"column":13}},"loc":{"start":{"line":130,"column":18},"end":{"line":135,"column":3}},"line":130},"12":{"name":"(anonymous_12)","decl":{"start":{"line":132,"column":11},"end":{"line":132,"column":12}},"loc":{"start":{"line":132,"column":17},"end":{"line":134,"column":5}},"line":132},"13":{"name":"(anonymous_13)","decl":{"start":{"line":138,"column":12},"end":{"line":138,"column":13}},"loc":{"start":{"line":138,"column":18},"end":{"line":151,"column":3}},"line":138},"14":{"name":"(anonymous_14)","decl":{"start":{"line":143,"column":13},"end":{"line":143,"column":14}},"loc":{"start":{"line":143,"column":28},"end":{"line":149,"column":5}},"line":143},"15":{"name":"(anonymous_15)","decl":{"start":{"line":206,"column":28},"end":{"line":206,"column":29}},"loc":{"start":{"line":207,"column":2},"end":{"line":207,"column":55}},"line":207},"16":{"name":"(anonymous_16)","decl":{"start":{"line":209,"column":16},"end":{"line":209,"column":17}},"loc":{"start":{"line":209,"column":62},"end":{"line":211,"column":1}},"line":209},"17":{"name":"(anonymous_17)","decl":{"start":{"line":213,"column":24},"end":{"line":213,"column":25}},"loc":{"start":{"line":219,"column":5},"end":{"line":236,"column":1}},"line":219}},"branchMap":{"0":{"loc":{"start":{"line":61,"column":4},"end":{"line":61,"column":69}},"type":"if","locations":[{"start":{"line":61,"column":4},"end":{"line":61,"column":69}},{"start":{},"end":{}}],"line":61},"1":{"loc":{"start":{"line":62,"column":4},"end":{"line":62,"column":67}},"type":"if","locations":[{"start":{"line":62,"column":4},"end":{"line":62,"column":67}},{"start":{},"end":{}}],"line":62},"2":{"loc":{"start":{"line":63,"column":11},"end":{"line":63,"column":77}},"type":"cond-expr","locations":[{"start":{"line":63,"column":40},"end":{"line":63,"column":65}},{"start":{"line":63,"column":68},"end":{"line":63,"column":77}}],"line":63},"3":{"loc":{"start":{"line":67,"column":18},"end":{"line":67,"column":35}},"type":"binary-expr","locations":[{"start":{"line":67,"column":18},"end":{"line":67,"column":27}},{"start":{"line":67,"column":31},"end":{"line":67,"column":35}}],"line":67},"4":{"loc":{"start":{"line":68,"column":33},"end":{"line":68,"column":69}},"type":"binary-expr","locations":[{"start":{"line":68,"column":33},"end":{"line":68,"column":41}},{"start":{"line":68,"column":45},"end":{"line":68,"column":69}}],"line":68},"5":{"loc":{"start":{"line":86,"column":17},"end":{"line":86,"column":94}},"type":"cond-expr","locations":[{"start":{"line":86,"column":48},"end":{"line":86,"column":89}},{"start":{"line":86,"column":92},"end":{"line":86,"column":94}}],"line":86},"6":{"loc":{"start":{"line":96,"column":24},"end":{"line":96,"column":71}},"type":"cond-expr","locations":[{"start":{"line":96,"column":42},"end":{"line":96,"column":50}},{"start":{"line":96,"column":53},"end":{"line":96,"column":71}}],"line":96},"7":{"loc":{"start":{"line":99,"column":25},"end":{"line":99,"column":74}},"type":"cond-expr","locations":[{"start":{"line":99,"column":44},"end":{"line":99,"column":52}},{"start":{"line":99,"column":55},"end":{"line":99,"column":74}}],"line":99},"8":{"loc":{"start":{"line":103,"column":18},"end":{"line":103,"column":63}},"type":"cond-expr","locations":[{"start":{"line":103,"column":35},"end":{"line":103,"column":43}},{"start":{"line":103,"column":46},"end":{"line":103,"column":63}}],"line":103},"9":{"loc":{"start":{"line":104,"column":26},"end":{"line":104,"column":127}},"type":"cond-expr","locations":[{"start":{"line":104,"column":68},"end":{"line":104,"column":72}},{"start":{"line":104,"column":75},"end":{"line":104,"column":127}}],"line":104},"10":{"loc":{"start":{"line":104,"column":26},"end":{"line":104,"column":65}},"type":"binary-expr","locations":[{"start":{"line":104,"column":26},"end":{"line":104,"column":43}},{"start":{"line":104,"column":47},"end":{"line":104,"column":65}}],"line":104},"11":{"loc":{"start":{"line":105,"column":23},"end":{"line":105,"column":45}},"type":"cond-expr","locations":[{"start":{"line":105,"column":37},"end":{"line":105,"column":40}},{"start":{"line":105,"column":43},"end":{"line":105,"column":45}}],"line":105},"12":{"loc":{"start":{"line":123,"column":4},"end":{"line":125,"column":5}},"type":"if","locations":[{"start":{"line":123,"column":4},"end":{"line":125,"column":5}},{"start":{},"end":{}}],"line":123},"13":{"loc":{"start":{"line":139,"column":4},"end":{"line":141,"column":5}},"type":"if","locations":[{"start":{"line":139,"column":4},"end":{"line":141,"column":5}},{"start":{},"end":{}}],"line":139},"14":{"loc":{"start":{"line":157,"column":9},"end":{"line":157,"column":99}},"type":"binary-expr","locations":[{"start":{"line":157,"column":9},"end":{"line":157,"column":21}},{"start":{"line":157,"column":25},"end":{"line":157,"column":99}}],"line":157},"15":{"loc":{"start":{"line":158,"column":9},"end":{"line":162,"column":9}},"type":"binary-expr","locations":[{"start":{"line":158,"column":9},"end":{"line":158,"column":20}},{"start":{"line":159,"column":10},"end":{"line":161,"column":16}}],"line":158},"16":{"loc":{"start":{"line":207,"column":2},"end":{"line":207,"column":55}},"type":"cond-expr","locations":[{"start":{"line":207,"column":25},"end":{"line":207,"column":50}},{"start":{"line":207,"column":53},"end":{"line":207,"column":55}}],"line":207},"17":{"loc":{"start":{"line":207,"column":2},"end":{"line":207,"column":22}},"type":"binary-expr","locations":[{"start":{"line":207,"column":2},"end":{"line":207,"column":6}},{"start":{"line":207,"column":10},"end":{"line":207,"column":15}},{"start":{"line":207,"column":19},"end":{"line":207,"column":22}}],"line":207},"18":{"loc":{"start":{"line":227,"column":2},"end":{"line":229,"column":3}},"type":"if","locations":[{"start":{"line":227,"column":2},"end":{"line":229,"column":3}},{"start":{},"end":{}}],"line":227},"19":{"loc":{"start":{"line":227,"column":6},"end":{"line":227,"column":47}},"type":"binary-expr","locations":[{"start":{"line":227,"column":6},"end":{"line":227,"column":17}},{"start":{"line":227,"column":21},"end":{"line":227,"column":33}},{"start":{"line":227,"column":37},"end":{"line":227,"column":47}}],"line":227}},"s":{"0":3,"1":8,"2":8,"3":8,"4":8,"5":8,"6":8,"7":8,"8":24,"9":24,"10":0,"11":24,"12":12,"13":24,"14":8,"15":6,"16":6,"17":6,"18":6,"19":756,"20":756,"21":8,"22":8,"23":96,"24":96,"25":8,"26":6,"27":6,"28":6,"29":6,"30":186,"31":186,"32":8,"33":0,"34":0,"35":0,"36":0,"37":0,"38":0,"39":0,"40":0,"41":0,"42":0,"43":0,"44":8,"45":8,"46":6,"47":6,"48":0,"49":8,"50":6,"51":6,"52":6,"53":8,"54":6,"55":4,"56":2,"57":2,"58":2,"59":8,"60":3,"61":0,"62":3,"63":1038,"64":3,"65":2,"66":2,"67":2,"68":2,"69":2,"70":2,"71":0},"f":{"0":8,"1":24,"2":6,"3":756,"4":8,"5":96,"6":6,"7":186,"8":0,"9":0,"10":6,"11":6,"12":6,"13":6,"14":2,"15":0,"16":1038,"17":2},"b":{"0":[0,24],"1":[12,12],"2":[12,12],"3":[6,6],"4":[6,6],"5":[0,6],"6":[0,0],"7":[0,0],"8":[0,0],"9":[0,0],"10":[0,0],"11":[0,0],"12":[6,0],"13":[4,2],"14":[8,0],"15":[8,4],"16":[0,0],"17":[0,0,0],"18":[2,0],"19":[2,0,0]},"_coverageSchema":"1a1c01bbd47fc00a2c39e90264f33305004495a9","hash":"d03de33bf56fc7bfd48ee7a2ac84aabe6456833f"}
,"/home/runner/work/passport-status/passport-status/src/components/ErrorLayout.tsx": {"path":"/home/runner/work/passport-status/passport-status/src/components/ErrorLayout.tsx","statementMap":{"0":{"start":{"line":5,"column":20},"end":{"line":36,"column":1}},"1":{"start":{"line":6,"column":2},"end":{"line":35,"column":4}}},"fnMap":{"0":{"name":"(anonymous_0)","decl":{"start":{"line":5,"column":20},"end":{"line":5,"column":21}},"loc":{"start":{"line":5,"column":57},"end":{"line":36,"column":1}},"line":5}},"branchMap":{},"s":{"0":3,"1":4},"f":{"0":4},"b":{},"_coverageSchema":"1a1c01bbd47fc00a2c39e90264f33305004495a9","hash":"32cf21e1765f204e0e9766b93baf287876ee8fb5"}
,"/home/runner/work/passport-status/passport-status/src/components/ErrorSummary.tsx": {"path":"/home/runner/work/passport-status/passport-status/src/components/ErrorSummary.tsx","statementMap":{"0":{"start":{"line":17,"column":35},"end":{"line":20,"column":2}},"1":{"start":{"line":17,"column":97},"end":{"line":20,"column":1}},"2":{"start":{"line":22,"column":36},"end":{"line":32,"column":1}},"3":{"start":{"line":26,"column":2},"end":{"line":31,"column":4}},"4":{"start":{"line":28,"column":23},"end":{"line":28,"column":40}},"5":{"start":{"line":30,"column":20},"end":{"line":30,"column":71}},"6":{"start":{"line":34,"column":32},"end":{"line":38,"column":1}},"7":{"start":{"line":35,"column":25},"end":{"line":35,"column":82}},"8":{"start":{"line":36,"column":2},"end":{"line":36,"column":74}},"9":{"start":{"line":37,"column":2},"end":{"line":37,"column":26}},"10":{"start":{"line":40,"column":21},"end":{"line":59,"column":1}},"11":{"start":{"line":41,"column":2},"end":{"line":43,"column":11}},"12":{"start":{"line":42,"column":4},"end":{"line":42,"column":25}},"13":{"start":{"line":45,"column":2},"end":{"line":58,"column":4}},"14":{"start":{"line":50,"column":10},"end":{"line":54,"column":15}}},"fnMap":{"0":{"name":"(anonymous_0)","decl":{"start":{"line":17,"column":35},"end":{"line":17,"column":36}},"loc":{"start":{"line":17,"column":97},"end":{"line":20,"column":1}},"line":17},"1":{"name":"(anonymous_1)","decl":{"start":{"line":22,"column":36},"end":{"line":22,"column":37}},"loc":{"start":{"line":25,"column":5},"end":{"line":32,"column":1}},"line":25},"2":{"name":"(anonymous_2)","decl":{"start":{"line":28,"column":14},"end":{"line":28,"column":15}},"loc":{"start":{"line":28,"column":23},"end":{"line":28,"column":40}},"line":28},"3":{"name":"(anonymous_3)","decl":{"start":{"line":30,"column":11},"end":{"line":30,"column":12}},"loc":{"start":{"line":30,"column":20},"end":{"line":30,"column":71}},"line":30},"4":{"name":"(anonymous_4)","decl":{"start":{"line":34,"column":32},"end":{"line":34,"column":33}},"loc":{"start":{"line":34,"column":60},"end":{"line":38,"column":1}},"line":34},"5":{"name":"(anonymous_5)","decl":{"start":{"line":40,"column":21},"end":{"line":40,"column":22}},"loc":{"start":{"line":40,"column":69},"end":{"line":59,"column":1}},"line":40},"6":{"name":"(anonymous_6)","decl":{"start":{"line":41,"column":12},"end":{"line":41,"column":13}},"loc":{"start":{"line":41,"column":18},"end":{"line":43,"column":3}},"line":41},"7":{"name":"(anonymous_7)","decl":{"start":{"line":49,"column":20},"end":{"line":49,"column":21}},"loc":{"start":{"line":50,"column":10},"end":{"line":54,"column":15}},"line":50}},"branchMap":{},"s":{"0":1,"1":0,"2":1,"3":0,"4":0,"5":0,"6":1,"7":1,"8":1,"9":1,"10":1,"11":1,"12":1,"13":1,"14":1},"f":{"0":0,"1":0,"2":0,"3":0,"4":1,"5":1,"6":1,"7":1},"b":{},"_coverageSchema":"1a1c01bbd47fc00a2c39e90264f33305004495a9","hash":"e623147e33d12d254569a3e5f5292c5902e66163"}
,"/home/runner/work/passport-status/passport-status/src/components/ExampleImage.tsx": {"path":"/home/runner/work/passport-status/passport-status/src/components/ExampleImage.tsx","statementMap":{"0":{"start":{"line":17,"column":21},"end":{"line":38,"column":1}},"1":{"start":{"line":18,"column":2},"end":{"line":37,"column":4}}},"fnMap":{"0":{"name":"(anonymous_0)","decl":{"start":{"line":17,"column":21},"end":{"line":17,"column":22}},"loc":{"start":{"line":17,"column":77},"end":{"line":38,"column":1}},"line":17}},"branchMap":{"0":{"loc":{"start":{"line":20,"column":7},"end":{"line":24,"column":7}},"type":"binary-expr","locations":[{"start":{"line":20,"column":7},"end":{"line":20,"column":12}},{"start":{"line":21,"column":8},"end":{"line":23,"column":12}}],"line":20}},"s":{"0":2,"1":2},"f":{"0":2},"b":{"0":[2,2]},"_coverageSchema":"1a1c01bbd47fc00a2c39e90264f33305004495a9","hash":"d40f8598fcc22b5d4389e814474c040dde5363d2"}
,"/home/runner/work/passport-status/passport-status/src/components/ExternalLink.tsx": {"path":"/home/runner/work/passport-status/passport-status/src/components/ExternalLink.tsx","statementMap":{"0":{"start":{"line":11,"column":28},"end":{"line":19,"column":1}},"1":{"start":{"line":12,"column":16},"end":{"line":12,"column":42}},"2":{"start":{"line":13,"column":2},"end":{"line":18,"column":4}}},"fnMap":{"0":{"name":"(anonymous_0)","decl":{"start":{"line":11,"column":28},"end":{"line":11,"column":29}},"loc":{"start":{"line":11,"column":80},"end":{"line":19,"column":1}},"line":11}},"branchMap":{},"s":{"0":14,"1":2,"2":2},"f":{"0":2},"b":{},"_coverageSchema":"1a1c01bbd47fc00a2c39e90264f33305004495a9","hash":"209a63546d3eef83b3b4870974834265ab1b3673"}
,"/home/runner/work/passport-status/passport-status/src/components/FieldSetLegend.tsx": {"path":"/home/runner/work/passport-status/passport-status/src/components/FieldSetLegend.tsx","statementMap":{"0":{"start":{"line":9,"column":23},"end":{"line":18,"column":1}},"1":{"start":{"line":10,"column":2},"end":{"line":17,"column":4}}},"fnMap":{"0":{"name":"(anonymous_0)","decl":{"start":{"line":9,"column":23},"end":{"line":9,"column":24}},"loc":{"start":{"line":9,"column":87},"end":{"line":18,"column":1}},"line":9}},"branchMap":{"0":{"loc":{"start":{"line":14,"column":9},"end":{"line":14,"column":77}},"type":"binary-expr","locations":[{"start":{"line":14,"column":9},"end":{"line":14,"column":17}},{"start":{"line":14,"column":21},"end":{"line":14,"column":77}}],"line":14}},"s":{"0":3,"1":8},"f":{"0":8},"b":{"0":[8,4]},"_coverageSchema":"1a1c01bbd47fc00a2c39e90264f33305004495a9","hash":"1a97312a9c8cb6fec398aaef0364b746b6c7f22d"}
,"/home/runner/work/passport-status/passport-status/src/components/Footer.tsx": {"path":"/home/runner/work/passport-status/passport-status/src/components/Footer.tsx","statementMap":{"0":{"start":{"line":44,"column":15},"end":{"line":83,"column":1}},"1":{"start":{"line":45,"column":2},"end":{"line":82,"column":4}},"2":{"start":{"line":58,"column":18},"end":{"line":66,"column":23}}},"fnMap":{"0":{"name":"(anonymous_0)","decl":{"start":{"line":44,"column":15},"end":{"line":44,"column":16}},"loc":{"start":{"line":44,"column":104},"end":{"line":83,"column":1}},"line":44},"1":{"name":"(anonymous_1)","decl":{"start":{"line":57,"column":27},"end":{"line":57,"column":28}},"loc":{"start":{"line":58,"column":18},"end":{"line":66,"column":23}},"line":58}},"branchMap":{},"s":{"0":2,"1":2,"2":5},"f":{"0":2,"1":5},"b":{},"_coverageSchema":"1a1c01bbd47fc00a2c39e90264f33305004495a9","hash":"682cf05d1f38ce2b5ac2e586caedfe1d1e6515d9"}
,"/home/runner/work/passport-status/passport-status/src/components/Header.tsx": {"path":"/home/runner/work/passport-status/passport-status/src/components/Header.tsx","statementMap":{"0":{"start":{"line":15,"column":15},"end":{"line":122,"column":1}},"1":{"start":{"line":16,"column":17},"end":{"line":16,"column":28}},"2":{"start":{"line":17,"column":29},"end":{"line":17,"column":40}},"3":{"start":{"line":18,"column":16},"end":{"line":18,"column":40}},"4":{"start":{"line":20,"column":29},"end":{"line":20,"column":58}},"5":{"start":{"line":21,"column":35},"end":{"line":21,"column":76}},"6":{"start":{"line":22,"column":27},"end":{"line":22,"column":79}},"7":{"start":{"line":23,"column":21},"end":{"line":23,"column":72}},"8":{"start":{"line":25,"column":2},"end":{"line":121,"column":4}}},"fnMap":{"0":{"name":"(anonymous_0)","decl":{"start":{"line":15,"column":15},"end":{"line":15,"column":16}},"loc":{"start":{"line":15,"column":61},"end":{"line":122,"column":1}},"line":15}},"branchMap":{"0":{"loc":{"start":{"line":20,"column":29},"end":{"line":20,"column":58}},"type":"cond-expr","locations":[{"start":{"line":20,"column":47},"end":{"line":20,"column":51}},{"start":{"line":20,"column":54},"end":{"line":20,"column":58}}],"line":20},"1":{"loc":{"start":{"line":21,"column":35},"end":{"line":21,"column":76}},"type":"cond-expr","locations":[{"start":{"line":21,"column":65},"end":{"line":21,"column":69}},{"start":{"line":21,"column":72},"end":{"line":21,"column":76}}],"line":21},"2":{"loc":{"start":{"line":22,"column":27},"end":{"line":22,"column":79}},"type":"cond-expr","locations":[{"start":{"line":22,"column":57},"end":{"line":22,"column":67}},{"start":{"line":22,"column":70},"end":{"line":22,"column":79}}],"line":22},"3":{"loc":{"start":{"line":43,"column":9},"end":{"line":43,"column":97}},"type":"binary-expr","locations":[{"start":{"line":43,"column":9},"end":{"line":43,"column":19}},{"start":{"line":43,"column":23},"end":{"line":43,"column":97}}],"line":43},"4":{"loc":{"start":{"line":50,"column":21},"end":{"line":50,"column":88}},"type":"cond-expr","locations":[{"start":{"line":50,"column":39},"end":{"line":50,"column":61}},{"start":{"line":50,"column":64},"end":{"line":50,"column":88}}],"line":50},"5":{"loc":{"start":{"line":51,"column":21},"end":{"line":51,"column":76}},"type":"cond-expr","locations":[{"start":{"line":51,"column":39},"end":{"line":51,"column":56}},{"start":{"line":51,"column":59},"end":{"line":51,"column":76}}],"line":51},"6":{"loc":{"start":{"line":58,"column":28},"end":{"line":58,"column":57}},"type":"cond-expr","locations":[{"start":{"line":58,"column":46},"end":{"line":58,"column":50}},{"start":{"line":58,"column":53},"end":{"line":58,"column":57}}],"line":58},"7":{"loc":{"start":{"line":59,"column":19},"end":{"line":59,"column":86}},"type":"cond-expr","locations":[{"start":{"line":59,"column":37},"end":{"line":59,"column":61}},{"start":{"line":59,"column":64},"end":{"line":59,"column":86}}],"line":59}},"s":{"0":2,"1":3,"2":3,"3":3,"4":3,"5":3,"6":3,"7":3,"8":3},"f":{"0":3},"b":{"0":[2,1],"1":[2,1],"2":[2,1],"3":[3,3],"4":[2,1],"5":[2,1],"6":[2,1],"7":[2,1]},"_coverageSchema":"1a1c01bbd47fc00a2c39e90264f33305004495a9","hash":"79c5add20b98f1f2b5d44caa3a17623fa1bc23f5"}
,"/home/runner/work/passport-status/passport-status/src/components/IdleTimeout.tsx": {"path":"/home/runner/work/passport-status/passport-status/src/components/IdleTimeout.tsx","statementMap":{"0":{"start":{"line":12,"column":20},"end":{"line":66,"column":1}},"1":{"start":{"line":13,"column":16},"end":{"line":13,"column":40}},"2":{"start":{"line":14,"column":17},"end":{"line":14,"column":28}},"3":{"start":{"line":15,"column":36},"end":{"line":15,"column":51}},"4":{"start":{"line":16,"column":44},"end":{"line":16,"column":56}},"5":{"start":{"line":18,"column":23},"end":{"line":21,"column":3}},"6":{"start":{"line":19,"column":4},"end":{"line":19,"column":47}},"7":{"start":{"line":20,"column":4},"end":{"line":20,"column":20}},"8":{"start":{"line":23,"column":38},"end":{"line":26,"column":3}},"9":{"start":{"line":24,"column":4},"end":{"line":24,"column":24}},"10":{"start":{"line":25,"column":4},"end":{"line":25,"column":12}},"11":{"start":{"line":28,"column":38},"end":{"line":33,"column":4}},"12":{"start":{"line":30,"column":20},"end":{"line":30,"column":38}},"13":{"start":{"line":35,"column":15},"end":{"line":39,"column":24}},"14":{"start":{"line":36,"column":20},"end":{"line":36,"column":58}},"15":{"start":{"line":37,"column":20},"end":{"line":37,"column":75}},"16":{"start":{"line":38,"column":4},"end":{"line":38,"column":84}},"17":{"start":{"line":41,"column":2},"end":{"line":43,"column":13}},"18":{"start":{"line":42,"column":4},"end":{"line":42,"column":28}},"19":{"start":{"line":45,"column":2},"end":{"line":65,"column":4}},"20":{"start":{"line":51,"column":25},"end":{"line":51,"column":39}}},"fnMap":{"0":{"name":"(anonymous_0)","decl":{"start":{"line":12,"column":20},"end":{"line":12,"column":21}},"loc":{"start":{"line":12,"column":73},"end":{"line":66,"column":1}},"line":12},"1":{"name":"(anonymous_1)","decl":{"start":{"line":18,"column":23},"end":{"line":18,"column":24}},"loc":{"start":{"line":18,"column":29},"end":{"line":21,"column":3}},"line":18},"2":{"name":"(anonymous_2)","decl":{"start":{"line":23,"column":38},"end":{"line":23,"column":39}},"loc":{"start":{"line":23,"column":44},"end":{"line":26,"column":3}},"line":23},"3":{"name":"(anonymous_3)","decl":{"start":{"line":30,"column":14},"end":{"line":30,"column":15}},"loc":{"start":{"line":30,"column":20},"end":{"line":30,"column":38}},"line":30},"4":{"name":"(anonymous_4)","decl":{"start":{"line":35,"column":27},"end":{"line":35,"column":28}},"loc":{"start":{"line":35,"column":33},"end":{"line":39,"column":3}},"line":35},"5":{"name":"(anonymous_5)","decl":{"start":{"line":41,"column":12},"end":{"line":41,"column":13}},"loc":{"start":{"line":41,"column":18},"end":{"line":43,"column":3}},"line":41},"6":{"name":"(anonymous_6)","decl":{"start":{"line":51,"column":19},"end":{"line":51,"column":20}},"loc":{"start":{"line":51,"column":25},"end":{"line":51,"column":39}},"line":51}},"branchMap":{"0":{"loc":{"start":{"line":31,"column":22},"end":{"line":31,"column":55}},"type":"binary-expr","locations":[{"start":{"line":31,"column":22},"end":{"line":31,"column":38}},{"start":{"line":31,"column":42},"end":{"line":31,"column":55}}],"line":31},"1":{"loc":{"start":{"line":32,"column":13},"end":{"line":32,"column":38}},"type":"binary-expr","locations":[{"start":{"line":32,"column":13},"end":{"line":32,"column":20}},{"start":{"line":32,"column":24},"end":{"line":32,"column":38}}],"line":32},"2":{"loc":{"start":{"line":38,"column":38},"end":{"line":38,"column":71}},"type":"cond-expr","locations":[{"start":{"line":38,"column":63},"end":{"line":38,"column":66}},{"start":{"line":38,"column":69},"end":{"line":38,"column":71}}],"line":38},"3":{"loc":{"start":{"line":47,"column":12},"end":{"line":47,"column":49}},"type":"binary-expr","locations":[{"start":{"line":47,"column":12},"end":{"line":47,"column":21}},{"start":{"line":47,"column":25},"end":{"line":47,"column":49}}],"line":47}},"s":{"0":3,"1":3,"2":3,"3":3,"4":3,"5":3,"6":0,"7":0,"8":3,"9":0,"10":0,"11":3,"12":1,"13":3,"14":2,"15":2,"16":2,"17":3,"18":2,"19":3,"20":0},"f":{"0":3,"1":0,"2":0,"3":1,"4":2,"5":2,"6":0},"b":{"0":[3,1],"1":[3,1],"2":[1,1],"3":[3,1]},"_coverageSchema":"1a1c01bbd47fc00a2c39e90264f33305004495a9","hash":"90cb543dfb988310f69c87cf83e976e253a6335a"}
,"/home/runner/work/passport-status/passport-status/src/components/InputErrorMessage.tsx": {"path":"/home/runner/work/passport-status/passport-status/src/components/InputErrorMessage.tsx","statementMap":{"0":{"start":{"line":6,"column":26},"end":{"line":16,"column":1}},"1":{"start":{"line":7,"column":2},"end":{"line":15,"column":4}}},"fnMap":{"0":{"name":"(anonymous_0)","decl":{"start":{"line":6,"column":26},"end":{"line":6,"column":27}},"loc":{"start":{"line":6,"column":71},"end":{"line":16,"column":1}},"line":6}},"branchMap":{},"s":{"0":7,"1":2},"f":{"0":2},"b":{},"_coverageSchema":"1a1c01bbd47fc00a2c39e90264f33305004495a9","hash":"533cdcaf97f0dbfec2a19b3fadc9f1f0425ff519"}
,"/home/runner/work/passport-status/passport-status/src/components/InputField.tsx": {"path":"/home/runner/work/passport-status/passport-status/src/components/InputField.tsx","statementMap":{"0":{"start":{"line":20,"column":19},"end":{"line":81,"column":1}},"1":{"start":{"line":35,"column":30},"end":{"line":35,"column":49}},"2":{"start":{"line":36,"column":29},"end":{"line":36,"column":47}},"3":{"start":{"line":37,"column":38},"end":{"line":37,"column":66}},"4":{"start":{"line":38,"column":25},"end":{"line":38,"column":38}},"5":{"start":{"line":39,"column":23},"end":{"line":39,"column":42}},"6":{"start":{"line":41,"column":29},"end":{"line":47,"column":3}},"7":{"start":{"line":42,"column":38},"end":{"line":42,"column":40}},"8":{"start":{"line":43,"column":4},"end":{"line":43,"column":64}},"9":{"start":{"line":43,"column":22},"end":{"line":43,"column":64}},"10":{"start":{"line":44,"column":4},"end":{"line":44,"column":62}},"11":{"start":{"line":44,"column":21},"end":{"line":44,"column":62}},"12":{"start":{"line":45,"column":4},"end":{"line":45,"column":80}},"13":{"start":{"line":45,"column":30},"end":{"line":45,"column":80}},"14":{"start":{"line":46,"column":4},"end":{"line":46,"column":78}},"15":{"start":{"line":49,"column":2},"end":{"line":80,"column":4}}},"fnMap":{"0":{"name":"(anonymous_0)","decl":{"start":{"line":20,"column":19},"end":{"line":20,"column":20}},"loc":{"start":{"line":34,"column":23},"end":{"line":81,"column":1}},"line":34},"1":{"name":"(anonymous_1)","decl":{"start":{"line":41,"column":29},"end":{"line":41,"column":30}},"loc":{"start":{"line":41,"column":35},"end":{"line":47,"column":3}},"line":41}},"branchMap":{"0":{"loc":{"start":{"line":31,"column":2},"end":{"line":31,"column":15}},"type":"default-arg","locations":[{"start":{"line":31,"column":9},"end":{"line":31,"column":15}}],"line":31},"1":{"loc":{"start":{"line":43,"column":4},"end":{"line":43,"column":64}},"type":"if","locations":[{"start":{"line":43,"column":4},"end":{"line":43,"column":64}},{"start":{},"end":{}}],"line":43},"2":{"loc":{"start":{"line":44,"column":4},"end":{"line":44,"column":62}},"type":"if","locations":[{"start":{"line":44,"column":4},"end":{"line":44,"column":62}},{"start":{},"end":{}}],"line":44},"3":{"loc":{"start":{"line":45,"column":4},"end":{"line":45,"column":80}},"type":"if","locations":[{"start":{"line":45,"column":4},"end":{"line":45,"column":80}},{"start":{},"end":{}}],"line":45},"4":{"loc":{"start":{"line":46,"column":11},"end":{"line":46,"column":77}},"type":"cond-expr","locations":[{"start":{"line":46,"column":40},"end":{"line":46,"column":65}},{"start":{"line":46,"column":68},"end":{"line":46,"column":77}}],"line":46},"5":{"loc":{"start":{"line":52,"column":7},"end":{"line":52,"column":92}},"type":"binary-expr","locations":[{"start":{"line":52,"column":7},"end":{"line":52,"column":19}},{"start":{"line":52,"column":23},"end":{"line":52,"column":92}}],"line":52},"6":{"loc":{"start":{"line":53,"column":7},"end":{"line":57,"column":7}},"type":"binary-expr","locations":[{"start":{"line":53,"column":7},"end":{"line":53,"column":18}},{"start":{"line":54,"column":8},"end":{"line":56,"column":14}}],"line":53},"7":{"loc":{"start":{"line":61,"column":22},"end":{"line":61,"column":53}},"type":"cond-expr","locations":[{"start":{"line":61,"column":37},"end":{"line":61,"column":41}},{"start":{"line":61,"column":44},"end":{"line":61,"column":53}}],"line":61},"8":{"loc":{"start":{"line":63,"column":23},"end":{"line":63,"column":50}},"type":"cond-expr","locations":[{"start":{"line":63,"column":34},"end":{"line":63,"column":38}},{"start":{"line":63,"column":41},"end":{"line":63,"column":50}}],"line":63},"9":{"loc":{"start":{"line":65,"column":10},"end":{"line":65,"column":69}},"type":"cond-expr","locations":[{"start":{"line":65,"column":25},"end":{"line":65,"column":46}},{"start":{"line":65,"column":49},"end":{"line":65,"column":69}}],"line":65},"10":{"loc":{"start":{"line":72,"column":15},"end":{"line":72,"column":26}},"type":"binary-expr","locations":[{"start":{"line":72,"column":15},"end":{"line":72,"column":20}},{"start":{"line":72,"column":24},"end":{"line":72,"column":26}}],"line":72},"11":{"loc":{"start":{"line":74,"column":7},"end":{"line":78,"column":7}},"type":"binary-expr","locations":[{"start":{"line":74,"column":7},"end":{"line":74,"column":27}},{"start":{"line":75,"column":8},"end":{"line":77,"column":14}}],"line":74}},"s":{"0":3,"1":2,"2":2,"3":2,"4":2,"5":2,"6":2,"7":2,"8":2,"9":1,"10":2,"11":1,"12":2,"13":0,"14":2,"15":2},"f":{"0":2,"1":2},"b":{"0":[2],"1":[1,1],"2":[1,1],"3":[0,2],"4":[1,1],"5":[2,1],"6":[2,1],"7":[1,1],"8":[0,2],"9":[1,1],"10":[2,1],"11":[2,0]},"_coverageSchema":"1a1c01bbd47fc00a2c39e90264f33305004495a9","hash":"3b516755c1351fcca1dabddc658611da6a3f23a7"}
,"/home/runner/work/passport-status/passport-status/src/components/InputLabel.tsx": {"path":"/home/runner/work/passport-status/passport-status/src/components/InputLabel.tsx","statementMap":{"0":{"start":{"line":9,"column":19},"end":{"line":16,"column":1}},"1":{"start":{"line":10,"column":2},"end":{"line":15,"column":4}}},"fnMap":{"0":{"name":"(anonymous_0)","decl":{"start":{"line":9,"column":19},"end":{"line":9,"column":20}},"loc":{"start":{"line":9,"column":88},"end":{"line":16,"column":1}},"line":9}},"branchMap":{"0":{"loc":{"start":{"line":13,"column":7},"end":{"line":13,"column":75}},"type":"binary-expr","locations":[{"start":{"line":13,"column":7},"end":{"line":13,"column":15}},{"start":{"line":13,"column":19},"end":{"line":13,"column":75}}],"line":13}},"s":{"0":4,"1":3},"f":{"0":3},"b":{"0":[3,0]},"_coverageSchema":"1a1c01bbd47fc00a2c39e90264f33305004495a9","hash":"226a16423380cb7bd8a9fb39176bf3b2187b7aeb"}
,"/home/runner/work/passport-status/passport-status/src/components/Layout.tsx": {"path":"/home/runner/work/passport-status/passport-status/src/components/Layout.tsx","statementMap":{"0":{"start":{"line":9,"column":15},"end":{"line":54,"column":1}},"1":{"start":{"line":10,"column":16},"end":{"line":10,"column":40}},"2":{"start":{"line":12,"column":2},"end":{"line":53,"column":4}}},"fnMap":{"0":{"name":"(anonymous_0)","decl":{"start":{"line":9,"column":15},"end":{"line":9,"column":16}},"loc":{"start":{"line":9,"column":52},"end":{"line":54,"column":1}},"line":9}},"branchMap":{},"s":{"0":1,"1":2,"2":2},"f":{"0":2},"b":{},"_coverageSchema":"1a1c01bbd47fc00a2c39e90264f33305004495a9","hash":"70cbe48924204bfac113846690f3136a2f9679e6"}
,"/home/runner/work/passport-status/passport-status/src/components/LinkButton.tsx": {"path":"/home/runner/work/passport-status/passport-status/src/components/LinkButton.tsx","statementMap":{"0":{"start":{"line":18,"column":14},"end":{"line":23,"column":1}},"1":{"start":{"line":25,"column":15},"end":{"line":28,"column":1}},"2":{"start":{"line":30,"column":19},"end":{"line":50,"column":1}},"3":{"start":{"line":32,"column":4},"end":{"line":32,"column":163}},"4":{"start":{"line":33,"column":27},"end":{"line":33,"column":59}},"5":{"start":{"line":34,"column":22},"end":{"line":34,"column":41}},"6":{"start":{"line":35,"column":23},"end":{"line":35,"column":49}},"7":{"start":{"line":37,"column":2},"end":{"line":49,"column":4}}},"fnMap":{"0":{"name":"(anonymous_0)","decl":{"start":{"line":30,"column":19},"end":{"line":30,"column":20}},"loc":{"start":{"line":30,"column":112},"end":{"line":50,"column":1}},"line":30}},"branchMap":{"0":{"loc":{"start":{"line":33,"column":27},"end":{"line":33,"column":59}},"type":"cond-expr","locations":[{"start":{"line":33,"column":39},"end":{"line":33,"column":47}},{"start":{"line":33,"column":50},"end":{"line":33,"column":59}}],"line":33},"1":{"loc":{"start":{"line":34,"column":28},"end":{"line":34,"column":40}},"type":"binary-expr","locations":[{"start":{"line":34,"column":28},"end":{"line":34,"column":32}},{"start":{"line":34,"column":36},"end":{"line":34,"column":40}}],"line":34},"2":{"loc":{"start":{"line":35,"column":30},"end":{"line":35,"column":48}},"type":"binary-expr","locations":[{"start":{"line":35,"column":30},"end":{"line":35,"column":35}},{"start":{"line":35,"column":39},"end":{"line":35,"column":48}}],"line":35},"3":{"loc":{"start":{"line":40,"column":14},"end":{"line":40,"column":45}},"type":"cond-expr","locations":[{"start":{"line":40,"column":25},"end":{"line":40,"column":33}},{"start":{"line":40,"column":36},"end":{"line":40,"column":45}}],"line":40},"4":{"loc":{"start":{"line":41,"column":11},"end":{"line":41,"column":55}},"type":"cond-expr","locations":[{"start":{"line":41,"column":22},"end":{"line":41,"column":43}},{"start":{"line":41,"column":46},"end":{"line":41,"column":55}}],"line":41}},"s":{"0":4,"1":4,"2":4,"3":4,"4":4,"5":4,"6":4,"7":4},"f":{"0":4},"b":{"0":[2,2],"1":[4,4],"2":[4,2],"3":[0,4],"4":[0,4]},"_coverageSchema":"1a1c01bbd47fc00a2c39e90264f33305004495a9","hash":"b8addb345071031b995e4bdf940f29a067752cee"}
,"/home/runner/work/passport-status/passport-status/src/components/MarkdownContent.tsx": {"path":"/home/runner/work/passport-status/passport-status/src/components/MarkdownContent.tsx","statementMap":{"0":{"start":{"line":7,"column":13},"end":{"line":9,"column":1}},"1":{"start":{"line":8,"column":2},"end":{"line":8,"column":52}},"2":{"start":{"line":16,"column":31},"end":{"line":50,"column":1}},"3":{"start":{"line":17,"column":2},"end":{"line":49,"column":13}}},"fnMap":{"0":{"name":"(anonymous_0)","decl":{"start":{"line":7,"column":13},"end":{"line":7,"column":14}},"loc":{"start":{"line":8,"column":2},"end":{"line":8,"column":52}},"line":8},"1":{"name":"(anonymous_1)","decl":{"start":{"line":16,"column":31},"end":{"line":16,"column":32}},"loc":{"start":{"line":17,"column":2},"end":{"line":49,"column":13}},"line":17}},"branchMap":{"0":{"loc":{"start":{"line":16,"column":44},"end":{"line":16,"column":72}},"type":"default-arg","locations":[{"start":{"line":16,"column":68},"end":{"line":16,"column":72}}],"line":16}},"s":{"0":13,"1":0,"2":13,"3":0},"f":{"0":0,"1":0},"b":{"0":[0]},"_coverageSchema":"1a1c01bbd47fc00a2c39e90264f33305004495a9","hash":"03cb8f2343d1777ed61e7a3426e921bef24dd17e"}
,"/home/runner/work/passport-status/passport-status/src/components/Modal.tsx": {"path":"/home/runner/work/passport-status/passport-status/src/components/Modal.tsx","statementMap":{"0":{"start":{"line":14,"column":14},"end":{"line":65,"column":1}},"1":{"start":{"line":15,"column":20},"end":{"line":15,"column":51}},"2":{"start":{"line":16,"column":13},"end":{"line":16,"column":20}},"3":{"start":{"line":18,"column":2},"end":{"line":24,"column":13}},"4":{"start":{"line":19,"column":4},"end":{"line":23,"column":5}},"5":{"start":{"line":20,"column":6},"end":{"line":20,"column":37}},"6":{"start":{"line":22,"column":6},"end":{"line":22,"column":33}},"7":{"start":{"line":26,"column":2},"end":{"line":32,"column":16}},"8":{"start":{"line":27,"column":15},"end":{"line":27,"column":32}},"9":{"start":{"line":28,"column":4},"end":{"line":28,"column":43}},"10":{"start":{"line":29,"column":4},"end":{"line":31,"column":6}},"11":{"start":{"line":30,"column":6},"end":{"line":30,"column":48}},"12":{"start":{"line":36,"column":2},"end":{"line":64,"column":4}},"13":{"start":{"line":57,"column":16},"end":{"line":57,"column":84}}},"fnMap":{"0":{"name":"(anonymous_0)","decl":{"start":{"line":14,"column":14},"end":{"line":14,"column":15}},"loc":{"start":{"line":14,"column":82},"end":{"line":65,"column":1}},"line":14},"1":{"name":"(anonymous_1)","decl":{"start":{"line":18,"column":12},"end":{"line":18,"column":13}},"loc":{"start":{"line":18,"column":18},"end":{"line":24,"column":3}},"line":18},"2":{"name":"(anonymous_2)","decl":{"start":{"line":26,"column":12},"end":{"line":26,"column":13}},"loc":{"start":{"line":26,"column":18},"end":{"line":32,"column":3}},"line":26},"3":{"name":"(anonymous_3)","decl":{"start":{"line":29,"column":11},"end":{"line":29,"column":12}},"loc":{"start":{"line":29,"column":17},"end":{"line":31,"column":5}},"line":29},"4":{"name":"(anonymous_4)","decl":{"start":{"line":56,"column":33},"end":{"line":56,"column":34}},"loc":{"start":{"line":57,"column":16},"end":{"line":57,"column":84}},"line":57}},"branchMap":{"0":{"loc":{"start":{"line":19,"column":4},"end":{"line":23,"column":5}},"type":"if","locations":[{"start":{"line":19,"column":4},"end":{"line":23,"column":5}},{"start":{"line":21,"column":11},"end":{"line":23,"column":5}}],"line":19}},"s":{"0":3,"1":1,"2":1,"3":1,"4":1,"5":1,"6":0,"7":1,"8":1,"9":1,"10":1,"11":1,"12":1,"13":1},"f":{"0":1,"1":1,"2":1,"3":1,"4":1},"b":{"0":[1,0]},"_coverageSchema":"1a1c01bbd47fc00a2c39e90264f33305004495a9","hash":"7b19010591439c1b8175699b118db7e6723f9e11"}
,"/home/runner/work/passport-status/passport-status/src/components/Timeline.tsx": {"path":"/home/runner/work/passport-status/passport-status/src/components/Timeline.tsx","statementMap":{"0":{"start":{"line":14,"column":17},"end":{"line":43,"column":1}},"1":{"start":{"line":15,"column":16},"end":{"line":15,"column":32}},"2":{"start":{"line":17,"column":2},"end":{"line":42,"column":4}},"3":{"start":{"line":21,"column":43},"end":{"line":21,"column":49}},"4":{"start":{"line":22,"column":10},"end":{"line":26,"column":11}},"5":{"start":{"line":23,"column":12},"end":{"line":23,"column":31}},"6":{"start":{"line":24,"column":17},"end":{"line":26,"column":11}},"7":{"start":{"line":25,"column":12},"end":{"line":25,"column":32}},"8":{"start":{"line":28,"column":10},"end":{"line":38,"column":12}}},"fnMap":{"0":{"name":"(anonymous_0)","decl":{"start":{"line":14,"column":17},"end":{"line":14,"column":18}},"loc":{"start":{"line":14,"column":60},"end":{"line":43,"column":1}},"line":14},"1":{"name":"(anonymous_1)","decl":{"start":{"line":20,"column":21},"end":{"line":20,"column":22}},"loc":{"start":{"line":20,"column":39},"end":{"line":39,"column":9}},"line":20}},"branchMap":{"0":{"loc":{"start":{"line":22,"column":10},"end":{"line":26,"column":11}},"type":"if","locations":[{"start":{"line":22,"column":10},"end":{"line":26,"column":11}},{"start":{"line":24,"column":17},"end":{"line":26,"column":11}}],"line":22},"1":{"loc":{"start":{"line":24,"column":17},"end":{"line":26,"column":11}},"type":"if","locations":[{"start":{"line":24,"column":17},"end":{"line":26,"column":11}},{"start":{},"end":{}}],"line":24}},"s":{"0":7,"1":24,"2":24,"3":36,"4":36,"5":24,"6":12,"7":8,"8":36},"f":{"0":24,"1":36},"b":{"0":[24,12],"1":[8,4]},"_coverageSchema":"1a1c01bbd47fc00a2c39e90264f33305004495a9","hash":"4556f33405ef7ac640a351e141e341690293f2ef"}
,"/home/runner/work/passport-status/passport-status/src/components/TimelineEntry.tsx": {"path":"/home/runner/work/passport-status/passport-status/src/components/TimelineEntry.tsx","statementMap":{"0":{"start":{"line":17,"column":23},"end":{"line":21,"column":1}},"1":{"start":{"line":18,"column":16},"end":{"line":18,"column":90}},"2":{"start":{"line":20,"column":2},"end":{"line":20,"column":61}},"3":{"start":{"line":23,"column":26},"end":{"line":27,"column":1}},"4":{"start":{"line":24,"column":16},"end":{"line":24,"column":88}},"5":{"start":{"line":26,"column":2},"end":{"line":26,"column":60}},"6":{"start":{"line":29,"column":18},"end":{"line":33,"column":1}},"7":{"start":{"line":35,"column":12},"end":{"line":76,"column":1}},"8":{"start":{"line":36,"column":2},"end":{"line":75,"column":3}},"9":{"start":{"line":38,"column":6},"end":{"line":49,"column":8}},"10":{"start":{"line":52,"column":6},"end":{"line":61,"column":8}},"11":{"start":{"line":64,"column":6},"end":{"line":73,"column":8}},"12":{"start":{"line":78,"column":22},"end":{"line":107,"column":1}},"13":{"start":{"line":79,"column":33},"end":{"line":79,"column":63}},"14":{"start":{"line":80,"column":36},"end":{"line":80,"column":69}},"15":{"start":{"line":82,"column":2},"end":{"line":106,"column":4}}},"fnMap":{"0":{"name":"(anonymous_0)","decl":{"start":{"line":17,"column":23},"end":{"line":17,"column":24}},"loc":{"start":{"line":17,"column":82},"end":{"line":21,"column":1}},"line":17},"1":{"name":"(anonymous_1)","decl":{"start":{"line":23,"column":26},"end":{"line":23,"column":27}},"loc":{"start":{"line":23,"column":85},"end":{"line":27,"column":1}},"line":23},"2":{"name":"(anonymous_2)","decl":{"start":{"line":35,"column":12},"end":{"line":35,"column":13}},"loc":{"start":{"line":35,"column":76},"end":{"line":76,"column":1}},"line":35},"3":{"name":"(anonymous_3)","decl":{"start":{"line":78,"column":22},"end":{"line":78,"column":23}},"loc":{"start":{"line":78,"column":121},"end":{"line":107,"column":1}},"line":78}},"branchMap":{"0":{"loc":{"start":{"line":18,"column":16},"end":{"line":18,"column":90}},"type":"cond-expr","locations":[{"start":{"line":18,"column":36},"end":{"line":18,"column":64}},{"start":{"line":18,"column":67},"end":{"line":18,"column":90}}],"line":18},"1":{"loc":{"start":{"line":20,"column":9},"end":{"line":20,"column":60}},"type":"cond-expr","locations":[{"start":{"line":20,"column":32},"end":{"line":20,"column":52}},{"start":{"line":20,"column":55},"end":{"line":20,"column":60}}],"line":20},"2":{"loc":{"start":{"line":24,"column":16},"end":{"line":24,"column":88}},"type":"cond-expr","locations":[{"start":{"line":24,"column":34},"end":{"line":24,"column":57}},{"start":{"line":24,"column":60},"end":{"line":24,"column":88}}],"line":24},"3":{"loc":{"start":{"line":26,"column":9},"end":{"line":26,"column":59}},"type":"cond-expr","locations":[{"start":{"line":26,"column":31},"end":{"line":26,"column":51}},{"start":{"line":26,"column":54},"end":{"line":26,"column":59}}],"line":26},"4":{"loc":{"start":{"line":36,"column":2},"end":{"line":75,"column":3}},"type":"switch","locations":[{"start":{"line":37,"column":4},"end":{"line":50,"column":5}},{"start":{"line":51,"column":4},"end":{"line":62,"column":5}},{"start":{"line":63,"column":4},"end":{"line":74,"column":5}}],"line":36},"5":{"loc":{"start":{"line":40,"column":24},"end":{"line":40,"column":64}},"type":"cond-expr","locations":[{"start":{"line":40,"column":37},"end":{"line":40,"column":51}},{"start":{"line":40,"column":54},"end":{"line":40,"column":64}}],"line":40},"6":{"loc":{"start":{"line":54,"column":24},"end":{"line":54,"column":64}},"type":"cond-expr","locations":[{"start":{"line":54,"column":37},"end":{"line":54,"column":51}},{"start":{"line":54,"column":54},"end":{"line":54,"column":64}}],"line":54},"7":{"loc":{"start":{"line":66,"column":24},"end":{"line":66,"column":64}},"type":"cond-expr","locations":[{"start":{"line":66,"column":37},"end":{"line":66,"column":51}},{"start":{"line":66,"column":54},"end":{"line":66,"column":64}}],"line":66}},"s":{"0":7,"1":36,"2":36,"3":7,"4":36,"5":36,"6":7,"7":7,"8":36,"9":28,"10":4,"11":4,"12":7,"13":36,"14":36,"15":36},"f":{"0":36,"1":36,"2":36,"3":36},"b":{"0":[4,32],"1":[24,12],"2":[28,8],"3":[4,32],"4":[28,4,4],"5":[0,28],"6":[0,4],"7":[0,4]},"_coverageSchema":"1a1c01bbd47fc00a2c39e90264f33305004495a9","hash":"14dad0700ff99eb0a2d811c13280c234604cc471"}
,"/home/runner/work/passport-status/passport-status/src/components/TimelineEntryContent.tsx": {"path":"/home/runner/work/passport-status/passport-status/src/components/TimelineEntryContent.tsx","statementMap":{"0":{"start":{"line":16,"column":29},"end":{"line":52,"column":1}},"1":{"start":{"line":17,"column":22},"end":{"line":17,"column":38}},"2":{"start":{"line":18,"column":20},"end":{"line":18,"column":38}},"3":{"start":{"line":19,"column":18},"end":{"line":19,"column":51}},"4":{"start":{"line":20,"column":27},"end":{"line":20,"column":78}},"5":{"start":{"line":21,"column":17},"end":{"line":21,"column":36}},"6":{"start":{"line":23,"column":24},"end":{"line":31,"column":6}},"7":{"start":{"line":24,"column":23},"end":{"line":24,"column":106}},"8":{"start":{"line":26,"column":4},"end":{"line":30,"column":7}},"9":{"start":{"line":33,"column":2},"end":{"line":51,"column":4}}},"fnMap":{"0":{"name":"(anonymous_0)","decl":{"start":{"line":16,"column":29},"end":{"line":16,"column":30}},"loc":{"start":{"line":16,"column":124},"end":{"line":52,"column":1}},"line":16},"1":{"name":"(anonymous_1)","decl":{"start":{"line":23,"column":25},"end":{"line":23,"column":26}},"loc":{"start":{"line":23,"column":31},"end":{"line":31,"column":3}},"line":23}},"branchMap":{"0":{"loc":{"start":{"line":19,"column":18},"end":{"line":19,"column":51}},"type":"binary-expr","locations":[{"start":{"line":19,"column":18},"end":{"line":19,"column":28}},{"start":{"line":19,"column":32},"end":{"line":19,"column":51}}],"line":19},"1":{"loc":{"start":{"line":20,"column":27},"end":{"line":20,"column":78}},"type":"binary-expr","locations":[{"start":{"line":20,"column":27},"end":{"line":20,"column":42}},{"start":{"line":20,"column":47},"end":{"line":20,"column":54}},{"start":{"line":20,"column":58},"end":{"line":20,"column":77}}],"line":20},"2":{"loc":{"start":{"line":24,"column":23},"end":{"line":24,"column":106}},"type":"cond-expr","locations":[{"start":{"line":24,"column":52},"end":{"line":24,"column":93}},{"start":{"line":24,"column":96},"end":{"line":24,"column":106}}],"line":24},"3":{"loc":{"start":{"line":24,"column":23},"end":{"line":24,"column":49}},"type":"binary-expr","locations":[{"start":{"line":24,"column":23},"end":{"line":24,"column":38}},{"start":{"line":24,"column":42},"end":{"line":24,"column":49}}],"line":24},"4":{"loc":{"start":{"line":29,"column":25},"end":{"line":29,"column":60}},"type":"cond-expr","locations":[{"start":{"line":29,"column":38},"end":{"line":29,"column":55}},{"start":{"line":29,"column":58},"end":{"line":29,"column":60}}],"line":29},"5":{"loc":{"start":{"line":37,"column":9},"end":{"line":43,"column":9}},"type":"cond-expr","locations":[{"start":{"line":38,"column":10},"end":{"line":40,"column":17}},{"start":{"line":42,"column":10},"end":{"line":42,"column":32}}],"line":37},"6":{"loc":{"start":{"line":37,"column":9},"end":{"line":37,"column":50}},"type":"binary-expr","locations":[{"start":{"line":37,"column":9},"end":{"line":37,"column":18}},{"start":{"line":37,"column":23},"end":{"line":37,"column":39}},{"start":{"line":37,"column":43},"end":{"line":37,"column":49}}],"line":37},"7":{"loc":{"start":{"line":44,"column":9},"end":{"line":48,"column":9}},"type":"cond-expr","locations":[{"start":{"line":45,"column":10},"end":{"line":45,"column":88}},{"start":{"line":47,"column":10},"end":{"line":47,"column":49}}],"line":44},"8":{"loc":{"start":{"line":44,"column":9},"end":{"line":44,"column":35}},"type":"binary-expr","locations":[{"start":{"line":44,"column":9},"end":{"line":44,"column":24}},{"start":{"line":44,"column":28},"end":{"line":44,"column":35}}],"line":44},"9":{"loc":{"start":{"line":47,"column":10},"end":{"line":47,"column":49}},"type":"binary-expr","locations":[{"start":{"line":47,"column":10},"end":{"line":47,"column":20}},{"start":{"line":47,"column":24},"end":{"line":47,"column":49}}],"line":47}},"s":{"0":7,"1":36,"2":36,"3":36,"4":36,"5":36,"6":36,"7":36,"8":36,"9":36},"f":{"0":36,"1":36},"b":{"0":[36,32],"1":[36,28,0],"2":[28,8],"3":[36,28],"4":[28,8],"5":[4,32],"6":[36,32,28],"7":[28,8],"8":[36,28],"9":[8,0]},"_coverageSchema":"1a1c01bbd47fc00a2c39e90264f33305004495a9","hash":"13a5bd9f8086e0dd646cc79437c24c86471cbe29"}
,"/home/runner/work/passport-status/passport-status/src/components/check-status-responses/CheckStatusFileBeingProcessed.tsx": {"path":"/home/runner/work/passport-status/passport-status/src/components/check-status-responses/CheckStatusFileBeingProcessed.tsx","statementMap":{"0":{"start":{"line":11,"column":45},"end":{"line":104,"column":1}},"1":{"start":{"line":12,"column":22},"end":{"line":12,"column":58}},"2":{"start":{"line":14,"column":87},"end":{"line":14,"column":98}},"3":{"start":{"line":16,"column":22},"end":{"line":16,"column":78}},"4":{"start":{"line":18,"column":24},"end":{"line":18,"column":68}},"5":{"start":{"line":20,"column":2},"end":{"line":103,"column":4}}},"fnMap":{"0":{"name":"(anonymous_0)","decl":{"start":{"line":11,"column":45},"end":{"line":11,"column":46}},"loc":{"start":{"line":11,"column":106},"end":{"line":104,"column":1}},"line":11}},"branchMap":{"0":{"loc":{"start":{"line":16,"column":22},"end":{"line":16,"column":78}},"type":"cond-expr","locations":[{"start":{"line":16,"column":67},"end":{"line":16,"column":71}},{"start":{"line":16,"column":74},"end":{"line":16,"column":78}}],"line":16},"1":{"loc":{"start":{"line":33,"column":28},"end":{"line":33,"column":83}},"type":"cond-expr","locations":[{"start":{"line":33,"column":73},"end":{"line":33,"column":76}},{"start":{"line":33,"column":79},"end":{"line":33,"column":83}}],"line":33},"2":{"loc":{"start":{"line":34,"column":27},"end":{"line":34,"column":81}},"type":"cond-expr","locations":[{"start":{"line":34,"column":72},"end":{"line":34,"column":75}},{"start":{"line":34,"column":78},"end":{"line":34,"column":81}}],"line":34},"3":{"loc":{"start":{"line":38,"column":11},"end":{"line":48,"column":11}},"type":"binary-expr","locations":[{"start":{"line":38,"column":11},"end":{"line":38,"column":53}},{"start":{"line":39,"column":12},"end":{"line":47,"column":16}}],"line":38},"4":{"loc":{"start":{"line":49,"column":11},"end":{"line":53,"column":11}},"type":"binary-expr","locations":[{"start":{"line":49,"column":11},"end":{"line":49,"column":25}},{"start":{"line":50,"column":12},"end":{"line":52,"column":18}}],"line":49},"5":{"loc":{"start":{"line":58,"column":16},"end":{"line":60,"column":69}},"type":"cond-expr","locations":[{"start":{"line":59,"column":20},"end":{"line":59,"column":74}},{"start":{"line":60,"column":20},"end":{"line":60,"column":69}}],"line":58},"6":{"loc":{"start":{"line":72,"column":11},"end":{"line":74,"column":11}},"type":"binary-expr","locations":[{"start":{"line":72,"column":11},"end":{"line":72,"column":58}},{"start":{"line":73,"column":12},"end":{"line":73,"column":86}}],"line":72},"7":{"loc":{"start":{"line":94,"column":9},"end":{"line":100,"column":9}},"type":"binary-expr","locations":[{"start":{"line":94,"column":9},"end":{"line":94,"column":23}},{"start":{"line":95,"column":10},"end":{"line":99,"column":16}}],"line":94}},"s":{"0":2,"1":2,"2":2,"3":2,"4":2,"5":2},"f":{"0":2},"b":{"0":[0,2],"1":[0,2],"2":[0,2],"3":[2,2],"4":[2,2],"5":[2,0],"6":[2,0],"7":[2,2]},"_coverageSchema":"1a1c01bbd47fc00a2c39e90264f33305004495a9","hash":"d1b6cd4193a888ceed26ae55702f34d8320d398e"}
,"/home/runner/work/passport-status/passport-status/src/components/check-status-responses/CheckStatusMissingInformation.tsx": {"path":"/home/runner/work/passport-status/passport-status/src/components/check-status-responses/CheckStatusMissingInformation.tsx","statementMap":{"0":{"start":{"line":11,"column":45},"end":{"line":97,"column":1}},"1":{"start":{"line":12,"column":22},"end":{"line":12,"column":58}},"2":{"start":{"line":14,"column":87},"end":{"line":14,"column":98}},"3":{"start":{"line":16,"column":22},"end":{"line":16,"column":78}},"4":{"start":{"line":18,"column":24},"end":{"line":18,"column":68}},"5":{"start":{"line":20,"column":2},"end":{"line":96,"column":4}}},"fnMap":{"0":{"name":"(anonymous_0)","decl":{"start":{"line":11,"column":45},"end":{"line":11,"column":46}},"loc":{"start":{"line":11,"column":106},"end":{"line":97,"column":1}},"line":11}},"branchMap":{"0":{"loc":{"start":{"line":16,"column":22},"end":{"line":16,"column":78}},"type":"cond-expr","locations":[{"start":{"line":16,"column":67},"end":{"line":16,"column":71}},{"start":{"line":16,"column":74},"end":{"line":16,"column":78}}],"line":16},"1":{"loc":{"start":{"line":49,"column":14},"end":{"line":51,"column":67}},"type":"cond-expr","locations":[{"start":{"line":50,"column":18},"end":{"line":50,"column":72}},{"start":{"line":51,"column":18},"end":{"line":51,"column":67}}],"line":49},"2":{"loc":{"start":{"line":87,"column":9},"end":{"line":93,"column":9}},"type":"binary-expr","locations":[{"start":{"line":87,"column":9},"end":{"line":87,"column":23}},{"start":{"line":88,"column":10},"end":{"line":92,"column":16}}],"line":87}},"s":{"0":1,"1":0,"2":0,"3":0,"4":0,"5":0},"f":{"0":0},"b":{"0":[0,0],"1":[0,0],"2":[0,0]},"_coverageSchema":"1a1c01bbd47fc00a2c39e90264f33305004495a9","hash":"073b2e863bd6e362066baf787b47c79ceb0998b9"}
,"/home/runner/work/passport-status/passport-status/src/components/check-status-responses/CheckStatusNoRecord.tsx": {"path":"/home/runner/work/passport-status/passport-status/src/components/check-status-responses/CheckStatusNoRecord.tsx","statementMap":{"0":{"start":{"line":8,"column":35},"end":{"line":53,"column":1}},"1":{"start":{"line":9,"column":16},"end":{"line":9,"column":52}},"2":{"start":{"line":11,"column":2},"end":{"line":52,"column":4}}},"fnMap":{"0":{"name":"(anonymous_0)","decl":{"start":{"line":8,"column":35},"end":{"line":8,"column":36}},"loc":{"start":{"line":8,"column":102},"end":{"line":53,"column":1}},"line":8}},"branchMap":{},"s":{"0":2,"1":2,"2":2},"f":{"0":2},"b":{},"_coverageSchema":"1a1c01bbd47fc00a2c39e90264f33305004495a9","hash":"e0474fad7a4e9e11b0a138f27f00ac7817fbf2ca"}
[...]
ne":344,"column":7}},"type":"switch","locations":[{"start":{"line":306,"column":8},"end":{"line":311,"column":12}},{"start":{"line":312,"column":8},"end":{"line":313,"column":122}},{"start":{"line":314,"column":8},"end":{"line":315,"column":119}},{"start":{"line":316,"column":8},"end":{"line":321,"column":12}},{"start":{"line":322,"column":8},"end":{"line":329,"column":12}},{"start":{"line":330,"column":8},"end":{"line":337,"column":12}},{"start":{"line":338,"column":8},"end":{"line":339,"column":92}},{"start":{"line":340,"column":8},"end":{"line":341,"column":123}},{"start":{"line":342,"column":8},"end":{"line":343,"column":125}}],"line":305},"22":{"loc":{"start":{"line":307,"column":17},"end":{"line":311,"column":11}},"type":"cond-expr","locations":[{"start":{"line":308,"column":12},"end":{"line":308,"column":97}},{"start":{"line":310,"column":12},"end":{"line":310,"column":117}}],"line":307},"23":{"loc":{"start":{"line":317,"column":17},"end":{"line":321,"column":11}},"type":"cond-expr","locations":[{"start":{"line":318,"column":12},"end":{"line":318,"column":82}},{"start":{"line":320,"column":12},"end":{"line":320,"column":107}}],"line":317},"24":{"loc":{"start":{"line":351,"column":2},"end":{"line":351,"column":47}},"type":"if","locations":[{"start":{"line":351,"column":2},"end":{"line":351,"column":47}},{"start":{},"end":{}}],"line":351},"25":{"loc":{"start":{"line":357,"column":7},"end":{"line":474,"column":7}},"type":"cond-expr","locations":[{"start":{"line":358,"column":8},"end":{"line":360,"column":14}},{"start":{"line":362,"column":8},"end":{"line":473,"column":11}}],"line":357},"26":{"loc":{"start":{"line":358,"column":17},"end":{"line":358,"column":88}},"type":"cond-expr","locations":[{"start":{"line":358,"column":48},"end":{"line":358,"column":68}},{"start":{"line":358,"column":71},"end":{"line":358,"column":88}}],"line":358},"27":{"loc":{"start":{"line":372,"column":13},"end":{"line":380,"column":13}},"type":"binary-expr","locations":[{"start":{"line":372,"column":13},"end":{"line":372,"column":41}},{"start":{"line":373,"column":14},"end":{"line":379,"column":16}}],"line":372},"28":{"loc":{"start":{"line":389,"column":30},"end":{"line":389,"column":78}},"type":"binary-expr","locations":[{"start":{"line":389,"column":30},"end":{"line":389,"column":47}},{"start":{"line":389,"column":51},"end":{"line":389,"column":78}}],"line":389},"29":{"loc":{"start":{"line":412,"column":18},"end":{"line":412,"column":76}},"type":"binary-expr","locations":[{"start":{"line":412,"column":18},"end":{"line":412,"column":40}},{"start":{"line":412,"column":44},"end":{"line":412,"column":76}}],"line":412},"30":{"loc":{"start":{"line":435,"column":18},"end":{"line":435,"column":72}},"type":"binary-expr","locations":[{"start":{"line":435,"column":18},"end":{"line":435,"column":38}},{"start":{"line":435,"column":42},"end":{"line":435,"column":72}}],"line":435},"31":{"loc":{"start":{"line":450,"column":18},"end":{"line":450,"column":80}},"type":"binary-expr","locations":[{"start":{"line":450,"column":18},"end":{"line":450,"column":42}},{"start":{"line":450,"column":46},"end":{"line":450,"column":80}}],"line":450}},"s":{"0":1,"1":1,"2":1,"3":0,"4":0,"5":0,"6":0,"7":0,"8":0,"9":1,"10":2,"11":2,"12":2,"13":2,"14":2,"15":0,"16":0,"17":0,"18":0,"19":0,"20":0,"21":2,"22":2,"23":2,"24":0,"25":2,"26":2,"27":0,"28":0,"29":0,"30":2,"31":0,"32":0,"33":0,"34":0,"35":2,"36":0,"37":2,"38":0,"39":2,"40":0,"41":2,"42":0,"43":2,"44":0,"45":2,"46":2,"47":0,"48":0,"49":0,"50":0,"51":0,"52":0,"53":0,"54":0,"55":0,"56":0,"57":2,"58":0,"59":0,"60":0,"61":0,"62":0,"63":0,"64":0,"65":0,"66":0,"67":0,"68":0,"69":0,"70":0,"71":0,"72":0,"73":0,"74":0,"75":0,"76":0,"77":2,"78":0,"79":0,"80":0,"81":0,"82":0,"83":0,"84":0,"85":0,"86":0,"87":0,"88":0,"89":0,"90":0,"91":0,"92":0,"93":2,"94":0,"95":2,"96":1,"97":0},"f":{"0":0,"1":0,"2":2,"3":0,"4":0,"5":2,"6":2,"7":0,"8":0,"9":0,"10":0,"11":0,"12":0,"13":0,"14":2,"15":0,"16":0,"17":0},"b":{"0":[0,0],"1":[0,2],"2":[0,2],"3":[0,0],"4":[2,0],"5":[0,0,0,0,0,0,0,0,0],"6":[0,0],"7":[0,0,0],"8":[0,0],"9":[0,0],"10":[0,0],"11":[0,0],"12":[0,0],"13":[0,0],"14":[0,0],"15":[0,0],"16":[0,0],"17":[0,0],"18":[0,0],"19":[0,0],"20":[0,0,0],"21":[0,0,0,0,0,0,0,0,0],"22":[0,0],"23":[0,0],"24":[0,2],"25":[0,2],"26":[0,0],"27":[2,0],"28":[2,0],"29":[2,0],"30":[2,0],"31":[2,0]},"_coverageSchema":"1a1c01bbd47fc00a2c39e90264f33305004495a9","hash":"c0025a7db33f44497d602fdca04335bd3936726e"}
,"/home/runner/work/passport-status/passport-status/src/pages/api/alerts.ts": {"path":"/home/runner/work/passport-status/passport-status/src/pages/api/alerts.ts","statementMap":{"0":{"start":{"line":6,"column":15},"end":{"line":6,"column":38}},"1":{"start":{"line":9,"column":2},"end":{"line":53,"column":3}},"2":{"start":{"line":10,"column":4},"end":{"line":13,"column":5}},"3":{"start":{"line":11,"column":6},"end":{"line":11,"column":70}},"4":{"start":{"line":12,"column":6},"end":{"line":12,"column":74}},"5":{"start":{"line":15,"column":4},"end":{"line":21,"column":5}},"6":{"start":{"line":16,"column":6},"end":{"line":18,"column":8}},"7":{"start":{"line":19,"column":6},"end":{"line":19,"column":31}},"8":{"start":{"line":20,"column":6},"end":{"line":20,"column":13}},"9":{"start":{"line":23,"column":18},"end":{"line":23,"column":27}},"10":{"start":{"line":24,"column":21},"end":{"line":24,"column":26}},"11":{"start":{"line":26,"column":16},"end":{"line":26,"column":26}},"12":{"start":{"line":28,"column":22},"end":{"line":30,"column":6}},"13":{"start":{"line":31,"column":41},"end":{"line":31,"column":63}},"14":{"start":{"line":33,"column":24},"end":{"line":35,"column":5}},"15":{"start":{"line":34,"column":17},"end":{"line":34,"column":83}},"16":{"start":{"line":37,"column":23},"end":{"line":39,"column":93}},"17":{"start":{"line":38,"column":38},"end":{"line":38,"column":90}},"18":{"start":{"line":38,"column":71},"end":{"line":38,"column":89}},"19":{"start":{"line":39,"column":38},"end":{"line":39,"column":92}},"20":{"start":{"line":41,"column":28},"end":{"line":46,"column":7}},"21":{"start":{"line":41,"column":55},"end":{"line":46,"column":5}},"22":{"start":{"line":48,"column":4},"end":{"line":48,"column":33}},"23":{"start":{"line":51,"column":4},"end":{"line":51,"column":50}},"24":{"start":{"line":52,"column":4},"end":{"line":52,"column":29}}},"fnMap":{"0":{"name":"handler","decl":{"start":{"line":8,"column":30},"end":{"line":8,"column":37}},"loc":{"start":{"line":8,"column":99},"end":{"line":54,"column":1}},"line":8},"1":{"name":"(anonymous_1)","decl":{"start":{"line":34,"column":6},"end":{"line":34,"column":7}},"loc":{"start":{"line":34,"column":17},"end":{"line":34,"column":83}},"line":34},"2":{"name":"(anonymous_2)","decl":{"start":{"line":38,"column":27},"end":{"line":38,"column":28}},"loc":{"start":{"line":38,"column":38},"end":{"line":38,"column":90}},"line":38},"3":{"name":"(anonymous_3)","decl":{"start":{"line":38,"column":56},"end":{"line":38,"column":57}},"loc":{"start":{"line":38,"column":71},"end":{"line":38,"column":89}},"line":38},"4":{"name":"(anonymous_4)","decl":{"start":{"line":39,"column":27},"end":{"line":39,"column":28}},"loc":{"start":{"line":39,"column":38},"end":{"line":39,"column":92}},"line":39},"5":{"name":"(anonymous_5)","decl":{"start":{"line":41,"column":43},"end":{"line":41,"column":44}},"loc":{"start":{"line":41,"column":55},"end":{"line":46,"column":5}},"line":41}},"branchMap":{"0":{"loc":{"start":{"line":10,"column":4},"end":{"line":13,"column":5}},"type":"if","locations":[{"start":{"line":10,"column":4},"end":{"line":13,"column":5}},{"start":{},"end":{}}],"line":10},"1":{"loc":{"start":{"line":15,"column":4},"end":{"line":21,"column":5}},"type":"if","locations":[{"start":{"line":15,"column":4},"end":{"line":21,"column":5}},{"start":{},"end":{}}],"line":15},"2":{"loc":{"start":{"line":34,"column":17},"end":{"line":34,"column":83}},"type":"binary-expr","locations":[{"start":{"line":34,"column":17},"end":{"line":34,"column":49}},{"start":{"line":34,"column":53},"end":{"line":34,"column":83}}],"line":34},"3":{"loc":{"start":{"line":37,"column":23},"end":{"line":39,"column":93}},"type":"cond-expr","locations":[{"start":{"line":38,"column":8},"end":{"line":38,"column":91}},{"start":{"line":39,"column":8},"end":{"line":39,"column":93}}],"line":37},"4":{"loc":{"start":{"line":39,"column":38},"end":{"line":39,"column":92}},"type":"binary-expr","locations":[{"start":{"line":39,"column":38},"end":{"line":39,"column":63}},{"start":{"line":39,"column":67},"end":{"line":39,"column":92}}],"line":39}},"s":{"0":0,"1":0,"2":0,"3":0,"4":0,"5":0,"6":0,"7":0,"8":0,"9":0,"10":0,"11":0,"12":0,"13":0,"14":0,"15":0,"16":0,"17":0,"18":0,"19":0,"20":0,"21":0,"22":0,"23":0,"24":0},"f":{"0":0,"1":0,"2":0,"3":0,"4":0,"5":0},"b":{"0":[0,0],"1":[0,0],"2":[0,0],"3":[0,0],"4":[0,0]}}
,"/home/runner/work/passport-status/passport-status/src/pages/api/check-status.ts": {"path":"/home/runner/work/passport-status/passport-status/src/pages/api/check-status.ts","statementMap":{"0":{"start":{"line":7,"column":15},"end":{"line":7,"column":40}},"1":{"start":{"line":10,"column":2},"end":{"line":14,"column":3}},"2":{"start":{"line":11,"column":4},"end":{"line":11,"column":68}},"3":{"start":{"line":12,"column":4},"end":{"line":12,"column":65}},"4":{"start":{"line":13,"column":4},"end":{"line":13,"column":11}},"5":{"start":{"line":16,"column":27},"end":{"line":16,"column":79}},"6":{"start":{"line":17,"column":57},"end":{"line":22,"column":3}},"7":{"start":{"line":24,"column":2},"end":{"line":29,"column":3}},"8":{"start":{"line":25,"column":4},"end":{"line":25,"column":59}},"9":{"start":{"line":27,"column":4},"end":{"line":27,"column":76}},"10":{"start":{"line":28,"column":4},"end":{"line":28,"column":50}},"11":{"start":{"line":38,"column":39},"end":{"line":80,"column":1}},"12":{"start":{"line":42,"column":2},"end":{"line":45,"column":3}},"13":{"start":{"line":43,"column":4},"end":{"line":43,"column":86}},"14":{"start":{"line":44,"column":4},"end":{"line":44,"column":97}},"15":{"start":{"line":47,"column":52},"end":{"line":47,"column":78}},"16":{"start":{"line":48,"column":16},"end":{"line":53,"column":15}},"17":{"start":{"line":54,"column":14},"end":{"line":54,"column":101}},"18":{"start":{"line":55,"column":2},"end":{"line":55,"column":51}},"19":{"start":{"line":56,"column":19},"end":{"line":56,"column":35}},"20":{"start":{"line":58,"column":2},"end":{"line":69,"column":3}},"21":{"start":{"line":59,"column":4},"end":{"line":59,"column":45}},"22":{"start":{"line":60,"column":55},"end":{"line":60,"column":76}},"23":{"start":{"line":61,"column":50},"end":{"line":61,"column":72}},"24":{"start":{"line":63,"column":4},"end":{"line":66,"column":5}},"25":{"start":{"line":64,"column":6},"end":{"line":64,"column":92}},"26":{"start":{"line":65,"column":6},"end":{"line":65,"column":63}},"27":{"start":{"line":68,"column":4},"end":{"line":68,"column":87}},"28":{"start":{"line":71,"column":2},"end":{"line":76,"column":3}},"29":{"start":{"line":72,"column":4},"end":{"line":72,"column":94}},"30":{"start":{"line":75,"column":4},"end":{"line":75,"column":61}},"31":{"start":{"line":78,"column":2},"end":{"line":78,"column":69}},"32":{"start":{"line":79,"column":2},"end":{"line":79,"column":63}}},"fnMap":{"0":{"name":"handler","decl":{"start":{"line":9,"column":30},"end":{"line":9,"column":37}},"loc":{"start":{"line":9,"column":114},"end":{"line":30,"column":1}},"line":9},"1":{"name":"(anonymous_1)","decl":{"start":{"line":38,"column":39},"end":{"line":38,"column":40}},"loc":{"start":{"line":41,"column":5},"end":{"line":80,"column":1}},"line":41}},"branchMap":{"0":{"loc":{"start":{"line":10,"column":2},"end":{"line":14,"column":3}},"type":"if","locations":[{"start":{"line":10,"column":2},"end":{"line":14,"column":3}},{"start":{},"end":{}}],"line":10},"1":{"loc":{"start":{"line":16,"column":35},"end":{"line":16,"column":48}},"type":"binary-expr","locations":[{"start":{"line":16,"column":35},"end":{"line":16,"column":42}},{"start":{"line":16,"column":46},"end":{"line":16,"column":48}}],"line":16},"2":{"loc":{"start":{"line":18,"column":17},"end":{"line":18,"column":54}},"type":"binary-expr","locations":[{"start":{"line":18,"column":17},"end":{"line":18,"column":48}},{"start":{"line":18,"column":52},"end":{"line":18,"column":54}}],"line":18},"3":{"loc":{"start":{"line":19,"column":10},"end":{"line":19,"column":40}},"type":"binary-expr","locations":[{"start":{"line":19,"column":10},"end":{"line":19,"column":34}},{"start":{"line":19,"column":38},"end":{"line":19,"column":40}}],"line":19},"4":{"loc":{"start":{"line":20,"column":15},"end":{"line":20,"column":50}},"type":"binary-expr","locations":[{"start":{"line":20,"column":15},"end":{"line":20,"column":44}},{"start":{"line":20,"column":48},"end":{"line":20,"column":50}}],"line":20},"5":{"loc":{"start":{"line":21,"column":13},"end":{"line":21,"column":46}},"type":"binary-expr","locations":[{"start":{"line":21,"column":13},"end":{"line":21,"column":40}},{"start":{"line":21,"column":44},"end":{"line":21,"column":46}}],"line":21},"6":{"loc":{"start":{"line":42,"column":2},"end":{"line":45,"column":3}},"type":"if","locations":[{"start":{"line":42,"column":2},"end":{"line":45,"column":3}},{"start":{},"end":{}}],"line":42},"7":{"loc":{"start":{"line":58,"column":2},"end":{"line":69,"column":3}},"type":"if","locations":[{"start":{"line":58,"column":2},"end":{"line":69,"column":3}},{"start":{},"end":{}}],"line":58},"8":{"loc":{"start":{"line":63,"column":4},"end":{"line":66,"column":5}},"type":"if","locations":[{"start":{"line":63,"column":4},"end":{"line":66,"column":5}},{"start":{},"end":{}}],"line":63},"9":{"loc":{"start":{"line":71,"column":2},"end":{"line":76,"column":3}},"type":"if","locations":[{"start":{"line":71,"column":2},"end":{"line":76,"column":3}},{"start":{},"end":{}}],"line":71},"10":{"loc":{"start":{"line":71,"column":6},"end":{"line":71,"column":56}},"type":"binary-expr","locations":[{"start":{"line":71,"column":6},"end":{"line":71,"column":29}},{"start":{"line":71,"column":33},"end":{"line":71,"column":56}}],"line":71}},"s":{"0":1,"1":3,"2":1,"3":1,"4":1,"5":2,"6":2,"7":2,"8":2,"9":0,"10":0,"11":1,"12":2,"13":0,"14":0,"15":2,"16":2,"17":2,"18":2,"19":2,"20":2,"21":0,"22":0,"23":0,"24":0,"25":0,"26":0,"27":0,"28":2,"29":1,"30":1,"31":1,"32":1},"f":{"0":3,"1":2},"b":{"0":[1,2],"1":[2,0],"2":[2,0],"3":[2,0],"4":[2,0],"5":[2,0],"6":[0,2],"7":[0,2],"8":[0,0],"9":[1,1],"10":[2,1]},"_coverageSchema":"1a1c01bbd47fc00a2c39e90264f33305004495a9","hash":"c4b55ff9ab7cd63ca3157678ef467dd63094ade7"}
,"/home/runner/work/passport-status/passport-status/src/pages/api/email-esrf.ts": {"path":"/home/runner/work/passport-status/passport-status/src/pages/api/email-esrf.ts","statementMap":{"0":{"start":{"line":6,"column":15},"end":{"line":6,"column":38}},"1":{"start":{"line":9,"column":2},"end":{"line":13,"column":3}},"2":{"start":{"line":10,"column":4},"end":{"line":10,"column":69}},"3":{"start":{"line":11,"column":4},"end":{"line":11,"column":65}},"4":{"start":{"line":12,"column":4},"end":{"line":12,"column":11}},"5":{"start":{"line":15,"column":2},"end":{"line":19,"column":3}},"6":{"start":{"line":16,"column":4},"end":{"line":16,"column":82}},"7":{"start":{"line":17,"column":4},"end":{"line":17,"column":78}},"8":{"start":{"line":18,"column":4},"end":{"line":18,"column":11}},"9":{"start":{"line":21,"column":15},"end":{"line":21,"column":50}},"10":{"start":{"line":23,"column":2},"end":{"line":28,"column":3}},"11":{"start":{"line":24,"column":4},"end":{"line":24,"column":34}},"12":{"start":{"line":26,"column":4},"end":{"line":26,"column":76}},"13":{"start":{"line":27,"column":4},"end":{"line":27,"column":50}},"14":{"start":{"line":31,"column":21},"end":{"line":64,"column":1}},"15":{"start":{"line":32,"column":2},"end":{"line":34,"column":3}},"16":{"start":{"line":33,"column":4},"end":{"line":33,"column":97}},"17":{"start":{"line":36,"column":15},"end":{"line":52,"column":3}},"18":{"start":{"line":54,"column":19},"end":{"line":60,"column":4}},"19":{"start":{"line":62,"column":2},"end":{"line":62,"column":68}},"20":{"start":{"line":63,"column":2},"end":{"line":63,"column":56}}},"fnMap":{"0":{"name":"handler","decl":{"start":{"line":8,"column":30},"end":{"line":8,"column":37}},"loc":{"start":{"line":8,"column":89},"end":{"line":29,"column":1}},"line":8},"1":{"name":"(anonymous_1)","decl":{"start":{"line":31,"column":21},"end":{"line":31,"column":22}},"loc":{"start":{"line":31,"column":111},"end":{"line":64,"column":1}},"line":31}},"branchMap":{"0":{"loc":{"start":{"line":9,"column":2},"end":{"line":13,"column":3}},"type":"if","locations":[{"start":{"line":9,"column":2},"end":{"line":13,"column":3}},{"start":{},"end":{}}],"line":9},"1":{"loc":{"start":{"line":15,"column":2},"end":{"line":19,"column":3}},"type":"if","locations":[{"start":{"line":15,"column":2},"end":{"line":19,"column":3}},{"start":{},"end":{}}],"line":15},"2":{"loc":{"start":{"line":32,"column":2},"end":{"line":34,"column":3}},"type":"if","locations":[{"start":{"line":32,"column":2},"end":{"line":34,"column":3}},{"start":{},"end":{}}],"line":32},"3":{"loc":{"start":{"line":49,"column":22},"end":{"line":49,"column":84}},"type":"cond-expr","locations":[{"start":{"line":49,"column":64},"end":{"line":49,"column":72}},{"start":{"line":49,"column":75},"end":{"line":49,"column":84}}],"line":49}},"s":{"0":1,"1":3,"2":1,"3":1,"4":1,"5":2,"6":1,"7":1,"8":1,"9":1,"10":1,"11":1,"12":0,"13":0,"14":1,"15":1,"16":0,"17":1,"18":1,"19":1,"20":1},"f":{"0":3,"1":1},"b":{"0":[1,2],"1":[1,1],"2":[0,1],"3":[0,1]},"_coverageSchema":"1a1c01bbd47fc00a2c39e90264f33305004495a9","hash":"56006a3f34253e6aade95ca39bf9c1fcb61d6689"}
,"/home/runner/work/passport-status/passport-status/src/pages/api/health.ts": {"path":"/home/runner/work/passport-status/passport-status/src/pages/api/health.ts","statementMap":{"0":{"start":{"line":6,"column":15},"end":{"line":6,"column":34}},"1":{"start":{"line":9,"column":2},"end":{"line":13,"column":3}},"2":{"start":{"line":10,"column":4},"end":{"line":10,"column":68}},"3":{"start":{"line":11,"column":4},"end":{"line":11,"column":65}},"4":{"start":{"line":12,"column":4},"end":{"line":12,"column":11}},"5":{"start":{"line":15,"column":2},"end":{"line":23,"column":5}}},"fnMap":{"0":{"name":"handler","decl":{"start":{"line":8,"column":30},"end":{"line":8,"column":37}},"loc":{"start":{"line":8,"column":109},"end":{"line":24,"column":1}},"line":8}},"branchMap":{"0":{"loc":{"start":{"line":9,"column":2},"end":{"line":13,"column":3}},"type":"if","locations":[{"start":{"line":9,"column":2},"end":{"line":13,"column":3}},{"start":{},"end":{}}],"line":9},"1":{"loc":{"start":{"line":16,"column":29},"end":{"line":16,"column":75}},"type":"binary-expr","locations":[{"start":{"line":16,"column":29},"end":{"line":16,"column":67}},{"start":{"line":16,"column":71},"end":{"line":16,"column":75}}],"line":16},"2":{"loc":{"start":{"line":17,"column":16},"end":{"line":17,"column":48}},"type":"binary-expr","locations":[{"start":{"line":17,"column":16},"end":{"line":17,"column":40}},{"start":{"line":17,"column":44},"end":{"line":17,"column":48}}],"line":17},"3":{"loc":{"start":{"line":18,"column":15},"end":{"line":18,"column":57}},"type":"binary-expr","locations":[{"start":{"line":18,"column":15},"end":{"line":18,"column":49}},{"start":{"line":18,"column":53},"end":{"line":18,"column":57}}],"line":18},"4":{"loc":{"start":{"line":19,"column":17},"end":{"line":19,"column":48}},"type":"binary-expr","locations":[{"start":{"line":19,"column":17},"end":{"line":19,"column":40}},{"start":{"line":19,"column":44},"end":{"line":19,"column":48}}],"line":19},"5":{"loc":{"start":{"line":20,"column":18},"end":{"line":20,"column":51}},"type":"binary-expr","locations":[{"start":{"line":20,"column":18},"end":{"line":20,"column":43}},{"start":{"line":20,"column":47},"end":{"line":20,"column":51}}],"line":20}},"s":{"0":0,"1":0,"2":0,"3":0,"4":0,"5":0},"f":{"0":0},"b":{"0":[0,0],"1":[0,0],"2":[0,0],"3":[0,0],"4":[0,0],"5":[0,0]}}
}
