TN:
SF:components/ActionButton.tsx
FN:32,(anonymous_0)
FNF:1
FNH:1
FNDA:5,(anonymous_0)
DA:18,6
DA:25,6
DA:32,6
DA:43,5
DA:44,5
DA:45,5
DA:46,5
DA:48,5
DA:61,6
LF:9
LH:9
BRDA:44,0,0,0
BRDA:44,0,1,5
BRDA:45,1,0,5
BRDA:45,1,1,5
BRDA:46,2,0,5
BRDA:46,2,1,0
BRF:6
BRH:4
end_of_record
TN:
SF:components/Banner.tsx
FN:8,(anonymous_0)
FNF:1
FNH:1
FNDA:5,(anonymous_0)
DA:8,3
DA:9,5
LF:2
LH:2
BRF:0
BRH:0
end_of_record
TN:
SF:components/CheckStatusInfo.tsx
FN:21,(anonymous_0)
FNF:1
FNH:1
FNDA:2,(anonymous_0)
DA:21,2
DA:30,2
DA:32,0
DA:33,0
DA:35,0
DA:36,0
DA:38,0
DA:43,0
DA:45,0
DA:50,0
DA:52,0
DA:53,0
DA:55,2
DA:56,2
DA:58,2
LF:15
LH:5
BRDA:30,0,0,0
BRDA:30,0,1,0
BRDA:30,0,2,0
BRDA:30,0,3,0
BRDA:30,0,4,0
BRDA:30,0,5,2
BRF:6
BRH:1
end_of_record
TN:
SF:components/Collapse.tsx
FN:8,(anonymous_0)
FNF:1
FNH:1
FNDA:4,(anonymous_0)
DA:8,2
DA:9,4
DA:10,4
LF:3
LH:3
BRF:0
BRH:0
end_of_record
TN:
SF:components/DateModified.tsx
FN:14,(anonymous_0)
FNF:1
FNH:1
FNDA:4,(anonymous_0)
DA:14,3
DA:15,4
DA:25,3
LF:3
LH:3
BRF:0
BRH:0
end_of_record
TN:
SF:components/DateSelect.tsx
FN:28,(anonymous_0)
FN:40,(anonymous_1)
FN:66,(anonymous_2)
FNF:3
FNH:2
FNDA:14,(anonymous_0)
FNDA:0,(anonymous_1)
FNDA:670,(anonymous_2)
DA:28,3
DA:40,14
DA:42,0
DA:44,14
DA:67,670
LF:5
LH:4
BRDA:58,0,0,0
BRDA:58,0,1,14
BRDA:60,1,0,12
BRDA:60,1,1,2
BRDA:62,2,0,0
BRDA:62,2,1,14
BRF:6
BRH:4
end_of_record
TN:
SF:components/DateSelectField.tsx
FN:35,(anonymous_0)
FN:64,(anonymous_1)
FN:71,(anonymous_2)
FN:75,(anonymous_3)
FN:81,(anonymous_4)
FN:82,(anonymous_5)
FN:88,(anonymous_6)
FN:94,(anonymous_7)
FN:101,(anonymous_8)
FN:103,(anonymous_9)
FN:135,(anonymous_10)
FN:143,(anonymous_11)
FN:145,(anonymous_12)
FN:151,(anonymous_13)
FN:156,(anonymous_14)
FN:231,(anonymous_15)
FN:234,(anonymous_16)
FN:238,(anonymous_17)
FNF:18
FNH:15
FNDA:8,(anonymous_0)
FNDA:24,(anonymous_1)
FNDA:6,(anonymous_2)
FNDA:744,(anonymous_3)
FNDA:6,(anonymous_4)
FNDA:72,(anonymous_5)
FNDA:6,(anonymous_6)
FNDA:186,(anonymous_7)
FNDA:0,(anonymous_8)
FNDA:0,(anonymous_9)
FNDA:6,(anonymous_10)
FNDA:6,(anonymous_11)
FNDA:6,(anonymous_12)
FNDA:6,(anonymous_13)
FNDA:2,(anonymous_14)
FNDA:0,(anonymous_15)
FNDA:1002,(anonymous_16)
FNDA:2,(anonymous_17)
DA:35,3
DA:47,8
DA:49,8
DA:59,8
DA:60,8
DA:61,8
DA:62,8
DA:64,8
DA:65,24
DA:66,24
DA:67,24
DA:68,24
DA:71,8
DA:72,6
DA:73,6
DA:74,6
DA:75,6
DA:76,744
DA:77,744
DA:81,8
DA:82,6
DA:83,72
DA:84,72
DA:88,8
DA:89,6
DA:90,6
DA:91,6
DA:94,6
DA:95,186
DA:96,186
DA:100,8
DA:102,0
DA:103,0
DA:104,0
DA:105,0
DA:107,0
DA:108,0
DA:111,0
DA:113,0
DA:116,0
DA:118,0
DA:119,0
DA:133,8
DA:135,8
DA:136,6
DA:137,6
DA:139,0
DA:143,8
DA:144,6
DA:145,6
DA:146,6
DA:151,8
DA:152,6
DA:153,4
DA:155,2
DA:156,2
DA:166,8
DA:231,3
DA:232,0
DA:234,3
DA:235,1002
DA:238,3
DA:247,2
DA:248,2
DA:249,2
DA:250,2
DA:252,2
DA:253,2
DA:256,0
LF:69
LH:55
BRDA:66,0,0,0
BRDA:66,0,1,24
BRDA:67,1,0,0
BRDA:67,1,1,24
BRDA:68,2,0,0
BRDA:68,2,1,24
BRDA:72,3,0,6
BRDA:72,3,1,6
BRDA:73,4,0,6
BRDA:73,4,1,6
BRDA:91,5,0,0
BRDA:91,5,1,6
BRDA:104,6,0,0
BRDA:104,6,1,0
BRDA:107,7,0,0
BRDA:107,7,1,0
BRDA:111,8,0,0
BRDA:111,8,1,0
BRDA:113,9,0,0
BRDA:113,9,1,0
BRDA:113,10,0,0
BRDA:113,10,1,0
BRDA:116,11,0,0
BRDA:116,11,1,0
BRDA:136,12,0,6
BRDA:136,12,1,0
BRDA:152,13,0,4
BRDA:152,13,1,2
BRDA:175,14,0,8
BRDA:175,14,1,0
BRDA:219,15,0,8
BRDA:219,15,1,0
BRDA:232,16,0,0
BRDA:232,16,1,0
BRDA:232,17,0,0
BRDA:232,17,1,0
BRDA:232,17,2,0
BRDA:252,18,0,2
BRDA:252,18,1,0
BRDA:252,19,0,2
BRDA:252,19,1,0
BRDA:252,19,2,0
BRF:42
BRH:15
end_of_record
TN:
SF:components/ErrorLayout.tsx
FN:7,(anonymous_0)
FNF:1
FNH:1
FNDA:4,(anonymous_0)
DA:7,3
DA:8,4
LF:2
LH:2
BRF:0
BRH:0
end_of_record
TN:
SF:components/ErrorSummary.tsx
FN:17,(anonymous_0)
FN:25,(anonymous_1)
FN:30,(anonymous_2)
FN:31,(anonymous_3)
FN:39,(anonymous_4)
FN:47,(anonymous_5)
FN:48,(anonymous_6)
FN:60,(anonymous_7)
FNF:8
FNH:4
FNDA:0,(anonymous_0)
FNDA:0,(anonymous_1)
FNDA:0,(anonymous_2)
FNDA:0,(anonymous_3)
FNDA:1,(anonymous_4)
FNDA:1,(anonymous_5)
FNDA:1,(anonymous_6)
FNDA:1,(anonymous_7)
DA:17,1
DA:20,0
DA:25,1
DA:29,0
DA:30,0
DA:32,0
DA:39,1
DA:40,1
DA:43,1
DA:44,1
DA:47,1
DA:48,1
DA:49,1
DA:52,1
DA:61,1
LF:15
LH:11
BRF:0
BRH:0
end_of_record
TN:
SF:components/ExampleImage.tsx
FN:17,(anonymous_0)
FNF:1
FNH:1
FNDA:2,(anonymous_0)
DA:17,2
DA:22,2
LF:2
LH:2
BRF:0
BRH:0
end_of_record
TN:
SF:components/ExternalLink.tsx
FN:9,(anonymous_0)
FNF:1
FNH:1
FNDA:4,(anonymous_0)
DA:9,10
DA:10,4
DA:11,4
LF:3
LH:3
BRF:0
BRH:0
end_of_record
TN:
SF:components/Footer.tsx
FN:40,(anonymous_0)
FN:64,(anonymous_1)
FNF:2
FNH:2
FNDA:2,(anonymous_0)
FNDA:5,(anonymous_1)
DA:40,2
DA:48,2
DA:65,5
LF:3
LH:3
BRDA:68,0,0,2
BRDA:68,0,1,3
BRF:2
BRH:2
end_of_record
TN:
SF:components/Header.tsx
FN:15,(anonymous_0)
FNF:1
FNH:1
FNDA:3,(anonymous_0)
DA:15,2
DA:16,3
DA:17,3
DA:18,3
DA:20,3
DA:21,3
DA:22,3
DA:23,3
DA:25,3
LF:9
LH:9
BRDA:20,0,0,2
BRDA:20,0,1,1
BRDA:21,1,0,2
BRDA:21,1,1,1
BRDA:22,2,0,2
BRDA:22,2,1,1
BRDA:43,3,0,3
BRDA:43,3,1,3
BRDA:54,4,0,2
BRDA:54,4,1,1
BRDA:56,5,0,2
BRDA:56,5,1,1
BRF:12
BRH:12
end_of_record
TN:
SF:components/IdleTimeout.tsx
FN:14,(anonymous_0)
FN:20,(anonymous_1)
FN:25,(anonymous_2)
FN:32,(anonymous_3)
FN:37,(anonymous_4)
FN:45,(anonymous_5)
FN:55,(anonymous_6)
FNF:7
FNH:4
FNDA:3,(anonymous_0)
FNDA:0,(anonymous_1)
FNDA:0,(anonymous_2)
FNDA:1,(anonymous_3)
FNDA:2,(anonymous_4)
FNDA:2,(anonymous_5)
FNDA:0,(anonymous_6)
DA:14,3
DA:15,3
DA:16,3
DA:17,3
DA:18,3
DA:20,3
DA:21,0
DA:22,0
DA:25,3
DA:26,0
DA:27,0
DA:30,3
DA:32,1
DA:37,3
DA:38,2
DA:39,2
DA:40,2
DA:45,3
DA:46,2
DA:49,3
DA:55,0
LF:21
LH:16
BRDA:33,0,0,3
BRDA:33,0,1,1
BRDA:34,1,0,3
BRDA:34,1,1,1
BRDA:41,2,0,1
BRDA:41,2,1,1
BRDA:51,3,0,3
BRDA:51,3,1,1
BRF:8
BRH:8
end_of_record
TN:
SF:components/InputErrorMessage.tsx
FN:8,(anonymous_0)
FNF:1
FNH:1
FNDA:2,(anonymous_0)
DA:8,7
DA:9,2
LF:2
LH:2
BRF:0
BRH:0
end_of_record
TN:
SF:components/InputField.tsx
FN:20,(anonymous_0)
FN:38,(anonymous_1)
FNF:2
FNH:2
FNDA:2,(anonymous_0)
FNDA:2,(anonymous_1)
DA:20,3
DA:33,2
DA:34,2
DA:35,2
DA:36,2
DA:38,2
DA:39,2
DA:40,2
DA:41,2
DA:42,2
DA:45,2
DA:84,3
LF:12
LH:12
BRDA:40,0,0,1
BRDA:40,0,1,1
BRDA:41,1,0,1
BRDA:41,1,1,1
BRDA:42,2,0,1
BRDA:42,2,1,1
BRDA:54,3,0,2
BRDA:54,3,1,1
BRDA:59,4,0,1
BRDA:59,4,1,1
BRDA:61,5,0,0
BRDA:61,5,1,2
BRDA:63,6,0,1
BRDA:63,6,1,1
BRDA:70,7,0,2
BRDA:70,7,1,1
BRDA:72,8,0,2
BRDA:72,8,1,1
BRF:18
BRH:17
end_of_record
TN:
SF:components/InputLabel.tsx
FN:11,(anonymous_0)
FNF:1
FNH:1
FNDA:11,(anonymous_0)
DA:11,7
DA:18,11
LF:2
LH:2
BRDA:22,0,0,4
BRDA:22,0,1,7
BRDA:25,1,0,11
BRDA:25,1,1,4
BRF:4
BRH:4
end_of_record
TN:
SF:components/Layout.tsx
FN:12,(anonymous_0)
FNF:1
FNH:1
FNDA:2,(anonymous_0)
DA:12,1
DA:13,2
DA:14,2
LF:3
LH:3
BRF:0
BRH:0
end_of_record
TN:
SF:components/LinkButton.tsx
FN:32,(anonymous_0)
FNF:1
FNH:1
FNDA:4,(anonymous_0)
DA:20,3
DA:27,3
DA:32,3
DA:43,4
DA:44,4
DA:45,4
DA:46,4
DA:48,4
LF:8
LH:8
BRDA:44,0,0,2
BRDA:44,0,1,2
BRDA:45,1,0,4
BRDA:45,1,1,4
BRDA:46,2,0,4
BRDA:46,2,1,2
BRDA:51,3,0,0
BRDA:51,3,1,4
BRDA:52,4,0,0
BRDA:52,4,1,4
BRF:10
BRH:8
end_of_record
TN:
SF:components/LinkText.tsx
FN:11,(anonymous_0)
FNF:1
FNH:0
FNDA:0,(anonymous_0)
DA:11,2
DA:16,0
LF:2
LH:1
BRDA:17,0,0,0
BRDA:17,0,1,0
BRF:2
BRH:0
end_of_record
TN:
SF:components/Modal.tsx
FN:15,(anonymous_0)
FN:25,(anonymous_1)
FN:33,(anonymous_2)
FN:36,(anonymous_3)
FN:65,(anonymous_4)
FNF:5
FNH:5
FNDA:1,(anonymous_0)
FNDA:1,(anonymous_1)
FNDA:1,(anonymous_2)
FNDA:1,(anonymous_3)
FNDA:1,(anonymous_4)
DA:15,3
DA:22,1
DA:23,1
DA:25,1
DA:26,1
DA:27,1
DA:29,0
DA:33,1
DA:34,1
DA:35,1
DA:36,1
DA:37,1
DA:43,1
DA:66,1
LF:14
LH:13
BRDA:26,0,0,1
BRDA:26,0,1,0
BRF:2
BRH:1
end_of_record
TN:
SF:components/CheckStatusResponses/CheckStatusFileBeingProcessed.tsx
FN:7,(anonymous_0)
FNF:1
FNH:1
FNDA:4,(anonymous_0)
DA:7,4
DA:8,4
DA:9,4
LF:3
LH:3
BRF:0
BRH:0
end_of_record
TN:
SF:components/CheckStatusResponses/CheckStatusNoRecord.tsx
FN:7,(anonymous_0)
FNF:1
FNH:1
FNDA:4,(anonymous_0)
DA:7,3
DA:8,4
DA:9,4
LF:3
LH:3
BRF:0
BRH:0
end_of_record
TN:
SF:components/CheckStatusResponses/CheckStatusNotAcceptable.tsx
FN:5,(anonymous_0)
FNF:1
FNH:1
FNDA:2,(anonymous_0)
DA:5,3
DA:6,2
DA:7,2
LF:3
LH:3
BRF:0
BRH:0
end_of_record
TN:
SF:components/CheckStatusResponses/CheckStatusReadyForPickup.tsx
FN:5,(anonymous_0)
FNF:1
FNH:1
FNDA:2,(anonymous_0)
DA:5,3
DA:6,2
DA:7,2
LF:3
LH:3
BRF:0
BRH:0
end_of_record
TN:
SF:components/CheckStatusResponses/CheckStatusShippingCanadaPost.tsx
FN:13,(anonymous_0)
FNF:1
FNH:0
FNDA:0,(anonymous_0)
DA:13,2
DA:14,0
DA:16,0
LF:3
LH:1
BRDA:23,0,0,0
BRDA:23,0,1,0
BRF:2
BRH:0
end_of_record
TN:
SF:components/CheckStatusResponses/CheckStatusShippingFedex.tsx
FN:11,(anonymous_0)
FNF:1
FNH:1
FNDA:2,(anonymous_0)
DA:11,3
DA:14,2
DA:15,2
LF:3
LH:3
BRDA:22,0,0,2
BRDA:22,0,1,0
BRF:2
BRH:1
end_of_record
TN:
SF:lib/logger.js
FN:1,(anonymous_0)
FN:3,(anonymous_1)
FNF:2
FNH:0
FNDA:0,(anonymous_0)
FNDA:0,(anonymous_1)
DA:1,0
DA:2,0
DA:3,0
DA:4,0
DA:6,0
DA:11,0
DA:13,0
DA:18,0
DA:20,0
DA:21,0
DA:23,0
DA:26,0
DA:27,0
DA:32,0
LF:14
LH:0
BRDA:4,0,0,0
BRDA:4,0,1,0
BRDA:4,0,2,0
BRDA:4,0,3,0
BRDA:4,0,4,0
BRDA:20,1,0,0
BRDA:20,1,1,0
BRDA:20,2,0,0
BRDA:20,2,1,0
BRDA:26,3,0,0
BRDA:26,3,1,0
BRF:11
BRH:0
end_of_record
TN:
SF:lib/types.ts
FNF:0
FNH:0
LF:0
LH:0
BRF:0
BRH:0
end_of_record
TN:
SF:lib/useCheckStatus.ts
FN:6,(anonymous_0)
FN:19,(anonymous_1)
FN:33,(anonymous_2)
FNF:3
FNH:0
FNDA:0,(anonymous_0)
FNDA:0,(anonymous_1)
FNDA:0,(anonymous_2)
DA:6,0
DA:10,0
DA:13,0
DA:14,0
DA:15,0
DA:16,0
DA:19,0
DA:27,0
DA:33,0
DA:39,0
LF:10
LH:0
BRDA:14,0,0,0
BRDA:14,0,1,0
BRDA:15,1,0,0
BRDA:15,1,1,0
BRDA:34,2,0,0
BRDA:34,2,1,0
BRDA:41,3,0,0
BRDA:41,3,1,0
BRF:8
BRH:0
end_of_record
TN:
SF:lib/useEmailEsrf.ts
FN:6,(anonymous_0)
FN:9,(anonymous_1)
FNF:2
FNH:0
FNDA:0,(anonymous_0)
FNDA:0,(anonymous_1)
DA:6,0
DA:9,0
DA:10,0
DA:18,0
DA:19,0
LF:5
LH:0
BRDA:18,0,0,0
BRDA:18,0,1,0
BRF:2
BRH:0
end_of_record
TN:
SF:lib/mappers/checkStatusApiResponseMapper.ts
FN:13,(anonymous_0)
FN:29,(anonymous_1)
FN:33,(anonymous_2)
FNF:3
FNH:3
FNDA:1,(anonymous_0)
FNDA:1,(anonymous_1)
FNDA:3,(anonymous_2)
DA:13,1
DA:15,1
DA:29,1
DA:32,1
DA:34,3
LF:5
LH:5
BRF:0
BRH:0
end_of_record
TN:
SF:lib/utils/compareCIAndAI.ts
FN:4,(anonymous_0)
FNF:1
FNH:1
FNDA:28,(anonymous_0)
DA:4,1
DA:5,28
LF:2
LH:2
BRF:0
BRH:0
end_of_record
TN:
SF:pages/404.tsx
FN:6,(anonymous_0)
FNF:1
FNH:1
FNDA:1,(anonymous_0)
DA:6,1
DA:7,1
LF:2
LH:2
BRF:0
BRH:0
end_of_record
TN:
SF:pages/_app.tsx
FN:14,(anonymous_0)
FNF:1
FNH:1
FNDA:1,(anonymous_0)
DA:12,1
DA:14,1
DA:15,1
DA:16,1
DA:17,1
DA:19,1
LF:6
LH:6
BRF:0
BRH:0
end_of_record
TN:
SF:pages/_document.tsx
FN:11,(anonymous_0)
FN:18,(anonymous_1)
FNF:2
FNH:0
FNDA:0,(anonymous_0)
FNDA:0,(anonymous_1)
DA:14,0
DA:16,0
DA:19,0
LF:3
LH:0
BRDA:22,0,0,0
BRDA:22,0,1,0
BRDA:22,1,0,0
BRDA:22,1,1,0
BRF:4
BRH:0
end_of_record
TN:
SF:pages/_error.tsx
FN:11,(anonymous_0)
FN:97,(anonymous_1)
FNF:2
FNH:1
FNDA:2,(anonymous_0)
FNDA:0,(anonymous_1)
DA:11,1
DA:12,2
DA:97,1
DA:98,0
DA:99,0
LF:5
LH:3
BRDA:17,0,0,1
BRDA:17,0,1,1
BRDA:24,1,0,1
BRDA:24,1,1,1
BRDA:30,2,0,1
BRDA:30,2,1,1
BRDA:39,3,0,1
BRDA:39,3,1,1
BRDA:65,4,0,1
BRDA:65,4,1,1
BRDA:98,5,0,0
BRDA:98,5,1,0
BRDA:98,5,2,0
BRF:13
BRH:10
end_of_record
TN:
SF:pages/email.tsx
FN:47,(anonymous_0)
FN:53,(anonymous_1)
FN:63,(anonymous_2)
FN:73,(anonymous_3)
FN:75,(anonymous_4)
FN:92,(anonymous_5)
FN:97,(anonymous_6)
FN:103,(anonymous_7)
FN:105,(anonymous_8)
FN:108,(anonymous_9)
FN:265,(anonymous_10)
FNF:11
FNH:2
FNDA:2,(anonymous_0)
FNDA:0,(anonymous_1)
FNDA:0,(anonymous_2)
FNDA:0,(anonymous_3)
FNDA:0,(anonymous_4)
FNDA:2,(anonymous_5)
FNDA:0,(anonymous_6)
FNDA:0,(anonymous_7)
FNDA:0,(anonymous_8)
FNDA:0,(anonymous_9)
FNDA:0,(anonymous_10)
DA:28,1
DA:36,1
DA:47,1
DA:48,2
DA:49,2
DA:50,2
DA:51,2
DA:53,2
DA:54,0
DA:55,0
DA:63,2
DA:71,2
DA:74,0
DA:77,0
DA:78,0
DA:80,0
DA:82,0
DA:83,0
DA:91,2
DA:92,2
DA:96,2
DA:98,0
DA:103,2
DA:105,2
DA:107,2
DA:108,0
DA:113,2
DA:115,2
DA:265,1
LF:29
LH:19
BRDA:74,0,0,0
BRDA:74,0,1,0
BRDA:113,1,0,0
BRDA:113,1,1,2
BRDA:123,2,0,0
BRDA:123,2,1,2
BRDA:163,3,0,2
BRDA:163,3,1,0
BRDA:180,4,0,2
BRDA:180,4,1,0
BRDA:201,5,0,2
BRDA:201,5,1,0
BRDA:211,6,0,2
BRDA:211,6,1,0
BRDA:221,7,0,2
BRDA:221,7,1,0
BRDA:267,8,0,0
BRDA:267,8,1,0
BRF:18
BRH:7
end_of_record
TN:
SF:pages/expectations.tsx
FN:13,(anonymous_0)
FN:17,(anonymous_1)
FN:100,(anonymous_2)
FNF:3
FNH:1
FNDA:2,(anonymous_0)
FNDA:0,(anonymous_1)
FNDA:0,(anonymous_2)
DA:13,1
DA:14,2
DA:16,2
DA:18,0
DA:19,0
DA:20,0
DA:25,2
DA:100,1
LF:8
LH:5
BRDA:102,0,0,0
BRDA:102,0,1,0
BRF:2
BRH:0
end_of_record
TN:
SF:pages/index.tsx
FN:7,(anonymous_0)
FN:101,(anonymous_1)
FNF:2
FNH:1
FNDA:1,(anonymous_0)
FNDA:0,(anonymous_1)
DA:7,1
DA:8,1
DA:101,1
LF:3
LH:3
BRF:0
BRH:0
end_of_record
TN:
SF:pages/landing.tsx
FN:14,(anonymous_0)
FN:76,(anonymous_1)
FNF:2
FNH:1
FNDA:2,(anonymous_0)
FNDA:0,(anonymous_1)
DA:14,1
DA:15,2
DA:17,2
DA:76,1
LF:4
LH:4
BRDA:78,0,0,0
BRDA:78,0,1,0
BRF:2
BRH:0
end_of_record
TN:
SF:pages/status.tsx
FN:54,(anonymous_0)
FN:60,(anonymous_1)
FN:75,(anonymous_2)
FN:78,(anonymous_3)
FN:103,(anonymous_4)
FN:108,(anonymous_5)
FN:113,(anonymous_6)
FN:133,(anonymous_7)
FN:140,(anonymous_8)
FN:146,(anonymous_9)
FN:148,(anonymous_10)
FN:151,(anonymous_11)
FN:310,(anonymous_12)
FNF:13
FNH:2
FNDA:2,(anonymous_0)
FNDA:0,(anonymous_1)
FNDA:0,(anonymous_2)
FNDA:0,(anonymous_3)
FNDA:0,(anonymous_4)
FNDA:2,(anonymous_5)
FNDA:0,(anonymous_6)
FNDA:0,(anonymous_7)
FNDA:0,(anonymous_8)
FNDA:0,(anonymous_9)
FNDA:0,(anonymous_10)
FNDA:0,(anonymous_11)
FNDA:0,(anonymous_12)
DA:38,1
DA:45,1
DA:54,1
DA:55,2
DA:56,2
DA:57,2
DA:58,2
DA:60,2
DA:61,0
DA:62,0
DA:73,2
DA:76,0
DA:80,0
DA:81,0
DA:83,0
DA:85,0
DA:86,0
DA:99,2
DA:103,0
DA:107,2
DA:108,2
DA:112,2
DA:114,0
DA:115,0
DA:116,0
DA:117,0
DA:119,0
DA:120,0
DA:121,0
DA:132,2
DA:134,0
DA:139,2
DA:141,0
DA:146,2
DA:148,2
DA:150,2
DA:151,0
DA:156,2
DA:158,2
DA:310,1
LF:40
LH:21
BRDA:100,0,0,0
BRDA:100,0,1,2
BRDA:115,1,0,0
BRDA:115,1,1,0
BRDA:156,2,0,0
BRDA:156,2,1,2
BRDA:165,3,0,0
BRDA:165,3,1,2
BRDA:169,4,0,0
BRDA:169,4,1,0
BRDA:175,5,0,0
BRDA:175,5,1,0
BRDA:209,6,0,2
BRDA:209,6,1,0
BRDA:225,7,0,2
BRDA:225,7,1,0
BRDA:246,8,0,2
BRDA:246,8,1,0
BRDA:256,9,0,2
BRDA:256,9,1,0
BRDA:266,10,0,2
BRDA:266,10,1,0
BRDA:312,11,0,0
BRDA:312,11,1,0
BRF:24
BRH:8
end_of_record
TN:
SF:pages/api/check-status.ts
FN:15,handler
FN:48,(anonymous_1)
FN:113,(anonymous_2)
FN:127,(anonymous_3)
FN:136,(anonymous_4)
FNF:5
FNH:4
FNDA:3,handler
FNDA:0,(anonymous_1)
FNDA:2,(anonymous_2)
FNDA:26,(anonymous_3)
FNDA:52,(anonymous_4)
DA:13,1
DA:19,3
DA:20,1
DA:21,1
DA:24,2
DA:25,2
DA:32,2
DA:33,2
DA:37,0
DA:38,0
DA:48,1
DA:52,0
DA:53,0
DA:56,0
DA:61,0
DA:62,0
DA:68,0
DA:70,0
DA:75,0
DA:77,0
DA:78,0
DA:79,0
DA:80,0
DA:82,0
DA:83,0
DA:86,0
DA:89,0
DA:94,0
DA:95,0
DA:100,0
DA:103,0
DA:104,0
DA:113,1
DA:117,2
DA:118,2
DA:120,2
DA:126,2
DA:133,26
DA:137,52
DA:151,2
DA:152,1
DA:153,1
DA:155,1
DA:156,1
LF:44
LH:21
BRDA:19,0,0,1
BRDA:19,0,1,2
BRDA:24,1,0,2
BRDA:24,1,1,0
BRDA:26,2,0,2
BRDA:26,2,1,0
BRDA:27,3,0,2
BRDA:27,3,1,0
BRDA:28,4,0,2
BRDA:28,4,1,0
BRDA:29,5,0,2
BRDA:29,5,1,0
BRDA:33,6,0,0
BRDA:33,6,1,2
BRDA:52,7,0,0
BRDA:52,7,1,0
BRDA:77,8,0,0
BRDA:77,8,1,0
BRDA:82,9,0,0
BRDA:82,9,1,0
BRDA:94,10,0,0
BRDA:94,10,1,0
BRDA:94,11,0,0
BRDA:94,11,1,0
BRDA:133,12,0,26
BRDA:133,12,1,1
BRDA:133,12,2,1
BRDA:133,12,3,1
BRDA:135,13,0,26
BRDA:135,13,1,0
BRDA:151,14,0,1
BRDA:151,14,1,1
BRF:32
BRH:15
end_of_record
TN:
SF:pages/api/email-esrf.ts
FN:8,handler
FN:38,(anonymous_1)
FN:85,(anonymous_2)
FNF:3
FNH:2
FNDA:3,handler
FNDA:0,(anonymous_1)
FNDA:1,(anonymous_2)
DA:6,1
DA:12,3
DA:13,1
DA:14,1
DA:17,2
DA:18,1
DA:21,1
DA:26,1
DA:28,1
DA:29,1
DA:33,0
DA:34,0
DA:38,1
DA:42,0
DA:43,0
DA:48,0
DA:67,0
DA:77,0
DA:78,0
DA:85,1
DA:86,1
DA:87,1
LF:22
LH:14
BRDA:12,0,0,1
BRDA:12,0,1,2
BRDA:17,1,0,1
BRDA:17,1,1,1
BRDA:29,2,0,0
BRDA:29,2,1,1
BRDA:42,3,0,0
BRDA:42,3,1,0
BRDA:62,4,0,0
BRDA:62,4,1,0
BRF:10
BRH:5
end_of_record
TN:
SF:pages/api/health.ts
FN:5,handler
FNF:1
FNH:0
FNDA:0,handler
DA:9,0
DA:10,0
DA:11,0
DA:14,0
LF:4
LH:0
BRDA:9,0,0,0
BRDA:9,0,1,0
BRDA:15,1,0,0
BRDA:15,1,1,0
BRDA:16,2,0,0
BRDA:16,2,1,0
BRDA:17,3,0,0
BRDA:17,3,1,0
BRF:8
BRH:0
end_of_record
